********************************************************************************
product = WebSphere Application Server 2015.11.0.0 (wlp-1.0.11.20151114-1523)
wlp.install.dir = /Users/robertopozzi/IBM/wlp-9-beta/
java.home = /Library/Java/JavaVirtualMachines/jdk1.8.0_66.jdk/Contents/Home/jre
java.version = 1.8.0_66
java.runtime = Java(TM) SE Runtime Environment (1.8.0_66-b17)
os = Mac OS X (10.12.6; x86_64) (en_US)
process = 33204@Robertos-MacBook-Pro.local
********************************************************************************
[9/28/17 19:52:16:260 CEST] 00000001 com.ibm.ws.kernel.launch.internal.FrameworkManager           A CWWKE0001I: The server defaultServer has been launched.
[9/28/17 19:52:16:272 CEST] 00000001 com.ibm.ws.kernel.launch.internal.FrameworkManager           A CWWKE0104I: This product is a beta and cannot be used in production. The full license terms can be viewed here: https://public.dhe.ibm.com/ibmdl/export/pub/software/websphere/wasdev/license/early_access/ilar/2015.11.0.0/lafiles/en.html
[9/28/17 19:52:22:645 CEST] 00000001 com.ibm.ws.kernel.launch.internal.FrameworkManager           I CWWKE0002I: The kernel started after 11.628 seconds
[9/28/17 19:52:22:670 CEST] 00000018 com.ibm.ws.kernel.feature.internal.FeatureManager            I CWWKF0007I: Feature update started.
[9/28/17 19:52:23:185 CEST] 00000011 com.ibm.ws.security.ready.internal.SecurityReadyServiceImpl  I CWWKS0007I: The security service is starting...
[9/28/17 19:52:28:691 CEST] 0000001d com.ibm.ws.security.ready.internal.SecurityReadyServiceImpl  I CWWKS0008I: The security service is ready.
[9/28/17 19:52:28:692 CEST] 0000001d com.ibm.ws.security.token.ltpa.internal.LTPAKeyCreator       I CWWKS4105I: LTPA configuration is ready after 5.081 seconds.
[9/28/17 19:52:33:698 CEST] 00000011 com.ibm.ws.app.manager.internal.monitor.DropinMonitor        A CWWKZ0058I: Monitoring dropins for applications. 
[9/28/17 19:52:33:792 CEST] 00000023 com.ibm.ws.tcpchannel.internal.TCPChannel                    I CWWKO0219I: TCP Channel defaultHttpEndpoint has been started and is now listening for requests on host localhost  (IPv4: 127.0.0.1) port 9080.
[9/28/17 19:52:34:365 CEST] 00000011 com.ibm.ws.cache.ServerCache                                 I DYNA1001I: WebSphere Dynamic Cache instance named baseCache initialized successfully.
[9/28/17 19:52:34:367 CEST] 00000011 com.ibm.ws.cache.ServerCache                                 I DYNA1071I: The cache provider default is being used.
[9/28/17 19:52:34:368 CEST] 00000011 com.ibm.ws.cache.CacheServiceImpl                            I DYNA1056I: Dynamic Cache (object cache) initialized successfully.
[9/28/17 19:52:34:695 CEST] 00000018 com.ibm.ws.kernel.feature.internal.FeatureManager            A CWWKF0012I: The server installed the following features: [jsp-2.3, ejbLite-3.2, managedBeans-1.0, jsf-2.2, beanValidation-1.1, servlet-3.1, ssl-1.0, jndi-1.0, localConnector-1.0, jsonp-1.0, appSecurity-2.0, jdbc-4.1, jaxrs-2.0, jaxrsClient-2.0, el-3.0, json-1.0, cdi-1.2, distributedMap-1.0, webProfile-7.0, websocket-1.1, jpa-2.1].
[9/28/17 19:52:34:696 CEST] 00000018 com.ibm.ws.kernel.feature.internal.FeatureManager            I CWWKF0008I: Feature update completed in 12.051 seconds.
[9/28/17 19:52:34:696 CEST] 00000018 com.ibm.ws.kernel.feature.internal.FeatureManager            A CWWKF0011I: The server defaultServer is ready to run a smarter planet.
