------Start of DE processing------ = [10/7/16 13:30:47:896 CEST]
Exception = java.sql.SQLNonTransientException
Source = com.ibm.ws.resource.internal.ResourceFactoryTrackerData$1
probeid = 109
Stack Dump = java.sql.SQLNonTransientException: DSRA4000E: A valid JDBC driver implementation class was not found for the jdbcDriver dataSource[mysql]/jdbcDriver[default-0] using the library MySqlLib. []
	at com.ibm.ws.jdbc.internal.JDBCDriverService.classNotFound(JDBCDriverService.java:196)
	at com.ibm.ws.jdbc.internal.JDBCDriverService.createAnyDataSource(JDBCDriverService.java:354)
	at com.ibm.ws.jdbc.DataSourceService.init(DataSourceService.java:452)
	at com.ibm.ws.jca.cm.AbstractConnectionFactoryService.createResource(AbstractConnectionFactoryService.java:136)
	at com.ibm.ws.resource.internal.ResourceFactoryTrackerData$1.getService(ResourceFactoryTrackerData.java:108)
	at org.eclipse.osgi.internal.serviceregistry.ServiceFactoryUse$1.run(ServiceFactoryUse.java:212)
	at java.security.AccessController.doPrivileged(Native Method)
	at org.eclipse.osgi.internal.serviceregistry.ServiceFactoryUse.factoryGetService(ServiceFactoryUse.java:210)
	at org.eclipse.osgi.internal.serviceregistry.ServiceFactoryUse.getService(ServiceFactoryUse.java:111)
	at org.eclipse.osgi.internal.serviceregistry.ServiceConsumer$2.getService(ServiceConsumer.java:45)
	at org.eclipse.osgi.internal.serviceregistry.ServiceRegistrationImpl.getService(ServiceRegistrationImpl.java:496)
	at org.eclipse.osgi.internal.serviceregistry.ServiceRegistry.getService(ServiceRegistry.java:461)
	at org.eclipse.osgi.internal.framework.BundleContextImpl.getService(BundleContextImpl.java:619)
	at com.ibm.ws.jndi.internal.WSContext.resolveObject(WSContext.java:128)
	at com.ibm.ws.jndi.internal.WSContext.lookup(WSContext.java:296)
	at com.ibm.ws.jndi.WSContextBase.lookup(WSContextBase.java:58)
	at org.apache.aries.jndi.DelegateContext.lookup(DelegateContext.java:161)
	at javax.naming.InitialContext.lookup(InitialContext.java:417)
	at com.rp.restaurant.service.RestaurantService.getRestaurantsJdbc(RestaurantService.java:85)
	at sun.reflect.NativeMethodAccessorImpl.invoke0(Native Method)
	at sun.reflect.NativeMethodAccessorImpl.invoke(NativeMethodAccessorImpl.java:62)
	at sun.reflect.DelegatingMethodAccessorImpl.invoke(DelegatingMethodAccessorImpl.java:43)
	at java.lang.reflect.Method.invoke(Method.java:497)
	at com.ibm.ws.jaxrs20.server.LibertyJaxRsServerFactoryBean.performInvocation(LibertyJaxRsServerFactoryBean.java:636)
	at com.ibm.ws.jaxrs20.server.LibertyJaxRsInvoker.performInvocation(LibertyJaxRsInvoker.java:115)
	at org.apache.cxf.service.invoker.AbstractInvoker.invoke(AbstractInvoker.java:97)
	at com.ibm.ws.jaxrs20.server.LibertyJaxRsInvoker.invoke(LibertyJaxRsInvoker.java:210)
	at org.apache.cxf.jaxrs.JAXRSInvoker.invoke(JAXRSInvoker.java:200)
	at com.ibm.ws.jaxrs20.server.LibertyJaxRsInvoker.invoke(LibertyJaxRsInvoker.java:381)
	at org.apache.cxf.jaxrs.JAXRSInvoker.invoke(JAXRSInvoker.java:99)
	at org.apache.cxf.interceptor.ServiceInvokerInterceptor$1.run(ServiceInvokerInterceptor.java:59)
	at org.apache.cxf.interceptor.ServiceInvokerInterceptor.handleMessage(ServiceInvokerInterceptor.java:96)
	at org.apache.cxf.phase.PhaseInterceptorChain.doIntercept(PhaseInterceptorChain.java:307)
	at org.apache.cxf.transport.ChainInitiationObserver.onMessage(ChainInitiationObserver.java:124)
	at org.apache.cxf.transport.http.AbstractHTTPDestination.invoke(AbstractHTTPDestination.java:256)
	at com.ibm.ws.jaxrs20.endpoint.AbstractJaxRsWebEndpoint.invoke(AbstractJaxRsWebEndpoint.java:134)
	at com.ibm.websphere.jaxrs.server.IBMRestServlet.handleRequest(IBMRestServlet.java:149)
	at com.ibm.websphere.jaxrs.server.IBMRestServlet.doGet(IBMRestServlet.java:115)
	at javax.servlet.http.HttpServlet.service(HttpServlet.java:687)
	at com.ibm.websphere.jaxrs.server.IBMRestServlet.service(IBMRestServlet.java:99)
	at com.ibm.ws.webcontainer.servlet.ServletWrapper.service(ServletWrapper.java:1287)
	at com.ibm.ws.webcontainer.servlet.ServletWrapper.handleRequest(ServletWrapper.java:778)
	at com.ibm.ws.webcontainer.servlet.ServletWrapper.handleRequest(ServletWrapper.java:475)
	at com.ibm.ws.webcontainer.filter.WebAppFilterManager.invokeFilters(WebAppFilterManager.java:1157)
	at com.ibm.ws.webcontainer.webapp.WebApp.handleRequest(WebApp.java:4867)
	at com.ibm.ws.webcontainer31.osgi.webapp.WebApp31.handleRequest(WebApp31.java:525)
	at com.ibm.ws.webcontainer.osgi.DynamicVirtualHost$2.handleRequest(DynamicVirtualHost.java:297)
	at com.ibm.ws.webcontainer.WebContainer.handleRequest(WebContainer.java:997)
	at com.ibm.ws.webcontainer.osgi.DynamicVirtualHost$2.run(DynamicVirtualHost.java:262)
	at com.ibm.ws.http.dispatcher.internal.channel.HttpDispatcherLink$TaskWrapper.run(HttpDispatcherLink.java:955)
	at com.ibm.ws.http.dispatcher.internal.channel.HttpDispatcherLink.ready(HttpDispatcherLink.java:341)
	at com.ibm.ws.http.channel.internal.inbound.HttpInboundLink.handleDiscrimination(HttpInboundLink.java:470)
	at com.ibm.ws.http.channel.internal.inbound.HttpInboundLink.handleNewRequest(HttpInboundLink.java:404)
	at com.ibm.ws.http.channel.internal.inbound.HttpInboundLink.processRequest(HttpInboundLink.java:284)
	at com.ibm.ws.http.channel.internal.inbound.HttpInboundLink.ready(HttpInboundLink.java:255)
	at com.ibm.ws.tcpchannel.internal.NewConnectionInitialReadCallback.sendToDiscriminators(NewConnectionInitialReadCallback.java:174)
	at com.ibm.ws.tcpchannel.internal.NewConnectionInitialReadCallback.complete(NewConnectionInitialReadCallback.java:83)
	at com.ibm.ws.tcpchannel.internal.WorkQueueManager.requestComplete(WorkQueueManager.java:504)
	at com.ibm.ws.tcpchannel.internal.WorkQueueManager.attemptIO(WorkQueueManager.java:574)
	at com.ibm.ws.tcpchannel.internal.WorkQueueManager.workerRun(WorkQueueManager.java:929)
	at com.ibm.ws.tcpchannel.internal.WorkQueueManager$Worker.run(WorkQueueManager.java:1018)
	at java.util.concurrent.ThreadPoolExecutor.runWorker(ThreadPoolExecutor.java:1142)
	at java.util.concurrent.ThreadPoolExecutor$Worker.run(ThreadPoolExecutor.java:617)
	at java.lang.Thread.run(Thread.java:745)

Dump of callerThis
Object type = com.ibm.ws.resource.internal.ResourceFactoryTrackerData$1
  val$ref = class org.eclipse.osgi.internal.serviceregistry.ServiceReferenceImpl@4fd19d79
    registration = class org.eclipse.osgi.internal.serviceregistry.ServiceRegistrationImpl@605121f6
      registry = class org.eclipse.osgi.internal.serviceregistry.ServiceRegistry@1b888162
      context = class org.eclipse.osgi.internal.framework.BundleContextImpl@1a1de12b
      bundle = class org.eclipse.osgi.internal.framework.EquinoxBundle@58a6bc0e
      clazzes = class java.lang.String[4]
      service = class org.apache.felix.scr.impl.manager.SingleComponentManager@9a9e195
      reference = class org.eclipse.osgi.internal.serviceregistry.ServiceReferenceImpl@4fd19d79
      contextsUsing = class java.util.ArrayList@7338dc3b
      properties = class org.eclipse.osgi.internal.serviceregistry.ServiceProperties@302d14f8
      serviceid = 359
      serviceranking = 0
      registrationLock = class java.lang.Object@4a49cb43
      state = 0
      REGISTERED = 0
      UNREGISTERING = 1
      UNREGISTERED = 2
      $assertionsDisabled = true
  this$0 = class com.ibm.ws.resource.internal.ResourceFactoryTrackerData@67b05da
    JNDI_SERVICENAME = "osgi.jndi.service.name"
    context = class org.eclipse.osgi.internal.framework.BundleContextImpl@1a1de12b
      findHookName = "org.osgi.framework.hooks.bundle.FindHook"
      valid = true
      bundle = class org.eclipse.osgi.internal.framework.EquinoxBundle@58a6bc0e
      container = class org.eclipse.osgi.internal.framework.EquinoxContainer@342d0cdb
      debug = class org.eclipse.osgi.internal.debug.Debug@2249f5d
      servicesInUse = class java.util.HashMap@301e035f
      activator = null
      contextLock = class java.lang.Object@60c68dc
    registration = class org.eclipse.osgi.internal.serviceregistry.ServiceRegistrationImpl@216ba7db
      registry = class org.eclipse.osgi.internal.serviceregistry.ServiceRegistry@1b888162
      context = class org.eclipse.osgi.internal.framework.BundleContextImpl@1a1de12b
      bundle = class org.eclipse.osgi.internal.framework.EquinoxBundle@58a6bc0e
      clazzes = class java.lang.String[1]
      service = class com.ibm.ws.resource.internal.ResourceFactoryTrackerData$1@64a0ceb2
      reference = class org.eclipse.osgi.internal.serviceregistry.ServiceReferenceImpl@723031c3
      contextsUsing = class java.util.ArrayList@50405059
      properties = class org.eclipse.osgi.internal.serviceregistry.ServiceProperties@7ad73034
      serviceid = 360
      serviceranking = 0
      registrationLock = class java.lang.Object@52650f79
      state = 0
      REGISTERED = 0
      UNREGISTERING = 1
      UNREGISTERED = 2
      $assertionsDisabled = true
    interfaces = class java.lang.String[1]
      interfaces[0] = "javax.sql.DataSource"
    serialVersionUID = 3255566074950677883
    $$$tc$$$ = class com.ibm.websphere.ras.TraceComponent@1cadb1c6
      strings[0] = "TraceComponent[com.ibm.ws.resource.internal.ResourceFactoryTrackerData,class com.ibm.ws.resource.internal.ResourceFactoryTrackerData,[resource],com.ibm.ws.resource.internal.resources.Runtime,null]"
  serialVersionUID = -5395261454852493419
  $$$tc$$$ = class com.ibm.websphere.ras.TraceComponent@50b90f8b
    strings[0] = "TraceComponent[com.ibm.ws.resource.internal.ResourceFactoryTrackerData$1,class com.ibm.ws.resource.internal.ResourceFactoryTrackerData$1,[resource],com.ibm.ws.resource.internal.resources.Runtime,null]"

Dump of objectArray[0]
Object type = org.eclipse.osgi.internal.framework.EquinoxBundle
  equinoxContainer = class org.eclipse.osgi.internal.framework.EquinoxContainer@342d0cdb
    NAME = "org.eclipse.osgi"
    secureAction = class org.eclipse.osgi.framework.util.SecureAction@5a7b2d92
      controlContext = class java.security.AccessControlContext@46be0da6
      bootClassLoader = class org.eclipse.osgi.framework.util.SecureAction$1$1@601b6324
    equinoxConfig = class org.eclipse.osgi.internal.framework.EquinoxConfiguration@12895d00
      CONFIG_FILE = "config.ini"
      INTERNAL_OS_SUNOS = "SunOS"
      INTERNAL_OS_LINUX = "Linux"
      INTERNAL_OS_MACOSX = "Mac OS"
      INTERNAL_OS_AIX = "AIX"
      INTERNAL_OS_HPUX = "HP-UX"
      INTERNAL_OS_QNX = "QNX"
      INTERNAL_OS_OS400 = "OS/400"
      INTERNAL_OS_OS390 = "OS/390"
      INTERNAL_OS_ZOS = "z/OS"
      INTERNAL_ARCH_I386 = "i386"
      INTERNAL_AMD64 = "amd64"
      VARIABLE_DELIM_STRING = "$"
      VARIABLE_DELIM_CHAR = $
      configValues = class org.eclipse.osgi.internal.framework.EquinoxConfiguration$ConfigValues@28ba79b9
      debug = class org.eclipse.osgi.internal.debug.Debug@2249f5d
      debugOptions = class org.eclipse.osgi.internal.debug.FrameworkDebugOptions@5573550c
      hookRegistry = class org.eclipse.osgi.internal.hookregistry.HookRegistry@3ae452cf
      aliasMapper = class org.eclipse.osgi.internal.framework.AliasMapper@47e32a4c
      equinoxLocations = class org.eclipse.osgi.internal.location.EquinoxLocations@3c6fe4b8
      allArgs = null
      frameworkArgs = null
      appArgs = null
      inDevelopmentMode = false
      devLocation = null
      devMonitor = class java.lang.Object@737b1d0c
      devDefaultClasspath = null
      devProperties = null
      devLastModified = 0
      contextBootDelegation = false
      compatibilityBootDelegation = false
      LIB_EXTENSIONS = class java.util.Collections$UnmodifiableRandomAccessList@6b114b86
      ECLIPSE_LIB_VARIANTS = class java.util.Collections$UnmodifiableRandomAccessList@35febde2
      COPY_NATIVES = false
      ECLIPSE_NL_JAR_VARIANTS = class java.util.ArrayList@7677d5c1
      DEFINE_PACKAGE_ATTRIBUTES = true
      BUNDLE_SET_TCCL = true
      BSN_VERSION = 3
      BSN_VERSION_SINGLE = 1
      BSN_VERSION_MULTIPLE = 2
      BSN_VERSION_MANAGED = 3
      throwErrorOnFailedStart = true
      CLASS_CERTIFICATE = true
      PARALLEL_CAPABLE = false
      PROP_JVM_OS_ARCH = "os.arch"
      PROP_JVM_OS_NAME = "os.name"
      PROP_JVM_OS_VERSION = "os.version"
      PROP_JVM_SPEC_VERSION = "java.specification.version"
      PROP_JVM_SPEC_NAME = "java.specification.name"
      PROP_J2ME_MICROEDITION_CONFIGURATION = "microedition.configuration"
      PROP_J2ME_MICROEDITION_PROFILES = "microedition.profiles"
      PROP_SETPERMS_CMD = "osgi.filepermissions.command"
      PROP_DEBUG = "osgi.debug"
      PROP_DEBUG_VERBOSE = "osgi.debug.verbose"
      PROP_DEV = "osgi.dev"
      PROP_CLEAN = "osgi.clean"
      PROP_USE_SYSTEM_PROPERTIES = "osgi.framework.useSystemProperties"
      PROP_FRAMEWORK = "osgi.framework"
      ECLIPSE_FRAMEWORK_VENDOR = "Eclipse"
      PROP_OSGI_JAVA_PROFILE = "osgi.java.profile"
      PROP_OSGI_JAVA_PROFILE_NAME = "osgi.java.profile.name"
      PROP_OSGI_JAVA_PROFILE_BOOTDELEGATION = "osgi.java.profile.bootdelegation"
      PROP_OSGI_BOOTDELEGATION_IGNORE = "ignore"
      PROP_OSGI_BOOTDELEGATION_OVERRIDE = "override"
      PROP_OSGI_BOOTDELEGATION_NONE = "none"
      PROP_CONTEXT_BOOTDELEGATION = "osgi.context.bootdelegation"
      PROP_COMPATIBILITY_BOOTDELEGATION = "osgi.compatibility.bootdelegation"
      PROP_COMPATIBILITY_ERROR_FAILED_START = "osgi.compatibility.errorOnFailedStart"
      PROP_COMPATIBILITY_START_LAZY = "osgi.compatibility.eagerStart.LazyActivation"
      PROP_OSGI_OS = "osgi.os"
      PROP_OSGI_WS = "osgi.ws"
      PROP_OSGI_ARCH = "osgi.arch"
      PROP_OSGI_NL = "osgi.nl"
      PROP_OSGI_NL_USER = "osgi.nl.user"
      PROP_ROOT_LOCALE = "equinox.root.locale"
      PROP_PARENT_CLASSLOADER = "osgi.parentClassloader"
      PARENT_CLASSLOADER_FWK = "fwk"
      PROP_CONTEXTCLASSLOADER_PARENT = "osgi.contextClassLoaderParent"
      CONTEXTCLASSLOADER_PARENT_APP = "app"
      CONTEXTCLASSLOADER_PARENT_EXT = "ext"
      CONTEXTCLASSLOADER_PARENT_BOOT = "boot"
      CONTEXTCLASSLOADER_PARENT_FWK = "fwk"
      PROP_FRAMEWORK_LIBRARY_EXTENSIONS = "osgi.framework.library.extensions"
      PROP_COPY_NATIVES = "osgi.classloader.copy.natives"
      PROP_DEFINE_PACKAGES = "osgi.classloader.define.packages"
      PROP_BUNDLE_SETTCCL = "eclipse.bundle.setTCCL"
      PROP_EQUINOX_SECURITY = "eclipse.security"
      PROP_FILE_LIMIT = "osgi.bundlefile.limit"
      PROP_CLASS_CERTIFICATE_SUPPORT = "osgi.support.class.certificate"
      PROP_CLASS_LOADER_TYPE = "osgi.classloader.type"
      CLASS_LOADER_TYPE_PARALLEL = "parallel"
      PROP_FORCED_RESTART = "osgi.forcedRestart"
      PROP_IGNORE_USER_CONFIGURATION = "eclipse.ignoreUserConfiguration"
      PROPERTY_STRICT_BUNDLE_ENTRY_PATH = "osgi.strictBundleEntryPath"
      PROP_CHECK_CONFIGURATION = "osgi.checkConfiguration"
      inCheckConfigurationMode = true
      DEFAULT_STATE_SAVE_DELAY_INTERVAL = "30000"
      PROP_STATE_SAVE_DELAY_INTERVAL = "eclipse.stateSaveDelayInterval"
      PROP_MODULE_LOCK_TIMEOUT = "osgi.module.lock.timeout"
      PROP_ALLOW_RESTRICTED_PROVIDES = "osgi.equinox.allow.restricted.provides"
      PROP_LOG_HISTORY_MAX = "equinox.log.history.max"
      PROP_RESOLVER_REVISION_BATCH_SIZE = "equinox.resolver.revision.batch.size"
      PROP_DEFAULT_SUFFIX = ".default"
      PROP_WITH_ECLIPSE_STARTER_DEFAULTS = class java.util.Collections$SingletonList@5d4f257e
    logServices = class org.eclipse.osgi.internal.log.EquinoxLogServices@1dcfe9c0
      EQUINOX_LOGGER_NAME = "org.eclipse.equinox.logger"
      PERF_LOGGER_NAME = "org.eclipse.performance.logger"
      PROP_LOG_ENABLED = "eclipse.log.enabled"
      LOG_EXT = ".log"
      logServiceManager = class org.eclipse.osgi.internal.log.LogServiceManager@5d21a72c
      eclipseLogFactory = class org.eclipse.osgi.internal.log.EquinoxLogFactory@74686c4b
      logWriter = class org.eclipse.osgi.internal.log.EquinoxLogWriter@7cf91475
      perfWriter = class org.eclipse.osgi.internal.log.EquinoxLogWriter@633a30bf
      rootFrameworkLog = class org.eclipse.osgi.internal.log.EquinoxLogFactory$1@3372f333
      frameworkLogReg = class org.eclipse.osgi.internal.serviceregistry.ServiceRegistrationImpl@44fdb22
      perfLogReg = class org.eclipse.osgi.internal.serviceregistry.ServiceRegistrationImpl@30a12d62
    storage = class org.eclipse.osgi.storage.Storage@d422911
      VERSION = 3
      BUNDLE_DATA_DIR = "data"
      BUNDLE_FILE_NAME = "bundleFile"
      FRAMEWORK_INFO = "framework.info"
      ECLIPSE_SYSTEMBUNDLE = "Eclipse-SystemBundle"
      DELETE_FLAG = ".delete"
      LIB_TEMP = "libtemp"
      J2SE = "J2SE"
      JAVASE = "JavaSE"
      PROFILE_EXT = ".profile"
      NUL = " "
      secureAction = class org.eclipse.osgi.framework.util.SecureAction@5c8f8529
      equinoxContainer = class org.eclipse.osgi.internal.framework.EquinoxContainer@342d0cdb
      installPath = "/Users/robertopozzi/IBM/wlp-9-beta/lib/"
      osgiLocation = class org.eclipse.osgi.internal.location.BasicLocation@657c69e7
      childRoot = class java.io.File@5d0ed1d
      parentRoot = null
      permissionData = class org.eclipse.osgi.storage.PermissionData@3debc287
      securityAdmin = class org.eclipse.osgi.internal.permadmin.SecurityAdmin@1dedbede
      adaptor = class org.eclipse.osgi.internal.framework.EquinoxContainerAdaptor@1bd8dfd5
      moduleDatabase = class org.eclipse.osgi.container.ModuleDatabase@196261b6
      moduleContainer = class org.eclipse.osgi.container.ModuleContainer@1acaf3d
      saveMonitor = class java.lang.Object@7a7e67e7
      lastSavedTimestamp = 1452240586446
      idLocks = class org.eclipse.osgi.internal.container.LockSet@a152d38
      mruList = class org.eclipse.osgi.storage.bundlefile.MRUBundleFileList@57ee6dd8
      extensionInstaller = class org.eclipse.osgi.storage.FrameworkExtensionInstaller@5d8bd942
      cachedHeaderKeys = class java.util.Arrays$ArrayList@54c3cc4b
      allowRestrictedProvides = true
    packageAdmin = class org.eclipse.osgi.internal.framework.legacy.PackageAdminImpl@ed69296
      container = class org.eclipse.osgi.container.ModuleContainer@1acaf3d
    startLevel = class org.eclipse.osgi.internal.framework.legacy.StartLevelImpl@56efaf11
      container = class org.eclipse.osgi.container.ModuleContainer@1acaf3d
    bootDelegation = class java.util.HashSet@348ccde5
      serialVersionUID = -5024744406713321676
      map = class java.util.HashMap@6fe916a1
      PRESENT = class java.lang.Object@1cf24b36
      MAX_ARRAY_SIZE = 2147483639
    bootDelegationStems = class java.lang.String[11]
      bootDelegationStems[0] = "sun."
      bootDelegationStems[1] = "com.sun."
      bootDelegationStems[2] = "com.ibm.ws.boot.delegated."
      bootDelegationStems[3] = "org.apache.xml."
      bootDelegationStems[4] = "org.apache.xerces."
      bootDelegationStems[5] = "com.ibm.xylem."
      bootDelegationStems[6] = "com.ibm.xml."
      bootDelegationStems[7] = "com.ibm.xtq."
      bootDelegationStems[8] = "com.ibm.net.ssl."
      bootDelegationStems[9] = "com.ibm.crypto."
      bootDelegationStems[10] = "com.ibm.security."
    bootDelegateAll = false
    monitor = class java.lang.Object@12e21573
    eventManager = class org.eclipse.osgi.framework.eventmgr.EventManager@395eb719
      DEBUG = false
      thread = class org.eclipse.osgi.framework.eventmgr.EventManager$EventThread@4e543598
      closed = false
      threadName = "Framework Event Dispatcher: Equinox Container: 00259676-818c-0016-13db-d7e0b33d3a0a"
      threadGroup = null
    eventPublisher = class org.eclipse.osgi.internal.framework.EquinoxEventPublisher@6b6fa632
      eventHookName = "org.osgi.framework.hooks.bundle.EventHook"
      collisionHookName = "org.osgi.framework.hooks.bundle.CollisionHook"
      BUNDLEEVENT = 1
      BUNDLEEVENTSYNC = 2
      FRAMEWORKEVENT = 4
      container = class org.eclipse.osgi.internal.framework.EquinoxContainer@342d0cdb
      allBundleListeners = class java.util.HashMap@729653c3
      allSyncBundleListeners = class java.util.HashMap@28b6258a
      allFrameworkListeners = class java.util.HashMap@45211c38
    serviceRegistry = class org.eclipse.osgi.internal.serviceregistry.ServiceRegistry@1b888162
      SERVICEEVENT = 3
      findHookName = "org.osgi.framework.hooks.service.FindHook"
      eventHookName = "org.osgi.framework.hooks.service.EventHook"
      eventListenerHookName = "org.osgi.framework.hooks.service.EventListenerHook"
      listenerHookName = "org.osgi.framework.hooks.service.ListenerHook"
      publishedServicesByClass = class java.util.HashMap@2fa9f33d
      allPublishedServices = class java.util.ArrayList@4eb99d90
      publishedServicesByContext = class java.util.HashMap@494af69b
      serviceid = 533
      serviceEventListeners = class java.util.HashMap@79f54b71
      initialCapacity = 50
      initialSubCapacity = 10
      container = class org.eclipse.osgi.internal.framework.EquinoxContainer@342d0cdb
      systemBundleContext = class org.eclipse.osgi.internal.framework.BundleContextImpl@62833051
      debug = class org.eclipse.osgi.internal.debug.Debug@2249f5d
      $assertionsDisabled = true
    contextFinder = class org.eclipse.osgi.internal.framework.ContextFinder@59c9c315
      cycleDetector = class java.lang.ThreadLocal@53387480
      finderClassLoader = class com.ibm.ws.kernel.internal.classloader.BootstrapChildFirstJarClassloader@7106e68e
      contextFinder = class org.eclipse.osgi.internal.framework.ContextFinder$Finder@507af66c
      THIS = class java.lang.Class@4d6025c5
      parentContextClassLoader = class sun.misc.Launcher$AppClassLoader@14dad5dc
      parent = class sun.misc.Launcher$AppClassLoader@14dad5dc
      parallelLockMap = null
      package2certs = class java.util.Hashtable@1a91c9bc
      nocerts = class java.security.cert.Certificate[0]
      classes = class java.util.Vector@f20898f
      defaultDomain = class java.security.ProtectionDomain@1f2c709f
      domains = class java.util.HashSet@18622c80
      packages = class java.util.HashMap@c2aca19
      scl = class sun.misc.Launcher$AppClassLoader@14dad5dc
      sclSet = true
      loadedLibraryNames = class java.util.Vector@1344b587
      systemNativeLibraries = class java.util.Vector@68336a95
      nativeLibraries = class java.util.Vector@7cd56e2
      nativeLibraryContext = class java.util.Stack@60a2db03
      usr_paths = class java.lang.String[6]
      sys_paths = class java.lang.String[1]
      assertionLock = class org.eclipse.osgi.internal.framework.ContextFinder@59c9c315
      defaultAssertionStatus = false
      packageAssertionStatus = null
      classAssertionStatus = null
    signedContentFactory = class org.osgi.util.tracker.ServiceTracker@100867cb
      DEBUG = false
      context = class org.eclipse.osgi.internal.framework.BundleContextImpl@62833051
      filter = class org.eclipse.osgi.internal.framework.FilterImpl@7f24ce4
      customizer = class org.osgi.util.tracker.ServiceTracker@100867cb
      listenerFilter = "(objectClass=org.eclipse.osgi.signedcontent.SignedContentFactory)"
      trackClass = "org.eclipse.osgi.signedcontent.SignedContentFactory"
      trackReference = null
      tracked = class org.osgi.util.tracker.ServiceTracker$Tracked@160cb233
      cachedReference = null
      cachedService = null
    executor = class java.util.concurrent.ScheduledThreadPoolExecutor@12c3b134
      continueExistingPeriodicTasksAfterShutdown = false
      executeExistingDelayedTasksAfterShutdown = true
      removeOnCancel = false
      sequencer = class java.util.concurrent.atomic.AtomicLong@7c3ad989
      ctl = class java.util.concurrent.atomic.AtomicInteger@28f72254
      COUNT_BITS = 29
      CAPACITY = 536870911
      RUNNING = -536870912
      SHUTDOWN = 0
      STOP = 536870912
      TIDYING = 1073741824
      TERMINATED = 1610612736
      workQueue = class java.util.concurrent.ScheduledThreadPoolExecutor$DelayedWorkQueue@1efc872a
      mainLock = class java.util.concurrent.locks.ReentrantLock@2f6aef1
      workers = class java.util.HashSet@282ac9b7
      termination = class java.util.concurrent.locks.AbstractQueuedSynchronizer$ConditionObject@395eab64
      largestPoolSize = 1
      completedTaskCount = 0
      threadFactory = class org.eclipse.osgi.internal.framework.EquinoxContainer@342d0cdb
      handler = class java.util.concurrent.ThreadPoolExecutor$AbortPolicy@43e1aeb2
      keepAliveTime = 0
      allowCoreThreadTimeOut = false
      corePoolSize = 1
      maximumPoolSize = 2147483647
      defaultHandler = class java.util.concurrent.ThreadPoolExecutor$AbortPolicy@43e1aeb2
      shutdownPerm = class java.lang.RuntimePermission@74d71119
      ONLY_ONE = true
      $assertionsDisabled = true
    storageSaver = class org.eclipse.osgi.internal.framework.StorageSaver@5e692a0a
      container = class org.eclipse.osgi.internal.framework.EquinoxContainer@342d0cdb
      delay = 30000
      future = class java.util.concurrent.ScheduledThreadPoolExecutor$ScheduledFutureTask@35f076b9
      hook = class java.lang.Thread@4f4c4b1a
      task = class org.eclipse.osgi.internal.framework.StorageSaver$StorageSaverTask@2cf39ff8
  module = class org.eclipse.osgi.internal.framework.EquinoxBundle$EquinoxModule@6edd056c
    this$0 = class org.eclipse.osgi.internal.framework.EquinoxBundle@5f046db1
    ACTIVE_SET = class java.util.RegularEnumSet@6883e824
      serialVersionUID = 3411599620347842686
      elements = 60
      elementType = class java.lang.Class@1ef7fe8e
      universe = class org.eclipse.osgi.container.Module$State[7]
      ZERO_LENGTH_ENUM_ARRAY = class java.lang.Enum[0]
      MAX_ARRAY_SIZE = 2147483639
    RESOLVED_SET = class java.util.RegularEnumSet@58c98247
      serialVersionUID = 3411599620347842686
      elements = 62
      elementType = class java.lang.Class@1ef7fe8e
      universe = class org.eclipse.osgi.container.Module$State[7]
      ZERO_LENGTH_ENUM_ARRAY = class java.lang.Enum[0]
      MAX_ARRAY_SIZE = 2147483639
    id = 330
    location = "WSClassLoadingService@Thread Context:WebModule:rpozzi-jweb#rpozzi-jweb.war"
    revisions = class org.eclipse.osgi.container.ModuleRevisions@5670efd6
      monitor = class java.lang.Object@55ae65b0
      module = class org.eclipse.osgi.internal.framework.EquinoxBundle$EquinoxModule@6edd056c
      container = class org.eclipse.osgi.container.ModuleContainer@1acaf3d
      revisions = class java.util.ArrayList@635d9402
      uninstalled = false
      uninstalledCurrent = null
    stateChangeLock = class org.eclipse.osgi.internal.container.EquinoxReentrantLock@2dc413b9
      serialVersionUID = 1
      serialVersionUID = 7373984872572414699
      sync = class java.util.concurrent.locks.ReentrantLock$NonfairSync@468786f3
    stateTransitionEvents = class java.util.RegularEnumSet@2b348508
      serialVersionUID = 3411599620347842686
      elements = 0
      elementType = class java.lang.Class@3fee9989
      universe = class org.eclipse.osgi.container.ModuleContainerAdaptor$ModuleEvent[10]
      ZERO_LENGTH_ENUM_ARRAY = class java.lang.Enum[0]
      MAX_ARRAY_SIZE = 2147483639
    settings = class java.util.RegularEnumSet@7f6d88f8
      serialVersionUID = 3411599620347842686
      elements = 1
      elementType = class java.lang.Class@73ad2d6
      universe = class org.eclipse.osgi.container.Module$Settings[2]
      ZERO_LENGTH_ENUM_ARRAY = class java.lang.Enum[0]
      MAX_ARRAY_SIZE = 2147483639
    inStartResolve = class java.lang.ThreadLocal@2eb2c69c
      threadLocalHashCode = 1795499768
      nextHashCode = class java.util.concurrent.atomic.AtomicInteger@4528c10a
      HASH_INCREMENT = 1640531527
    state = class org.eclipse.osgi.container.Module$State@21baf60e
      INSTALLED = class org.eclipse.osgi.container.Module$State@328b0f39
      RESOLVED = class org.eclipse.osgi.container.Module$State@4eef7f3
      LAZY_STARTING = class org.eclipse.osgi.container.Module$State@3f57b609
      STARTING = class org.eclipse.osgi.container.Module$State@182ce35c
      ACTIVE = class org.eclipse.osgi.container.Module$State@21baf60e
      STOPPING = class org.eclipse.osgi.container.Module$State@7234c5a7
      UNINSTALLED = class org.eclipse.osgi.container.Module$State@116f57d
      ENUM$VALUES = class org.eclipse.osgi.container.Module$State[7]
      name = "ACTIVE"
      ordinal = 4
    startlevel = 18
    lastModified = 1475839840785
    VALID_RESOLVED_TRANSITION = class java.util.RegularEnumSet@7a9a174a
      serialVersionUID = 3411599620347842686
      elements = 8
      elementType = class java.lang.Class@3fee9989
      universe = class org.eclipse.osgi.container.ModuleContainerAdaptor$ModuleEvent[10]
      ZERO_LENGTH_ENUM_ARRAY = class java.lang.Enum[0]
      MAX_ARRAY_SIZE = 2147483639
    VALID_STOPPED_TRANSITION = class java.util.RegularEnumSet@4e2dc358
      serialVersionUID = 3411599620347842686
      elements = 896
      elementType = class java.lang.Class@3fee9989
      universe = class org.eclipse.osgi.container.ModuleContainerAdaptor$ModuleEvent[10]
      ZERO_LENGTH_ENUM_ARRAY = class java.lang.Enum[0]
      MAX_ARRAY_SIZE = 2147483639
    $SWITCH_TABLE$org$eclipse$osgi$container$ModuleContainerAdaptor$ModuleEvent = {1,2,3,4,5,6,7,8,9,10} /* array length = 10*/
  monitor = class java.lang.Object@7c651d13
  context = class org.eclipse.osgi.internal.framework.BundleContextImpl@199603ed
    findHookName = "org.osgi.framework.hooks.bundle.FindHook"
    valid = true
    bundle = class org.eclipse.osgi.internal.framework.EquinoxBundle@5f046db1
    container = class org.eclipse.osgi.internal.framework.EquinoxContainer@342d0cdb
    debug = class org.eclipse.osgi.internal.debug.Debug@2249f5d
      ECLIPSE_OSGI = "org.eclipse.osgi"
      OPTION_DEBUG_GENERAL = "org.eclipse.osgi/debug"
      OPTION_DEBUG_BUNDLE_TIME = "org.eclipse.osgi/debug/bundleTime"
      OPTION_DEBUG_LOADER = "org.eclipse.osgi/debug/loader"
      OPTION_DEBUG_EVENTS = "org.eclipse.osgi/debug/events"
      OPTION_DEBUG_SERVICES = "org.eclipse.osgi/debug/services"
      OPTION_DEBUG_HOOKS = "org.eclipse.osgi/debug/hooks"
      OPTION_DEBUG_MANIFEST = "org.eclipse.osgi/debug/manifest"
      OPTION_DEBUG_FILTER = "org.eclipse.osgi/debug/filter"
      OPTION_DEBUG_SECURITY = "org.eclipse.osgi/debug/security"
      OPTION_DEBUG_STARTLEVEL = "org.eclipse.osgi/debug/startlevel"
      OPTION_DEBUG_PACKAGEADMIN = "org.eclipse.osgi/debug/packageadmin"
      OPTION_DEBUG_PACKAGEADMIN_TIMING = "org.eclipse.osgi/debug/packageadmin/timing"
      OPTION_MONITOR_ACTIVATION = "org.eclipse.osgi/monitor/activation"
      OPTION_MONITOR_LAZY = "org.eclipse.osgi/monitor/lazy"
      OPTION_DEBUG_MESSAGE_BUNDLES = "org.eclipse.osgi/debug/messageBundles"
      OPTION_DEBUG_LOCATION = "org.eclipse.osgi/debug/location"
      OPTION_CACHED_MANIFEST = "org.eclipse.osgi/debug/cachedmanifest"
      OPTION_DEBUG_SYSTEM_BUNDLE = "org.eclipse.osgi/debug/systemBundle"
      DEBUG_GENERAL = false
      DEBUG_BUNDLE_TIME = false
      DEBUG_LOADER = false
      DEBUG_EVENTS = false
      DEBUG_SERVICES = false
      DEBUG_HOOKS = false
      DEBUG_MANIFEST = false
      DEBUG_FILTER = false
      DEBUG_SECURITY = false
      DEBUG_STARTLEVEL = false
      DEBUG_PACKAGEADMIN = false
      DEBUG_PACKAGEADMIN_TIMING = false
      DEBUG_MESSAGE_BUNDLES = false
      MONITOR_ACTIVATION = false
      DEBUG_LOCATION = false
      DEBUG_CACHED_MANIFEST = false
      DEBUG_SYSTEM_BUNDLE = false
      out = class com.ibm.ws.logging.internal.impl.BaseTraceService$TeePrintStream@6403f998
    servicesInUse = class java.util.HashMap@23e64128
      serialVersionUID = 362498820763181265
      DEFAULT_INITIAL_CAPACITY = 16
      MAXIMUM_CAPACITY = 1073741824
      DEFAULT_LOAD_FACTOR = 0.75
      TREEIFY_THRESHOLD = 8
      UNTREEIFY_THRESHOLD = 6
      MIN_TREEIFY_CAPACITY = 64
      table = class java.util.HashMap$Node[16]
      entrySet = null
      size = 6
      modCount = 42
      threshold = 12
      loadFactor = 0.75
      keySet = null
      values = null
    activator = null
    contextLock = class java.lang.Object@2c759c99
  signerInfos = null
  $SWITCH_TABLE$org$eclipse$osgi$container$Module$State = {1,2,3,4,5,6,7} /* array length = 7*/

Dump of objectArray[1]
Object type = org.eclipse.osgi.internal.serviceregistry.ServiceRegistrationImpl
  registry = class org.eclipse.osgi.internal.serviceregistry.ServiceRegistry@1b888162
    SERVICEEVENT = 3
    findHookName = "org.osgi.framework.hooks.service.FindHook"
    eventHookName = "org.osgi.framework.hooks.service.EventHook"
    eventListenerHookName = "org.osgi.framework.hooks.service.EventListenerHook"
    listenerHookName = "org.osgi.framework.hooks.service.ListenerHook"
    publishedServicesByClass = class java.util.HashMap@2fa9f33d
      serialVersionUID = 362498820763181265
      DEFAULT_INITIAL_CAPACITY = 16
      MAXIMUM_CAPACITY = 1073741824
      DEFAULT_LOAD_FACTOR = 0.75
      TREEIFY_THRESHOLD = 8
      UNTREEIFY_THRESHOLD = 6
      MIN_TREEIFY_CAPACITY = 64
      table = class java.util.HashMap$Node[512]
      entrySet = null
      size = 335
      modCount = 343
      threshold = 384
      loadFactor = 0.75
      keySet = null
      values = null
    allPublishedServices = class java.util.ArrayList@4eb99d90
      serialVersionUID = 8683452581122892189
      DEFAULT_CAPACITY = 10
      EMPTY_ELEMENTDATA = class java.lang.Object[0]
      DEFAULTCAPACITY_EMPTY_ELEMENTDATA = class java.lang.Object[0]
      elementData = class java.lang.Object[567]
      size = 518
      MAX_ARRAY_SIZE = 2147483639
      modCount = 684
      MAX_ARRAY_SIZE = 2147483639
    publishedServicesByContext = class java.util.HashMap@494af69b
      serialVersionUID = 362498820763181265
      DEFAULT_INITIAL_CAPACITY = 16
      MAXIMUM_CAPACITY = 1073741824
      DEFAULT_LOAD_FACTOR = 0.75
      TREEIFY_THRESHOLD = 8
      UNTREEIFY_THRESHOLD = 6
      MIN_TREEIFY_CAPACITY = 64
      table = class java.util.HashMap$Node[256]
      entrySet = null
      size = 131
      modCount = 131
      threshold = 192
      loadFactor = 0.75
      keySet = null
      values = null
    serviceid = 533
    serviceEventListeners = class java.util.HashMap@79f54b71
      serialVersionUID = 362498820763181265
      DEFAULT_INITIAL_CAPACITY = 16
      MAXIMUM_CAPACITY = 1073741824
      DEFAULT_LOAD_FACTOR = 0.75
      TREEIFY_THRESHOLD = 8
      UNTREEIFY_THRESHOLD = 6
      MIN_TREEIFY_CAPACITY = 64
      table = class java.util.HashMap$Node[256]
      entrySet = class java.util.HashMap$EntrySet@2afd49ca
      size = 139
      modCount = 149
      threshold = 192
      loadFactor = 0.75
      keySet = null
      values = null
    initialCapacity = 50
    initialSubCapacity = 10
    container = class org.eclipse.osgi.internal.framework.EquinoxContainer@342d0cdb
    systemBundleContext = class org.eclipse.osgi.internal.framework.BundleContextImpl@62833051
      findHookName = "org.osgi.framework.hooks.bundle.FindHook"
      valid = true
      bundle = class org.eclipse.osgi.internal.framework.EquinoxBundle$SystemBundle@7c21878a
      container = class org.eclipse.osgi.internal.framework.EquinoxContainer@342d0cdb
      debug = class org.eclipse.osgi.internal.debug.Debug@2249f5d
      servicesInUse = class java.util.HashMap@5ab31836
      activator = class org.eclipse.osgi.internal.framework.SystemBundleActivator@6885a4fa
      contextLock = class java.lang.Object@7a70a8ed
    debug = class org.eclipse.osgi.internal.debug.Debug@2249f5d
    $assertionsDisabled = true
  context = class org.eclipse.osgi.internal.framework.BundleContextImpl@1a1de12b
    findHookName = "org.osgi.framework.hooks.bundle.FindHook"
    valid = true
    bundle = class org.eclipse.osgi.internal.framework.EquinoxBundle@58a6bc0e
    container = class org.eclipse.osgi.internal.framework.EquinoxContainer@342d0cdb
      NAME = "org.eclipse.osgi"
      secureAction = class org.eclipse.osgi.framework.util.SecureAction@5a7b2d92
      equinoxConfig = class org.eclipse.osgi.internal.framework.EquinoxConfiguration@12895d00
      logServices = class org.eclipse.osgi.internal.log.EquinoxLogServices@1dcfe9c0
      storage = class org.eclipse.osgi.storage.Storage@d422911
      packageAdmin = class org.eclipse.osgi.internal.framework.legacy.PackageAdminImpl@ed69296
      startLevel = class org.eclipse.osgi.internal.framework.legacy.StartLevelImpl@56efaf11
      bootDelegation = class java.util.HashSet@348ccde5
      bootDelegationStems = class java.lang.String[11]
      bootDelegateAll = false
      monitor = class java.lang.Object@12e21573
      eventManager = class org.eclipse.osgi.framework.eventmgr.EventManager@395eb719
      eventPublisher = class org.eclipse.osgi.internal.framework.EquinoxEventPublisher@6b6fa632
      serviceRegistry = class org.eclipse.osgi.internal.serviceregistry.ServiceRegistry@1b888162
      contextFinder = class org.eclipse.osgi.internal.framework.ContextFinder@59c9c315
      signedContentFactory = class org.osgi.util.tracker.ServiceTracker@100867cb
      executor = class java.util.concurrent.ScheduledThreadPoolExecutor@12c3b134
      storageSaver = class org.eclipse.osgi.internal.framework.StorageSaver@5e692a0a
    debug = class org.eclipse.osgi.internal.debug.Debug@2249f5d
      ECLIPSE_OSGI = "org.eclipse.osgi"
      OPTION_DEBUG_GENERAL = "org.eclipse.osgi/debug"
      OPTION_DEBUG_BUNDLE_TIME = "org.eclipse.osgi/debug/bundleTime"
      OPTION_DEBUG_LOADER = "org.eclipse.osgi/debug/loader"
      OPTION_DEBUG_EVENTS = "org.eclipse.osgi/debug/events"
      OPTION_DEBUG_SERVICES = "org.eclipse.osgi/debug/services"
      OPTION_DEBUG_HOOKS = "org.eclipse.osgi/debug/hooks"
      OPTION_DEBUG_MANIFEST = "org.eclipse.osgi/debug/manifest"
      OPTION_DEBUG_FILTER = "org.eclipse.osgi/debug/filter"
      OPTION_DEBUG_SECURITY = "org.eclipse.osgi/debug/security"
      OPTION_DEBUG_STARTLEVEL = "org.eclipse.osgi/debug/startlevel"
      OPTION_DEBUG_PACKAGEADMIN = "org.eclipse.osgi/debug/packageadmin"
      OPTION_DEBUG_PACKAGEADMIN_TIMING = "org.eclipse.osgi/debug/packageadmin/timing"
      OPTION_MONITOR_ACTIVATION = "org.eclipse.osgi/monitor/activation"
      OPTION_MONITOR_LAZY = "org.eclipse.osgi/monitor/lazy"
      OPTION_DEBUG_MESSAGE_BUNDLES = "org.eclipse.osgi/debug/messageBundles"
      OPTION_DEBUG_LOCATION = "org.eclipse.osgi/debug/location"
      OPTION_CACHED_MANIFEST = "org.eclipse.osgi/debug/cachedmanifest"
      OPTION_DEBUG_SYSTEM_BUNDLE = "org.eclipse.osgi/debug/systemBundle"
      DEBUG_GENERAL = false
      DEBUG_BUNDLE_TIME = false
      DEBUG_LOADER = false
      DEBUG_EVENTS = false
      DEBUG_SERVICES = false
      DEBUG_HOOKS = false
      DEBUG_MANIFEST = false
      DEBUG_FILTER = false
      DEBUG_SECURITY = false
      DEBUG_STARTLEVEL = false
      DEBUG_PACKAGEADMIN = false
      DEBUG_PACKAGEADMIN_TIMING = false
      DEBUG_MESSAGE_BUNDLES = false
      MONITOR_ACTIVATION = false
      DEBUG_LOCATION = false
      DEBUG_CACHED_MANIFEST = false
      DEBUG_SYSTEM_BUNDLE = false
      out = class com.ibm.ws.logging.internal.impl.BaseTraceService$TeePrintStream@6403f998
    servicesInUse = class java.util.HashMap@301e035f
      serialVersionUID = 362498820763181265
      DEFAULT_INITIAL_CAPACITY = 16
      MAXIMUM_CAPACITY = 1073741824
      DEFAULT_LOAD_FACTOR = 0.75
      TREEIFY_THRESHOLD = 8
      UNTREEIFY_THRESHOLD = 6
      MIN_TREEIFY_CAPACITY = 64
      table = class java.util.HashMap$Node[16]
      entrySet = null
      size = 8
      modCount = 18
      threshold = 12
      loadFactor = 0.75
      keySet = null
      values = null
    activator = null
    contextLock = class java.lang.Object@60c68dc
  bundle = class org.eclipse.osgi.internal.framework.EquinoxBundle@58a6bc0e
    equinoxContainer = class org.eclipse.osgi.internal.framework.EquinoxContainer@342d0cdb
    module = class org.eclipse.osgi.internal.framework.EquinoxBundle$EquinoxModule@1882cf0a
      this$0 = class org.eclipse.osgi.internal.framework.EquinoxBundle@58a6bc0e
      ACTIVE_SET = class java.util.RegularEnumSet@6883e824
      RESOLVED_SET = class java.util.RegularEnumSet@58c98247
      id = 134
      location = "feature@reference:file:/Users/robertopozzi/IBM/wlp-9-beta/lib/com.ibm.ws.jdbc_1.0.11.jar"
      revisions = class org.eclipse.osgi.container.ModuleRevisions@3a166e97
      stateChangeLock = class org.eclipse.osgi.internal.container.EquinoxReentrantLock@4f7975fe
      stateTransitionEvents = class java.util.RegularEnumSet@384c66fd
      settings = class java.util.RegularEnumSet@2c830009
      inStartResolve = class java.lang.ThreadLocal@2568b1d8
      state = class org.eclipse.osgi.container.Module$State@21baf60e
      startlevel = 12
      lastModified = 1452240585169
      VALID_RESOLVED_TRANSITION = class java.util.RegularEnumSet@7a9a174a
      VALID_STOPPED_TRANSITION = class java.util.RegularEnumSet@4e2dc358
      $SWITCH_TABLE$org$eclipse$osgi$container$ModuleContainerAdaptor$ModuleEvent = {1,2,3,4,5,6,7,8,9,10} /* array length = 10*/
    monitor = class java.lang.Object@43c447cd
    context = class org.eclipse.osgi.internal.framework.BundleContextImpl@1a1de12b
    signerInfos = null
    $SWITCH_TABLE$org$eclipse$osgi$container$Module$State = {1,2,3,4,5,6,7} /* array length = 7*/
  clazzes = class java.lang.String[1]
    clazzes[0] = "javax.sql.DataSource"
  service = class com.ibm.ws.resource.internal.ResourceFactoryTrackerData$1@64a0ceb2
    val$ref = class org.eclipse.osgi.internal.serviceregistry.ServiceReferenceImpl@4fd19d79
      registration = class org.eclipse.osgi.internal.serviceregistry.ServiceRegistrationImpl@605121f6
    this$0 = class com.ibm.ws.resource.internal.ResourceFactoryTrackerData@67b05da
      JNDI_SERVICENAME = "osgi.jndi.service.name"
      context = class org.eclipse.osgi.internal.framework.BundleContextImpl@1a1de12b
      registration = class org.eclipse.osgi.internal.serviceregistry.ServiceRegistrationImpl@216ba7db
      interfaces = class java.lang.String[1]
      serialVersionUID = 3255566074950677883
      $$$tc$$$ = class com.ibm.websphere.ras.TraceComponent@1cadb1c6
    serialVersionUID = -5395261454852493419
    $$$tc$$$ = class com.ibm.websphere.ras.TraceComponent@50b90f8b
      strings[0] = "TraceComponent[com.ibm.ws.resource.internal.ResourceFactoryTrackerData$1,class com.ibm.ws.resource.internal.ResourceFactoryTrackerData$1,[resource],com.ibm.ws.resource.internal.resources.Runtime,null]"
  reference = class org.eclipse.osgi.internal.serviceregistry.ServiceReferenceImpl@723031c3
    registration = class org.eclipse.osgi.internal.serviceregistry.ServiceRegistrationImpl@216ba7db
  contextsUsing = class java.util.ArrayList@50405059
    serialVersionUID = 8683452581122892189
    DEFAULT_CAPACITY = 10
    EMPTY_ELEMENTDATA = class java.lang.Object[0]
    DEFAULTCAPACITY_EMPTY_ELEMENTDATA = class java.lang.Object[0]
    elementData = class java.lang.Object[10]
      elementData[0] = class org.eclipse.osgi.internal.framework.BundleContextImpl@199603ed
      elementData[1] = null
      elementData[2] = null
      elementData[3] = null
      elementData[4] = null
      elementData[5] = null
      elementData[6] = null
      elementData[7] = null
      elementData[8] = null
      elementData[9] = null
    size = 1
    MAX_ARRAY_SIZE = 2147483639
    modCount = 1
    MAX_ARRAY_SIZE = 2147483639
  properties = class org.eclipse.osgi.internal.serviceregistry.ServiceProperties@7ad73034
    readOnly = true
    headers = class java.lang.Object[35]
      headers[0] = "objectClass"
      headers[1] = "config.id"
      headers[2] = "service.pid"
      headers[3] = "component.id"
      headers[4] = "connectionManager.target"
      headers[5] = "connectionSharing"
      headers[6] = "statementCacheSize"
      headers[7] = "component.name"
      headers[8] = "jdbcDriverRef"
      headers[9] = "config.displayId"
      headers[10] = "containerAuthData.target"
      headers[11] = "propertiesRef.0.user"
      headers[12] = "syncQueryTimeoutWithTransactionTimeout"
      headers[13] = "beginTranForResultSetScrollingAPIs"
      headers[14] = "com.ibm.wsspi.resource.ResourceFactory"
      headers[15] = "service.scope"
      headers[16] = "recoveryAuthData.target"
      headers[17] = "service.bundleid"
      headers[18] = "propertiesRef.0.URL"
      headers[19] = "beginTranForVendorAPIs"
      headers[20] = "config.overrides"
      headers[21] = "service.ranking"
      headers[22] = "service.id"
      headers[23] = "transactional"
      headers[24] = "osgi.jndi.service.name"
      headers[25] = "service.factoryPid"
      headers[26] = "propertiesRef.0.password"
      headers[27] = "resultSetUnusableWhenNoMoreResults"
      headers[28] = "jndiName.unique"
      headers[29] = "driver.target"
      headers[30] = "config.source"
      headers[31] = "propertiesRef.0.config.referenceType"
      headers[32] = "id"
      headers[33] = null
      headers[34] = null
    values = class java.lang.Object[35]
      values[0] = class java.lang.String[1]
      values[1] = "com.ibm.ws.jdbc.dataSource[mysql]"
      values[2] = "com.ibm.ws.jdbc.dataSource_73"
      values[3] = 276
      values[4] = "(service.pid=${connectionManagerRef})"
      values[5] = "MatchOriginalRequest"
      values[6] = 10
      values[7] = "com.ibm.ws.jdbc.dataSource"
      values[8] = class java.lang.String[1]
      values[9] = "dataSource[mysql]"
      values[10] = "(service.pid=${containerAuthDataRef})"
      values[11] = "root"
      values[12] = false
      values[13] = true
      values[14] = "true"
      values[15] = "bundle"
      values[16] = "(service.pid=${recoveryAuthDataRef})"
      values[17] = 134
      values[18] = "jdbc:mysql://cap-sg-prd-3.integration.ibmcloud.com:15550/rpmysql?relaxAutoCommit=true"
      values[19] = true
      values[20] = "true"
      values[21] = 0
      values[22] = 360
      values[23] = true
      values[24] = "jdbc/rpozziRestaurants"
      values[25] = "com.ibm.ws.jdbc.dataSource"
      values[26] = class com.ibm.wsspi.kernel.service.utils.SerializableProtectedString@41b87469
      values[27] = false
      values[28] = "jdbc/rpozziRestaurants"
      values[29] = "(service.pid=com.ibm.ws.jdbc.jdbcDriver_76)"
      values[30] = "file"
      values[31] = "com.ibm.ws.jdbc.dataSource.properties"
      values[32] = "mysql"
      values[33] = null
      values[34] = null
    size = 33
  serviceid = 360
  serviceranking = 0
  registrationLock = class java.lang.Object@52650f79
  state = 0
  REGISTERED = 0
  UNREGISTERING = 1
  UNREGISTERED = 2
  $assertionsDisabled = true

