------Start of DE processing------ = [1/8/16 9:10:57:182 CET]
Exception = com.ibm.ws.webcontainer.exception.WebAppNotLoadedException
Source = com.ibm.ws.webcontainer.osgi.WebContainer
probeid = startModule
Stack Dump = com.ibm.ws.webcontainer.exception.WebAppNotLoadedException: Failed to load webapp: Context root /* is already bound. Cannot start application Bluemix Java Web
	at com.ibm.ws.webcontainer.osgi.DynamicVirtualHost.addWebApplication(DynamicVirtualHost.java:124)
	at com.ibm.ws.webcontainer.WebContainer.addWebApp(WebContainer.java:554)
	at com.ibm.ws.webcontainer.WebContainer.addWebApplication(WebContainer.java:509)
	at com.ibm.ws.webcontainer.osgi.WebContainer.startModule(WebContainer.java:821)
	at com.ibm.ws.app.manager.web.internal.WebModuleHandlerImpl.deployModule(WebModuleHandlerImpl.java:102)
	at com.ibm.ws.app.manager.module.internal.DeployedAppInfoBase.deployModule(DeployedAppInfoBase.java:870)
	at com.ibm.ws.app.manager.module.internal.DeployedAppInfoBase.deployModules(DeployedAppInfoBase.java:830)
	at com.ibm.ws.app.manager.module.internal.DeployedAppInfoBase.deployApp(DeployedAppInfoBase.java:817)
	at com.ibm.ws.app.manager.war.internal.WARApplicationHandlerImpl.install(WARApplicationHandlerImpl.java:66)
	at com.ibm.ws.app.manager.internal.statemachine.StartAction.execute(StartAction.java:139)
	at com.ibm.ws.app.manager.internal.statemachine.ApplicationStateMachineImpl.enterState(ApplicationStateMachineImpl.java:1168)
	at com.ibm.ws.app.manager.internal.statemachine.ApplicationStateMachineImpl.run(ApplicationStateMachineImpl.java:781)
	at java.util.concurrent.ThreadPoolExecutor.runWorker(ThreadPoolExecutor.java:1142)
	at java.util.concurrent.ThreadPoolExecutor$Worker.run(ThreadPoolExecutor.java:617)
	at java.lang.Thread.run(Thread.java:745)

Dump of callerThis
Object type = [Ljava.lang.Object;
  Object type[0] = class com.ibm.ws.app.manager.module.internal.WebModuleInfoImpl@57c25577
    nls = class com.ibm.ejs.ras.TraceNLS@781ad254
      resolver = class com.ibm.ws.logging.internal.TraceNLSResolver@3c603e4f
      finder = null
      ivBundleName = "com.ibm.ws.app.manager.module.internal.resources.Messages"
      caller = class java.lang.Class@6bc11b64
    appInfo = class com.ibm.ws.container.service.app.deploy.internal.ApplicationInfoImpl@598d99b
      appName = "rpozzi-jweb"
      appMetaData = class com.ibm.ws.container.service.app.deploy.internal.ApplicationMetaDataImpl@4b105dcd
      appContainer = class com.ibm.ws.adaptable.module.internal.AdaptableContainerImpl@3cedf7b3
      configHelper = class com.ibm.ws.app.manager.module.ApplicationNestedConfigHelper@629bc714
      serialVersionUID = 5806628894932862176
      $$$tc$$$ = class com.ibm.websphere.ras.TraceComponent@4ccac99e
    moduleName = "rpozzi-jweb"
    path = "rpozzi-jweb.war"
    contextRoot = "/"
    moduleContainer = class com.ibm.ws.adaptable.module.internal.AdaptableContainerImpl@3cedf7b3
      root = class com.ibm.ws.adaptable.module.internal.AdaptableContainerImpl@3cedf7b3
      rootOverlay = class com.ibm.ws.artifact.overlay.internal.DirectoryBasedOverlayContainerImpl@181a2cf2
      factoryHolder = class com.ibm.ws.adaptable.module.internal.AdaptableModuleFactoryImpl@3d9e127c
      delegate = class com.ibm.ws.artifact.overlay.internal.DirectoryBasedOverlayContainerImpl@181a2cf2
      notifier = class com.ibm.ws.adaptable.module.internal.NotifierImpl@3d49b31a
      serialVersionUID = -5621513278641113667
      $$$tc$$$ = class com.ibm.websphere.ras.TraceComponent@28a23fdf
    altDDEntry = null
    moduleClassesContainers = class java.util.ArrayList@7aaa711a
      serialVersionUID = 8683452581122892189
      DEFAULT_CAPACITY = 10
      EMPTY_ELEMENTDATA = class java.lang.Object[0]
      DEFAULTCAPACITY_EMPTY_ELEMENTDATA = class java.lang.Object[0]
      elementData = class java.lang.Object[22]
      size = 22
      MAX_ARRAY_SIZE = 2147483639
      modCount = 23
      MAX_ARRAY_SIZE = 2147483639
    classLoaderFactory = class com.ibm.ws.app.manager.war.internal.WARDeployedAppInfo@64f8adb
      CONTEXT_ROOT = "context-root"
      webModuleHandler = class com.ibm.ws.app.manager.web.internal.WebModuleHandlerImpl@48442c5f
      webContainerModuleInfo = class com.ibm.ws.app.manager.module.internal.DeployedAppInfoBase$WebModuleContainerInfo@5d4a2f21
      DYNAMIC_IMPORT_PACKAGE_LIST = class java.util.Collections$UnmodifiableRandomAccessList@1f3feaf
      serialVersionUID = -1580906562280237048
      $$$tc$$$ = class com.ibm.websphere.ras.TraceComponent@6c40044d
      _tc = class com.ibm.websphere.ras.TraceComponent@43445581
      PERMISSION_XML = "permissions.xml"
      applicationInformation = class com.ibm.ws.app.manager.internal.ApplicationInstallInfo@61ce2361
      location = "/Users/robertopozzi/IBM/wlp-9-beta/usr/servers/defaultServer/apps/rpozzi-jweb.war.xml"
      appInfo = class com.ibm.ws.container.service.app.deploy.internal.ApplicationInfoImpl@598d99b
      modulesDeployed = class java.util.ArrayList@801cdd3
      starting = true
      started = false
      appInfoFactory = class com.ibm.ws.container.service.app.deploy.internal.ApplicationInfoFactoryImpl@16194cfa
      classLoadingService = class com.ibm.ws.classloading.internal.ClassLoadingServiceImpl@7b27785e
      globalSharedLibrary = class com.ibm.ws.library.internal.SharedLibraryImpl@4afecfe1
      sharedLibDeploymentInfo = class com.ibm.ws.app.manager.module.internal.DeployedAppInfoBase$SharedLibDeploymentInfo@5abb38f4
      futureMonitor = class com.ibm.ws.threading.internal.FutureMonitorImpl@20739769
      metaDataService = class com.ibm.ws.container.service.metadata.internal.MetaDataServiceImpl@56faf4b
      stateChangeService = class com.ibm.ws.container.service.state.internal.StateChangeServiceImpl@5cd21925
      configAdmin = class com.ibm.ws.config.admin.internal.ConfigurationAdminImpl@70e0d9
      libraryConfigHelper = class com.ibm.ws.classloading.ClassLoaderConfigHelper@3c4da6f1
      isDelegateLast = false
      moduleClassesInfo = class com.ibm.ws.app.manager.module.internal.DeployedAppInfoBase$ModuleClassesInfoProvider@3f325514
      moduleMetaDataExtenders = class java.util.concurrent.ConcurrentHashMap@736568e6
      permissionManager = class com.ibm.ws.security.java2sec.PermissionManager@7494287b
      permissionsConfig = null
      moduleContainerInfos = class java.util.ArrayList@253f7236
      serialVersionUID = -3830628201606979883
    classLoader = class com.ibm.ws.classloading.internal.AppClassLoader@7f373717
      tc = class com.ibm.websphere.ras.TraceComponent@6a837ad9
      PARENT_FIRST_SEARCH_ORDER = class java.util.Collections$UnmodifiableRandomAccessList@8880970
      CLASS_LOADING_TRACE_PREFIX = "com.ibm.ws.class.load."
      DEFAULT_PACKAGE = "default.package"
      perPackageClassLoadingTraceComponents = class java.util.concurrent.ConcurrentHashMap@507262df
      config = class com.ibm.ws.classloading.internal.ClassLoaderConfigurationImpl@5704f5a
      privateLibraries = null
      delegateLoaders = class com.ibm.ws.classloading.internal.util.CompositeIterable@5b803300
      nativeLibraryFiles = class java.util.ArrayList@138b6289
      transformers = class java.util.ArrayList@502c9ebd
      apiAccess = class com.ibm.ws.classloading.internal.GatewayClassLoader@ddf27bf
      generator = class com.ibm.ws.classloading.internal.ClassGeneratorManager@5721117d
      serialVersionUID = -8755588715217099101
      tc = class com.ibm.websphere.ras.TraceComponent@24d769f3
      EMPTY_URL_ARRAY = class java.net.URL[0]
      smartClassPath = class com.ibm.ws.classloading.internal.ContainerClassLoader$SmartClassPathImpl@453494b5
      nativeLibraryContainers = class java.util.ArrayList@715933d8
      redefiner = class com.ibm.ws.classloading.internal.util.ClassRedefiner@2e2c7e77
      mapCreationQueue = class java.util.concurrent.Executors$FinalizableDelegatedExecutorService@3adeed68
      serialVersionUID = 1420723314841411509
      serialVersionUID = -7411549862368381758
      $$$tc$$$ = class com.ibm.websphere.ras.TraceComponent@133a91b0
      serialVersionUID = -4868702105808481416
      $$$tc$$$ = class com.ibm.websphere.ras.TraceComponent@7ca2013f
      serialVersionUID = 2596921220292114344
      $$$tc$$$ = class com.ibm.websphere.ras.TraceComponent@3fa83683
      initialized = true
      pdcache = class java.util.HashMap@63bb6022
      debug = null
      parent = class com.ibm.ws.classloading.internal.GatewayClassLoader@ddf27bf
      parallelLockMap = null
      package2certs = class java.util.Hashtable@4a816878
      nocerts = class java.security.cert.Certificate[0]
      classes = class java.util.Vector@22ff2f84
      defaultDomain = class java.security.ProtectionDomain@17e00471
      domains = class java.util.HashSet@2fe2ccdf
      packages = class java.util.HashMap@6ee1b3f3
      scl = class sun.misc.Launcher$AppClassLoader@14dad5dc
      sclSet = true
      loadedLibraryNames = class java.util.Vector@3214a183
      systemNativeLibraries = class java.util.Vector@3ca377
      nativeLibraries = class java.util.Vector@353932a4
      nativeLibraryContext = class java.util.Stack@c849731
      usr_paths = class java.lang.String[6]
      sys_paths = class java.lang.String[1]
      assertionLock = class com.ibm.ws.classloading.internal.AppClassLoader@7f373717
      defaultAssertionStatus = false
      packageAssertionStatus = null
      classAssertionStatus = null
    moduleMetaData = class com.ibm.ws.webcontainer.osgi.metadata.WebModuleMetaDataImpl@73437401
      applicationMetaData = class com.ibm.ws.container.service.app.deploy.internal.ApplicationMetaDataImpl@4b105dcd
      j2eeName = class com.ibm.ws.container.service.metadata.internal.J2EENameImpl@78cd89ea
      wccmd = class com.ibm.ws.webcontainer.osgi.metadata.WebCollaboratorComponentMetaDataImpl@49d2845
      securityMetaData = class com.ibm.ws.webcontainer.security.metadata.SecurityServletConfiguratorHelper@4de691a3
      annotatedSecurityMetaData = null
      webAppConfig = class com.ibm.ws.webcontainer.osgi.webapp.WebAppConfiguration@5051bdd8
      _isServlet23OrHigher = false
      jspComponentMetaData = class com.ibm.ws.jsp.runtime.metadata.JspComponentMetaData@4447ece1
      sessionCookieNameInUse = null
      mBeanServiceReg = null
      tc = class com.ibm.websphere.ras.TraceComponent@281bf9b9
      NUM_STATIC_SLOTS = 4
      ID_UNINITIALIZED = -1
      id = 1
      metaDataInterface = class java.lang.Class@5067cc28
      staticSlots = class java.lang.Object[4]
      dynamicSlots = class java.lang.Object[4]
    serialVersionUID = -5063532506282561439
    $$$tc$$$ = class com.ibm.websphere.ras.TraceComponent@15cec0b5
      strings[0] = "TraceComponent[com.ibm.ws.app.manager.module.internal.WebModuleInfoImpl,class com.ibm.ws.app.manager.module.internal.WebModuleInfoImpl,[applications, app.manager],,null]"
  Object type[1] = class com.ibm.ws.webcontainer.osgi.WebContainer@33bc6898
    tc = class com.ibm.websphere.ras.TraceComponent@1affca81
      strings[0] = "TraceComponent[com.ibm.ws.webcontainer.osgi.WebContainer,class com.ibm.ws.webcontainer.osgi.WebContainer,[webcontainer],com.ibm.ws.webcontainer.resources.LShimMessages,null]"
    CLASS_NAME = "com.ibm.ws.webcontainer.osgi.WebContainer"
    initialized = true
    eventService = class com.ibm.ws.event.internal.EventEngineImpl@68ecea1
      tc = class com.ibm.websphere.ras.TraceComponent@5e15af04
      OSGI_EVENT_HANDLER_REFERENCE_NAME = "osgiEventHandler"
      WS_EVENT_HANDLER_REFERENCE_NAME = "wsEventHandler"
      CFG_KEY_REENTRANT_HANDLER_DEFAULT = "reentrant.handler.default"
      CFG_KEY_STAGE_PREFIX = "stage.topics."
      topicCache = class com.ibm.ws.event.internal.TopicBasedCache@4561eafd
      componentContext = class org.apache.felix.scr.impl.manager.ComponentContextImpl@5beff21f
      bundleContext = class org.eclipse.osgi.internal.framework.BundleContextImpl@6b9a1612
      logService = class com.ibm.ws.logging.internal.osgi.TrLogServiceImpl@2bb0f16f
      frameworkEventAdapter = class com.ibm.ws.event.internal.adapter.FrameworkEventAdapter@219dd8d6
      bundleEventAdapter = class com.ibm.ws.event.internal.adapter.BundleEventAdapter@6b61e81a
      serviceEventAdapter = class com.ibm.ws.event.internal.adapter.ServiceEventAdapter@4f3a8063
      executorServiceFactory = class com.ibm.ws.event.internal.WorkStageExecutorServiceFactory@632d2b62
      defaultReentrancy = true
      skipSchedule = false
      serialVersionUID = 5726352079311142609
    futureMonitor = class com.ibm.ws.threading.internal.FutureMonitorImpl@20739769
      _monitor = class java.util.concurrent.ConcurrentLinkedQueue@3517d6f5
      _executor = class com.ibm.ws.threading.internal.ScheduledExecutorImpl@7601fd61
      _threadRunning = class java.util.concurrent.atomic.AtomicBoolean@250d13a9
      _thread = class com.ibm.ws.threading.internal.FutureMonitorImpl$1@35115ca3
      serialVersionUID = 2765238413969174390
      $$$tc$$$ = class com.ibm.websphere.ras.TraceComponent@6c058eaf
    classLoadingSRRef = class com.ibm.wsspi.kernel.service.utils.AtomicServiceReference@501f9852
      referenceName = "classLoadingService"
      tuple = class java.util.concurrent.atomic.AtomicReference@6e54c2f5
      serialVersionUID = -5840472578638799324
      $$$tc$$$ = class com.ibm.websphere.ras.TraceComponent@59d795cf
    sessionHelperSRRef = class com.ibm.wsspi.kernel.service.utils.AtomicServiceReference@65631629
      referenceName = "sessionHelper"
      tuple = class java.util.concurrent.atomic.AtomicReference@7220f1bf
      serialVersionUID = -5840472578638799324
      $$$tc$$$ = class com.ibm.websphere.ras.TraceComponent@59d795cf
    cacheManagerSRRef = class com.ibm.wsspi.kernel.service.utils.AtomicServiceReference@15e837e2
      referenceName = "cacheManager"
      tuple = class java.util.concurrent.atomic.AtomicReference@398182db
      serialVersionUID = -5840472578638799324
      $$$tc$$$ = class com.ibm.websphere.ras.TraceComponent@59d795cf
    injectionEngineSRRef = class com.ibm.wsspi.kernel.service.utils.AtomicServiceReference@291c32e9
      referenceName = "injectionEngine"
      tuple = class java.util.concurrent.atomic.AtomicReference@4faf5dc8
      serialVersionUID = -5840472578638799324
      $$$tc$$$ = class com.ibm.websphere.ras.TraceComponent@59d795cf
    managedObjectServiceSRRef = class com.ibm.wsspi.kernel.service.utils.AtomicServiceReference@56df290
      referenceName = "managedObjectService"
      tuple = class java.util.concurrent.atomic.AtomicReference@10de597d
      serialVersionUID = -5840472578638799324
      $$$tc$$$ = class com.ibm.websphere.ras.TraceComponent@59d795cf
    REFERENCE_WEB_MBEAN_RUNTIME = "webMBeanRuntime"
    webMBeanRuntimeServiceRef = class com.ibm.wsspi.kernel.service.utils.AtomicServiceReference@78427e4a
      referenceName = "webMBeanRuntime"
      tuple = class java.util.concurrent.atomic.AtomicReference@42dd2120
      serialVersionUID = -5840472578638799324
      $$$tc$$$ = class com.ibm.websphere.ras.TraceComponent@59d795cf
    servletContainerInitializers = class com.ibm.wsspi.kernel.service.utils.ConcurrentServiceReferenceSet@2cc11187
      referenceName = "servletContainerInitializers"
      contextRef = class java.util.concurrent.atomic.AtomicReference@28069dcb
      elementMap = class java.util.LinkedHashMap@10ee9ca2
      elementSet = class java.util.concurrent.ConcurrentSkipListSet@59e894ea
      elementSetUnsorted = false
      serialVersionUID = 756240983881166148
      $$$tc$$$ = class com.ibm.websphere.ras.TraceComponent@32b2ea6d
    es = class com.ibm.ws.threading.internal.ExecutorServiceImpl@6402e58c
      JAVA_6 = false
      threadPool = class java.util.concurrent.ThreadPoolExecutor@668a8a7d
      threadPoolController = class com.ibm.ws.threading.internal.ThreadPoolController@32c0be08
      poolName = "Default Executor"
      componentConfig = class org.apache.felix.scr.impl.helper.ReadOnlyDictionary@45c202b9
      interceptorsActive = false
      interceptors = class java.util.concurrent.CopyOnWriteArraySet@15a165b0
      threadFactory = null
      serialVersionUID = 4947246897844900590
      $$$tc$$$ = class com.ibm.websphere.ras.TraceComponent@1aabe9ea
    locationServiceRef = class java.util.concurrent.atomic.AtomicReference@e9162ee
      serialVersionUID = -1848883965231344442
      unsafe = class sun.misc.Unsafe@13755a5b
      valueOffset = 12
      value = class com.ibm.ws.kernel.service.location.internal.WsLocationAdminImpl@912e05e
    transferContextServiceRef = class com.ibm.wsspi.kernel.service.utils.ConcurrentServiceReferenceSet@65cafd58
      referenceName = "transferService"
      contextRef = class java.util.concurrent.atomic.AtomicReference@10cd0614
      elementMap = class java.util.LinkedHashMap@454f097e
      elementSet = class java.util.concurrent.ConcurrentSkipListSet@5bdd7882
      elementSetUnsorted = false
      serialVersionUID = 756240983881166148
      $$$tc$$$ = class com.ibm.websphere.ras.TraceComponent@32b2ea6d
    encodingServiceRef = class java.util.concurrent.atomic.AtomicReference@41a3854f
      serialVersionUID = -1848883965231344442
      unsafe = class sun.misc.Unsafe@13755a5b
      valueOffset = 12
      value = class com.ibm.ws.http.internal.EncodingUtilsImpl@6183341d
    instance = class java.util.concurrent.atomic.AtomicReference@32fe3672
      serialVersionUID = -1848883965231344442
      unsafe = class sun.misc.Unsafe@13755a5b
      valueOffset = 12
      value = class com.ibm.ws.webcontainer.osgi.WebContainer@33bc6898
    vhostManager = class com.ibm.ws.webcontainer.osgi.DynamicVirtualHostManager@37fdb4d1
      tc = class com.ibm.websphere.ras.TraceComponent@1cf43d03
      hostMap = class java.util.concurrent.ConcurrentHashMap@34f613b7
      transportMap = class java.util.concurrent.ConcurrentHashMap@1dc76fa1
      locationService = class com.ibm.ws.kernel.service.location.internal.WsLocationAdminImpl@912e05e
      schedExecutor = class com.ibm.ws.threading.internal.ScheduledExecutorImpl@7601fd61
      pluginCfgVhostUris = class java.util.HashMap@6712f7aa
      PLUGIN_CFG = "plugin-cfg.xml"
    metaDataService = class com.ibm.ws.container.service.metadata.internal.MetaDataServiceImpl@56faf4b
      applicationMetaDataManager = class com.ibm.ws.container.service.metadata.internal.ApplicationMetaDataManager@3e3a948a
      moduleMetaDataManager = class com.ibm.ws.container.service.metadata.internal.ModuleMetaDataManager@47298cd9
      componentMetaDataManager = class com.ibm.ws.container.service.metadata.internal.ComponentMetaDataManager@a745fce
      methodMetaDataManager = class com.ibm.ws.container.service.metadata.internal.MethodMetaDataManager@35bfee67
      appModuleNameToModuleContainer = class java.util.concurrent.ConcurrentHashMap@5fcbb29e
      jeeNameToComponentMetaData = class java.util.concurrent.ConcurrentHashMap@540fa2fa
      deferredMetaDataFactories = class com.ibm.wsspi.kernel.service.utils.ConcurrentServiceReferenceSet@7c2d0d9a
      deferredMetaDataInitializers = class com.ibm.wsspi.kernel.service.utils.ConcurrentServiceReferenceMap@362b08ae
      serialVersionUID = -8170959944924351750
      $$$tc$$$ = class com.ibm.websphere.ras.TraceComponent@77a9b882
    j2eeNameFactory = class com.ibm.ws.container.service.metadata.internal.J2EENameFactoryImpl@583bcb54
      serialVersionUID = 3486344295038028821
      $$$tc$$$ = class com.ibm.websphere.ras.TraceComponent@d18cd96
    context = class org.apache.felix.scr.impl.manager.ComponentContextImpl@1b352b87
      m_componentManager = class org.apache.felix.scr.impl.manager.SingleComponentManager@487c180c
      edgeInfos = class org.apache.felix.scr.impl.manager.EdgeInfo[25]
      m_componentInstance = class org.apache.felix.scr.impl.manager.ComponentContextImpl$ComponentInstanceImpl@59a2f7ca
      m_usingBundle = class org.eclipse.osgi.internal.framework.EquinoxBundle@6e4f95e3
      m_implementationObject = class com.ibm.ws.webcontainer.osgi.WebContainer@33bc6898
      m_implementationAccessible = true
      accessibleLatch = class java.util.concurrent.CountDownLatch@3ddaac8b
      serviceObjectsHelper = class org.apache.felix.scr.impl.helper.ComponentServiceObjectsHelper@154e7f44
    contextRoots = class java.util.Collections$SynchronizedSet@41b44f0c
      serialVersionUID = 487447009682186044
      serialVersionUID = 3053995032091335093
      c = class java.util.HashSet@4a4c35f5
      mutex = class java.util.Collections$SynchronizedSet@41b44f0c
    pendingContextRoots = class java.util.HashMap@3959b586
      serialVersionUID = 362498820763181265
      DEFAULT_INITIAL_CAPACITY = 16
      MAXIMUM_CAPACITY = 1073741824
      DEFAULT_LOAD_FACTOR = 0.75
      TREEIFY_THRESHOLD = 8
      UNTREEIFY_THRESHOLD = 6
      MIN_TREEIFY_CAPACITY = 64
      table = null
      entrySet = null
      size = 0
      modCount = 0
      threshold = 0
      loadFactor = 0.75
      keySet = null
      values = null
    deployedModuleMap = class java.util.concurrent.ConcurrentHashMap@3fbeb892
      serialVersionUID = 7249069246763182397
      MAXIMUM_CAPACITY = 1073741824
      DEFAULT_CAPACITY = 16
      MAX_ARRAY_SIZE = 2147483639
      DEFAULT_CONCURRENCY_LEVEL = 16
      LOAD_FACTOR = 0.75
      TREEIFY_THRESHOLD = 8
      UNTREEIFY_THRESHOLD = 6
      MIN_TREEIFY_CAPACITY = 64
      MIN_TRANSFER_STRIDE = 16
      RESIZE_STAMP_BITS = 16
      MAX_RESIZERS = 65535
      RESIZE_STAMP_SHIFT = 16
      MOVED = -1
      TREEBIN = -2
      RESERVED = -3
      HASH_BITS = 2147483647
      NCPU = 8
      serialPersistentFields = class java.io.ObjectStreamField[3]
      table = class java.util.concurrent.ConcurrentHashMap$Node[16]
      nextTable = null
      baseCount = 2
      sizeCtl = 12
      transferIndex = 0
      cellsBusy = 0
      counterCells = null
      keySet = null
      values = null
      entrySet = null
      U = class sun.misc.Unsafe@13755a5b
      SIZECTL = 20
      TRANSFERINDEX = 32
      BASECOUNT = 24
      CELLSBUSY = 36
      CELLVALUE = 144
      ABASE = 16
      ASHIFT = 2
      keySet = null
      values = null
    connContextPool = class com.ibm.ws.webcontainer31.osgi.srt.SRTConnectionContextPool31Impl@d65d5f1
      head = class java.lang.ThreadLocal@2a064de6
    DEFAULT_PORT = "*"
    DEFAULT_VHOST_NAME = "default_host"
    cachedServerInfo = null
    lock = class com.ibm.ws.webcontainer.osgi.WebContainer$1@6eca377e
      this$0 = class com.ibm.ws.webcontainer.osgi.WebContainer@33bc6898
    webAppFactory = class com.ibm.ws.webcontainer31.osgi.webapp.WebAppFactoryImpl31@1acb4aa4
    requestFactory = class com.ibm.ws.webcontainer31.osgi.response.IRequestResponseFactory@50fb0b47
    responseFactory = class com.ibm.ws.webcontainer31.osgi.response.IRequestResponseFactory@50fb0b47
    asyncContextFactory = class com.ibm.ws.webcontainer31.async.AsyncContextFactory31Impl@731286f4
    DEFAULT_MAX_VERSION = 30
    versionRef = class org.eclipse.osgi.internal.serviceregistry.ServiceReferenceImpl@4c5c2e2f
      registration = class org.eclipse.osgi.internal.serviceregistry.ServiceRegistrationImpl@4e1c5365
    SPEC_LEVEL_UNLOADED = -1
    SPEC_LEVEL_30 = 30
    SPEC_LEVEL_31 = 31
    DEFAULT_SPEC_LEVEL = 30
    loadedContainerSpecLevel = 31
    ISO = "ISO-8859-1"
    encoding = "UTF-8"
    decode = true
    wcconfig = class com.ibm.ws.webcontainer.osgi.WebContainerConfiguration@4ab509e
      properties = class org.apache.felix.scr.impl.helper.ReadOnlyDictionary@15b5acad
      CFG_KEY_ENFORCE_SEC = "enforce.security"
      logger = class com.ibm.ws.logging.internal.WsLogger@18741473
      CLASS_NAME = "com.ibm.ws.webcontainer.WebContainerConfiguration"
      _localeProps = null
      _jvmProps = null
      enableServletCaching = false
      defaultVirtualHostName = "default_host"
      ardEnabled = false
      ardIncludeTimeout = 0
      poolingDisabled = false
      maximumExpiredEntries = 0
      maximumResponseStoreSize = 0
      useAsyncRunnableWorkManager = false
      asyncRunnableWorkManagerName = null
      numAsyncTimerThreads = 2
      defaultAsyncServletTimeout = 30000
    applicationListeners = class java.util.ArrayList@63e953d9
      serialVersionUID = 8683452581122892189
      DEFAULT_CAPACITY = 10
      EMPTY_ELEMENTDATA = class java.lang.Object[0]
      DEFAULTCAPACITY_EMPTY_ELEMENTDATA = class java.lang.Object[0]
      elementData = class java.lang.Object[0]
      size = 0
      MAX_ARRAY_SIZE = 2147483639
      modCount = 0
      MAX_ARRAY_SIZE = 2147483639
    servletListeners = class java.util.ArrayList@4ee924dd
      serialVersionUID = 8683452581122892189
      DEFAULT_CAPACITY = 10
      EMPTY_ELEMENTDATA = class java.lang.Object[0]
      DEFAULTCAPACITY_EMPTY_ELEMENTDATA = class java.lang.Object[0]
      elementData = class java.lang.Object[0]
      size = 0
      MAX_ARRAY_SIZE = 2147483639
      modCount = 0
      MAX_ARRAY_SIZE = 2147483639
    servletErrorListeners = class java.util.ArrayList@54eaa7f9
      serialVersionUID = 8683452581122892189
      DEFAULT_CAPACITY = 10
      EMPTY_ELEMENTDATA = class java.lang.Object[0]
      DEFAULTCAPACITY_EMPTY_ELEMENTDATA = class java.lang.Object[0]
      elementData = class java.lang.Object[0]
      size = 0
      MAX_ARRAY_SIZE = 2147483639
      modCount = 0
      MAX_ARRAY_SIZE = 2147483639
    servletInvocationListeners = class java.util.ArrayList@a9b225a
      serialVersionUID = 8683452581122892189
      DEFAULT_CAPACITY = 10
      EMPTY_ELEMENTDATA = class java.lang.Object[0]
      DEFAULTCAPACITY_EMPTY_ELEMENTDATA = class java.lang.Object[0]
      elementData = class java.lang.Object[0]
      size = 0
      MAX_ARRAY_SIZE = 2147483639
      modCount = 0
      MAX_ARRAY_SIZE = 2147483639
    filterInvocationListeners = class java.util.ArrayList@23c5cf4b
      serialVersionUID = 8683452581122892189
      DEFAULT_CAPACITY = 10
      EMPTY_ELEMENTDATA = class java.lang.Object[0]
      DEFAULTCAPACITY_EMPTY_ELEMENTDATA = class java.lang.Object[0]
      elementData = class java.lang.Object[0]
      size = 0
      MAX_ARRAY_SIZE = 2147483639
      modCount = 0
      MAX_ARRAY_SIZE = 2147483639
    filterErrorListeners = class java.util.ArrayList@240dc822
      serialVersionUID = 8683452581122892189
      DEFAULT_CAPACITY = 10
      EMPTY_ELEMENTDATA = class java.lang.Object[0]
      DEFAULTCAPACITY_EMPTY_ELEMENTDATA = class java.lang.Object[0]
      elementData = class java.lang.Object[0]
      size = 0
      MAX_ARRAY_SIZE = 2147483639
      modCount = 0
      MAX_ARRAY_SIZE = 2147483639
    filterListeners = class java.util.ArrayList@25d97635
      serialVersionUID = 8683452581122892189
      DEFAULT_CAPACITY = 10
      EMPTY_ELEMENTDATA = class java.lang.Object[0]
      DEFAULTCAPACITY_EMPTY_ELEMENTDATA = class java.lang.Object[0]
      elementData = class java.lang.Object[0]
      size = 0
      MAX_ARRAY_SIZE = 2147483639
      modCount = 0
      MAX_ARRAY_SIZE = 2147483639
    servletRequestListeners = class java.util.ArrayList@76830926
      serialVersionUID = 8683452581122892189
      DEFAULT_CAPACITY = 10
      EMPTY_ELEMENTDATA = class java.lang.Object[0]
      DEFAULTCAPACITY_EMPTY_ELEMENTDATA = class java.lang.Object[0]
      elementData = class java.lang.Object[0]
      size = 0
      MAX_ARRAY_SIZE = 2147483639
      modCount = 0
      MAX_ARRAY_SIZE = 2147483639
    servletRequestAttributeListeners = class java.util.ArrayList@7b313f2a
      serialVersionUID = 8683452581122892189
      DEFAULT_CAPACITY = 10
      EMPTY_ELEMENTDATA = class java.lang.Object[0]
      DEFAULTCAPACITY_EMPTY_ELEMENTDATA = class java.lang.Object[0]
      elementData = class java.lang.Object[0]
      size = 0
      MAX_ARRAY_SIZE = 2147483639
      modCount = 0
      MAX_ARRAY_SIZE = 2147483639
    servletContextListeners = class java.util.ArrayList@3137b4b6
      serialVersionUID = 8683452581122892189
      DEFAULT_CAPACITY = 10
      EMPTY_ELEMENTDATA = class java.lang.Object[0]
      DEFAULTCAPACITY_EMPTY_ELEMENTDATA = class java.lang.Object[0]
      elementData = class java.lang.Object[0]
      size = 0
      MAX_ARRAY_SIZE = 2147483639
      modCount = 0
      MAX_ARRAY_SIZE = 2147483639
    servletContextAttributeListeners = class java.util.ArrayList@5fb1147b
      serialVersionUID = 8683452581122892189
      DEFAULT_CAPACITY = 10
      EMPTY_ELEMENTDATA = class java.lang.Object[0]
      DEFAULTCAPACITY_EMPTY_ELEMENTDATA = class java.lang.Object[0]
      elementData = class java.lang.Object[0]
      size = 0
      MAX_ARRAY_SIZE = 2147483639
      modCount = 0
      MAX_ARRAY_SIZE = 2147483639
    sessionListeners = class java.util.ArrayList@3195ec92
      serialVersionUID = 8683452581122892189
      DEFAULT_CAPACITY = 10
      EMPTY_ELEMENTDATA = class java.lang.Object[0]
      DEFAULTCAPACITY_EMPTY_ELEMENTDATA = class java.lang.Object[0]
      elementData = class java.lang.Object[0]
      size = 0
      MAX_ARRAY_SIZE = 2147483639
      modCount = 0
      MAX_ARRAY_SIZE = 2147483639
    sessionIdListeners = class java.util.ArrayList@432f5de5
      serialVersionUID = 8683452581122892189
      DEFAULT_CAPACITY = 10
      EMPTY_ELEMENTDATA = class java.lang.Object[0]
      DEFAULTCAPACITY_EMPTY_ELEMENTDATA = class java.lang.Object[0]
      elementData = class java.lang.Object[0]
      size = 0
      MAX_ARRAY_SIZE = 2147483639
      modCount = 0
      MAX_ARRAY_SIZE = 2147483639
    sessionAttributeListeners = class java.util.ArrayList@4fb1d332
      serialVersionUID = 8683452581122892189
      DEFAULT_CAPACITY = 10
      EMPTY_ELEMENTDATA = class java.lang.Object[0]
      DEFAULTCAPACITY_EMPTY_ELEMENTDATA = class java.lang.Object[0]
      elementData = class java.lang.Object[0]
      size = 0
      MAX_ARRAY_SIZE = 2147483639
      modCount = 0
      MAX_ARRAY_SIZE = 2147483639
    DEFAULT_HOST = "default_host"
    _initialized = true
    logger = class com.ibm.ws.logging.internal.WsLogger@18741473
      tc = class com.ibm.websphere.ras.TraceComponent@18392306
      ivCachedResourceBundleName = "com.ibm.ws.webcontainer.resources.Messages"
      ivCachedResourceBundle = class com.ibm.ws.webcontainer.resources.Messages_en@167f79e9
      ivComponent = null
      ivOrganization = null
      ivProduct = null
      ivMinimumLocalizationLevelIntValue = 625
      ivTC = class com.ibm.websphere.ras.TraceComponent@532e7e47
      loggerRegistrationComponent = class java.lang.ThreadLocal@47b772f5
      emptyHandlers = class java.util.logging.Handler[0]
      offValue = 2147483647
      SYSTEM_LOGGER_RB_NAME = "sun.util.logging.resources.logging"
      SYSTEM_BUNDLE = class java.util.logging.Logger$LoggerBundle@48ca107d
      NO_RESOURCE_BUNDLE = class java.util.logging.Logger$LoggerBundle@259788bc
      manager = class com.ibm.ws.kernel.boot.logging.WsLogManager@59cb7621
      name = "com.ibm.ws.webcontainer"
      handlers = class java.util.concurrent.CopyOnWriteArrayList@6d28355d
      loggerBundle = class java.util.logging.Logger$LoggerBundle@75f9897d
      useParentHandlers = true
      filter = null
      anonymous = false
      catalog = class com.ibm.ws.webcontainer.resources.Messages_en@167f79e9
      catalogName = "com.ibm.ws.webcontainer.resources.Messages"
      catalogLocale = class java.util.Locale@6cb22d16
      treeLock = class java.lang.Object@6eca24df
      parent = class java.util.logging.Logger@42647686
      kids = class java.util.ArrayList@7befadd6
      levelObject = class java.util.logging.Level@6c8e520
      levelValue = 800
      callersClassLoaderRef = class java.lang.ref.WeakReference@391bc5fa
      isSystemLogger = false
      GLOBAL_LOGGER_NAME = "global"
      global = class java.util.logging.Logger@785efec9
      $assertionsDisabled = true
    CLASS_NAME = "com.ibm.ws.webcontainer.internal.WebContainer"
    nls = class com.ibm.ejs.ras.TraceNLS@69b9a93
      resolver = class com.ibm.ws.logging.internal.TraceNLSResolver@3c603e4f
      finder = null
      ivBundleName = "com.ibm.ws.webcontainer.resources.Messages"
      caller = class java.lang.Class@c02c36a
    self = class java.util.concurrent.atomic.AtomicReference@3fe22fd0
      serialVersionUID = -1848883965231344442
      unsafe = class sun.misc.Unsafe@13755a5b
      valueOffset = 12
      value = class com.ibm.ws.webcontainer.osgi.WebContainer@33bc6898
    _cipherToBit = class java.util.HashMap@7e8b535d
      serialVersionUID = 362498820763181265
      DEFAULT_INITIAL_CAPACITY = 16
      MAXIMUM_CAPACITY = 1073741824
      DEFAULT_LOAD_FACTOR = 0.75
      TREEIFY_THRESHOLD = 8
      UNTREEIFY_THRESHOLD = 6
      MIN_TREEIFY_CAPACITY = 64
      table = null
      entrySet = null
      size = 0
      modCount = 0
      threshold = 0
      loadFactor = 0.75
      keySet = null
      values = null
    cacheKeyStringBuilder = class com.ibm.ws.util.WSThreadLocal@46e41773
      tc = class com.ibm.ejs.ras.TraceComponent@219805aa
      count = 4
      index = 2
      SUSPECTED_MISUSAGE_THRESHOLD = 200
      threadLocalHashCode = -985280469
      nextHashCode = class java.util.concurrent.atomic.AtomicInteger@47e297a7
      HASH_INCREMENT = 1640531527
    listenersInitialized = false
    webConProperties = class java.util.Properties@1c71523e
      serialVersionUID = 4112578634029874840
      defaults = null
      hexDigit = {0123456789ABCDEF} /* array length = 16*/
      table = class java.util.Hashtable$Entry[95]
      count = 55
      threshold = 71
      loadFactor = 0.75
      modCount = 58
      serialVersionUID = 1421746759512286392
      MAX_ARRAY_SIZE = 2147483639
      keySet = null
      entrySet = null
      values = null
      KEYS = 0
      VALUES = 1
      ENTRIES = 2
    sessionRegistry = null
    isStopped = false
    readWriteLockForStopping = class java.util.concurrent.locks.ReentrantReadWriteLock@324372cf
      serialVersionUID = -6992448646407690164
      readerLock = class java.util.concurrent.locks.ReentrantReadWriteLock$ReadLock@1881f10b
      writerLock = class java.util.concurrent.locks.ReentrantReadWriteLock$WriteLock@25ae2612
      sync = class java.util.concurrent.locks.ReentrantReadWriteLock$NonfairSync@108cff26
      UNSAFE = class sun.misc.Unsafe@13755a5b
      TID_OFFSET = 40
    urlPrefix = ";jsessionid="
    extensionFactories = class java.util.ArrayList@16f6de61
      serialVersionUID = 8683452581122892189
      DEFAULT_CAPACITY = 10
      EMPTY_ELEMENTDATA = class java.lang.Object[0]
      DEFAULTCAPACITY_EMPTY_ELEMENTDATA = class java.lang.Object[0]
      elementData = class java.lang.Object[10]
      size = 4
      MAX_ARRAY_SIZE = 2147483639
      modCount = 9
      MAX_ARRAY_SIZE = 2147483639
    postInitExtensionFactories = null
    httpResponseListeners = class java.util.ArrayList@70cf1c43
      serialVersionUID = 8683452581122892189
      DEFAULT_CAPACITY = 10
      EMPTY_ELEMENTDATA = class java.lang.Object[0]
      DEFAULTCAPACITY_EMPTY_ELEMENTDATA = class java.lang.Object[0]
      elementData = class java.lang.Object[0]
      size = 0
      MAX_ARRAY_SIZE = 2147483639
      modCount = 0
      MAX_ARRAY_SIZE = 2147483639
    servletContainerInitializers = class java.util.ServiceLoader@663940c6
      PREFIX = "META-INF/services/"
      service = class java.lang.Class@3ff58ee9
      loader = class org.eclipse.osgi.internal.loader.EquinoxClassLoader@6b5ab665
      acc = null
      providers = class java.util.LinkedHashMap@7ae81af0
      lookupIterator = class java.util.ServiceLoader$LazyIterator@181fb161
    invocationCacheSize = 500
    decodePlusSign = true
    _cacheMap = class java.util.concurrent.ConcurrentHashMap@4fc583c4
      serialVersionUID = 7249069246763182397
      MAXIMUM_CAPACITY = 1073741824
      DEFAULT_CAPACITY = 16
      MAX_ARRAY_SIZE = 2147483639
      DEFAULT_CONCURRENCY_LEVEL = 16
      LOAD_FACTOR = 0.75
      TREEIFY_THRESHOLD = 8
      UNTREEIFY_THRESHOLD = 6
      MIN_TREEIFY_CAPACITY = 64
      MIN_TRANSFER_STRIDE = 16
      RESIZE_STAMP_BITS = 16
      MAX_RESIZERS = 65535
      RESIZE_STAMP_SHIFT = 16
      MOVED = -1
      TREEBIN = -2
      RESERVED = -3
      HASH_BITS = 2147483647
      NCPU = 8
      serialPersistentFields = class java.io.ObjectStreamField[3]
      table = null
      nextTable = null
      baseCount = 0
      sizeCtl = 1024
      transferIndex = 0
      cellsBusy = 0
      counterCells = null
      keySet = null
      values = null
      entrySet = null
      U = class sun.misc.Unsafe@13755a5b
      SIZECTL = 20
      TRANSFERINDEX = 32
      BASECOUNT = 24
      CELLSBUSY = 36
      CELLVALUE = 144
      ABASE = 16
      ASHIFT = 2
      keySet = null
      values = null
    _cacheSize = class java.util.concurrent.atomic.AtomicInteger@6fe0498b
      serialVersionUID = 6214790243416807050
      unsafe = class sun.misc.Unsafe@13755a5b
      valueOffset = 12
      value = 0
      serialVersionUID = -8742448824652078965
    vHostCompatFlag = false
    platformHelper = class com.ibm.ws.webcontainer.PlatformHelper@67457d30
    isDefaultTempDir = true
    tempDir = null
    servletCachingInitNeeded = true
    appInstallBegun = true
    commands = class java.util.ArrayList@286e4f63
      serialVersionUID = 8683452581122892189
      DEFAULT_CAPACITY = 10
      EMPTY_ELEMENTDATA = class java.lang.Object[0]
      DEFAULTCAPACITY_EMPTY_ELEMENTDATA = class java.lang.Object[0]
      elementData = class java.lang.Object[3]
      size = 0
      MAX_ARRAY_SIZE = 2147483639
      modCount = 0
      MAX_ARRAY_SIZE = 2147483639
    requestMapper = class com.ibm.ws.webcontainer.util.VirtualHostContextRootMapper@452fe7f4
      cachedMappers = class java.util.Collections$SynchronizedMap@7a117f6c
      nls = class com.ibm.ejs.ras.TraceNLS@23b218d4
      logger = class com.ibm.ws.logging.internal.WsLogger@4a4b607d
      CLASS_NAME = "com.ibm.ws.webcontainer.util.VirtualHostContextRootMapper"
      CLASSNAME = "com.ibm.ws.util.VirtualHostMapper"
      tc = class com.ibm.ejs.ras.TraceComponent@35b6489b
      vHostTable = class java.util.concurrent.ConcurrentHashMap@70daeaf3
    parent = null
    name = "Was.webcontainer"
    isAlive = true
    subElements = class java.util.HashMap@73905485
      serialVersionUID = 362498820763181265
      DEFAULT_INITIAL_CAPACITY = 16
      MAXIMUM_CAPACITY = 1073741824
      DEFAULT_LOAD_FACTOR = 0.75
      TREEIFY_THRESHOLD = 8
      UNTREEIFY_THRESHOLD = 6
      MIN_TREEIFY_CAPACITY = 64
      table = class java.util.HashMap$Node[16]
      entrySet = null
      size = 1
      modCount = 1
      threshold = 12
      loadFactor = 0.75
      keySet = null
      values = null
    attributes = null
    config = null
    serialVersionUID = -8271459000149267764
    $$$tc$$$ = class com.ibm.websphere.ras.TraceComponent@77e6a882
      strings[0] = "TraceComponent[com.ibm.ws.container.AbstractContainer,class com.ibm.ws.container.AbstractContainer,[],null,null]"

