------Start of DE processing------ = [10/7/16 13:38:34:568 CEST]
Exception = java.lang.RuntimeException
Source = com.ibm.ws.webcontainer.filter.WebAppFilterManager.invokeFilters
probeid = 1105
Stack Dump = java.lang.RuntimeException: org.apache.cxf.interceptor.Fault
	at org.apache.cxf.interceptor.AbstractFaultChainInitiatorObserver.onMessage(AbstractFaultChainInitiatorObserver.java:116)
	at org.apache.cxf.phase.PhaseInterceptorChain.doIntercept(PhaseInterceptorChain.java:371)
	at org.apache.cxf.transport.ChainInitiationObserver.onMessage(ChainInitiationObserver.java:124)
	at org.apache.cxf.transport.http.AbstractHTTPDestination.invoke(AbstractHTTPDestination.java:256)
	at com.ibm.ws.jaxrs20.endpoint.AbstractJaxRsWebEndpoint.invoke(AbstractJaxRsWebEndpoint.java:134)
	at com.ibm.websphere.jaxrs.server.IBMRestServlet.handleRequest(IBMRestServlet.java:149)
	at com.ibm.websphere.jaxrs.server.IBMRestServlet.doPost(IBMRestServlet.java:107)
	at javax.servlet.http.HttpServlet.service(HttpServlet.java:707)
	at com.ibm.websphere.jaxrs.server.IBMRestServlet.service(IBMRestServlet.java:99)
	at com.ibm.ws.webcontainer.servlet.ServletWrapper.service(ServletWrapper.java:1287)
	at com.ibm.ws.webcontainer.servlet.ServletWrapper.handleRequest(ServletWrapper.java:778)
	at com.ibm.ws.webcontainer.servlet.ServletWrapper.handleRequest(ServletWrapper.java:475)
	at com.ibm.ws.webcontainer.filter.WebAppFilterManager.invokeFilters(WebAppFilterManager.java:1157)
	at com.ibm.ws.webcontainer.servlet.CacheServletWrapper.handleRequest(CacheServletWrapper.java:81)
	at com.ibm.ws.webcontainer.WebContainer.handleRequest(WebContainer.java:928)
	at com.ibm.ws.webcontainer.osgi.DynamicVirtualHost$2.run(DynamicVirtualHost.java:262)
	at com.ibm.ws.http.dispatcher.internal.channel.HttpDispatcherLink$TaskWrapper.run(HttpDispatcherLink.java:955)
	at com.ibm.ws.http.dispatcher.internal.channel.HttpDispatcherLink.ready(HttpDispatcherLink.java:341)
	at com.ibm.ws.http.channel.internal.inbound.HttpInboundLink.handleDiscrimination(HttpInboundLink.java:470)
	at com.ibm.ws.http.channel.internal.inbound.HttpInboundLink.handleNewRequest(HttpInboundLink.java:404)
	at com.ibm.ws.http.channel.internal.inbound.HttpInboundLink.processRequest(HttpInboundLink.java:284)
	at com.ibm.ws.http.channel.internal.inbound.HttpInboundLink.ready(HttpInboundLink.java:255)
	at com.ibm.ws.tcpchannel.internal.NewConnectionInitialReadCallback.sendToDiscriminators(NewConnectionInitialReadCallback.java:174)
	at com.ibm.ws.tcpchannel.internal.NewConnectionInitialReadCallback.complete(NewConnectionInitialReadCallback.java:83)
	at com.ibm.ws.tcpchannel.internal.WorkQueueManager.requestComplete(WorkQueueManager.java:504)
	at com.ibm.ws.tcpchannel.internal.WorkQueueManager.attemptIO(WorkQueueManager.java:574)
	at com.ibm.ws.tcpchannel.internal.WorkQueueManager.workerRun(WorkQueueManager.java:929)
	at com.ibm.ws.tcpchannel.internal.WorkQueueManager$Worker.run(WorkQueueManager.java:1018)
	at java.util.concurrent.ThreadPoolExecutor.runWorker(ThreadPoolExecutor.java:1142)
	at java.util.concurrent.ThreadPoolExecutor$Worker.run(ThreadPoolExecutor.java:617)
	at java.lang.Thread.run(Thread.java:745)
Caused by: org.apache.cxf.interceptor.Fault
	at org.apache.cxf.service.invoker.AbstractInvoker.createFault(AbstractInvoker.java:163)
	at org.apache.cxf.service.invoker.AbstractInvoker.invoke(AbstractInvoker.java:129)
	at com.ibm.ws.jaxrs20.server.LibertyJaxRsInvoker.invoke(LibertyJaxRsInvoker.java:210)
	at org.apache.cxf.jaxrs.JAXRSInvoker.invoke(JAXRSInvoker.java:200)
	at com.ibm.ws.jaxrs20.server.LibertyJaxRsInvoker.invoke(LibertyJaxRsInvoker.java:381)
	at org.apache.cxf.jaxrs.JAXRSInvoker.invoke(JAXRSInvoker.java:99)
	at org.apache.cxf.interceptor.ServiceInvokerInterceptor$1.run(ServiceInvokerInterceptor.java:59)
	at org.apache.cxf.interceptor.ServiceInvokerInterceptor.handleMessage(ServiceInvokerInterceptor.java:96)
	at org.apache.cxf.phase.PhaseInterceptorChain.doIntercept(PhaseInterceptorChain.java:307)
	... 29 more
Caused by: java.lang.NullPointerException
	at com.rp.restaurant.service.RestaurantService.insertJdbc(RestaurantService.java:238)
	at sun.reflect.NativeMethodAccessorImpl.invoke0(Native Method)
	at sun.reflect.NativeMethodAccessorImpl.invoke(NativeMethodAccessorImpl.java:62)
	at sun.reflect.DelegatingMethodAccessorImpl.invoke(DelegatingMethodAccessorImpl.java:43)
	at java.lang.reflect.Method.invoke(Method.java:497)
	at com.ibm.ws.jaxrs20.server.LibertyJaxRsServerFactoryBean.performInvocation(LibertyJaxRsServerFactoryBean.java:636)
	at com.ibm.ws.jaxrs20.server.LibertyJaxRsInvoker.performInvocation(LibertyJaxRsInvoker.java:115)
	at org.apache.cxf.service.invoker.AbstractInvoker.invoke(AbstractInvoker.java:97)
	... 36 more

Dump of callerThis
Object type = com.ibm.ws.webcontainer.osgi.filter.WebAppFilterManagerImpl
  _filterWrappers = class java.util.Hashtable@559c5498
    table = class java.util.Hashtable$Entry[11]
      table[0] = null
      table[1] = null
      table[2] = null
      table[3] = null
      table[4] = null
      table[5] = null
      table[6] = null
      table[7] = null
      table[8] = null
      table[9] = null
      table[10] = null
    count = 0
    threshold = 8
    loadFactor = 0.75
    modCount = 0
    serialVersionUID = 1421746759512286392
    MAX_ARRAY_SIZE = 2147483639
    keySet = null
    entrySet = null
    values = null
    KEYS = 0
    VALUES = 1
    ENTRIES = 2
  chainCache = class java.util.Collections$SynchronizedMap@772adcc
    serialVersionUID = 1978198479659022715
    m = class com.ibm.ws.webcontainer.filter.WebAppFilterManager$1@4b50cae1
      this$0 = class com.ibm.ws.webcontainer.osgi.filter.WebAppFilterManagerImpl@7e458f28
      serialVersionUID = 3801124242820219131
      head = null
      tail = null
      accessOrder = true
      serialVersionUID = 362498820763181265
      DEFAULT_INITIAL_CAPACITY = 16
      MAXIMUM_CAPACITY = 1073741824
      DEFAULT_LOAD_FACTOR = 0.75
      TREEIFY_THRESHOLD = 8
      UNTREEIFY_THRESHOLD = 6
      MIN_TREEIFY_CAPACITY = 64
      table = null
      entrySet = null
      size = 0
      modCount = 0
      threshold = 32
      loadFactor = 0.75
      keySet = null
      values = null
    mutex = class java.util.Collections$SynchronizedMap@772adcc
    keySet = null
    entrySet = null
    values = null
  forwardChainCache = class java.util.Collections$SynchronizedMap@191746f2
    serialVersionUID = 1978198479659022715
    m = class com.ibm.ws.webcontainer.filter.WebAppFilterManager$2@35be58bc
      this$0 = class com.ibm.ws.webcontainer.osgi.filter.WebAppFilterManagerImpl@7e458f28
      serialVersionUID = 3801124242820219131
      head = null
      tail = null
      accessOrder = true
      serialVersionUID = 362498820763181265
      DEFAULT_INITIAL_CAPACITY = 16
      MAXIMUM_CAPACITY = 1073741824
      DEFAULT_LOAD_FACTOR = 0.75
      TREEIFY_THRESHOLD = 8
      UNTREEIFY_THRESHOLD = 6
      MIN_TREEIFY_CAPACITY = 64
      table = null
      entrySet = null
      size = 0
      modCount = 0
      threshold = 16
      loadFactor = 0.75
      keySet = null
      values = null
    mutex = class java.util.Collections$SynchronizedMap@191746f2
    keySet = null
    entrySet = null
    values = null
  includeChainCache = class java.util.Collections$SynchronizedMap@53540d40
    serialVersionUID = 1978198479659022715
    m = class com.ibm.ws.webcontainer.filter.WebAppFilterManager$3@73f14c14
      this$0 = class com.ibm.ws.webcontainer.osgi.filter.WebAppFilterManagerImpl@7e458f28
      serialVersionUID = 3801124242820219131
      head = null
      tail = null
      accessOrder = true
      serialVersionUID = 362498820763181265
      DEFAULT_INITIAL_CAPACITY = 16
      MAXIMUM_CAPACITY = 1073741824
      DEFAULT_LOAD_FACTOR = 0.75
      TREEIFY_THRESHOLD = 8
      UNTREEIFY_THRESHOLD = 6
      MIN_TREEIFY_CAPACITY = 64
      table = null
      entrySet = null
      size = 0
      modCount = 0
      threshold = 8
      loadFactor = 0.75
      keySet = null
      values = null
    mutex = class java.util.Collections$SynchronizedMap@53540d40
    keySet = null
    entrySet = null
    values = null
  errorChainCache = class java.util.Collections$SynchronizedMap@64dbbb26
    serialVersionUID = 1978198479659022715
    m = class com.ibm.ws.webcontainer.filter.WebAppFilterManager$4@309da124
      this$0 = class com.ibm.ws.webcontainer.osgi.filter.WebAppFilterManagerImpl@7e458f28
      serialVersionUID = 3801124242820219131
      head = null
      tail = null
      accessOrder = true
      serialVersionUID = 362498820763181265
      DEFAULT_INITIAL_CAPACITY = 16
      MAXIMUM_CAPACITY = 1073741824
      DEFAULT_LOAD_FACTOR = 0.75
      TREEIFY_THRESHOLD = 8
      UNTREEIFY_THRESHOLD = 6
      MIN_TREEIFY_CAPACITY = 64
      table = null
      entrySet = null
      size = 0
      modCount = 0
      threshold = 2
      loadFactor = 0.75
      keySet = null
      values = null
    mutex = class java.util.Collections$SynchronizedMap@64dbbb26
    keySet = null
    entrySet = null
    values = null
  _filtersDefined = false
  FMI_MAPPING_SINGLE_SLASH = 0
  FMI_MAPPING_PATH_MATCH = 1
  FMI_MAPPING_EXTENSION_MATCH = 2
  FMI_MAPPING_EXACT_MATCH = 3
  logger = class com.ibm.ws.logging.internal.WsLogger@76d566bc
    tc = class com.ibm.websphere.ras.TraceComponent@3ce5dbae
      strings[0] = "TraceComponent[com.ibm.ws.logging.internal.WsLogger,class com.ibm.ws.logging.internal.WsLogger,[logging],com.ibm.ws.logging.internal.resources.LoggingMessages,null]"
    ivCachedResourceBundleName = null
    ivCachedResourceBundle = null
    ivComponent = null
    ivOrganization = null
    ivProduct = null
    ivMinimumLocalizationLevelIntValue = 625
    ivTC = class com.ibm.websphere.ras.TraceComponent@7ed306ba
      strings[0] = "TraceComponent[com.ibm.ws.webcontainer.filter,class com.ibm.wsspi.webcontainer.logging.LoggerFactory$1,[com.ibm.ws.webcontainer.filter],null,null]"
    loggerRegistrationComponent = class java.lang.ThreadLocal@82744ca
      threadLocalHashCode = 266027544
      nextHashCode = class java.util.concurrent.atomic.AtomicInteger@4d3e558f
      HASH_INCREMENT = 1640531527
    emptyHandlers = class java.util.logging.Handler[0]
    offValue = 2147483647
    SYSTEM_LOGGER_RB_NAME = "sun.util.logging.resources.logging"
    SYSTEM_BUNDLE = class java.util.logging.Logger$LoggerBundle@1c736ee4
      resourceBundleName = "sun.util.logging.resources.logging"
      userBundle = null
    NO_RESOURCE_BUNDLE = class java.util.logging.Logger$LoggerBundle@f8af1a1
      resourceBundleName = null
      userBundle = null
    manager = class com.ibm.ws.kernel.boot.logging.WsLogManager@3db9e58e
      CLASS_NAME = "com.ibm.ws.kernel.boot.logging.WsLogManager"
      CONFIGURE_BY_SERVER_PROPERTY_NAME = "java.util.logging.configureByServer"
      CONFIGURE_BY_LOGGING_PROPERTIES_FILE = "java.util.logging.configureByLoggingPropertiesFile"
      configureByServer = true
      configureByLoggingProperties = false
      wsLogger = class java.lang.reflect.Constructor@33732aa2
      resetEnabled = true
      manager = class com.ibm.ws.kernel.boot.logging.WsLogManager@3db9e58e
      props = class java.util.Properties@463577e0
      defaultLevel = class java.util.logging.Level@4729e6ca
      listenerMap = class java.util.HashMap@797cab4b
      systemContext = class java.util.logging.LogManager$SystemLoggerContext@53f0a8fc
      userContext = class java.util.logging.LogManager$LoggerContext@27fa44ea
      rootLogger = class java.util.logging.LogManager$RootLogger@4a1dad82
      readPrimordialConfiguration = true
      initializedGlobalHandlers = true
      deathImminent = false
      initializedCalled = true
      initializationDone = true
      contextsMap = null
      loggerRefQueue = class java.lang.ref.ReferenceQueue@56276179
      MAX_ITERATIONS = 400
      controlPermission = class java.util.logging.LoggingPermission@468409
      loggingMXBean = null
      LOGGING_MXBEAN_NAME = "java.util.logging:type=Logging"
      $assertionsDisabled = true
    name = "com.ibm.ws.webcontainer.filter"
    handlers = class java.util.concurrent.CopyOnWriteArrayList@4969aa59
      serialVersionUID = 8673264195747942595
      lock = class java.util.concurrent.locks.ReentrantLock@6ecde512
      array = class java.lang.Object[0]
      UNSAFE = class sun.misc.Unsafe@1e44d062
      lockOffset = 12
    loggerBundle = class java.util.logging.Logger$LoggerBundle@4e6ae9de
      resourceBundleName = "com.ibm.ws.webcontainer.resources.Messages"
      userBundle = null
    useParentHandlers = true
    filter = null
    anonymous = false
    catalog = class com.ibm.ws.webcontainer.resources.Messages_en@16351e4b
      resources = class [Ljava.lang.Object;[0]
      lookup = null
      INITIAL_CACHE_SIZE = 32
      NONEXISTENT_BUNDLE = class java.util.ResourceBundle$1@38dae3d2
      cacheList = class java.util.concurrent.ConcurrentHashMap@7ab0e911
      referenceQueue = class java.lang.ref.ReferenceQueue@ff2587f
      parent = class com.ibm.ws.webcontainer.resources.Messages@70e85290
      locale = class java.util.Locale@1f43fb2c
      name = "com.ibm.ws.webcontainer.resources.Messages"
      expired = false
      cacheKey = class java.util.ResourceBundle$CacheKey@624671b4
      keySet = null
      providers = null
      $assertionsDisabled = true
    catalogName = "com.ibm.ws.webcontainer.resources.Messages"
    catalogLocale = class java.util.Locale@64521c96
      LOCALECACHE = class java.util.Locale$Cache@30df8745
      ENGLISH = class java.util.Locale@1f43fb2c
      FRENCH = class java.util.Locale@e63f8cb
      GERMAN = class java.util.Locale@45a7c52f
      ITALIAN = class java.util.Locale@713050a4
      JAPANESE = class java.util.Locale@3d990468
      KOREAN = class java.util.Locale@2cad16b0
      CHINESE = class java.util.Locale@575820b7
      SIMPLIFIED_CHINESE = class java.util.Locale@249eef88
      TRADITIONAL_CHINESE = class java.util.Locale@51511537
      FRANCE = class java.util.Locale@150d913b
      GERMANY = class java.util.Locale@3c656b5
      ITALY = class java.util.Locale@50f70bea
      JAPAN = class java.util.Locale@9d6546e
      KOREA = class java.util.Locale@702b8826
      CHINA = class java.util.Locale@249eef88
      PRC = class java.util.Locale@249eef88
      TAIWAN = class java.util.Locale@51511537
      UK = class java.util.Locale@41e91b68
      US = class java.util.Locale@64521c96
      CANADA = class java.util.Locale@29a9e0e4
      CANADA_FRENCH = class java.util.Locale@12e7a49b
      ROOT = class java.util.Locale@3e216459
      PRIVATE_USE_EXTENSION = x
      UNICODE_LOCALE_EXTENSION = u
      serialVersionUID = 9149081749638150636
      DISPLAY_LANGUAGE = 0
      DISPLAY_COUNTRY = 1
      DISPLAY_VARIANT = 2
      DISPLAY_SCRIPT = 3
      baseLocale = class sun.util.locale.BaseLocale@371a0aae
      localeExtensions = null
      hashCodeValue = 96636889
      defaultLocale = class java.util.Locale@64521c96
      defaultDisplayLocale = null
      defaultFormatLocale = class java.util.Locale@51526269
      languageTag = "en-US"
      serialPersistentFields = class java.io.ObjectStreamField[6]
      isoLanguages = null
      isoCountries = null
      $assertionsDisabled = true
    treeLock = class java.lang.Object@606d5927
    parent = class com.ibm.ws.logging.internal.WsLogger@795078ed
      tc = class com.ibm.websphere.ras.TraceComponent@3ce5dbae
      ivCachedResourceBundleName = "com.ibm.ws.webcontainer.resources.Messages"
      ivCachedResourceBundle = class com.ibm.ws.webcontainer.resources.Messages_en@7b5902ec
      ivComponent = null
      ivOrganization = null
      ivProduct = null
      ivMinimumLocalizationLevelIntValue = 625
      ivTC = class com.ibm.websphere.ras.TraceComponent@29a327b1
      loggerRegistrationComponent = class java.lang.ThreadLocal@82744ca
      emptyHandlers = class java.util.logging.Handler[0]
      offValue = 2147483647
      SYSTEM_LOGGER_RB_NAME = "sun.util.logging.resources.logging"
      SYSTEM_BUNDLE = class java.util.logging.Logger$LoggerBundle@1c736ee4
      NO_RESOURCE_BUNDLE = class java.util.logging.Logger$LoggerBundle@f8af1a1
      manager = class com.ibm.ws.kernel.boot.logging.WsLogManager@3db9e58e
      name = "com.ibm.ws.webcontainer"
      handlers = class java.util.concurrent.CopyOnWriteArrayList@4c0f0d96
      loggerBundle = class java.util.logging.Logger$LoggerBundle@71655d48
      useParentHandlers = true
      filter = null
      anonymous = false
      catalog = class com.ibm.ws.webcontainer.resources.Messages_en@7b5902ec
      catalogName = "com.ibm.ws.webcontainer.resources.Messages"
      catalogLocale = class java.util.Locale@64521c96
      treeLock = class java.lang.Object@606d5927
      parent = class java.util.logging.Logger@7014c202
      kids = class java.util.ArrayList@4369f08e
      levelObject = class java.util.logging.Level@4729e6ca
      levelValue = 800
      callersClassLoaderRef = class java.lang.ref.WeakReference@77be36c8
      isSystemLogger = false
      GLOBAL_LOGGER_NAME = "global"
      global = class java.util.logging.Logger@39c5372e
      $assertionsDisabled = true
    kids = null
    levelObject = class java.util.logging.Level@4729e6ca
      defaultBundle = "sun.util.logging.resources.logging"
      name = "INFO"
      value = 800
      resourceBundleName = "sun.util.logging.resources.logging"
      localizedLevelName = "INFO"
      cachedLocale = class java.util.Locale@64521c96
      OFF = class java.util.logging.Level@6459fc4
      SEVERE = class java.util.logging.Level@7d7041c5
      WARNING = class java.util.logging.Level@5706b887
      INFO = class java.util.logging.Level@4729e6ca
      CONFIG = class java.util.logging.Level@5d84ee56
      FINE = class java.util.logging.Level@7795f19d
      FINER = class java.util.logging.Level@814e8c3
      FINEST = class java.util.logging.Level@6a34bbc6
      ALL = class java.util.logging.Level@10381e88
      serialVersionUID = -8176160795706313070
    levelValue = 800
    callersClassLoaderRef = class java.lang.ref.WeakReference@33ebf415
      referent = class org.eclipse.osgi.internal.loader.EquinoxClassLoader@d4ef67d
      queue = class java.lang.ref.ReferenceQueue$Null@4e6b8971
      next = null
      discovered = null
      lock = class java.lang.ref.Reference$Lock@554e80d2
      pending = null
    isSystemLogger = false
    GLOBAL_LOGGER_NAME = "global"
    global = class java.util.logging.Logger@39c5372e
      emptyHandlers = class java.util.logging.Handler[0]
      offValue = 2147483647
      SYSTEM_LOGGER_RB_NAME = "sun.util.logging.resources.logging"
      SYSTEM_BUNDLE = class java.util.logging.Logger$LoggerBundle@1c736ee4
      NO_RESOURCE_BUNDLE = class java.util.logging.Logger$LoggerBundle@f8af1a1
      manager = class com.ibm.ws.kernel.boot.logging.WsLogManager@3db9e58e
      name = "global"
      handlers = class java.util.concurrent.CopyOnWriteArrayList@f8a3cf8
      loggerBundle = class java.util.logging.Logger$LoggerBundle@f8af1a1
      useParentHandlers = true
      filter = null
      anonymous = false
      catalog = null
      catalogName = null
      catalogLocale = null
      treeLock = class java.lang.Object@606d5927
      parent = class java.util.logging.Logger@7014c202
      kids = null
      levelObject = null
      levelValue = 800
      callersClassLoaderRef = null
      isSystemLogger = true
      GLOBAL_LOGGER_NAME = "global"
      global = class java.util.logging.Logger@39c5372e
      $assertionsDisabled = true
    $assertionsDisabled = true
  CLASS_NAME = "com.ibm.ws.webcontainer.filter.WebAppFilterManager"
  nls = class com.ibm.ejs.ras.TraceNLS@55d69e42
    resolver = class com.ibm.ws.logging.internal.TraceNLSResolver@5ee4867e
      tc = class com.ibm.websphere.ras.TraceComponent@515f550a
      DEBUG_TRACE_NLS_PROPERTY = "com.ibm.ejs.ras.debugTraceNLSResolver"
      debugTraceNLSResolver = false
      makeNoise = false
      nullKey = "null"
      svNullBundleName = "Resource Bundle name is null, key = {0}"
      svBundleNotLoaded = "Unable to load ResourceBundle {0}"
      svNullKeyMessage = "Null key passed while using ResourceBundle {0}"
      svMalformedMessage = "No message text associated with key {0} in bundle {1}"
    finder = null
    ivBundleName = "com.ibm.ws.webcontainer.resources.Messages"
    caller = class java.lang.Class@70c759c1
      ANNOTATION = 8192
      ENUM = 16384
      SYNTHETIC = 4096
      cachedConstructor = null
      newInstanceCallerCache = null
      name = "com.ibm.ws.webcontainer.filter.WebAppFilterManager"
      allPermDomain = class java.security.ProtectionDomain@4b925a59
      useCaches = true
      reflectionData = class java.lang.ref.SoftReference@212a3631
      classRedefinedCount = 0
      genericInfo = null
      serialVersionUID = 3206093459760846163
      serialPersistentFields = class java.io.ObjectStreamField[0]
      reflectionFactory = class sun.reflect.ReflectionFactory@4cc26319
      initted = true
      enumConstants = null
      enumConstantDirectory = null
      annotationData = class java.lang.Class$AnnotationData@7bd668a3
      annotationType = null
      classValueMap = null
  webAppConfig = class com.ibm.ws.webcontainer.osgi.webapp.WebAppConfiguration@269ba7b5
    webModuleMetaData = class com.ibm.ws.webcontainer.osgi.metadata.WebModuleMetaDataImpl@52960a44
      applicationMetaData = class com.ibm.ws.container.service.app.deploy.internal.ApplicationMetaDataImpl@77c82c4d
      j2eeName = class com.ibm.ws.container.service.metadata.internal.J2EENameImpl@22ee99f2
      wccmd = class com.ibm.ws.webcontainer.osgi.metadata.WebCollaboratorComponentMetaDataImpl@78f77e34
      securityMetaData = class com.ibm.ws.webcontainer.security.metadata.SecurityServletConfiguratorHelper@1c77db1e
      annotatedSecurityMetaData = null
      webAppConfig = class com.ibm.ws.webcontainer.osgi.webapp.WebAppConfiguration@269ba7b5
      _isServlet23OrHigher = false
      jspComponentMetaData = class com.ibm.ws.jsp.runtime.metadata.JspComponentMetaData@6e6b7641
      sessionCookieNameInUse = null
      mBeanServiceReg = null
      tc = class com.ibm.websphere.ras.TraceComponent@4eb75325
      NUM_STATIC_SLOTS = 4
      ID_UNINITIALIZED = -1
      id = 0
      metaDataInterface = class java.lang.Class@58779585
      staticSlots = class java.lang.Object[4]
      dynamicSlots = class java.lang.Object[4]
    webComponentMetaData = class com.ibm.ws.webcontainer.osgi.metadata.WebComponentMetaDataImpl@466d4ff2
    dVirtualHost = class com.ibm.ws.webcontainer.osgi.DynamicVirtualHost@329d19d7
      tc = class com.ibm.websphere.ras.TraceComponent@b67c113
      CLASS_NAME = "com.ibm.ws.webcontainer.osgi.DynamicVirtualHost"
      webContainerParent = class com.ibm.ws.webcontainer.osgi.WebContainer@a00aa
      dhostConfig = class com.ibm.ws.webcontainer.osgi.DynamicVirtualHostConfiguration@24245ae4
      predefinedMatcher = null
      normalizeRequestURI = false
      logger = class com.ibm.ws.logging.internal.WsLogger@795078ed
      CLASS_NAME = "com.ibm.ws.webcontainer.VirtualHost"
      vHostConfig = class com.ibm.ws.webcontainer.osgi.DynamicVirtualHostConfiguration@24245ae4
      commands = class java.util.ArrayList@42796ffe
      requestMapper = class com.ibm.wsspi.webcontainer.util.URIMapper@1226284b
      parent = class com.ibm.ws.webcontainer.osgi.WebContainer@a00aa
      name = "default_host"
      isAlive = true
      subElements = class java.util.HashMap@1453b391
      attributes = null
      config = null
      serialVersionUID = -8271459000149267764
      $$$tc$$$ = class com.ibm.websphere.ras.TraceComponent@5c68e4e1
    orderedLibPaths = class java.util.Collections$UnmodifiableRandomAccessList@a8f4d27
    bundleHeaders = null
    cdiEnabled = false
    CLASS_NAME = "com.ibm.ws.webcontainer.webapp.WebAppConfiguration"
    logger = class com.ibm.ws.logging.internal.WsLogger@363500e6
    tc = class com.ibm.websphere.ras.TraceComponent@536c17d0
      strings[0] = "TraceComponent[com.ibm.ws.webcontainer.webapp.WebAppConfiguration,class com.ibm.ws.webcontainer.webapp.WebAppConfiguration,[webcontainer],com.ibm.ws.webcontainer.resources.LShimMessages,null]"
    nls = class com.ibm.ejs.ras.TraceNLS@d9370e2
      resolver = class com.ibm.ws.logging.internal.TraceNLSResolver@5ee4867e
      finder = null
      ivBundleName = "com.ibm.ws.webcontainer.resources.Messages"
      caller = class java.lang.Class@12642ecc
    version = 30
    contextRoot = "/"
    sessionTimeout = 0
    moduleSessionTimeoutSet = false
    moduleSessionTrackingModeSet = false
    sessionCookieConfig = class com.ibm.ws.session.SessionCookieConfigImpl@39bb297b
      comment = ""
      domain = ""
      maxAge = -1
      maxAgeSet = false
      name = "JSESSIONID"
      path = "/"
      httpOnly = true
      httpOnlySet = false
      secure = false
      secureSet = false
      contextInitialized = true
      externalCall = true
      programmaticChange = false
      nls = class com.ibm.ejs.ras.TraceNLS@7a387937
    hasProgrammaticCookieConfig = false
    sessionDefaultTrackingModeSet = class java.util.RegularEnumSet@63b2dc3a
      serialVersionUID = 3411599620347842686
      elements = 1
      elementType = class java.lang.Class@39392b07
      universe = class javax.servlet.SessionTrackingMode[3]
      ZERO_LENGTH_ENUM_ARRAY = class java.lang.Enum[0]
      MAX_ARRAY_SIZE = 2147483639
    sessionManagerConfig = class com.ibm.ws.session.SessionManagerConfig@50138cce
      usingWebContainerSM = true
      useContextRootForSessionCookiePath = false
      usingMemory = true
      usingDatabase = false
      usingMemToMem = false
      enableUrlProtocolSwitchRewriting = false
      dcookieName = "SSLJSESSION"
      sipSessionCookieName = "ibmappid"
      inMemorySize = 1000
      enableOverflow = true
      sessionInvalidationTime = 1800
      integrateSec = true
      throwSecurityExceptionOnGetSessionFalse = true
      invalidateOnUnauthorizedSessionRequestException = false
      allowSerializedSessionAccess = false
      serializedSessionAccessMaxWaitTime = 0
      accessSessionOnTimeout = true
      JNDIDataSourceName = "jdbc/sample"
      sessionDBID = null
      sessionDBPWD = null
      rowSize = 4
      tableSpaceName = null
      usingMultirow = false
      drsSettings = null
      enableEOSWrite = true
      enableManualWrite = false
      enableTimeBasedWrite = false
      mPropertyWriterInterval = 120
      writeAllProperties = false
      scheduledInvalidation = false
      firstHour = 0
      secondHour = 0
      is_zOS = false
      serverId = "21acc0d6-cd9b-44fd-8da2-7832f3966d87"
      cloneId = "21acc0d6-cd9b-44fd-8da2-7832f3966d87"
      sacKey = "DEFAULT_SAC_KEY"
      cloneSeparator = :
      debugSessionCrossover = false
      cloneIdPropertySet = false
      expectedCloneIdsPropertySet = false
      expectedCloneIds = null
      idReuse = false
      reaperPollInterval = 124
      turnOffCacheId = false
      turnOffCloneId = false
      noAffinitySwitchBack = false
      maxSessionIdentifierLength = 1024
      sessUrlRewritePrefix = ";jsessionid="
      tableNameValue = null
      checkRecentlyInvalidList = true
      useOracleBlob = false
      usingCustomSchemaName = false
      trackGCCount = false
      hideSessionValues = true
      hideSessionValuesPropertySet = false
      doRemoteInvalidations = true
      zosBaseServerReplication = false
      servlet21SessionCompat = false
      cacheIdLength = 0
      sessionIDLength = 23
      trackingModes = class java.util.RegularEnumSet@398848c9
      privateSessionCookieName = "JSESSIONID"
      privateSessionCookieComment = ""
      privateSessionCookieDomain = ""
      privateSessionCookieMaxAge = -1
      privateSessionCookiePath = "/"
      privateSessionCookieSecure = false
      privateSessionCookieHttpOnly = true
      cookieConfig = class com.ibm.ws.session.SessionCookieConfigImpl@39bb297b
      SIPConvergedHttpPort = 80
      SIPConvergedHttpsPort = 443
      SIPConvergedHostName = "localhost"
      optimizeCacheIdIncrements = false
      alwaysEncodeURL = false
      checkSessionCookieNameOnEncodeURL = false
      onlyCheckInCacheDuringPreInvoke = false
      enableHotFailover = true
      forceSessionInvalidationMultiple = 3
      persistSessionAfterPassivation = false
      usingApplicationSessionsAndInvalidateAll = false
      usingApplicationSessionsAlwaysRetrieve = false
      forceSessionIdLengthCheck = false
      securityUserIgnoreCase = false
      sessionTableSkipIndexCreation = false
      checkSessionNewOnIsValidRequest = true
      delayInvalidationAlarmDuringServerStartup = 0
      useSeparateSessionInvalidatorThreadPool = true
    displayName = "Bluemix Java Web"
    description = null
    reloadInterval = 3
    distributable = false
    denyUncoveredHttpMethods = false
    reloadingEnabled = true
    serveServletsByClassnameEnabled = false
    defaultErrorPage = null
    additionalClassPath = null
    fileServingEnabled = true
    directoryBrowsingEnabled = false
    autoRequestEncoding = false
    autoResponseEncoding = false
    autoLoadFilters = false
    requestListeners = null
    requestAttributeListeners = null
    sessionListeners = null
    localeMap = null
    moduleName = "rpozzi-jweb"
    j2eeModuleName = "rpozzi-jweb.war"
    moduleId = null
    isSyncToThreadEnabled = false
    isSystemApp = false
    ardEnabled = false
    ardDispatchType = null
    listeners = class java.util.ArrayList@4691e24e
      serialVersionUID = 8683452581122892189
      DEFAULT_CAPACITY = 10
      EMPTY_ELEMENTDATA = class java.lang.Object[0]
      DEFAULTCAPACITY_EMPTY_ELEMENTDATA = class java.lang.Object[0]
      elementData = class java.lang.Object[0]
      size = 0
      MAX_ARRAY_SIZE = 2147483639
      modCount = 0
      MAX_ARRAY_SIZE = 2147483639
    welcomeFileList = class java.util.ArrayList@2681eb16
      serialVersionUID = 8683452581122892189
      DEFAULT_CAPACITY = 10
      EMPTY_ELEMENTDATA = class java.lang.Object[0]
      DEFAULTCAPACITY_EMPTY_ELEMENTDATA = class java.lang.Object[0]
      elementData = class java.lang.Object[10]
      size = 3
      MAX_ARRAY_SIZE = 2147483639
      modCount = 3
      MAX_ARRAY_SIZE = 2147483639
    servletMappings = class java.util.HashMap@5327a0f0
      serialVersionUID = 362498820763181265
      DEFAULT_INITIAL_CAPACITY = 16
      MAXIMUM_CAPACITY = 1073741824
      DEFAULT_LOAD_FACTOR = 0.75
      TREEIFY_THRESHOLD = 8
      UNTREEIFY_THRESHOLD = 6
      MIN_TREEIFY_CAPACITY = 64
      table = class java.util.HashMap$Node[16]
      entrySet = null
      size = 3
      modCount = 3
      threshold = 12
      loadFactor = 0.75
      keySet = null
      values = null
    lastIndexBeforeDeclaredFilters = 0
    filterMappings = class java.util.ArrayList@1f1e23a6
      serialVersionUID = 8683452581122892189
      DEFAULT_CAPACITY = 10
      EMPTY_ELEMENTDATA = class java.lang.Object[0]
      DEFAULTCAPACITY_EMPTY_ELEMENTDATA = class java.lang.Object[0]
      elementData = class java.lang.Object[0]
      size = 0
      MAX_ARRAY_SIZE = 2147483639
      modCount = 0
      MAX_ARRAY_SIZE = 2147483639
    servletInfo = class java.util.HashMap@56543199
      serialVersionUID = 362498820763181265
      DEFAULT_INITIAL_CAPACITY = 16
      MAXIMUM_CAPACITY = 1073741824
      DEFAULT_LOAD_FACTOR = 0.75
      TREEIFY_THRESHOLD = 8
      UNTREEIFY_THRESHOLD = 6
      MIN_TREEIFY_CAPACITY = 64
      table = class java.util.HashMap$Node[16]
      entrySet = null
      size = 3
      modCount = 3
      threshold = 12
      loadFactor = 0.75
      keySet = class java.util.HashMap$KeySet@17531c7c
      values = class java.util.HashMap$Values@58179e7a
    filterInfo = class java.util.HashMap@7f24a91e
      serialVersionUID = 362498820763181265
      DEFAULT_INITIAL_CAPACITY = 16
      MAXIMUM_CAPACITY = 1073741824
      DEFAULT_LOAD_FACTOR = 0.75
      TREEIFY_THRESHOLD = 8
      UNTREEIFY_THRESHOLD = 6
      MIN_TREEIFY_CAPACITY = 64
      table = null
      entrySet = null
      size = 0
      modCount = 0
      threshold = 0
      loadFactor = 0.75
      keySet = null
      values = class java.util.HashMap$Values@cad98ff
    mimeMappings = class java.util.HashMap@116aa62a
      serialVersionUID = 362498820763181265
      DEFAULT_INITIAL_CAPACITY = 16
      MAXIMUM_CAPACITY = 1073741824
      DEFAULT_LOAD_FACTOR = 0.75
      TREEIFY_THRESHOLD = 8
      UNTREEIFY_THRESHOLD = 6
      MIN_TREEIFY_CAPACITY = 64
      table = null
      entrySet = null
      size = 0
      modCount = 0
      threshold = 0
      loadFactor = 0.75
      keySet = null
      values = null
    mimeFilters = null
    isMimeFilteringEnabled = false
    theWebGroup = null
    jspAttributes = class java.util.HashMap@7f87b4b2
      serialVersionUID = 362498820763181265
      DEFAULT_INITIAL_CAPACITY = 16
      MAXIMUM_CAPACITY = 1073741824
      DEFAULT_LOAD_FACTOR = 0.75
      TREEIFY_THRESHOLD = 8
      UNTREEIFY_THRESHOLD = 6
      MIN_TREEIFY_CAPACITY = 64
      table = null
      entrySet = null
      size = 0
      modCount = 0
      threshold = 0
      loadFactor = 0.75
      keySet = class java.util.HashMap$KeySet@444352ad
      values = null
    fileServingAttributes = class java.util.HashMap@8288a22
      serialVersionUID = 362498820763181265
      DEFAULT_INITIAL_CAPACITY = 16
      MAXIMUM_CAPACITY = 1073741824
      DEFAULT_LOAD_FACTOR = 0.75
      TREEIFY_THRESHOLD = 8
      UNTREEIFY_THRESHOLD = 6
      MIN_TREEIFY_CAPACITY = 64
      table = null
      entrySet = null
      size = 0
      modCount = 0
      threshold = 0
      loadFactor = 0.75
      keySet = null
      values = null
    invokerAttributes = class java.util.HashMap@521eae60
      serialVersionUID = 362498820763181265
      DEFAULT_INITIAL_CAPACITY = 16
      MAXIMUM_CAPACITY = 1073741824
      DEFAULT_LOAD_FACTOR = 0.75
      TREEIFY_THRESHOLD = 8
      UNTREEIFY_THRESHOLD = 6
      MIN_TREEIFY_CAPACITY = 64
      table = null
      entrySet = null
      size = 0
      modCount = 0
      threshold = 0
      loadFactor = 0.75
      keySet = null
      values = null
    contextParams = class java.util.HashMap@160119ff
      serialVersionUID = 362498820763181265
      DEFAULT_INITIAL_CAPACITY = 16
      MAXIMUM_CAPACITY = 1073741824
      DEFAULT_LOAD_FACTOR = 0.75
      TREEIFY_THRESHOLD = 8
      UNTREEIFY_THRESHOLD = 6
      MIN_TREEIFY_CAPACITY = 64
      table = null
      entrySet = null
      size = 0
      modCount = 0
      threshold = 0
      loadFactor = 0.75
      keySet = null
      values = null
    virtualHost = "default_host"
    exceptionErrorPages = class java.util.HashMap@54e10da9
      serialVersionUID = 362498820763181265
      DEFAULT_INITIAL_CAPACITY = 16
      MAXIMUM_CAPACITY = 1073741824
      DEFAULT_LOAD_FACTOR = 0.75
      TREEIFY_THRESHOLD = 8
      UNTREEIFY_THRESHOLD = 6
      MIN_TREEIFY_CAPACITY = 64
      table = null
      entrySet = null
      size = 0
      modCount = 0
      threshold = 0
      loadFactor = 0.75
      keySet = null
      values = null
    codeErrorPages = class java.util.HashMap@1854e48d
      serialVersionUID = 362498820763181265
      DEFAULT_INITIAL_CAPACITY = 16
      MAXIMUM_CAPACITY = 1073741824
      DEFAULT_LOAD_FACTOR = 0.75
      TREEIFY_THRESHOLD = 8
      UNTREEIFY_THRESHOLD = 6
      MIN_TREEIFY_CAPACITY = 64
      table = null
      entrySet = null
      size = 0
      modCount = 0
      threshold = 0
      loadFactor = 0.75
      keySet = null
      values = null
    tagLibList = null
    precompileJsps = false
    webApp = class com.ibm.ws.webcontainer31.osgi.webapp.WebApp31@39529b9e
    virtualHostList = class java.util.Collections$EmptyList@3f1e3449
      serialVersionUID = 8842843931221139166
      modCount = 0
      MAX_ARRAY_SIZE = 2147483639
    appStartupWeight = 0
    moduleStartupWeight = 0
    metaDataComplete = false
    classesToScan = class java.util.ArrayList@214e0cb4
      serialVersionUID = 8683452581122892189
      DEFAULT_CAPACITY = 10
      EMPTY_ELEMENTDATA = class java.lang.Object[0]
      DEFAULTCAPACITY_EMPTY_ELEMENTDATA = class java.lang.Object[0]
      elementData = class java.lang.Object[0]
      size = 0
      MAX_ARRAY_SIZE = 2147483639
      modCount = 0
      MAX_ARRAY_SIZE = 2147483639
    uriFilterMappingInfos = null
    servletFilterMappingInfos = null
    dynamicServletRegistrationMap = null
    applicationName = "rpozzi-jweb"
    libBinPathList = class java.util.ArrayList@7d9ec171
      serialVersionUID = 8683452581122892189
      DEFAULT_CAPACITY = 10
      EMPTY_ELEMENTDATA = class java.lang.Object[0]
      DEFAULTCAPACITY_EMPTY_ELEMENTDATA = class java.lang.Object[0]
      elementData = class java.lang.Object[49]
      size = 38
      MAX_ARRAY_SIZE = 2147483639
      modCount = 38
      MAX_ARRAY_SIZE = 2147483639
    webXmlDefinedListeners = class java.util.HashSet@42d132c3
      serialVersionUID = -5024744406713321676
      map = class java.util.HashMap@72037502
      PRESENT = class java.lang.Object@56a7125
      MAX_ARRAY_SIZE = 2147483639
    allRefs = class java.util.EnumMap@c23faac
      keyType = class java.lang.Class@40927af2
      keyUniverse = class com.ibm.wsspi.injectionengine.JNDIEnvironmentRefType[14]
      vals = class java.lang.Object[14]
      size = 2
      NULL = class java.util.EnumMap$1@7ba2ec6b
      ZERO_LENGTH_ENUM_ARRAY = class java.lang.Enum[0]
      entrySet = null
      serialVersionUID = 458661240069192865
      keySet = null
      values = null
    allRefBindings = class java.util.EnumMap@5d597c30
      keyType = class java.lang.Class@40927af2
      keyUniverse = class com.ibm.wsspi.injectionengine.JNDIEnvironmentRefType[14]
      vals = class java.lang.Object[14]
      size = 6
      NULL = class java.util.EnumMap$1@7ba2ec6b
      ZERO_LENGTH_ENUM_ARRAY = class java.lang.Enum[0]
      entrySet = null
      serialVersionUID = 458661240069192865
      keySet = null
      values = null
    envEntryValues = class java.util.HashMap@5647aba3
      serialVersionUID = 362498820763181265
      DEFAULT_INITIAL_CAPACITY = 16
      MAXIMUM_CAPACITY = 1073741824
      DEFAULT_LOAD_FACTOR = 0.75
      TREEIFY_THRESHOLD = 8
      UNTREEIFY_THRESHOLD = 6
      MIN_TREEIFY_CAPACITY = 64
      table = null
      entrySet = null
      size = 0
      modCount = 0
      threshold = 0
      loadFactor = 0.75
      keySet = null
      values = null
    resourceRefConfigList = class com.ibm.ws.resource.internal.ResourceRefConfigListImpl@1dcbdc82
      ivList = class java.util.ArrayList@53af874e
      ivMap = class java.util.HashMap@55ce289f
      serialVersionUID = 5502773099641523293
      $$$tc$$$ = class com.ibm.websphere.ras.TraceComponent@13f8ec53
    disallowAllFileServingProp = "false"
    disallowServeServletsByClassnameProp = "true"
    disableStaticMappingCache = false
    jspCachedLocations = class java.util.HashMap@e2eb30d
      serialVersionUID = 362498820763181265
      DEFAULT_INITIAL_CAPACITY = 16
      MAXIMUM_CAPACITY = 1073741824
      DEFAULT_LOAD_FACTOR = 0.75
      TREEIFY_THRESHOLD = 8
      UNTREEIFY_THRESHOLD = 6
      MIN_TREEIFY_CAPACITY = 64
      table = null
      entrySet = null
      size = 0
      modCount = 0
      threshold = 0
      loadFactor = 0.75
      keySet = null
      values = null
    _id = "WebAppGeneratedId1"
    _attributes = null
    serialVersionUID = 7511545662945734886
    $$$tc$$$ = class com.ibm.websphere.ras.TraceComponent@6219dd09
      strings[0] = "TraceComponent[com.ibm.ws.container.BaseConfiguration,class com.ibm.ws.container.BaseConfiguration,[],null,null]"
  webApp = class com.ibm.ws.webcontainer31.osgi.webapp.WebApp31@39529b9e
    tc = class com.ibm.websphere.ras.TraceComponent@39eaf5fa
      strings[0] = "TraceComponent[com.ibm.ws.webcontainer31.osgi.webapp.WebApp31,class com.ibm.ws.webcontainer31.osgi.webapp.WebApp31,[webcontainer],com.ibm.ws.webcontainer31.resources.Messages,null]"
    CLASS_NAME = "com.ibm.ws.webcontainer31.osgi.webapp.WebApp31"
    servlet31NLS = class com.ibm.ejs.ras.TraceNLS@422c7731
      resolver = class com.ibm.ws.logging.internal.TraceNLSResolver@5ee4867e
      finder = null
      ivBundleName = "com.ibm.ws.webcontainer31.resources.Messages"
      caller = class java.lang.Class@182d9080
    validListenerClasses = class java.lang.Class[7]
      validListenerClasses[0] = class java.lang.Class@33329074
      validListenerClasses[1] = class java.lang.Class@74c7c475
      validListenerClasses[2] = class java.lang.Class@40601984
      validListenerClasses[3] = class java.lang.Class@1be564fc
      validListenerClasses[4] = class java.lang.Class@3c73e6c4
      validListenerClasses[5] = class java.lang.Class@765d6953
      validListenerClasses[6] = class java.lang.Class@7944434f
    wsocServHandler = class com.ibm.ws.wsoc.external.WsocHandlerImpl@61c7a188
      tc = class com.ibm.websphere.ras.TraceComponent@c9421ec
      noMoreAddsCalled = true
      serialVersionUID = -2067291126638824067
    tc = class com.ibm.websphere.ras.TraceComponent@d613f9e
      strings[0] = "TraceComponent[com.ibm.ws.webcontainer.osgi.webapp.WebApp,class com.ibm.ws.webcontainer.osgi.webapp.WebApp,[webcontainer],com.ibm.ws.webcontainer.resources.LShimMessages,null]"
    CLASS_NAME = "com.ibm.ws.webcontainer.osgi.webapp.WebApp"
    metaDataService = class com.ibm.ws.container.service.metadata.internal.MetaDataServiceImpl@342eecdd
      applicationMetaDataManager = class com.ibm.ws.container.service.metadata.internal.ApplicationMetaDataManager@46c1a24d
      moduleMetaDataManager = class com.ibm.ws.container.service.metadata.internal.ModuleMetaDataManager@753dd70e
      componentMetaDataManager = class com.ibm.ws.container.service.metadata.internal.ComponentMetaDataManager@42b5a2fb
      methodMetaDataManager = class com.ibm.ws.container.service.metadata.internal.MethodMetaDataManager@26b8859d
      appModuleNameToModuleContainer = class java.util.concurrent.ConcurrentHashMap@6da088cd
      jeeNameToComponentMetaData = class java.util.concurrent.ConcurrentHashMap@763ea7d0
      deferredMetaDataFactories = class com.ibm.wsspi.kernel.service.utils.ConcurrentServiceReferenceSet@19f37196
      deferredMetaDataInitializers = class com.ibm.wsspi.kernel.service.utils.ConcurrentServiceReferenceMap@7b058b58
      serialVersionUID = -8170959944924351750
      $$$tc$$$ = class com.ibm.websphere.ras.TraceComponent@3aef42b3
    namespacePopulated = false
    referenceContext = class com.ibm.ws.injectionengine.osgi.internal.OSGiReferenceContextImpl@630d526d
      scopeData = class com.ibm.ws.injectionengine.osgi.internal.OSGiInjectionScopeData@4cf28730
      serialVersionUID = 521511923892134915
      $$$tc$$$ = class com.ibm.websphere.ras.TraceComponent@75810f3
      CLASS_NAME = "com.ibm.ws.injectionengine.ReferenceContextImpl"
      tc = class com.ibm.ejs.ras.TraceComponent@48e0760d
      ivInjectionEngine = class com.ibm.ws.injectionengine.osgi.internal.OSGiInjectionEngineImpl@4c69f421
      ivProviders = class java.util.ArrayList@7e1d9e99
      ivComponentJavaContext = null
      ivComponentNameSpace = null
      ivJavaColonCompEnvMap = class java.util.LinkedHashMap@421bc11
      ivEjbContext10 = class java.util.Properties@3a833658
      ivResourceRefConfigList = class com.ibm.ws.resource.internal.ResourceRefConfigListImpl@1dcbdc82
      isAlreadyProcessed = true
      ivProcessFailure = null
      ivInjectionTargetMap = class java.util.HashMap@394815d5
      ivDeclaredInjectionTargets = class java.util.HashMap@2b33bd33
      ivProcessedInjectionClasses = class java.util.HashSet@22fb4d70
      ivProcessedInjectionBindings = class java.util.ArrayList@1698e81
      ivAnyProcessDynamic = false
      ivCheckAppConfig = false
    j2eeNameFactory = class com.ibm.ws.container.service.metadata.internal.J2EENameFactoryImpl@ab21d1d
      serialVersionUID = 3486344295038028821
      $$$tc$$$ = class com.ibm.websphere.ras.TraceComponent@32718b70
    moduleLoader = class com.ibm.ws.classloading.internal.AppClassLoader@79162a5f
      tc = class com.ibm.websphere.ras.TraceComponent@67e1267
      PARENT_FIRST_SEARCH_ORDER = class java.util.Collections$UnmodifiableRandomAccessList@53afc61a
      CLASS_LOADING_TRACE_PREFIX = "com.ibm.ws.class.load."
      DEFAULT_PACKAGE = "default.package"
      perPackageClassLoadingTraceComponents = class java.util.concurrent.ConcurrentHashMap@32db2db7
      config = class com.ibm.ws.classloading.internal.ClassLoaderConfigurationImpl@7fee1ea8
      privateLibraries = null
      delegateLoaders = class com.ibm.ws.classloading.internal.util.CompositeIterable@5fb3fd2
      nativeLibraryFiles = class java.util.ArrayList@2849b661
      transformers = class java.util.ArrayList@4394904a
      apiAccess = class com.ibm.ws.classloading.internal.GatewayClassLoader@16a1a477
      generator = class com.ibm.ws.classloading.internal.ClassGeneratorManager@4c00ddce
      serialVersionUID = -8755588715217099101
      tc = class com.ibm.websphere.ras.TraceComponent@33508e3e
      EMPTY_URL_ARRAY = class java.net.URL[0]
      smartClassPath = class com.ibm.ws.classloading.internal.ContainerClassLoader$SmartClassPathImpl@754628f7
      nativeLibraryContainers = class java.util.ArrayList@12b7f0d5
      redefiner = class com.ibm.ws.classloading.internal.util.ClassRedefiner@5893a1e0
      mapCreationQueue = class java.util.concurrent.Executors$FinalizableDelegatedExecutorService@3e0f437
      serialVersionUID = 1420723314841411509
      serialVersionUID = -7411549862368381758
      $$$tc$$$ = class com.ibm.websphere.ras.TraceComponent@28c9054c
      serialVersionUID = -4868702105808481416
      $$$tc$$$ = class com.ibm.websphere.ras.TraceComponent@40122b67
      serialVersionUID = 2596921220292114344
      $$$tc$$$ = class com.ibm.websphere.ras.TraceComponent@147e7646
      initialized = true
      pdcache = class java.util.HashMap@2b252cc4
      debug = null
      parent = class com.ibm.ws.classloading.internal.GatewayClassLoader@16a1a477
      parallelLockMap = null
      package2certs = class java.util.Hashtable@47c52099
      nocerts = class java.security.cert.Certificate[0]
      classes = class java.util.Vector@657c1f98
      defaultDomain = class java.security.ProtectionDomain@4b90ed48
      domains = class java.util.HashSet@4951abf2
      packages = class java.util.HashMap@27fe9ba9
      scl = class sun.misc.Launcher$AppClassLoader@14dad5dc
      sclSet = true
      loadedLibraryNames = class java.util.Vector@22fbd011
      systemNativeLibraries = class java.util.Vector@6ecd83ab
      nativeLibraries = class java.util.Vector@2a87abbb
      nativeLibraryContext = class java.util.Stack@79f74e91
      usr_paths = class java.lang.String[6]
      sys_paths = class java.lang.String[1]
      assertionLock = class com.ibm.ws.classloading.internal.AppClassLoader@79162a5f
      defaultAssertionStatus = false
      packageAssertionStatus = null
      classAssertionStatus = null
    webAppConfig = class com.ibm.ws.webcontainer.osgi.webapp.WebAppConfiguration@269ba7b5
    extensionProcessingDisabled = false
    managedObjectService = class com.ibm.ws.cdi.impl.managedobject.CDIManagedObjectService@56253622
      cdiServiceRef = class com.ibm.wsspi.kernel.service.utils.AtomicServiceReference@5ccc3b74
      defaultMOSRef = class com.ibm.wsspi.kernel.service.utils.AtomicServiceReference@2c271562
      cdiRuntime = class com.ibm.ws.cdi.liberty.CDIRuntimeImpl@73226154
      serialVersionUID = 1065431162009569030
      $$$tc$$$ = class com.ibm.websphere.ras.TraceComponent@43d76ad8
    internalServletMetaData = interface com.ibm.wsspi.webcontainer.metadata.WebComponentMetaData[2]
      internalServletMetaData[0] = null
      internalServletMetaData[1] = null
    loginProcessor = null
    logoutProcessor = null
    collabHelper = class com.ibm.ws.webcontainer.osgi.collaborator.CollaboratorHelperImpl@1f202acb
    envObject = class com.ibm.ws.util.WSThreadLocal@652177a0
      tc = class com.ibm.ejs.ras.TraceComponent@5981d00b
      count = 7
      index = 3
      SUSPECTED_MISUSAGE_THRESHOLD = 200
      threadLocalHashCode = 1556149440
      nextHashCode = class java.util.concurrent.atomic.AtomicInteger@4d3e558f
      HASH_INCREMENT = 1640531527
    orderedLibPaths = class java.util.Collections$UnmodifiableRandomAccessList@a8f4d27
      serialVersionUID = -2542308836966382001
      serialVersionUID = -283967356065247728
      list = class java.util.ArrayList@3605e4fd
      serialVersionUID = 1820017752578914078
      c = class java.util.ArrayList@3605e4fd
    perm = class com.ibm.websphere.security.WebSphereRuntimePermission@5994d70b
      serialVersionUID = -3306242789188168337
      $$$tc$$$ = class com.ibm.websphere.ras.TraceComponent@401e842c
      serialVersionUID = 6279438298436773498
      wildcard = false
      path = "accessServletContext"
      exitVM = false
      serialVersionUID = -5636570222231596674
      name = "accessServletContext"
    WELCOME_FILE_LIST = "com.ibm.ws.webcontainer.config.WelcomeFileList"
    DIR_BROWSING_MAPPING = "__dirBrowsing__1475839969665"
    FILTER_PROXY_MAPPING = "/__filterProxy__1475839969665"
    logger = class com.ibm.ws.logging.internal.WsLogger@363500e6
      tc = class com.ibm.websphere.ras.TraceComponent@3ce5dbae
      ivCachedResourceBundleName = null
      ivCachedResourceBundle = null
      ivComponent = null
      ivOrganization = null
      ivProduct = null
      ivMinimumLocalizationLevelIntValue = 625
      ivTC = class com.ibm.websphere.ras.TraceComponent@2ea76e4b
      loggerRegistrationComponent = class java.lang.ThreadLocal@82744ca
      emptyHandlers = class java.util.logging.Handler[0]
      offValue = 2147483647
      SYSTEM_LOGGER_RB_NAME = "sun.util.logging.resources.logging"
      SYSTEM_BUNDLE = class java.util.logging.Logger$LoggerBundle@1c736ee4
      NO_RESOURCE_BUNDLE = class java.util.logging.Logger$LoggerBundle@f8af1a1
      manager = class com.ibm.ws.kernel.boot.logging.WsLogManager@3db9e58e
      name = "com.ibm.ws.webcontainer.webapp"
      handlers = class java.util.concurrent.CopyOnWriteArrayList@c53612a
      loggerBundle = class java.util.logging.Logger$LoggerBundle@68ec1698
      useParentHandlers = true
      filter = null
      anonymous = false
      catalog = class com.ibm.ws.webcontainer.resources.Messages_en@7b5902ec
      catalogName = "com.ibm.ws.webcontainer.resources.Messages"
      catalogLocale = class java.util.Locale@64521c96
      treeLock = class java.lang.Object@606d5927
      parent = class com.ibm.ws.logging.internal.WsLogger@795078ed
      kids = null
      levelObject = class java.util.logging.Level@4729e6ca
      levelValue = 800
      callersClassLoaderRef = class java.lang.ref.WeakReference@616454ba
      isSystemLogger = false
      GLOBAL_LOGGER_NAME = "global"
      global = class java.util.logging.Logger@39c5372e
      $assertionsDisabled = true
    CLASS_NAME = "com.ibm.ws.webcontainer.webapp.WebApp"
    loader = class com.ibm.ws.classloading.internal.ThreadContextClassLoader@754489c2
      tc = class com.ibm.websphere.ras.TraceComponent@71a0c0be
      bundle = class java.util.concurrent.atomic.AtomicReference@1ca4564d
      key = "WebModule:rpozzi-jweb#rpozzi-jweb.war"
      refCount = class java.util.concurrent.atomic.AtomicInteger@34873a0e
      appLoader = class com.ibm.ws.classloading.internal.AppClassLoader@79162a5f
      serialVersionUID = 7093379526360135425
      followOnClassLoaders = class java.util.ArrayList@5b2049bf
      serialVersionUID = -5107316606107305512
      $$$tc$$$ = class com.ibm.websphere.ras.TraceComponent@1d3e206f
      serialVersionUID = -4868702105808481416
      $$$tc$$$ = class com.ibm.websphere.ras.TraceComponent@40122b67
      serialVersionUID = 2596921220292114344
      $$$tc$$$ = class com.ibm.websphere.ras.TraceComponent@147e7646
      initialized = true
      pdcache = class java.util.HashMap@648dfd79
      debug = null
      parent = class com.ibm.ws.classloading.internal.GatewayClassLoader@54fc620d
      parallelLockMap = null
      package2certs = class java.util.Hashtable@5a25d99b
      nocerts = class java.security.cert.Certificate[0]
      classes = class java.util.Vector@577fdf9b
      defaultDomain = class java.security.ProtectionDomain@e4b197a
      domains = class java.util.HashSet@5265bff
      packages = class java.util.HashMap@713ba3c1
      scl = class sun.misc.Launcher$AppClassLoader@14dad5dc
      sclSet = true
      loadedLibraryNames = class java.util.Vector@22fbd011
      systemNativeLibraries = class java.util.Vector@6ecd83ab
      nativeLibraries = class java.util.Vector@5891297a
      nativeLibraryContext = class java.util.Stack@79f74e91
      usr_paths = class java.lang.String[6]
      sys_paths = class java.lang.String[1]
      assertionLock = class com.ibm.ws.classloading.internal.ThreadContextClassLoader@754489c2
      defaultAssertionStatus = false
      packageAssertionStatus = null
      classAssertionStatus = null
    facade = class com.ibm.ws.webcontainer31.facade.ServletContextFacade31@58c7fdf7
      context = class com.ibm.ws.webcontainer31.osgi.webapp.WebApp31@39529b9e
    features = class java.util.ArrayList@28d175bd
      serialVersionUID = 8683452581122892189
      DEFAULT_CAPACITY = 10
      EMPTY_ELEMENTDATA = class java.lang.Object[0]
      DEFAULTCAPACITY_EMPTY_ELEMENTDATA = class java.lang.Object[0]
      elementData = class java.lang.Object[0]
      size = 0
      MAX_ARRAY_SIZE = 2147483639
      modCount = 0
      MAX_ARRAY_SIZE = 2147483639
    applicationName = "rpozzi-jweb"
    config = class com.ibm.ws.webcontainer.osgi.webapp.WebAppConfiguration@269ba7b5
    securityEnabledForApp = true
    webExtensionProcessor = class com.ibm.ws.webcontainer.osgi.extension.WebExtensionProcessor@5782d323
      webApp = class com.ibm.ws.webcontainer31.osgi.webapp.WebApp31@39529b9e
      extensionContext = class com.ibm.ws.webcontainer31.osgi.webapp.WebApp31@39529b9e
    production = true
    isServlet23 = true
    contextPath = "/"
    internalServletList = class [Ljava.lang.String;[2]
      internalServletList[0] = class java.lang.String[2]
      internalServletList[1] = class java.lang.String[2]
    BY_NAME_ONLY = "/_1475839969666_/"
    filterManager = class com.ibm.ws.webcontainer.osgi.filter.WebAppFilterManagerImpl@7e458f28
    documentRoot = null
    SERVLET_API_VERSION = "Servlet 2.5"
    disableServletAuditLogging = -1
    serverInfo = "IBM WebSphere Liberty/8.5.5.8"
    sessionCtx = class com.ibm.ws.webcontainer31.session.impl.HttpSessionContext31Impl@2e61bf82
      methodClassName = "HttpSessionContextImpl"
      _smc = class com.ibm.ws.session.SessionManagerConfig@50138cce
      sessionStoreService = null
      _sap = class com.ibm.ws.session.SessionApplicationParameters@3adbb2bc
      _coreHttpSessionManager = class com.ibm.ws.session.SessionManager@1c885a67
      _coreHttpAppSessionManager = null
      _sam = class com.ibm.ws.webcontainer.session.impl.SessionAffinityManagerImpl@ecd9323
      isSIPApplication = false
      sessionAttributeListener = false
      sessionListener = true
      mHttpSessionAttributeListeners = class java.util.ArrayList@524dc165
      mHttpSessionListeners = class java.util.ArrayList@35e4c7c2
      mHttpSessionIdListeners = class java.util.ArrayList@6b61f87b
      mHttpSessionAttributeListenersJ2eeNames = class java.util.ArrayList@9d73abf
      mHttpSessionListenersJ2eeNames = class java.util.ArrayList@352d9409
      mHttpSessionIdListenersJ2eeNames = class java.util.ArrayList@26e48fb9
      mLocalHost = null
      _refCount = 1
      currentThreadSacHashtable = null
      methodClassName = "SessionContext"
      ANONYMOUS_USER = "anonymous"
      wasHttpSessionObserver = class com.ibm.ws.session.WasHttpSessionObserver@42a2193e
      wasHttpSessionAttributeObserver = null
      _invalidator = class com.ibm.ws.session.SessionInvalidatorWithThreadPool@7210d117
      _storer = class com.ibm.ws.session.EOSSessionStorer@2b449e80
      wasHttpAppSessionObserver = null
      mHttpAppSessionListeners = null
      cmvcInfo = "CMVC Version 1.9 6/24/07 11:12:24"
      _loggedVersion = true
      CREATE_CORE_SESSION_MANAGER = 0
      GET_REQUESTED_SESSION_ID = 1
      GET_IHTTP_SESSION = 2
      SESSION_PRE_INVOKE = 3
      SESSION_POST_INVOKE = 4
      STOP = 5
      STOP_LISTENERS = 6
      IS_VALID = 7
      ENCODE_URL = 8
      SHOULD_ENCODE_URL = 9
      IS_PROTOCOL_SWITCH = 10
      GET_LOCAL_HOST = 11
      ADD_HTTP_SESSION_ATTRIBUTE_LISTENER = 12
      ADD_HTTP_SESSION_LISTENER = 13
      GET_SESSION_AFFINITY_CONTEXT = 14
      CHECK_SECURITY = 15
      INVALIDATE = 16
      CHECK_SESSSIONID_IS_RIGHT_LENGTH = 17
      LOCK_SESSION = 18
      UNLOCK_SESSION = 19
      ADD_HTTP_SESSION_ID_LISTENER = 20
      methodNames = class java.lang.String[21]
    eventSource = class com.ibm.ws.webcontainer.webapp.WebAppEventSource@5885405b
    nls = class com.ibm.ejs.ras.TraceNLS@dbe4b6e
      resolver = class com.ibm.ws.logging.internal.TraceNLSResolver@5ee4867e
      finder = null
      ivBundleName = "com.ibm.ws.webcontainer.resources.Messages"
      caller = class java.lang.Class@2898eadd
    liberty_nls = class com.ibm.ejs.ras.TraceNLS@4ce49a31
      resolver = class com.ibm.ws.logging.internal.TraceNLSResolver@5ee4867e
      finder = null
      ivBundleName = "com.ibm.ws.webcontainer.resources.LShimMessages"
      caller = class java.lang.Class@2898eadd
    error_nls = class com.ibm.ejs.ras.TraceNLS@73ad165b
      resolver = class com.ibm.ws.logging.internal.TraceNLSResolver@5ee4867e
      finder = null
      ivBundleName = "com.ibm.ws.webcontainer.resources.ErrorPage"
      caller = class java.lang.Class@2898eadd
    sessionListeners = class java.util.ArrayList@50932a03
      serialVersionUID = 8683452581122892189
      DEFAULT_CAPACITY = 10
      EMPTY_ELEMENTDATA = class java.lang.Object[0]
      DEFAULTCAPACITY_EMPTY_ELEMENTDATA = class java.lang.Object[0]
      elementData = class java.lang.Object[10]
      size = 1
      MAX_ARRAY_SIZE = 2147483639
      modCount = 2
      MAX_ARRAY_SIZE = 2147483639
    sessionIdListeners = class java.util.ArrayList@2f89ee44
      serialVersionUID = 8683452581122892189
      DEFAULT_CAPACITY = 10
      EMPTY_ELEMENTDATA = class java.lang.Object[0]
      DEFAULTCAPACITY_EMPTY_ELEMENTDATA = class java.lang.Object[0]
      elementData = class java.lang.Object[0]
      size = 0
      MAX_ARRAY_SIZE = 2147483639
      modCount = 0
      MAX_ARRAY_SIZE = 2147483639
    sessionAttrListeners = class java.util.ArrayList@47d4cc96
      serialVersionUID = 8683452581122892189
      DEFAULT_CAPACITY = 10
      EMPTY_ELEMENTDATA = class java.lang.Object[0]
      DEFAULTCAPACITY_EMPTY_ELEMENTDATA = class java.lang.Object[0]
      elementData = class java.lang.Object[0]
      size = 0
      MAX_ARRAY_SIZE = 2147483639
      modCount = 1
      MAX_ARRAY_SIZE = 2147483639
    addedSessionListeners = class java.util.ArrayList@5cd015f9
      serialVersionUID = 8683452581122892189
      DEFAULT_CAPACITY = 10
      EMPTY_ELEMENTDATA = class java.lang.Object[0]
      DEFAULTCAPACITY_EMPTY_ELEMENTDATA = class java.lang.Object[0]
      elementData = class java.lang.Object[0]
      size = 0
      MAX_ARRAY_SIZE = 2147483639
      modCount = 0
      MAX_ARRAY_SIZE = 2147483639
    addedSessionAttrListeners = class java.util.ArrayList@155aef52
      serialVersionUID = 8683452581122892189
      DEFAULT_CAPACITY = 10
      EMPTY_ELEMENTDATA = class java.lang.Object[0]
      DEFAULTCAPACITY_EMPTY_ELEMENTDATA = class java.lang.Object[0]
      elementData = class java.lang.Object[0]
      size = 0
      MAX_ARRAY_SIZE = 2147483639
      modCount = 0
      MAX_ARRAY_SIZE = 2147483639
    servletContextListeners = class java.util.ArrayList@75c1d873
      serialVersionUID = 8683452581122892189
      DEFAULT_CAPACITY = 10
      EMPTY_ELEMENTDATA = class java.lang.Object[0]
      DEFAULTCAPACITY_EMPTY_ELEMENTDATA = class java.lang.Object[0]
      elementData = class java.lang.Object[10]
      size = 4
      MAX_ARRAY_SIZE = 2147483639
      modCount = 5
      MAX_ARRAY_SIZE = 2147483639
    servletContextLAttrListeners = class java.util.ArrayList@14901a21
      serialVersionUID = 8683452581122892189
      DEFAULT_CAPACITY = 10
      EMPTY_ELEMENTDATA = class java.lang.Object[0]
      DEFAULTCAPACITY_EMPTY_ELEMENTDATA = class java.lang.Object[0]
      elementData = class java.lang.Object[0]
      size = 0
      MAX_ARRAY_SIZE = 2147483639
      modCount = 1
      MAX_ARRAY_SIZE = 2147483639
    servletRequestListeners = class java.util.ArrayList@4833aa97
      serialVersionUID = 8683452581122892189
      DEFAULT_CAPACITY = 10
      EMPTY_ELEMENTDATA = class java.lang.Object[0]
      DEFAULTCAPACITY_EMPTY_ELEMENTDATA = class java.lang.Object[0]
      elementData = class java.lang.Object[0]
      size = 0
      MAX_ARRAY_SIZE = 2147483639
      modCount = 1
      MAX_ARRAY_SIZE = 2147483639
    servletRequestLAttrListeners = class java.util.ArrayList@ad1fcbc
      serialVersionUID = 8683452581122892189
      DEFAULT_CAPACITY = 10
      EMPTY_ELEMENTDATA = class java.lang.Object[0]
      DEFAULTCAPACITY_EMPTY_ELEMENTDATA = class java.lang.Object[0]
      elementData = class java.lang.Object[0]
      size = 0
      MAX_ARRAY_SIZE = 2147483639
      modCount = 1
      MAX_ARRAY_SIZE = 2147483639
    prependSlashToResource = false
    destroyed = false
    webAppNameSpaceCollab = class com.ibm.ws.webcontainer.osgi.collaborator.WebAppNameSpaceCollaboratorImpl@421d5f15
    txCollab = class com.ibm.ws.transaction.services.WebAppTransactionCollaboratorImpl@6567f79b
    sessionActivationListeners = class java.util.ArrayList@71a8afd5
      serialVersionUID = 8683452581122892189
      DEFAULT_CAPACITY = 10
      EMPTY_ELEMENTDATA = class java.lang.Object[0]
      DEFAULTCAPACITY_EMPTY_ELEMENTDATA = class java.lang.Object[0]
      elementData = class java.lang.Object[0]
      size = 0
      MAX_ARRAY_SIZE = 2147483639
      modCount = 1
      MAX_ARRAY_SIZE = 2147483639
    sessionBindingListeners = class java.util.ArrayList@65fde2d3
      serialVersionUID = 8683452581122892189
      DEFAULT_CAPACITY = 10
      EMPTY_ELEMENTDATA = class java.lang.Object[0]
      DEFAULTCAPACITY_EMPTY_ELEMENTDATA = class java.lang.Object[0]
      elementData = class java.lang.Object[0]
      size = 0
      MAX_ARRAY_SIZE = 2147483639
      modCount = 1
      MAX_ARRAY_SIZE = 2147483639
    scratchdir = null
    jspClassLoaderLimit = 0
    jspClassLoaderExclusionList = null
    jspClassLoadersMap = null
    jspClassLoaderLimitTrackIF = false
    defaultExtProc = null
    directoryBrowsingServlet = null
    cdiContexts = class java.util.concurrent.ConcurrentHashMap@304f8be9
      serialVersionUID = 7249069246763182397
      MAXIMUM_CAPACITY = 1073741824
      DEFAULT_CAPACITY = 16
      MAX_ARRAY_SIZE = 2147483639
      DEFAULT_CONCURRENCY_LEVEL = 16
      LOAD_FACTOR = 0.75
      TREEIFY_THRESHOLD = 8
      UNTREEIFY_THRESHOLD = 6
      MIN_TREEIFY_CAPACITY = 64
      MIN_TRANSFER_STRIDE = 16
      RESIZE_STAMP_BITS = 16
      MAX_RESIZERS = 65535
      RESIZE_STAMP_SHIFT = 16
      MOVED = -1
      TREEBIN = -2
      RESERVED = -3
      HASH_BITS = 2147483647
      NCPU = 8
      serialPersistentFields = class java.io.ObjectStreamField[3]
      table = null
      nextTable = null
      baseCount = 0
      sizeCtl = 0
      transferIndex = 0
      cellsBusy = 0
      counterCells = null
      keySet = null
      values = null
      entrySet = null
      U = class sun.misc.Unsafe@1e44d062
      SIZECTL = 20
      TRANSFERINDEX = 32
      BASECOUNT = 24
      CELLSBUSY = 36
      CELLVALUE = 144
      ABASE = 16
      ASHIFT = 2
      keySet = null
      values = null
    moduleConfig = class com.ibm.ws.webcontainer.osgi.container.DeployedModule@357ea540
      tc = class com.ibm.websphere.ras.TraceComponent@1e6b561f
      loader = class com.ibm.ws.classloading.internal.ThreadContextClassLoader@754489c2
      webApp = class com.ibm.ws.webcontainer31.osgi.webapp.WebApp31@39529b9e
      webAppConfig = class com.ibm.ws.webcontainer.osgi.webapp.WebAppConfiguration@269ba7b5
      contextRootAdded = null
      properContextRoot = "/"
      mappingContextRoot = "/*"
      serialVersionUID = -2104814060051592457
      $$$tc$$$ = class com.ibm.websphere.ras.TraceComponent@3b6b65ea
    extensionFactories = class java.util.ArrayList@11c723d
      serialVersionUID = 8683452581122892189
      DEFAULT_CAPACITY = 10
      EMPTY_ELEMENTDATA = class java.lang.Object[0]
      DEFAULTCAPACITY_EMPTY_ELEMENTDATA = class java.lang.Object[0]
      elementData = class java.lang.Object[10]
      size = 4
      MAX_ARRAY_SIZE = 2147483639
      modCount = 9
      MAX_ARRAY_SIZE = 2147483639
    initialized = true
    lock = class com.ibm.ws.webcontainer.webapp.WebApp$1@bfdf3b7
      this$0 = class com.ibm.ws.webcontainer31.osgi.webapp.WebApp31@39529b9e
    afterServletContextCreated = false
    redirectContextRoot = false
    errorExceptionTypeFirst = false
    initFilterBeforeServletInit = false
    sortedServletConfigs = class java.util.ArrayList@47a131e2
      serialVersionUID = 8683452581122892189
      DEFAULT_CAPACITY = 10
      EMPTY_ELEMENTDATA = class java.lang.Object[0]
      DEFAULTCAPACITY_EMPTY_ELEMENTDATA = class java.lang.Object[0]
      elementData = class java.lang.Object[10]
      size = 3
      MAX_ARRAY_SIZE = 2147483639
      modCount = 3
      MAX_ARRAY_SIZE = 2147483639
    effectiveMajorVersion = 3
    effectiveMinorVersion = 0
    canAddServletContextListener = true
    withinContextInitOfProgAddListener = false
    lastProgAddListenerInitialized = "com.ibm.ws.cache.CacheServiceImpl"
    webInfLibClassloader = null
    metaInfCache = class com.ibm.ws.webcontainer.webapp.WebApp$2@735d8f3
      this$0 = class com.ibm.ws.webcontainer31.osgi.webapp.WebApp31@39529b9e
      serialVersionUID = 3801124242820219131
      head = null
      tail = null
      accessOrder = true
      serialVersionUID = 362498820763181265
      DEFAULT_INITIAL_CAPACITY = 16
      MAXIMUM_CAPACITY = 1073741824
      DEFAULT_LOAD_FACTOR = 0.75
      TREEIFY_THRESHOLD = 8
      UNTREEIFY_THRESHOLD = 6
      MIN_TREEIFY_CAPACITY = 64
      table = null
      entrySet = null
      size = 0
      modCount = 0
      threshold = 32
      loadFactor = 1.0
      keySet = null
      values = null
    useMetaInfCache = true
    SUN_CONFIGURE_LISTENER_CLASSNAME = "com.sun.faces.config.ConfigureListener"
    MYFACES_LIFECYCLE_LISTENER_CLASSNAME = "org.apache.myfaces.webapp.StartupServletContextListener"
    JSF_IMPL_ENABLED_PARAM = "com.ibm.ws.jsf.JSF_IMPL_ENABLED"
    JSF_IMPL_ENABLED_CUSTOM = "Custom"
    JSF_IMPL_ENABLED_NONE = "None"
    staticDocRoot = class com.ibm.ws.webcontainer.util.DocumentRootUtils@65dacfb2
      logger = class com.ibm.ws.logging.internal.WsLogger@556f56a7
      CLASS_NAME = "com.ibm.ws.webcontainer.util.DocumentRootUtils"
      useContentLength = false
      matchedFile = null
      matchedZipFile = null
      matchedEntry = null
      matchedURL = null
      edrRoot = null
      pfedrRoot = null
      ctxt = class com.ibm.ws.webcontainer31.osgi.webapp.WebApp31@39529b9e
      baseDir = null
      edr = null
      pfedr = null
      metaInfRes = null
      searchpfEDR = false
      searchEDR = false
      searchMetaInfRes = true
      matchFromEDR = false
      matchFromMetaInfRes = false
      matchIsADirectory = false
      appConfig = class com.ibm.ws.webcontainer.osgi.webapp.WebAppConfiguration@269ba7b5
      attributeType = "staticFile"
      STATIC_FILE = "staticFile"
      JSP = "jsp"
      PFEDR = "preFragmentExtendedDocumentRoot"
      EDR = "extendedDocumentRoot"
    jspDocRoot = class com.ibm.ws.webcontainer.util.DocumentRootUtils@1dee8f5
      logger = class com.ibm.ws.logging.internal.WsLogger@556f56a7
      CLASS_NAME = "com.ibm.ws.webcontainer.util.DocumentRootUtils"
      useContentLength = false
      matchedFile = null
      matchedZipFile = null
      matchedEntry = null
      matchedURL = null
      edrRoot = null
      pfedrRoot = null
      ctxt = class com.ibm.ws.webcontainer31.osgi.webapp.WebApp31@39529b9e
      baseDir = null
      edr = null
      pfedr = null
      metaInfRes = null
      searchpfEDR = false
      searchEDR = false
      searchMetaInfRes = true
      matchFromEDR = false
      matchFromMetaInfRes = false
      matchIsADirectory = false
      appConfig = class com.ibm.ws.webcontainer.osgi.webapp.WebAppConfiguration@269ba7b5
      attributeType = "jsp"
      STATIC_FILE = "staticFile"
      JSP = "jsp"
      PFEDR = "preFragmentExtendedDocumentRoot"
      EDR = "extendedDocumentRoot"
    container = class com.ibm.ws.adaptable.module.internal.AdaptableContainerImpl@3673d481
      root = class com.ibm.ws.adaptable.module.internal.AdaptableContainerImpl@3673d481
      rootOverlay = class com.ibm.ws.artifact.overlay.internal.DirectoryBasedOverlayContainerImpl@409e6a39
      factoryHolder = class com.ibm.ws.adaptable.module.internal.AdaptableModuleFactoryImpl@689be486
      delegate = class com.ibm.ws.artifact.overlay.internal.DirectoryBasedOverlayContainerImpl@409e6a39
      notifier = class com.ibm.ws.adaptable.module.internal.NotifierImpl@375a6666
      serialVersionUID = -5621513278641113667
      $$$tc$$$ = class com.ibm.websphere.ras.TraceComponent@669b12d1
    metaInfResourceFinder = class com.ibm.ws.webcontainer.util.MetaInfResourceFinder@4f3ee70d
      jarResourceContainers = class java.util.ArrayList@5eaeb96d
      container = class com.ibm.ws.adaptable.module.internal.AdaptableContainerImpl@3673d481
    postConstructMethods = class com.ibm.ws.webcontainer.webapp.WebApp$AnnotatedMethods@66654c59
      annotationClass = class java.lang.Class@686fea6e
      noOpClassNames = class java.util.Collections$SynchronizedSet@1af82d70
      annotatedMethodNames = class java.util.concurrent.ConcurrentHashMap@6df18005
      EMPTY_METHODS = class java.lang.reflect.Method[0]
    preDestroyMethods = class com.ibm.ws.webcontainer.webapp.WebApp$AnnotatedMethods@5571b878
      annotationClass = class java.lang.Class@2d95ff98
      noOpClassNames = class java.util.Collections$SynchronizedSet@6531763
      annotatedMethodNames = class java.util.concurrent.ConcurrentHashMap@12cb9ece
      EMPTY_METHODS = class java.lang.reflect.Method[0]
    OBJ_EMPTY = class java.lang.Object[0]
    CLASS_EMPTY = class java.lang.Class[0]
    DEFAULT_JSP_EXTENSIONS = class java.util.ArrayList@231e7b63
      serialVersionUID = 8683452581122892189
      DEFAULT_CAPACITY = 10
      EMPTY_ELEMENTDATA = class java.lang.Object[0]
      DEFAULTCAPACITY_EMPTY_ELEMENTDATA = class java.lang.Object[0]
      elementData = class java.lang.Object[10]
      size = 4
      MAX_ARRAY_SIZE = 2147483639
      modCount = 4
      MAX_ARRAY_SIZE = 2147483639
    DEFER_SERVLET_REQUEST_LISTENER_DESTROY_ON_ERROR = false
    DO_ACCEPT_PARTIAL = true
    DO_NOT_ACCEPT_PARTIAL = false
    DO_ACCEPT_EXCLUDED = true
    DO_NOT_ACCEPT_EXCLUDED = false
    commands = class java.util.ArrayList@576b763b
      serialVersionUID = 8683452581122892189
      DEFAULT_CAPACITY = 10
      EMPTY_ELEMENTDATA = class java.lang.Object[0]
      DEFAULTCAPACITY_EMPTY_ELEMENTDATA = class java.lang.Object[0]
      elementData = class java.lang.Object[3]
      size = 0
      MAX_ARRAY_SIZE = 2147483639
      modCount = 0
      MAX_ARRAY_SIZE = 2147483639
    requestMapper = class com.ibm.wsspi.webcontainer.util.URIMapper@f81b6d6
      matcher = class com.ibm.wsspi.webcontainer.util.URIMatcher@163a11ac
    parent = class com.ibm.ws.webcontainer.osgi.webapp.WebGroup@5f941126
      tc = class com.ibm.websphere.ras.TraceComponent@78f8f15a
      logger = class com.ibm.ws.logging.internal.WsLogger@363500e6
      CLASS_NAME = "com.ibm.ws.webcontainer.webapp.WebGroup"
      sessUrlRewritePrefix = ";jsessionid="
      qMark = "?"
      config = class com.ibm.ws.webcontainer.osgi.webapp.WebGroupConfiguration@73e125bc
      webApp = class com.ibm.ws.webcontainer31.osgi.webapp.WebApp31@39529b9e
      commands = class java.util.ArrayList@5c49a760
      requestMapper = null
      parent = class com.ibm.ws.webcontainer.osgi.DynamicVirtualHost@329d19d7
      name = "/*"
      isAlive = true
      subElements = class java.util.HashMap@42b2fd89
      attributes = null
      config = null
      serialVersionUID = -8271459000149267764
      $$$tc$$$ = class com.ibm.websphere.ras.TraceComponent@5c68e4e1
    name = "rpozzi-jweb"
    isAlive = true
    subElements = null
    attributes = class java.util.Collections$SynchronizedMap@4fca1446
      serialVersionUID = 1978198479659022715
      m = class java.util.HashMap@7127bace
      mutex = class java.util.Collections$SynchronizedMap@4fca1446
      keySet = null
      entrySet = class java.util.Collections$SynchronizedSet@1dcf76d
      values = null
    config = null
    serialVersionUID = -8271459000149267764
    $$$tc$$$ = class com.ibm.websphere.ras.TraceComponent@5c68e4e1
      strings[0] = "TraceComponent[com.ibm.ws.container.AbstractContainer,class com.ibm.ws.container.AbstractContainer,[],null,null]"
  collabHelper = class com.ibm.ws.webcontainer.osgi.collaborator.CollaboratorHelperImpl@1f202acb
    webAppInvCollabs = class java.util.Collections$UnmodifiableSet@4b3f16f2
      serialVersionUID = -9215047833775013803
      serialVersionUID = 1820017752578914078
      c = class java.util.concurrent.CopyOnWriteArraySet@40c30445
    securityDomainForApp = null
    logger = class com.ibm.ws.logging.internal.WsLogger@271818dc
      tc = class com.ibm.websphere.ras.TraceComponent@3ce5dbae
      ivCachedResourceBundleName = null
      ivCachedResourceBundle = null
      ivComponent = null
      ivOrganization = null
      ivProduct = null
      ivMinimumLocalizationLevelIntValue = 625
      ivTC = class com.ibm.websphere.ras.TraceComponent@4bef2548
      loggerRegistrationComponent = class java.lang.ThreadLocal@82744ca
      emptyHandlers = class java.util.logging.Handler[0]
      offValue = 2147483647
      SYSTEM_LOGGER_RB_NAME = "sun.util.logging.resources.logging"
      SYSTEM_BUNDLE = class java.util.logging.Logger$LoggerBundle@1c736ee4
      NO_RESOURCE_BUNDLE = class java.util.logging.Logger$LoggerBundle@f8af1a1
      manager = class com.ibm.ws.kernel.boot.logging.WsLogManager@3db9e58e
      name = "com.ibm.ws.webcontainer.collaborator"
      handlers = class java.util.concurrent.CopyOnWriteArrayList@4b086796
      loggerBundle = class java.util.logging.Logger$LoggerBundle@2ca05b23
      useParentHandlers = true
      filter = null
      anonymous = false
      catalog = class com.ibm.ws.webcontainer.resources.Messages_en@16351e4b
      catalogName = "com.ibm.ws.webcontainer.resources.Messages"
      catalogLocale = class java.util.Locale@64521c96
      treeLock = class java.lang.Object@606d5927
      parent = class com.ibm.ws.logging.internal.WsLogger@795078ed
      kids = null
      levelObject = class java.util.logging.Level@4729e6ca
      levelValue = 800
      callersClassLoaderRef = class java.lang.ref.WeakReference@6ea325f4
      isSystemLogger = false
      GLOBAL_LOGGER_NAME = "global"
      global = class java.util.logging.Logger@39c5372e
      $assertionsDisabled = true
    staticDefaultSecurityCollaborator = class com.ibm.ws.webcontainer.collaborator.WebAppSecurityCollaborator@37f43756
    logger = class com.ibm.ws.logging.internal.WsLogger@2dec1e4
      tc = class com.ibm.websphere.ras.TraceComponent@3ce5dbae
      ivCachedResourceBundleName = null
      ivCachedResourceBundle = null
      ivComponent = null
      ivOrganization = null
      ivProduct = null
      ivMinimumLocalizationLevelIntValue = 625
      ivTC = class com.ibm.websphere.ras.TraceComponent@2798524d
      loggerRegistrationComponent = class java.lang.ThreadLocal@82744ca
      emptyHandlers = class java.util.logging.Handler[0]
      offValue = 2147483647
      SYSTEM_LOGGER_RB_NAME = "sun.util.logging.resources.logging"
      SYSTEM_BUNDLE = class java.util.logging.Logger$LoggerBundle@1c736ee4
      NO_RESOURCE_BUNDLE = class java.util.logging.Logger$LoggerBundle@f8af1a1
      manager = class com.ibm.ws.kernel.boot.logging.WsLogManager@3db9e58e
      name = "com.ibm.wsspi.webcontainer.collaborator"
      handlers = class java.util.concurrent.CopyOnWriteArrayList@75ee4dff
      loggerBundle = class java.util.logging.Logger$LoggerBundle@52b88f7d
      useParentHandlers = true
      filter = null
      anonymous = false
      catalog = class com.ibm.ws.webcontainer.resources.Messages_en@16351e4b
      catalogName = "com.ibm.ws.webcontainer.resources.Messages"
      catalogLocale = class java.util.Locale@64521c96
      treeLock = class java.lang.Object@606d5927
      parent = class com.ibm.ws.logging.internal.WsLogger@3f7900fa
      kids = null
      levelObject = class java.util.logging.Level@4729e6ca
      levelValue = 800
      callersClassLoaderRef = class java.lang.ref.WeakReference@b2bbdd0
      isSystemLogger = false
      GLOBAL_LOGGER_NAME = "global"
      global = class java.util.logging.Logger@39c5372e
      $assertionsDisabled = true
    CLASS_NAME = "com.ibm.wsspi.webcontainer.collaborator.CollaboratorHelper"
    webApp = class com.ibm.ws.webcontainer31.osgi.webapp.WebApp31@39529b9e
    securityCollaborator = class com.ibm.ws.webcontainer.security.WebAppSecurityCollaboratorImpl@23d8fd9a
    nameSpaceCollaborator = class com.ibm.ws.webcontainer.osgi.collaborator.WebAppNameSpaceCollaboratorImpl@421d5f15
    transactionCollaborator = class com.ibm.ws.transaction.services.WebAppTransactionCollaboratorImpl@6567f79b
      tc = class com.ibm.websphere.ras.TraceComponent@7e3fc696
      ltCurrentRef = class com.ibm.wsspi.kernel.service.utils.AtomicServiceReference@1109a7b3
      tranMgrRef = class com.ibm.wsspi.kernel.service.utils.AtomicServiceReference@13f40bc5
      userTranRef = class com.ibm.wsspi.kernel.service.utils.AtomicServiceReference@44fc1da8
      uowCallbackRef = class com.ibm.wsspi.kernel.service.utils.AtomicServiceReference@220a508
      serialVersionUID = -8319003162899973281
    connectionCollaborator = class com.ibm.ws.webcontainer.collaborator.ConnectionCollaborator@73bf22e6
    allCollabEnum = class java.util.RegularEnumSet@6c88bd14
      serialVersionUID = 3411599620347842686
      elements = 511
      elementType = class java.lang.Class@37a9ef80
      universe = class com.ibm.wsspi.webcontainer.collaborator.CollaboratorInvocationEnum[9]
      ZERO_LENGTH_ENUM_ARRAY = class java.lang.Enum[0]
      MAX_ARRAY_SIZE = 2147483639
    servlet_23_or_greater = true
    DEFER_SERVLET_REQUEST_LISTENER_DESTROY_ON_ERROR = false
  webAppNameSpaceCollab = class com.ibm.ws.webcontainer.osgi.collaborator.WebAppNameSpaceCollaboratorImpl@421d5f15
    cmdai = class com.ibm.ws.threadContext.ComponentMetaDataAccessorImpl@6101abc3
      tc = class com.ibm.websphere.ras.TraceComponent@439f634a
      cmdai = class com.ibm.ws.threadContext.ComponentMetaDataAccessorImpl@6101abc3
      threadContext = class com.ibm.ws.threadContext.ThreadContextImpl@70d77b0b
      defaultCMD = null
  secCollab = class com.ibm.ws.webcontainer.security.WebAppSecurityCollaboratorImpl@23d8fd9a
    tc = class com.ibm.websphere.ras.TraceComponent@5fe81af
      strings[0] = "TraceComponent[com.ibm.ws.webcontainer.security.WebAppSecurityCollaboratorImpl,class com.ibm.ws.webcontainer.security.WebAppSecurityCollaboratorImpl,[WebAppSecurity],com.ibm.ws.webcontainer.security.resources.WebAppSecurityMessages,null]"
    KEY_ID = "id"
    KEY_SERVICE_ID = "service.id"
    KEY_COMPONENT_NAME = "component.name"
    KEY_SECURITY_SERVICE = "securityService"
    KEY_TAI_SERVICE = "taiService"
    KEY_INTERCEPTOR_SERVICE = "interceptorService"
    KEY_OAUTH_SERVICE = "oauthService"
    KEY_OIDC_SERVER = "oidcServer"
    KEY_OIDC_CLIENT = "oidcClient"
    KEY_OPENID_CLIENT_SERVICE = "openidClientService"
    KEY_JACC_SERVICE = "jaccService"
    JASPI_SERVICE_COMPONENT_NAME = "com.ibm.ws.security.jaspi"
    KEY_WEB_AUTHENTICATOR = "webAuthenticator"
    KEY_UNPROTECTED_RESOURCE_SERVICE = "unprotectedResourceService"
    webAuthenticatorRef = class com.ibm.wsspi.kernel.service.utils.ConcurrentServiceReferenceMap@6e2045dd
      referenceName = "webAuthenticator"
      context = class org.apache.felix.scr.impl.manager.ComponentContextImpl@3a3999f5
      elementMap = class java.util.concurrent.ConcurrentHashMap@5ec8aec0
      serialVersionUID = 6980924785166233786
      $$$tc$$$ = class com.ibm.websphere.ras.TraceComponent@5b1c4ee5
    unprotectedResourceServiceRef = class com.ibm.wsspi.kernel.service.utils.ConcurrentServiceReferenceMap@a7051ae
      referenceName = "unprotectedResourceService"
      context = class org.apache.felix.scr.impl.manager.ComponentContextImpl@3a3999f5
      elementMap = class java.util.concurrent.ConcurrentHashMap@7a0a1ac6
      serialVersionUID = 6980924785166233786
      $$$tc$$$ = class com.ibm.websphere.ras.TraceComponent@5b1c4ee5
    taiServiceRef = class com.ibm.wsspi.kernel.service.utils.AtomicServiceReference@78854f23
      referenceName = "taiService"
      tuple = class java.util.concurrent.atomic.AtomicReference@155668f7
      serialVersionUID = -5840472578638799324
      $$$tc$$$ = class com.ibm.websphere.ras.TraceComponent@279e04fc
    interceptorServiceRef = class com.ibm.wsspi.kernel.service.utils.ConcurrentServiceReferenceMap@543b8d1e
      referenceName = "interceptorService"
      context = class org.apache.felix.scr.impl.manager.ComponentContextImpl@3a3999f5
      elementMap = class java.util.concurrent.ConcurrentHashMap@6a575a35
      serialVersionUID = 6980924785166233786
      $$$tc$$$ = class com.ibm.websphere.ras.TraceComponent@5b1c4ee5
    oauthServiceRef = class com.ibm.wsspi.kernel.service.utils.AtomicServiceReference@385934e9
      referenceName = "oauthService"
      tuple = class java.util.concurrent.atomic.AtomicReference@716dd97d
      serialVersionUID = -5840472578638799324
      $$$tc$$$ = class com.ibm.websphere.ras.TraceComponent@279e04fc
    oidcServerRef = class com.ibm.wsspi.kernel.service.utils.AtomicServiceReference@302cff6d
      referenceName = "oidcServer"
      tuple = class java.util.concurrent.atomic.AtomicReference@613014ac
      serialVersionUID = -5840472578638799324
      $$$tc$$$ = class com.ibm.websphere.ras.TraceComponent@279e04fc
    oidcClientRef = class com.ibm.wsspi.kernel.service.utils.AtomicServiceReference@6282521c
      referenceName = "oidcClient"
      tuple = class java.util.concurrent.atomic.AtomicReference@36217dc2
      serialVersionUID = -5840472578638799324
      $$$tc$$$ = class com.ibm.websphere.ras.TraceComponent@279e04fc
    openidClientRef = class com.ibm.wsspi.kernel.service.utils.AtomicServiceReference@6ad9702f
      referenceName = "openidClientService"
      tuple = class java.util.concurrent.atomic.AtomicReference@128a8215
      serialVersionUID = -5840472578638799324
      $$$tc$$$ = class com.ibm.websphere.ras.TraceComponent@279e04fc
    securityServiceRef = class com.ibm.wsspi.kernel.service.utils.AtomicServiceReference@1b56ffe1
      referenceName = "securityService"
      tuple = class java.util.concurrent.atomic.AtomicReference@64ea7160
      serialVersionUID = -5840472578638799324
      $$$tc$$$ = class com.ibm.websphere.ras.TraceComponent@279e04fc
    jaccServiceRef = class com.ibm.wsspi.kernel.service.utils.AtomicServiceReference@4cd6bc71
      referenceName = "jaccService"
      tuple = class java.util.concurrent.atomic.AtomicReference@1346b202
      serialVersionUID = -5840472578638799324
      $$$tc$$$ = class com.ibm.websphere.ras.TraceComponent@279e04fc
    KEY_LOCATION_ADMIN = "locationAdmin"
    locationAdminRef = class com.ibm.wsspi.kernel.service.utils.AtomicServiceReference@3cb41545
      referenceName = "locationAdmin"
      tuple = class java.util.concurrent.atomic.AtomicReference@531191f2
      serialVersionUID = -5840472578638799324
      $$$tc$$$ = class com.ibm.websphere.ras.TraceComponent@279e04fc
    PERMIT_REPLY = class com.ibm.ws.webcontainer.security.internal.PermitReply@1d4d42f4
      serialVersionUID = 8303150652534131684
      $$$tc$$$ = class com.ibm.websphere.ras.TraceComponent@23e08725
      responseCode = 200
      message = "OK"
      serialVersionUID = -2052464364003317781
      $$$tc$$$ = class com.ibm.websphere.ras.TraceComponent@52e2972f
    DENY_AUTHN_FAILED = class com.ibm.ws.webcontainer.security.internal.DenyReply@31480f4b
      serialVersionUID = -5683685740512191354
      $$$tc$$$ = class com.ibm.websphere.ras.TraceComponent@5977cf0a
      responseCode = 403
      message = "AuthenticationFailed"
      serialVersionUID = -2052464364003317781
      $$$tc$$$ = class com.ibm.websphere.ras.TraceComponent@52e2972f
    DENY_AUTHZ_FAILED = class com.ibm.ws.webcontainer.security.internal.DenyReply@48840827
      serialVersionUID = -5683685740512191354
      $$$tc$$$ = class com.ibm.websphere.ras.TraceComponent@5977cf0a
      responseCode = 403
      message = "AuthorizationFailed"
      serialVersionUID = -2052464364003317781
      $$$tc$$$ = class com.ibm.websphere.ras.TraceComponent@52e2972f
    AUTH_TYPE = "AUTH_TYPE"
    ALL_AUTHENTICATED_ROLE = "**"
    STARSTAR_ROLE = "_starstar_"
    globalConfig = class com.ibm.ws.webcontainer.security.internal.WebAppSecurityConfigImpl@5406324f
      tc = class com.ibm.websphere.ras.TraceComponent@31914d6f
      WLP_USER_DIR = "${wlp.user.dir}"
      AUTO_GEN_COOKIE_NAME_PREFIX = "WAS_"
      DEFAULT_SSO_COOKIE_NAME = "LtpaToken2"
      CFG_KEY_LOGOUT_ON_HTTP_SESSION_EXPIRE = "logoutOnHttpSessionExpire"
      CFG_KEY_SINGLE_SIGN_ON_ENABLED = "singleSignonEnabled"
      CFG_KEY_PRESERVE_FULLY_QUALIFIED_REFERRER_URL = "preserveFullyQualifiedReferrerUrl"
      CFG_KEY_POSTPARAM_SAVE_METHOD = "postParamSaveMethod"
      CFG_KEY_POSTPARAM_COOKIE_SIZE = "postParamCookieSize"
      CFG_KEY_ALLOW_LOGOUT_PAGE_REDIRECT_TO_ANY_HOST = "allowLogoutPageRedirectToAnyHost"
      CFG_KEY_LOGOUT_PAGE_REDIRECT_DOMAIN_NAMES = "logoutPageRedirectDomainNames"
      CFG_KEY_SSO_COOKIE_NAME = "ssoCookieName"
      CFG_KEY_AUTO_GEN_SSO_COOKIE_NAME = "autoGenSsoCookieName"
      CFG_KEY_FAIL_OVER_TO_BASICAUTH = "allowFailOverToBasicAuth"
      CFG_KEY_DISPLAY_AUTHENTICATION_REALM = "displayAuthenticationRealm"
      CFG_KEY_HTTP_ONLY_COOKIES = "httpOnlyCookies"
      CFG_KEY_WEB_ALWAYS_LOGIN = "webAlwaysLogin"
      CFG_KEY_SSO_DOMAIN_NAMES = "ssoDomainNames"
      CFG_KEY_SSO_REQUIRES_SSL = "ssoRequiresSSL"
      CFG_KEY_SSO_USE_DOMAIN_FROM_URL = "ssoUseDomainFromURL"
      CFG_KEY_USE_AUTH_DATA_FOR_UNPROTECTED = "useAuthenticationDataForUnprotectedResource"
      CFG_KEY_LOGIN_FORM_URL = "loginFormURL"
      CFG_KEY_ALLOW_FAIL_OVER_TO_AUTH_METHOD = "allowAuthenticationFailOverToAuthMethod"
      CFG_KEY_INCLUDE_PATH_IN_WAS_REQ_URL = "includePathInWASReqURL"
      CFG_KEY_TRACK_LOGGED_OUT_SSO_COOKIES = "trackLoggedOutSSOCookies"
      logoutOnHttpSessionExpire = false
      singleSignonEnabled = true
      preserveFullyQualifiedReferrerUrl = false
      postParamSaveMethod = "Cookie"
      postParamCookieSize = 16384
      allowLogoutPageRedirectToAnyHost = false
      logoutPageRedirectDomainNames = null
      ssoCookieName = "LtpaToken2"
      autoGenSsoCookieName = false
      allowFailOverToBasicAuth = false
      displayAuthenticationRealm = false
      httpOnlyCookies = true
      webAlwaysLogin = false
      ssoRequiresSSL = false
      ssoDomainNames = null
      ssoUseDomainFromURL = false
      useAuthenticationDataForUnprotectedResource = true
      loginFormURL = null
      allowFailOverToAuthMethod = null
      includePathInWASReqURL = false
      trackLoggedOutSSOCookies = false
      locationAdminRef = class com.ibm.wsspi.kernel.service.utils.AtomicServiceReference@3cb41545
      oidcServerRef = class com.ibm.wsspi.kernel.service.utils.AtomicServiceReference@302cff6d
      oidcClientRef = class com.ibm.wsspi.kernel.service.utils.AtomicServiceReference@6282521c
      serialVersionUID = 4712566553225713098
    webAppSecConfig = class com.ibm.ws.webcontainer.security.internal.WebAppSecurityConfigImpl@5406324f
    authenticateApi = class com.ibm.ws.webcontainer.security.AuthenticateApi@23ab80d9
      tc = class com.ibm.websphere.ras.TraceComponent@4fd9f5fb
      KEY_SECURITY_SERVICE = "securityService"
      securityServiceRef = class com.ibm.wsspi.kernel.service.utils.AtomicServiceReference@1b56ffe1
      subjectManager = class com.ibm.ws.security.context.SubjectManager@2a9f2991
      subjectHelper = class com.ibm.ws.security.authentication.utility.SubjectHelper@fc5b201
      ssoCookieHelper = class com.ibm.ws.webcontainer.security.SSOCookieHelperImpl@63e8d626
      authCacheService = class com.ibm.ws.security.authentication.internal.cache.AuthCacheServiceImpl@743a21db
      collabUtils = class com.ibm.ws.security.collaborator.CollaboratorUtils@3ac51efa
      authService = class com.ibm.ws.security.authentication.internal.AuthenticationServiceImpl@273a4d6c
      webAuthenticatorRefs = class com.ibm.wsspi.kernel.service.utils.ConcurrentServiceReferenceMap@6e2045dd
      unprotectedResourceServiceRef = class com.ibm.wsspi.kernel.service.utils.ConcurrentServiceReferenceMap@a7051ae
      serialVersionUID = -8646914835711436643
    postParameterHelper = class com.ibm.ws.webcontainer.security.PostParameterHelper@52e8f1b0
      tc = class com.ibm.websphere.ras.TraceComponent@6b8a2e72
      INITIAL_URL = "INITIAL_URL"
      PARAM_NAMES = "PARAM_NAMES"
      PARAM_VALUES = "PARAM_VALUES"
      POSTPARAM_COOKIE = "WASPostParam"
      POSTPARAM_FAILED = "NO_PARAMETER"
      POSTPARAM_URL = "U"
      POSTPARAM_PARAM = "P"
      webAppSecurityConfig = class com.ibm.ws.webcontainer.security.internal.WebAppSecurityConfigImpl@5406324f
      serialVersionUID = -874649166593953798
    collabUtils = class com.ibm.ws.security.collaborator.CollaboratorUtils@3ac51efa
      tc = class com.ibm.websphere.ras.TraceComponent@5b5eb831
      subjectManager = class com.ibm.ws.security.context.SubjectManager@206629d0
      serialVersionUID = 1544996125297377090
    subjectHelper = class com.ibm.ws.security.authentication.utility.SubjectHelper@5f34c7a7
      tc = class com.ibm.websphere.ras.TraceComponent@44b6c77
      serialVersionUID = -892250569803095632
    subjectManager = class com.ibm.ws.security.context.SubjectManager@206629d0
      threadLocal = class com.ibm.ws.security.context.SubjectManager$SecurityThreadLocal@7509ba06
      serialVersionUID = 8008928227801865506
      $$$tc$$$ = class com.ibm.websphere.ras.TraceComponent@3408f745
    httpsRedirectHandler = class com.ibm.ws.webcontainer.security.internal.HTTPSRedirectHandler@3596291d
      tc = class com.ibm.websphere.ras.TraceComponent@5fe9a32c
      serialVersionUID = -3103286160096161340
    authenticatorProxy = class com.ibm.ws.webcontainer.security.WebAuthenticatorProxy@27b6d39b
      tc = class com.ibm.websphere.ras.TraceComponent@6b700ec6
      AUTH_TYPE = "AUTH_TYPE"
      securityServiceRef = class com.ibm.wsspi.kernel.service.utils.AtomicServiceReference@1b56ffe1
      webAppSecurityConfig = class com.ibm.ws.webcontainer.security.internal.WebAppSecurityConfigImpl@5406324f
      postParameterHelper = class com.ibm.ws.webcontainer.security.PostParameterHelper@52e8f1b0
      providerAuthenticatorProxy = class com.ibm.ws.webcontainer.security.WebProviderAuthenticatorProxy@5e462135
      oidcServerRef = class com.ibm.wsspi.kernel.service.utils.AtomicServiceReference@302cff6d
      serialVersionUID = 7518189428144304128
    providerAuthenticatorProxy = class com.ibm.ws.webcontainer.security.WebProviderAuthenticatorProxy@5e462135
      tc = class com.ibm.websphere.ras.TraceComponent@68caa92a
      authenticatorOdering = class java.util.Collections$UnmodifiableRandomAccessList@20b10949
      OAUTH_CONT = class com.ibm.ws.webcontainer.security.AuthenticationResult@5a0d07d
      OPENID_CLIENT_CONT = class com.ibm.ws.webcontainer.security.AuthenticationResult@7004bc88
      OIDC_SERVER_CONT = class com.ibm.ws.webcontainer.security.AuthenticationResult@1810689e
      OIDC_CLIENT_CONT = class com.ibm.ws.webcontainer.security.AuthenticationResult@30c3c194
      SPNEGO_CONT = class com.ibm.ws.webcontainer.security.AuthenticationResult@3363ccc9
      JASPI_CONT = class com.ibm.ws.webcontainer.security.AuthenticationResult@66d6d6d1
      securityServiceRef = class com.ibm.wsspi.kernel.service.utils.AtomicServiceReference@1b56ffe1
      taiServiceRef = class com.ibm.wsspi.kernel.service.utils.AtomicServiceReference@78854f23
      interceptorServiceRef = class com.ibm.wsspi.kernel.service.utils.ConcurrentServiceReferenceMap@543b8d1e
      webAppSecurityConfig = class com.ibm.ws.webcontainer.security.internal.WebAppSecurityConfigImpl@5406324f
      webAuthenticatorRef = class com.ibm.wsspi.kernel.service.utils.ConcurrentServiceReferenceMap@6e2045dd
      oauthServiceRef = class com.ibm.wsspi.kernel.service.utils.AtomicServiceReference@385934e9
      openIdClientServiceRef = class com.ibm.wsspi.kernel.service.utils.AtomicServiceReference@6ad9702f
      oidcServerRef = class com.ibm.wsspi.kernel.service.utils.AtomicServiceReference@302cff6d
      oidcClientRef = class com.ibm.wsspi.kernel.service.utils.AtomicServiceReference@6282521c
      authHelper = class com.ibm.ws.webcontainer.security.WebProviderAuthenticatorHelper@7d99160d
      referrerURLCookieHandler = class com.ibm.ws.webcontainer.security.ReferrerURLCookieHandler@53f8b74b
      serialVersionUID = -2444448692079034688
    unauthenticatedSubjectService = class com.ibm.ws.security.authentication.internal.UnauthenticatedSubjectServiceImpl@4fffbb84
      tc = class com.ibm.websphere.ras.TraceComponent@4309d8cf
      KEY_SECURITY_SERVICE = "securityService"
      KEY_CREDENTIALS_SERVICE = "credentialsService"
      securityServiceRef = class com.ibm.wsspi.kernel.service.utils.AtomicServiceReference@7ed02c79
      credentialsServiceRef = class com.ibm.wsspi.kernel.service.utils.AtomicServiceReference@2e600d2c
      unauthenticatedSubject = class javax.security.auth.Subject@1bfc5f93
      unauthenticatedSubjectLock = class com.ibm.ws.security.authentication.internal.UnauthenticatedSubjectServiceImpl$1@da8e148
      serialVersionUID = -259576979582176405
    wasch = class com.ibm.ws.webcontainer.security.WebAppSecurityCollaboratorImpl@23d8fd9a
    isJaspiEnabled = false
    serialVersionUID = 5956753714072062021
  sessionSecurityIntegrationEnabled = true
  assumeFilterSuccessOnSecurityError = false
  useOriginalRequestState = false
  _evtSource = class com.ibm.ws.webcontainer.webapp.WebAppEventSource@5885405b
    _invocationListeners = class com.ibm.ws.webcontainer.util.EventListeners@2d17c22e
      EMPTY_LISTENERS = interface java.util.EventListener[0]
      logger = class com.ibm.ws.logging.internal.WsLogger@556f56a7
      CLASS_NAME = "com.ibm.ws.webcontainer.util.EventListeners"
      listeners = interface java.util.EventListener[0]
    _servletListeners = class com.ibm.ws.webcontainer.util.EventListeners@705ed229
      EMPTY_LISTENERS = interface java.util.EventListener[0]
      logger = class com.ibm.ws.logging.internal.WsLogger@556f56a7
      CLASS_NAME = "com.ibm.ws.webcontainer.util.EventListeners"
      listeners = interface java.util.EventListener[0]
    _errorListeners = class com.ibm.ws.webcontainer.util.EventListeners@3d940901
      EMPTY_LISTENERS = interface java.util.EventListener[0]
      logger = class com.ibm.ws.logging.internal.WsLogger@556f56a7
      CLASS_NAME = "com.ibm.ws.webcontainer.util.EventListeners"
      listeners = interface java.util.EventListener[0]
    _applicationListeners = class com.ibm.ws.webcontainer.util.EventListeners@14e83687
      EMPTY_LISTENERS = interface java.util.EventListener[0]
      logger = class com.ibm.ws.logging.internal.WsLogger@556f56a7
      CLASS_NAME = "com.ibm.ws.webcontainer.util.EventListeners"
      listeners = interface java.util.EventListener[0]
    _filterInvocationListeners = class com.ibm.ws.webcontainer.util.EventListeners@77d8086
      EMPTY_LISTENERS = interface java.util.EventListener[0]
      logger = class com.ibm.ws.logging.internal.WsLogger@556f56a7
      CLASS_NAME = "com.ibm.ws.webcontainer.util.EventListeners"
      listeners = interface java.util.EventListener[0]
    _filterListeners = class com.ibm.ws.webcontainer.util.EventListeners@1b4c5da
      EMPTY_LISTENERS = interface java.util.EventListener[0]
      logger = class com.ibm.ws.logging.internal.WsLogger@556f56a7
      CLASS_NAME = "com.ibm.ws.webcontainer.util.EventListeners"
      listeners = interface java.util.EventListener[0]
    _filterErrorListeners = class com.ibm.ws.webcontainer.util.EventListeners@1cf508ec
      EMPTY_LISTENERS = interface java.util.EventListener[0]
      logger = class com.ibm.ws.logging.internal.WsLogger@556f56a7
      CLASS_NAME = "com.ibm.ws.webcontainer.util.EventListeners"
      listeners = interface java.util.EventListener[0]
  defaultComponentMetaData = class com.ibm.ws.webcontainer.osgi.metadata.WebComponentMetaDataImpl@466d4ff2
    j2eeName = class com.ibm.ws.container.service.metadata.internal.J2EENameImpl@22ee99f2
      serialVersionUID = 7488184044073147667
      application = "rpozzi-jweb"
      module = "rpozzi-jweb.war"
      component = null
      string = "rpozzi-jweb#rpozzi-jweb.war"
      j2eeNameBytes = null
      $$$tc$$$ = class com.ibm.websphere.ras.TraceComponent@453c7146
    webModuleMetaData = class com.ibm.ws.webcontainer.osgi.metadata.WebModuleMetaDataImpl@52960a44
    mBeanServiceReg = null
    tc = class com.ibm.websphere.ras.TraceComponent@4eb75325
      strings[0] = "TraceComponent[com.ibm.ws.runtime.metadata.MetaDataImpl,class com.ibm.ws.runtime.metadata.MetaDataImpl,[Runtime],null,null]"
    NUM_STATIC_SLOTS = 4
    ID_UNINITIALIZED = -1
    id = 1
    metaDataInterface = class java.lang.Class@3155c84e
      ANNOTATION = 8192
      ENUM = 16384
      SYNTHETIC = 4096
      cachedConstructor = null
      newInstanceCallerCache = null
      name = null
      allPermDomain = class java.security.ProtectionDomain@4b925a59
      useCaches = true
      reflectionData = null
      classRedefinedCount = 0
      genericInfo = null
      serialVersionUID = 3206093459760846163
      serialPersistentFields = class java.io.ObjectStreamField[0]
      reflectionFactory = class sun.reflect.ReflectionFactory@4cc26319
      initted = true
      enumConstants = null
      enumConstantDirectory = null
      annotationData = null
      annotationType = null
      classValueMap = null
    staticSlots = class java.lang.Object[4]
      staticSlots[0] = null
      staticSlots[1] = null
      staticSlots[2] = null
      staticSlots[3] = null
    dynamicSlots = null
  DEFER_SERVLET_REQUEST_LISTENER_DESTROY_ON_ERROR = false

