------Start of DE processing------ = [1/18/16 14:34:02:033 CET]
Exception = com.ibm.ws.rsadapter.exceptions.DataStoreAdapterException
Source = com.ibm.ejs.j2c.poolmanager.FreePool.createManagedConnectionWithMCWrapper
probeid = 199
Stack Dump = com.ibm.ws.exception.WsException: DSRA8100E: Unable to get a PooledConnection from the DataSource. with SQL State : 08004 SQL Code : -4499
	at com.ibm.db2.jcc.am.dd.a(dd.java:321)
	at com.ibm.db2.jcc.am.dd.a(dd.java:430)
	at com.ibm.db2.jcc.t4.y.u(y.java:1860)
	at com.ibm.db2.jcc.t4.y.n(y.java:665)
	at com.ibm.db2.jcc.t4.y.a(y.java:472)
	at com.ibm.db2.jcc.t4.y.a(y.java:121)
	at com.ibm.db2.jcc.t4.b.c(b.java:1356)
	at com.ibm.db2.jcc.t4.b.b(b.java:1227)
	at com.ibm.db2.jcc.t4.b.b(b.java:794)
	at com.ibm.db2.jcc.t4.b.a(b.java:766)
	at com.ibm.db2.jcc.t4.b.a(b.java:422)
	at com.ibm.db2.jcc.t4.b.a(b.java:397)
	at com.ibm.db2.jcc.t4.b.<init>(b.java:335)
	at com.ibm.db2.jcc.DB2PooledConnection.<init>(DB2PooledConnection.java:84)
	at com.ibm.db2.jcc.DB2ConnectionPoolDataSource.getPooledConnectionX(DB2ConnectionPoolDataSource.java:348)
	at com.ibm.db2.jcc.DB2ConnectionPoolDataSource.getPooledConnection(DB2ConnectionPoolDataSource.java:131)
	at com.ibm.ws.rsadapter.spi.InternalGenericDataStoreHelper$1.run(InternalGenericDataStoreHelper.java:1198)
	at java.security.AccessController.doPrivileged(Native Method)
	at com.ibm.ws.rsadapter.spi.InternalGenericDataStoreHelper.getPooledConnection(InternalGenericDataStoreHelper.java:1214)
	at com.ibm.ws.rsadapter.spi.InternalDB2UniversalDataStoreHelper.getPooledConnection(InternalDB2UniversalDataStoreHelper.java:1510)
	at com.ibm.ws.rsadapter.spi.WSRdbDataSource.getPooledConnection(WSRdbDataSource.java:332)
	at com.ibm.ws.rsadapter.spi.WSManagedConnectionFactoryImpl.getConnection(WSManagedConnectionFactoryImpl.java:1216)
	at com.ibm.ws.rsadapter.spi.WSManagedConnectionFactoryImpl.createManagedConnection(WSManagedConnectionFactoryImpl.java:966)
	at com.ibm.ws.rsadapter.spi.WSManagedConnectionFactoryImpl.createManagedConnection(WSManagedConnectionFactoryImpl.java:651)
	at com.ibm.ejs.j2c.FreePool.createManagedConnectionWithMCWrapper(FreePool.java:1744)
	at com.ibm.ejs.j2c.FreePool.createOrWaitForConnection(FreePool.java:1488)
	at com.ibm.ejs.j2c.PoolManager.reserve(PoolManager.java:2992)
	at com.ibm.ejs.j2c.PoolManager.reserve(PoolManager.java:2333)
	at com.ibm.ejs.j2c.ConnectionManager.allocateMCWrapper(ConnectionManager.java:1122)
	at com.ibm.ejs.j2c.ConnectionManager.allocateConnection(ConnectionManager.java:689)
	at com.ibm.ws.rsadapter.jdbc.WSJdbcDataSource.getConnection(WSJdbcDataSource.java:354)
	at com.ibm.ws.rsadapter.jdbc.WSJdbcDataSource.getConnection(WSJdbcDataSource.java:325)
	at org.eclipse.persistence.sessions.JNDIConnector.connect(JNDIConnector.java:135)
	at org.eclipse.persistence.sessions.DatasourceLogin.connectToDatasource(DatasourceLogin.java:162)
	at org.eclipse.persistence.internal.sessions.DatabaseSessionImpl.setOrDetectDatasource(DatabaseSessionImpl.java:212)
	at org.eclipse.persistence.internal.sessions.DatabaseSessionImpl.loginAndDetectDatasource(DatabaseSessionImpl.java:764)
	at org.eclipse.persistence.internal.jpa.EntityManagerFactoryProvider.login(EntityManagerFactoryProvider.java:253)
	at org.eclipse.persistence.internal.jpa.EntityManagerSetupImpl.deploy(EntityManagerSetupImpl.java:750)
	at org.eclipse.persistence.internal.jpa.EntityManagerFactoryDelegate.getAbstractSession(EntityManagerFactoryDelegate.java:205)
	at org.eclipse.persistence.internal.jpa.EntityManagerFactoryDelegate.createEntityManagerImpl(EntityManagerFactoryDelegate.java:305)
	at org.eclipse.persistence.internal.jpa.EntityManagerFactoryImpl.createEntityManagerImpl(EntityManagerFactoryImpl.java:337)
	at org.eclipse.persistence.internal.jpa.EntityManagerFactoryImpl.createEntityManager(EntityManagerFactoryImpl.java:318)
	at com.ibm.ws.jpa.container.v21.internal.JPA21Runtime.createEntityManagerInstance(JPA21Runtime.java:104)
	at com.ibm.ws.jpa.management.JPAEMPool.getEntityManager(JPAEMPool.java:177)
	at com.ibm.ws.jpa.management.JPATxEntityManager.getEMInvocationInfo(JPATxEntityManager.java:256)
	at com.ibm.ws.jpa.management.JPATxEntityManager.getEMInvocationInfo(JPATxEntityManager.java:166)
	at com.ibm.ws.jpa.management.JPAEntityManager.createQuery(JPAEntityManager.java:348)
	at com.rp.customer.dao.jpa.CustomerDao.getCustomerList(CustomerDao.java:23)
	at com.rp.customer.service.CustomerService.getCustomers(CustomerService.java:48)
	at sun.reflect.NativeMethodAccessorImpl.invoke0(Native Method)
	at sun.reflect.NativeMethodAccessorImpl.invoke(NativeMethodAccessorImpl.java:62)
	at sun.reflect.DelegatingMethodAccessorImpl.invoke(DelegatingMethodAccessorImpl.java:43)
	at java.lang.reflect.Method.invoke(Method.java:497)
	at com.ibm.ws.jaxrs20.server.LibertyJaxRsServerFactoryBean.performInvocation(LibertyJaxRsServerFactoryBean.java:636)
	at com.ibm.ws.jaxrs20.server.LibertyJaxRsInvoker.performInvocation(LibertyJaxRsInvoker.java:115)
	at org.apache.cxf.service.invoker.AbstractInvoker.invoke(AbstractInvoker.java:97)
	at com.ibm.ws.jaxrs20.server.LibertyJaxRsInvoker.invoke(LibertyJaxRsInvoker.java:210)
	at org.apache.cxf.jaxrs.JAXRSInvoker.invoke(JAXRSInvoker.java:200)
	at com.ibm.ws.jaxrs20.server.LibertyJaxRsInvoker.invoke(LibertyJaxRsInvoker.java:381)
	at org.apache.cxf.jaxrs.JAXRSInvoker.invoke(JAXRSInvoker.java:99)
	at org.apache.cxf.interceptor.ServiceInvokerInterceptor$1.run(ServiceInvokerInterceptor.java:59)
	at org.apache.cxf.interceptor.ServiceInvokerInterceptor.handleMessage(ServiceInvokerInterceptor.java:96)
	at org.apache.cxf.phase.PhaseInterceptorChain.doIntercept(PhaseInterceptorChain.java:307)
	at org.apache.cxf.transport.ChainInitiationObserver.onMessage(ChainInitiationObserver.java:124)
	at org.apache.cxf.transport.http.AbstractHTTPDestination.invoke(AbstractHTTPDestination.java:256)
	at com.ibm.ws.jaxrs20.endpoint.AbstractJaxRsWebEndpoint.invoke(AbstractJaxRsWebEndpoint.java:134)
	at com.ibm.websphere.jaxrs.server.IBMRestServlet.handleRequest(IBMRestServlet.java:149)
	at com.ibm.websphere.jaxrs.server.IBMRestServlet.doGet(IBMRestServlet.java:115)
	at javax.servlet.http.HttpServlet.service(HttpServlet.java:687)
	at com.ibm.websphere.jaxrs.server.IBMRestServlet.service(IBMRestServlet.java:99)
	at com.ibm.ws.webcontainer.servlet.ServletWrapper.service(ServletWrapper.java:1287)
	at com.ibm.ws.webcontainer.servlet.ServletWrapper.handleRequest(ServletWrapper.java:778)
	at com.ibm.ws.webcontainer.servlet.ServletWrapper.handleRequest(ServletWrapper.java:475)
	at com.ibm.ws.webcontainer.filter.WebAppFilterManager.invokeFilters(WebAppFilterManager.java:1157)
	at com.ibm.ws.webcontainer.webapp.WebApp.handleRequest(WebApp.java:4867)
	at com.ibm.ws.webcontainer31.osgi.webapp.WebApp31.handleRequest(WebApp31.java:525)
	at com.ibm.ws.webcontainer.osgi.DynamicVirtualHost$2.handleRequest(DynamicVirtualHost.java:297)
	at com.ibm.ws.webcontainer.WebContainer.handleRequest(WebContainer.java:997)
	at com.ibm.ws.webcontainer.osgi.DynamicVirtualHost$2.run(DynamicVirtualHost.java:262)
	at com.ibm.ws.http.dispatcher.internal.channel.HttpDispatcherLink$TaskWrapper.run(HttpDispatcherLink.java:955)
	at com.ibm.ws.http.dispatcher.internal.channel.HttpDispatcherLink.ready(HttpDispatcherLink.java:341)
	at com.ibm.ws.http.channel.internal.inbound.HttpInboundLink.handleDiscrimination(HttpInboundLink.java:470)
	at com.ibm.ws.http.channel.internal.inbound.HttpInboundLink.handleNewRequest(HttpInboundLink.java:404)
	at com.ibm.ws.http.channel.internal.inbound.HttpInboundLink.processRequest(HttpInboundLink.java:284)
	at com.ibm.ws.http.channel.internal.inbound.HttpICLReadCallback.complete(HttpICLReadCallback.java:66)
	at com.ibm.ws.tcpchannel.internal.WorkQueueManager.requestComplete(WorkQueueManager.java:504)
	at com.ibm.ws.tcpchannel.internal.WorkQueueManager.attemptIO(WorkQueueManager.java:574)
	at com.ibm.ws.tcpchannel.internal.WorkQueueManager.workerRun(WorkQueueManager.java:929)
	at com.ibm.ws.tcpchannel.internal.WorkQueueManager$Worker.run(WorkQueueManager.java:1018)
	at java.util.concurrent.ThreadPoolExecutor.runWorker(ThreadPoolExecutor.java:1142)
	at java.util.concurrent.ThreadPoolExecutor$Worker.run(ThreadPoolExecutor.java:617)
	at java.lang.Thread.run(Thread.java:745)
Caused by: java.sql.SQLException: [jcc][t4][2057][11264][3.66.46] The application server rejected establishment of the connection.
An attempt was made to access a database, I_098302, which was either not found or does not support transactions. ERRORCODE=-4499, SQLSTATE=08004 DSRA0010E: SQL State = 08004, Error Code = -4,499
	... 92 more

Dump of callerThis
Object type = com.ibm.ejs.j2c.FreePool
  tc = class com.ibm.websphere.ras.TraceComponent@6e1dfdb9
    strings[0] = "TraceComponent[com.ibm.ejs.j2c.FreePool,class com.ibm.ejs.j2c.FreePool,[WAS.j2c],com.ibm.ws.j2c.resources.J2CAMessages,null]"
  mcWrapperList = class com.ibm.ejs.j2c.MCWrapperList@1471fea2
    serialVersionUID = -4093886924342827512
    serialVersionUID = 8683452581122892189
    DEFAULT_CAPACITY = 10
    EMPTY_ELEMENTDATA = class java.lang.Object[0]
    DEFAULTCAPACITY_EMPTY_ELEMENTDATA = class java.lang.Object[0]
    elementData = class java.lang.Object[50]
      elementData[0] = null
      elementData[1] = null
      elementData[2] = null
      elementData[3] = null
      elementData[4] = null
      elementData[5] = null
      elementData[6] = null
      elementData[7] = null
      elementData[8] = null
      elementData[9] = null
      elementData[10] = null
      elementData[11] = null
      elementData[12] = null
      elementData[13] = null
      elementData[14] = null
      elementData[15] = null
      elementData[16] = null
      elementData[17] = null
      elementData[18] = null
      elementData[19] = null
      elementData[20] = null
      elementData[21] = null
      elementData[22] = null
      elementData[23] = null
      elementData[24] = null
      elementData[25] = null
      elementData[26] = null
      elementData[27] = null
      elementData[28] = null
      elementData[29] = null
      elementData[30] = null
      elementData[31] = null
      elementData[32] = null
      elementData[33] = null
      elementData[34] = null
      elementData[35] = null
      elementData[36] = null
      elementData[37] = null
      elementData[38] = null
      elementData[39] = null
      elementData[40] = null
      elementData[41] = null
      elementData[42] = null
      elementData[43] = null
      elementData[44] = null
      elementData[45] = null
      elementData[46] = null
      elementData[47] = null
      elementData[48] = null
      elementData[49] = null
    size = 0
    MAX_ARRAY_SIZE = 2147483639
    modCount = 0
    MAX_ARRAY_SIZE = 2147483639
  _mcWrapperPool = class com.ibm.ejs.j2c.MCWrapperPool@42b52ece
    tc = class com.ibm.websphere.ras.TraceComponent@3131183c
      strings[0] = "TraceComponent[com.ibm.ejs.j2c.MCWrapperPool,class com.ibm.ejs.j2c.MCWrapperPool,[WAS.j2c],com.ibm.ws.j2c.resources.J2CAMessages,null]"
    pm = class com.ibm.ejs.j2c.PoolManager@61326fe3
    initialSize = 50
    pool = class java.util.ArrayList@343d38bf
      serialVersionUID = 8683452581122892189
      DEFAULT_CAPACITY = 10
      EMPTY_ELEMENTDATA = class java.lang.Object[0]
      DEFAULTCAPACITY_EMPTY_ELEMENTDATA = class java.lang.Object[0]
      elementData = class java.lang.Object[50]
      size = 0
      MAX_ARRAY_SIZE = 2147483639
      modCount = 0
      MAX_ARRAY_SIZE = 2147483639
    gConfigProps = class com.ibm.ejs.j2c.J2CGlobalConfigProperties@33368055
  nl = "
"
  freeConnectionLockObject = {} /* array length = 0*/
  pm = class com.ibm.ejs.j2c.PoolManager@61326fe3
    tc = class com.ibm.websphere.ras.TraceComponent@3037788f
      strings[0] = "TraceComponent[com.ibm.ejs.j2c.PoolManager,class com.ibm.ejs.j2c.PoolManager,[WAS.j2c],com.ibm.ws.j2c.resources.J2CAMessages,null]"
    alertResourceBundleName = "com.ibm.ws.j2c.resources.J2CAMessages"
    alertLogger = null
    ERROR_CONNECTION_POOL_IS_PAUSED = 2147117569
    nl = "
"
    alertAgent = null
    connectorSvc = class com.ibm.ejs.j2c.ConnectorServiceImpl@4c523c3e
      tc = class com.ibm.websphere.ras.TraceComponent@1f9fc649
      authDataServiceRef = class com.ibm.wsspi.kernel.service.utils.AtomicServiceReference@3a4debbb
      deferrableSchedXSvcRef = class com.ibm.wsspi.kernel.service.utils.AtomicServiceReference@52ab2c25
      execSvcRef = class com.ibm.wsspi.kernel.service.utils.AtomicServiceReference@54071417
      nonDeferrableSchedXSvcRef = class com.ibm.wsspi.kernel.service.utils.AtomicServiceReference@1477bace
      rrsXAResFactorySvcRef = class com.ibm.wsspi.kernel.service.utils.AtomicServiceReference@41b28bc8
      transactionManager = class com.ibm.ws.transaction.services.TransactionManagerService@4a734ddf
      variableRegistrySvcRef = class com.ibm.wsspi.kernel.service.utils.AtomicServiceReference@26b84f2a
      tc = class com.ibm.websphere.ras.TraceComponent@1e5b5f7f
      NLS = class com.ibm.ejs.ras.TraceNLS@5a09061c
    gConfigProps = class com.ibm.ejs.j2c.J2CGlobalConfigProperties@33368055
    _surgeTaskTimer = null
    _stuckTaskTimer = null
    reaperThreadStarted = false
    taskTimerLockObject = {} /* array length = 0*/
    _testConnectionTaskTimer = null
    waitSkip = 0
    displayInfiniteWaitMessage = false
    isAlternateResourceEnabled = false
    isAlternateResourceConfigured = false
    alternateResourceJNDIName = null
    failureNotificationActionCode = 0
    isFailureNotificationEnabled = false
    failureThreshold = 5
    alternateConnectionFactory = null
    alternateresourcelock = {} /* array length = 0*/
    isPartialResourceAdapterFailoverSupportEnabled = false
    resourceAvailabilityTestRetryInterval = 10
    tlsArrayLists = class java.util.concurrent.ConcurrentHashMap@4a43e2f9
      serialVersionUID = 7249069246763182397
      MAXIMUM_CAPACITY = 1073741824
      DEFAULT_CAPACITY = 16
      MAX_ARRAY_SIZE = 2147483639
      DEFAULT_CONCURRENCY_LEVEL = 16
      LOAD_FACTOR = 0.75
      TREEIFY_THRESHOLD = 8
      UNTREEIFY_THRESHOLD = 6
      MIN_TREEIFY_CAPACITY = 64
      MIN_TRANSFER_STRIDE = 16
      RESIZE_STAMP_BITS = 16
      MAX_RESIZERS = 65535
      RESIZE_STAMP_SHIFT = 16
      MOVED = -1
      TREEBIN = -2
      RESERVED = -3
      HASH_BITS = 2147483647
      NCPU = 8
      serialPersistentFields = class java.io.ObjectStreamField[3]
      table = null
      nextTable = null
      baseCount = 0
      sizeCtl = 0
      transferIndex = 0
      cellsBusy = 0
      counterCells = null
      keySet = null
      values = null
      entrySet = null
      U = class sun.misc.Unsafe@6a5ee85b
      SIZECTL = 20
      TRANSFERINDEX = 32
      BASECOUNT = 24
      CELLSBUSY = 36
      CELLVALUE = 144
      ABASE = 16
      ASHIFT = 2
      keySet = null
      values = null
    sharedPool = class com.ibm.ejs.j2c.SharedPool[200]
      sharedPool[0] = class com.ibm.ejs.j2c.SharedPool@33971ff6
      sharedPool[1] = class com.ibm.ejs.j2c.SharedPool@491af077
      sharedPool[2] = class com.ibm.ejs.j2c.SharedPool@143fc12b
      sharedPool[3] = class com.ibm.ejs.j2c.SharedPool@25951f07
      sharedPool[4] = class com.ibm.ejs.j2c.SharedPool@2ef6ccec
      sharedPool[5] = class com.ibm.ejs.j2c.SharedPool@30f1080d
      sharedPool[6] = class com.ibm.ejs.j2c.SharedPool@5aada1a1
      sharedPool[7] = class com.ibm.ejs.j2c.SharedPool@57cde0d4
      sharedPool[8] = class com.ibm.ejs.j2c.SharedPool@4f44d76d
      sharedPool[9] = class com.ibm.ejs.j2c.SharedPool@774d0fe8
      sharedPool[10] = class com.ibm.ejs.j2c.SharedPool@40da1809
      sharedPool[11] = class com.ibm.ejs.j2c.SharedPool@78298b86
      sharedPool[12] = class com.ibm.ejs.j2c.SharedPool@11bfd451
      sharedPool[13] = class com.ibm.ejs.j2c.SharedPool@e12bbc1
      sharedPool[14] = class com.ibm.ejs.j2c.SharedPool@1e18f05a
      sharedPool[15] = class com.ibm.ejs.j2c.SharedPool@2ad93da4
      sharedPool[16] = class com.ibm.ejs.j2c.SharedPool@45ab69f2
      sharedPool[17] = class com.ibm.ejs.j2c.SharedPool@5efc0e35
      sharedPool[18] = class com.ibm.ejs.j2c.SharedPool@7bfbf90
      sharedPool[19] = class com.ibm.ejs.j2c.SharedPool@64e886de
      sharedPool[20] = class com.ibm.ejs.j2c.SharedPool@7a928748
      sharedPool[21] = class com.ibm.ejs.j2c.SharedPool@44a1a389
      sharedPool[22] = class com.ibm.ejs.j2c.SharedPool@3e98c7b2
      sharedPool[23] = class com.ibm.ejs.j2c.SharedPool@1ee678c9
      sharedPool[24] = class com.ibm.ejs.j2c.SharedPool@70a0149a
      sharedPool[25] = class com.ibm.ejs.j2c.SharedPool@39d45cec
      sharedPool[26] = class com.ibm.ejs.j2c.SharedPool@4109a933
      sharedPool[27] = class com.ibm.ejs.j2c.SharedPool@6c04b1eb
      sharedPool[28] = class com.ibm.ejs.j2c.SharedPool@1cf07c35
      sharedPool[29] = class com.ibm.ejs.j2c.SharedPool@758607b
      sharedPool[30] = class com.ibm.ejs.j2c.SharedPool@b141192
      sharedPool[31] = class com.ibm.ejs.j2c.SharedPool@42d672f2
      sharedPool[32] = class com.ibm.ejs.j2c.SharedPool@5dd8bf49
      sharedPool[33] = class com.ibm.ejs.j2c.SharedPool@19475731
      sharedPool[34] = class com.ibm.ejs.j2c.SharedPool@32745d0a
      sharedPool[35] = class com.ibm.ejs.j2c.SharedPool@43c4f854
      sharedPool[36] = class com.ibm.ejs.j2c.SharedPool@5b7e3592
      sharedPool[37] = class com.ibm.ejs.j2c.SharedPool@78231f13
      sharedPool[38] = class com.ibm.ejs.j2c.SharedPool@682f9110
      sharedPool[39] = class com.ibm.ejs.j2c.SharedPool@ccdc219
      sharedPool[40] = class com.ibm.ejs.j2c.SharedPool@26b5a4b7
      sharedPool[41] = class com.ibm.ejs.j2c.SharedPool@468efcf5
      sharedPool[42] = class com.ibm.ejs.j2c.SharedPool@523d5225
      sharedPool[43] = class com.ibm.ejs.j2c.SharedPool@30029f71
      sharedPool[44] = class com.ibm.ejs.j2c.SharedPool@3b1915da
      sharedPool[45] = class com.ibm.ejs.j2c.SharedPool@ac13f18
      sharedPool[46] = class com.ibm.ejs.j2c.SharedPool@3255e81f
      sharedPool[47] = class com.ibm.ejs.j2c.SharedPool@16880033
      sharedPool[48] = class com.ibm.ejs.j2c.SharedPool@654c70fd
      sharedPool[49] = class com.ibm.ejs.j2c.SharedPool@6676bab3
      sharedPool[50] = class com.ibm.ejs.j2c.SharedPool@7bfeb372
      sharedPool[51] = class com.ibm.ejs.j2c.SharedPool@2d21bda6
      sharedPool[52] = class com.ibm.ejs.j2c.SharedPool@2becfb67
      sharedPool[53] = class com.ibm.ejs.j2c.SharedPool@789c6f8b
      sharedPool[54] = class com.ibm.ejs.j2c.SharedPool@76f726c9
      sharedPool[55] = class com.ibm.ejs.j2c.SharedPool@569b693c
      sharedPool[56] = class com.ibm.ejs.j2c.SharedPool@1a60874b
      sharedPool[57] = class com.ibm.ejs.j2c.SharedPool@11b53bb
      sharedPool[58] = class com.ibm.ejs.j2c.SharedPool@4e15ec3f
      sharedPool[59] = class com.ibm.ejs.j2c.SharedPool@43cabe48
      sharedPool[60] = class com.ibm.ejs.j2c.SharedPool@5d8e33a5
      sharedPool[61] = class com.ibm.ejs.j2c.SharedPool@6533524
      sharedPool[62] = class com.ibm.ejs.j2c.SharedPool@67c655c5
      sharedPool[63] = class com.ibm.ejs.j2c.SharedPool@71e88f8b
      sharedPool[64] = class com.ibm.ejs.j2c.SharedPool@5dd79908
      sharedPool[65] = class com.ibm.ejs.j2c.SharedPool@42b26d83
      sharedPool[66] = class com.ibm.ejs.j2c.SharedPool@170f706d
      sharedPool[67] = class com.ibm.ejs.j2c.SharedPool@222e21d0
      sharedPool[68] = class com.ibm.ejs.j2c.SharedPool@4350e344
      sharedPool[69] = class com.ibm.ejs.j2c.SharedPool@125f40d8
      sharedPool[70] = class com.ibm.ejs.j2c.SharedPool@7e3fc6e6
      sharedPool[71] = class com.ibm.ejs.j2c.SharedPool@2d4c4850
      sharedPool[72] = class com.ibm.ejs.j2c.SharedPool@69c2c47e
      sharedPool[73] = class com.ibm.ejs.j2c.SharedPool@1f3001e
      sharedPool[74] = class com.ibm.ejs.j2c.SharedPool@17bee30
      sharedPool[75] = class com.ibm.ejs.j2c.SharedPool@4e3a2887
      sharedPool[76] = class com.ibm.ejs.j2c.SharedPool@3124f40a
      sharedPool[77] = class com.ibm.ejs.j2c.SharedPool@28cee1c0
      sharedPool[78] = class com.ibm.ejs.j2c.SharedPool@761a9087
      sharedPool[79] = class com.ibm.ejs.j2c.SharedPool@69fbf0d3
      sharedPool[80] = class com.ibm.ejs.j2c.SharedPool@7fe9cd42
      sharedPool[81] = class com.ibm.ejs.j2c.SharedPool@20f6e39e
      sharedPool[82] = class com.ibm.ejs.j2c.SharedPool@2cac1af
      sharedPool[83] = class com.ibm.ejs.j2c.SharedPool@3481d44d
      sharedPool[84] = class com.ibm.ejs.j2c.SharedPool@5338c42
      sharedPool[85] = class com.ibm.ejs.j2c.SharedPool@12ce7569
      sharedPool[86] = class com.ibm.ejs.j2c.SharedPool@465d0926
      sharedPool[87] = class com.ibm.ejs.j2c.SharedPool@7c449e1c
      sharedPool[88] = class com.ibm.ejs.j2c.SharedPool@658c5c4a
      sharedPool[89] = class com.ibm.ejs.j2c.SharedPool@48818af
      sharedPool[90] = class com.ibm.ejs.j2c.SharedPool@2a322521
      sharedPool[91] = class com.ibm.ejs.j2c.SharedPool@72deea05
      sharedPool[92] = class com.ibm.ejs.j2c.SharedPool@75378618
      sharedPool[93] = class com.ibm.ejs.j2c.SharedPool@31beb571
      sharedPool[94] = class com.ibm.ejs.j2c.SharedPool@a1e854a
      sharedPool[95] = class com.ibm.ejs.j2c.SharedPool@f15d8ce
      sharedPool[96] = class com.ibm.ejs.j2c.SharedPool@465b9872
      sharedPool[97] = class com.ibm.ejs.j2c.SharedPool@28ab8f5
      sharedPool[98] = class com.ibm.ejs.j2c.SharedPool@7cc0493b
      sharedPool[99] = class com.ibm.ejs.j2c.SharedPool@5db22dc5
      sharedPool[100] = class com.ibm.ejs.j2c.SharedPool@47b0b609
      sharedPool[101] = class com.ibm.ejs.j2c.SharedPool@102af31a
      sharedPool[102] = class com.ibm.ejs.j2c.SharedPool@6e5de9b5
      sharedPool[103] = class com.ibm.ejs.j2c.SharedPool@224d2dbe
      sharedPool[104] = class com.ibm.ejs.j2c.SharedPool@600fd700
      sharedPool[105] = class com.ibm.ejs.j2c.SharedPool@27fa4a38
      sharedPool[106] = class com.ibm.ejs.j2c.SharedPool@26eb1f33
      sharedPool[107] = class com.ibm.ejs.j2c.SharedPool@6d80e68d
      sharedPool[108] = class com.ibm.ejs.j2c.SharedPool@73298bea
      sharedPool[109] = class com.ibm.ejs.j2c.SharedPool@677a43d
      sharedPool[110] = class com.ibm.ejs.j2c.SharedPool@781b2147
      sharedPool[111] = class com.ibm.ejs.j2c.SharedPool@12c50447
      sharedPool[112] = class com.ibm.ejs.j2c.SharedPool@2d8cbb2e
      sharedPool[113] = class com.ibm.ejs.j2c.SharedPool@16e1b4ee
      sharedPool[114] = class com.ibm.ejs.j2c.SharedPool@37d1ae6c
      sharedPool[115] = class com.ibm.ejs.j2c.SharedPool@d8c63ed
      sharedPool[116] = class com.ibm.ejs.j2c.SharedPool@4511fcb9
      sharedPool[117] = class com.ibm.ejs.j2c.SharedPool@5ecc6631
      sharedPool[118] = class com.ibm.ejs.j2c.SharedPool@6454014a
      sharedPool[119] = class com.ibm.ejs.j2c.SharedPool@aa99526
      sharedPool[120] = class com.ibm.ejs.j2c.SharedPool@401754fe
      sharedPool[121] = class com.ibm.ejs.j2c.SharedPool@7dd74f23
      sharedPool[122] = class com.ibm.ejs.j2c.SharedPool@394d4f82
      sharedPool[123] = class com.ibm.ejs.j2c.SharedPool@7f0bfd28
      sharedPool[124] = class com.ibm.ejs.j2c.SharedPool@541f693
      sharedPool[125] = class com.ibm.ejs.j2c.SharedPool@42280f4f
      sharedPool[126] = class com.ibm.ejs.j2c.SharedPool@11ca79d7
      sharedPool[127] = class com.ibm.ejs.j2c.SharedPool@3188247b
      sharedPool[128] = class com.ibm.ejs.j2c.SharedPool@3b77a9b7
      sharedPool[129] = class com.ibm.ejs.j2c.SharedPool@39a79be1
      sharedPool[130] = class com.ibm.ejs.j2c.SharedPool@7be159c3
      sharedPool[131] = class com.ibm.ejs.j2c.SharedPool@bba0138
      sharedPool[132] = class com.ibm.ejs.j2c.SharedPool@d863be9
      sharedPool[133] = class com.ibm.ejs.j2c.SharedPool@8fbc12b
      sharedPool[134] = class com.ibm.ejs.j2c.SharedPool@79a5beb6
      sharedPool[135] = class com.ibm.ejs.j2c.SharedPool@224dd37b
      sharedPool[136] = class com.ibm.ejs.j2c.SharedPool@1ea8eda8
      sharedPool[137] = class com.ibm.ejs.j2c.SharedPool@480c85cf
      sharedPool[138] = class com.ibm.ejs.j2c.SharedPool@1c88d276
      sharedPool[139] = class com.ibm.ejs.j2c.SharedPool@50921c97
      sharedPool[140] = class com.ibm.ejs.j2c.SharedPool@90e7e80
      sharedPool[141] = class com.ibm.ejs.j2c.SharedPool@2500a093
      sharedPool[142] = class com.ibm.ejs.j2c.SharedPool@7fc1dd27
      sharedPool[143] = class com.ibm.ejs.j2c.SharedPool@3f7710ec
      sharedPool[144] = class com.ibm.ejs.j2c.SharedPool@45f793fc
      sharedPool[145] = class com.ibm.ejs.j2c.SharedPool@65d3a7e9
      sharedPool[146] = class com.ibm.ejs.j2c.SharedPool@140a6691
      sharedPool[147] = class com.ibm.ejs.j2c.SharedPool@137df48c
      sharedPool[148] = class com.ibm.ejs.j2c.SharedPool@6aeced6c
      sharedPool[149] = class com.ibm.ejs.j2c.SharedPool@12f8f337
      sharedPool[150] = class com.ibm.ejs.j2c.SharedPool@55012117
      sharedPool[151] = class com.ibm.ejs.j2c.SharedPool@292476af
      sharedPool[152] = class com.ibm.ejs.j2c.SharedPool@242e796a
      sharedPool[153] = class com.ibm.ejs.j2c.SharedPool@719a4793
      sharedPool[154] = class com.ibm.ejs.j2c.SharedPool@2d4fd92e
      sharedPool[155] = class com.ibm.ejs.j2c.SharedPool@27d45326
      sharedPool[156] = class com.ibm.ejs.j2c.SharedPool@70e68b9f
      sharedPool[157] = class com.ibm.ejs.j2c.SharedPool@53e3fccf
      sharedPool[158] = class com.ibm.ejs.j2c.SharedPool@b6c934
      sharedPool[159] = class com.ibm.ejs.j2c.SharedPool@5fee767
      sharedPool[160] = class com.ibm.ejs.j2c.SharedPool@41002e34
      sharedPool[161] = class com.ibm.ejs.j2c.SharedPool@dc9a75f
      sharedPool[162] = class com.ibm.ejs.j2c.SharedPool@3b8020bb
      sharedPool[163] = class com.ibm.ejs.j2c.SharedPool@49b73d73
      sharedPool[164] = class com.ibm.ejs.j2c.SharedPool@986dbff
      sharedPool[165] = class com.ibm.ejs.j2c.SharedPool@49b566cf
      sharedPool[166] = class com.ibm.ejs.j2c.SharedPool@730a12ba
      sharedPool[167] = class com.ibm.ejs.j2c.SharedPool@326e50d
      sharedPool[168] = class com.ibm.ejs.j2c.SharedPool@3cc09fb5
      sharedPool[169] = class com.ibm.ejs.j2c.SharedPool@5ea115fc
      sharedPool[170] = class com.ibm.ejs.j2c.SharedPool@7d1d4350
      sharedPool[171] = class com.ibm.ejs.j2c.SharedPool@4927cf73
      sharedPool[172] = class com.ibm.ejs.j2c.SharedPool@71a2ccd5
      sharedPool[173] = class com.ibm.ejs.j2c.SharedPool@27fa29e8
      sharedPool[174] = class com.ibm.ejs.j2c.SharedPool@306af984
      sharedPool[175] = class com.ibm.ejs.j2c.SharedPool@4741f4ad
      sharedPool[176] = class com.ibm.ejs.j2c.SharedPool@20625cf4
      sharedPool[177] = class com.ibm.ejs.j2c.SharedPool@56a19479
      sharedPool[178] = class com.ibm.ejs.j2c.SharedPool@3160f1f0
      sharedPool[179] = class com.ibm.ejs.j2c.SharedPool@79cc9fed
      sharedPool[180] = class com.ibm.ejs.j2c.SharedPool@4bfbf9dc
      sharedPool[181] = class com.ibm.ejs.j2c.SharedPool@1123ae86
      sharedPool[182] = class com.ibm.ejs.j2c.SharedPool@277a2223
      sharedPool[183] = class com.ibm.ejs.j2c.SharedPool@3ad4e2d6
      sharedPool[184] = class com.ibm.ejs.j2c.SharedPool@2e75d949
      sharedPool[185] = class com.ibm.ejs.j2c.SharedPool@22ae159f
      sharedPool[186] = class com.ibm.ejs.j2c.SharedPool@543350d3
      sharedPool[187] = class com.ibm.ejs.j2c.SharedPool@49eccad1
      sharedPool[188] = class com.ibm.ejs.j2c.SharedPool@49d3ed34
      sharedPool[189] = class com.ibm.ejs.j2c.SharedPool@1b031b7c
      sharedPool[190] = class com.ibm.ejs.j2c.SharedPool@55786507
      sharedPool[191] = class com.ibm.ejs.j2c.SharedPool@7aed873b
      sharedPool[192] = class com.ibm.ejs.j2c.SharedPool@2c016f1f
      sharedPool[193] = class com.ibm.ejs.j2c.SharedPool@2fda5918
      sharedPool[194] = class com.ibm.ejs.j2c.SharedPool@399c41b9
      sharedPool[195] = class com.ibm.ejs.j2c.SharedPool@2fdeddee
      sharedPool[196] = class com.ibm.ejs.j2c.SharedPool@800369d
      sharedPool[197] = class com.ibm.ejs.j2c.SharedPool@756fac1c
      sharedPool[198] = class com.ibm.ejs.j2c.SharedPool@2ea5aa81
      sharedPool[199] = class com.ibm.ejs.j2c.SharedPool@774d2316
    freePool = class [Lcom.ibm.ejs.j2c.FreePool;[100]
      freePool[0] = class com.ibm.ejs.j2c.FreePool[1]
      freePool[1] = class com.ibm.ejs.j2c.FreePool[1]
      freePool[2] = class com.ibm.ejs.j2c.FreePool[1]
      freePool[3] = class com.ibm.ejs.j2c.FreePool[1]
      freePool[4] = class com.ibm.ejs.j2c.FreePool[1]
      freePool[5] = class com.ibm.ejs.j2c.FreePool[1]
      freePool[6] = class com.ibm.ejs.j2c.FreePool[1]
      freePool[7] = class com.ibm.ejs.j2c.FreePool[1]
      freePool[8] = class com.ibm.ejs.j2c.FreePool[1]
      freePool[9] = class com.ibm.ejs.j2c.FreePool[1]
      freePool[10] = class com.ibm.ejs.j2c.FreePool[1]
      freePool[11] = class com.ibm.ejs.j2c.FreePool[1]
      freePool[12] = class com.ibm.ejs.j2c.FreePool[1]
      freePool[13] = class com.ibm.ejs.j2c.FreePool[1]
      freePool[14] = class com.ibm.ejs.j2c.FreePool[1]
      freePool[15] = class com.ibm.ejs.j2c.FreePool[1]
      freePool[16] = class com.ibm.ejs.j2c.FreePool[1]
      freePool[17] = class com.ibm.ejs.j2c.FreePool[1]
      freePool[18] = class com.ibm.ejs.j2c.FreePool[1]
      freePool[19] = class com.ibm.ejs.j2c.FreePool[1]
      freePool[20] = class com.ibm.ejs.j2c.FreePool[1]
      freePool[21] = class com.ibm.ejs.j2c.FreePool[1]
      freePool[22] = class com.ibm.ejs.j2c.FreePool[1]
      freePool[23] = class com.ibm.ejs.j2c.FreePool[1]
      freePool[24] = class com.ibm.ejs.j2c.FreePool[1]
      freePool[25] = class com.ibm.ejs.j2c.FreePool[1]
      freePool[26] = class com.ibm.ejs.j2c.FreePool[1]
      freePool[27] = class com.ibm.ejs.j2c.FreePool[1]
      freePool[28] = class com.ibm.ejs.j2c.FreePool[1]
      freePool[29] = class com.ibm.ejs.j2c.FreePool[1]
      freePool[30] = class com.ibm.ejs.j2c.FreePool[1]
      freePool[31] = class com.ibm.ejs.j2c.FreePool[1]
      freePool[32] = class com.ibm.ejs.j2c.FreePool[1]
      freePool[33] = class com.ibm.ejs.j2c.FreePool[1]
      freePool[34] = class com.ibm.ejs.j2c.FreePool[1]
      freePool[35] = class com.ibm.ejs.j2c.FreePool[1]
      freePool[36] = class com.ibm.ejs.j2c.FreePool[1]
      freePool[37] = class com.ibm.ejs.j2c.FreePool[1]
      freePool[38] = class com.ibm.ejs.j2c.FreePool[1]
      freePool[39] = class com.ibm.ejs.j2c.FreePool[1]
      freePool[40] = class com.ibm.ejs.j2c.FreePool[1]
      freePool[41] = class com.ibm.ejs.j2c.FreePool[1]
      freePool[42] = class com.ibm.ejs.j2c.FreePool[1]
      freePool[43] = class com.ibm.ejs.j2c.FreePool[1]
      freePool[44] = class com.ibm.ejs.j2c.FreePool[1]
      freePool[45] = class com.ibm.ejs.j2c.FreePool[1]
      freePool[46] = class com.ibm.ejs.j2c.FreePool[1]
      freePool[47] = class com.ibm.ejs.j2c.FreePool[1]
      freePool[48] = class com.ibm.ejs.j2c.FreePool[1]
      freePool[49] = class com.ibm.ejs.j2c.FreePool[1]
      freePool[50] = class com.ibm.ejs.j2c.FreePool[1]
      freePool[51] = class com.ibm.ejs.j2c.FreePool[1]
      freePool[52] = class com.ibm.ejs.j2c.FreePool[1]
      freePool[53] = class com.ibm.ejs.j2c.FreePool[1]
      freePool[54] = class com.ibm.ejs.j2c.FreePool[1]
      freePool[55] = class com.ibm.ejs.j2c.FreePool[1]
      freePool[56] = class com.ibm.ejs.j2c.FreePool[1]
      freePool[57] = class com.ibm.ejs.j2c.FreePool[1]
      freePool[58] = class com.ibm.ejs.j2c.FreePool[1]
      freePool[59] = class com.ibm.ejs.j2c.FreePool[1]
      freePool[60] = class com.ibm.ejs.j2c.FreePool[1]
      freePool[61] = class com.ibm.ejs.j2c.FreePool[1]
      freePool[62] = class com.ibm.ejs.j2c.FreePool[1]
      freePool[63] = class com.ibm.ejs.j2c.FreePool[1]
      freePool[64] = class com.ibm.ejs.j2c.FreePool[1]
      freePool[65] = class com.ibm.ejs.j2c.FreePool[1]
      freePool[66] = class com.ibm.ejs.j2c.FreePool[1]
      freePool[67] = class com.ibm.ejs.j2c.FreePool[1]
      freePool[68] = class com.ibm.ejs.j2c.FreePool[1]
      freePool[69] = class com.ibm.ejs.j2c.FreePool[1]
      freePool[70] = class com.ibm.ejs.j2c.FreePool[1]
      freePool[71] = class com.ibm.ejs.j2c.FreePool[1]
      freePool[72] = class com.ibm.ejs.j2c.FreePool[1]
      freePool[73] = class com.ibm.ejs.j2c.FreePool[1]
      freePool[74] = class com.ibm.ejs.j2c.FreePool[1]
      freePool[75] = class com.ibm.ejs.j2c.FreePool[1]
      freePool[76] = class com.ibm.ejs.j2c.FreePool[1]
      freePool[77] = class com.ibm.ejs.j2c.FreePool[1]
      freePool[78] = class com.ibm.ejs.j2c.FreePool[1]
      freePool[79] = class com.ibm.ejs.j2c.FreePool[1]
      freePool[80] = class com.ibm.ejs.j2c.FreePool[1]
      freePool[81] = class com.ibm.ejs.j2c.FreePool[1]
      freePool[82] = class com.ibm.ejs.j2c.FreePool[1]
      freePool[83] = class com.ibm.ejs.j2c.FreePool[1]
      freePool[84] = class com.ibm.ejs.j2c.FreePool[1]
      freePool[85] = class com.ibm.ejs.j2c.FreePool[1]
      freePool[86] = class com.ibm.ejs.j2c.FreePool[1]
      freePool[87] = class com.ibm.ejs.j2c.FreePool[1]
      freePool[88] = class com.ibm.ejs.j2c.FreePool[1]
      freePool[89] = class com.ibm.ejs.j2c.FreePool[1]
      freePool[90] = class com.ibm.ejs.j2c.FreePool[1]
      freePool[91] = class com.ibm.ejs.j2c.FreePool[1]
      freePool[92] = class com.ibm.ejs.j2c.FreePool[1]
      freePool[93] = class com.ibm.ejs.j2c.FreePool[1]
      freePool[94] = class com.ibm.ejs.j2c.FreePool[1]
      freePool[95] = class com.ibm.ejs.j2c.FreePool[1]
      freePool[96] = class com.ibm.ejs.j2c.FreePool[1]
      freePool[97] = class com.ibm.ejs.j2c.FreePool[1]
      freePool[98] = class com.ibm.ejs.j2c.FreePool[1]
      freePool[99] = class com.ibm.ejs.j2c.FreePool[1]
    mcWrapperPool = class com.ibm.ejs.j2c.MCWrapperPool@42b52ece
    mcWrapperWaiterList = class com.ibm.ejs.j2c.MCWrapperList@3209bb3c
      serialVersionUID = -4093886924342827512
      serialVersionUID = 8683452581122892189
      DEFAULT_CAPACITY = 10
      EMPTY_ELEMENTDATA = class java.lang.Object[0]
      DEFAULTCAPACITY_EMPTY_ELEMENTDATA = class java.lang.Object[0]
      elementData = class java.lang.Object[50]
      size = 0
      MAX_ARRAY_SIZE = 2147483639
      modCount = 0
      MAX_ARRAY_SIZE = 2147483639
    mcToMCWMap = class java.util.HashMap@6788c3ae
      serialVersionUID = 362498820763181265
      DEFAULT_INITIAL_CAPACITY = 16
      MAXIMUM_CAPACITY = 1073741824
      DEFAULT_LOAD_FACTOR = 0.75
      TREEIFY_THRESHOLD = 8
      UNTREEIFY_THRESHOLD = 6
      MIN_TREEIFY_CAPACITY = 64
      table = null
      entrySet = null
      size = 0
      modCount = 0
      threshold = 64
      loadFactor = 0.75
      keySet = null
      values = null
    rwl = class java.util.concurrent.locks.ReentrantReadWriteLock@45a41571
      serialVersionUID = -6992448646407690164
      readerLock = class java.util.concurrent.locks.ReentrantReadWriteLock$ReadLock@14db6a2e
      writerLock = class java.util.concurrent.locks.ReentrantReadWriteLock$WriteLock@6b74e3d2
      sync = class java.util.concurrent.locks.ReentrantReadWriteLock$NonfairSync@4808b6f1
      UNSAFE = class sun.misc.Unsafe@6a5ee85b
      TID_OFFSET = 40
    mcToMCWMapRead = class java.util.concurrent.locks.ReentrantReadWriteLock$ReadLock@14db6a2e
      serialVersionUID = -5992448646407690164
      sync = class java.util.concurrent.locks.ReentrantReadWriteLock$NonfairSync@4808b6f1
    mcToMCWMapWrite = class java.util.concurrent.locks.ReentrantReadWriteLock$WriteLock@6b74e3d2
      serialVersionUID = -4992448646407690164
      sync = class java.util.concurrent.locks.ReentrantReadWriteLock$NonfairSync@4808b6f1
    _bucketNumber = 0
    maxBucketNumber = 1073741823
    perfEnhancementEnabledNotSet = true
    perfEnhancementEnabled = false
    pmCounterLock = {} /* array length = 0*/
    destroyMCWrapperListLock = {} /* array length = 0*/
    totalConnectionCount = class java.util.concurrent.atomic.AtomicInteger@4a40c8a1
      serialVersionUID = 6214790243416807050
      unsafe = class sun.misc.Unsafe@6a5ee85b
      valueOffset = 12
      value = 1
      serialVersionUID = -8742448824652078965
    poolManagerBalancePoolLock = {} /* array length = 0*/
    waiterFreePoolLock = {} /* array length = 0*/
    waiterCount = 0
    allowConnectionRequests = true
    connectionPoolShutDown = false
    poolManagerTestConnectionLock = {} /* array length = 0*/
    _managedConnectionFactory = class com.ibm.ws.rsadapter.spi.WSManagedConnectionFactoryImpl@2faa4305
      strings[0] = "_______________________________________________________________________"
      strings[1] = ""
      strings[2] = "    First Failure Data Capture information for"
      strings[3] = "          com.ibm.ws.rsadapter.spi.WSManagedConnectionFactoryImpl@2faa4305"
      strings[4] = "_______________________________________________________________________"
      strings[5] = ""
      strings[6] = "com.ibm.ws.rsadapter.DSConfig@5db10502"
      strings[7] = "[beginTranForResultSetScrollingAPIs, true, beginTranForVendorAPIs, true, commitOrRollbackOnCleanup, null, connectionSharing, 0, isolationLevel, -1, jndiName, jdbc/rpozziBluemixSqlDb, queryTimeout, null, statementCacheSize, 10, supplementalJDBCTrace, null, syncQueryTimeoutWithTransactionTimeout, false, transactional, true, resultSetUnusableWhenNoMoreResults, false]"
      strings[8] = "[com.ibm.ws.classloading.internal.AppClassLoader@16061bc, true, ExceptionChecking, false, interface javax.sql.ConnectionPoolDataSource]"
      strings[9] = "{serverName=23.246.224.202, traceLevel=0, user=uirwowsr, databaseName=I_098302, retrieveMessagesFromServerOnGetMessage=true, driverType=4, dataSourceClass=com.ibm.db2.jcc.DB2ConnectionPoolDataSource, portNumber=50000, deferPrepares=true}"
      strings[10] = "Resource Adapter:"
      strings[11] = "  null
"
      strings[12] = "Database Type:"
      strings[13] = "  null
"
      strings[14] = "Description:"
      strings[15] = "  null
"
      strings[16] = "Log Writer:"
      strings[17] = "  null
"
      strings[18] = "Transaction Branches are set to be Loosely Coupled: "
      strings[19] = "  false
"
      strings[20] = "Counter of fatal connection errors on ManagedConnections created by this MCF:"
      strings[21] = "  0
"
      strings[22] = "Validate existing connections on cleanup after a fatal connection error is detected?"
      strings[23] = "  true
"
      strings[24] = "ResetConnectionByBackendDatabase: "
      strings[25] = "  false
"
      strings[26] = "Backend id checking is: "
      strings[27] = "  true
"
      strings[28] = "JMSOnePhaseOptimization: "
      strings[29] = "  false
"
      strings[30] = "Reauthentication: "
      strings[31] = "  false
"
      strings[32] = "newDBConnectionValidationEnabled: "
      strings[33] = "  false
"
      strings[34] = "connectionRetriesDuringDBFailover: "
      strings[35] = "  100
"
      strings[36] = "connRetryDurationDuringDBFailover: "
      strings[37] = "  3000
"
      strings[38] = "Failover count: "
      strings[39] = "  0
"
      strings[40] = "OracleImplicitConnectionPooling enabled: "
      strings[41] = "  false
"
      strings[42] = ""
      strings[43] = "_______________________________________________________________________"
      strings[44] = ""
      strings[45] = "    First Failure Data Capture information for"
      strings[46] = "          com.ibm.ws.rsadapter.spi.WSRdbDataSource@38e71754"
      strings[47] = "_______________________________________________________________________"
      strings[48] = ""
      strings[49] = "DataSource Implementation Class Name:"
      strings[50] = "  com.ibm.db2.jcc.DB2ConnectionPoolDataSource
"
      strings[51] = "DataSource Name:"
      strings[52] = "  null
"
      strings[53] = "DataStoreHelper:"
      strings[54] = "  com.ibm.websphere.rsadapter.DB2UniversalDataStoreHelper@1d5e1ccf
"
      strings[55] = "DataSource properties:"
      strings[56] = "  {serverName=23.246.224.202, traceLevel=0, user=uirwowsr, databaseName=I_098302, retrieveMessagesFromServerOnGetMessage=true, driverType=4, dataSourceClass=com.ibm.db2.jcc.DB2ConnectionPoolDataSource, portNumber=50000, deferPrepares=true}
"
      strings[57] = "ONE PHASE ENABLED
"
      strings[58] = "Underlying DataSource Object: com.ibm.db2.jcc.DB2ConnectionPoolDataSource@741f6c49"
      strings[59] = "  com.ibm.db2.jcc.DB2ConnectionPoolDataSource@741f6c49
"
      strings[60] = "Counter of unique, modified DataSource configurations: 0
"
      strings[61] = "Failover servers list: "
      strings[62] = "  [Ljava.lang.Object;@21d3fedd
"
    stuckConnections = false
    collectorCount = 0
    collectorSurgeCount = 0
    mcWrappersToDestroy = class java.util.ArrayList@60efd6c4
      serialVersionUID = 8683452581122892189
      DEFAULT_CAPACITY = 10
      EMPTY_ELEMENTDATA = class java.lang.Object[0]
      DEFAULTCAPACITY_EMPTY_ELEMENTDATA = class java.lang.Object[0]
      elementData = class java.lang.Object[50]
      size = 0
      MAX_ARRAY_SIZE = 2147483639
      modCount = 0
      MAX_ARRAY_SIZE = 2147483639
    mcWrapperDoesExistInFreePool = true
    synchronizedAllReady = false
    dontNotifyWaiter = true
    dontDecrementTotalCounter = false
    unusedTimeoutEnabled = false
    connectionTimeout = 30
    maxConnections = 50
    minConnections = 10
    purgePolicy = class com.ibm.ws.jca.adapter.PurgePolicy@2c49d378
      EntirePool = class com.ibm.ws.jca.adapter.PurgePolicy@2c49d378
      FailingConnectionOnly = class com.ibm.ws.jca.adapter.PurgePolicy@4c5bc89e
      ValidateAllConnections = class com.ibm.ws.jca.adapter.PurgePolicy@43298878
      $VALUES = class com.ibm.ws.jca.adapter.PurgePolicy[3]
      name = "EntirePool"
      ordinal = 0
    reapTime = 180
    unusedTimeout = 1800
    agedTimeout = 0
    agedTimeoutMillis = 0
    surgeTime = 0
    surgeConnections = -1
    surgeCounter = 0
    surgeEnabled = false
    stuckTimerTime = 0
    stuckTime = 0
    stuckThreshold = 0
    stopPoolRequests = false
    holdTimeLimit = 10
    maxFreePoolBuckets = 1
    maxSharedBuckets = 200
    maxFreePoolHashSize = 100
    testConnection = false
    testConnectionInterval = 0
    testConnectionTimes = 0
    maxNumberOfMCsAllowableInThread = 0
    throwExceptionOnMCThreadCheck = false
    waitersStartedTime = 0
    waitersEndedTime = 0
    parkedMCWrapper = null
    createParkedConnection = true
    parkedConnectionLockObject = {} /* array length = 0*/
    nonOptimisticGetFreeConnection = 0
    optimisticGetFreeConnection = 0
    stuckConnectionSupport = false
    alertIsforEnteringStuck = true
    totalPoolConnectionRequests = 0
    am = null
    amLockObject = {} /* array length = 0*/
    pmQuiesced = false
    activeRequest = class java.util.concurrent.atomic.AtomicInteger@60801390
      serialVersionUID = 6214790243416807050
      unsafe = class sun.misc.Unsafe@6a5ee85b
      valueOffset = 12
      value = 1
      serialVersionUID = -8742448824652078965
    updateToPoolInProgressLockObject = {} /* array length = 0*/
    updateToPoolInProgress = false
    updateToPoolInProgressSleepTime = 250
    activeTLSRequest = class java.util.concurrent.atomic.AtomicInteger@1d4fd6ee
      serialVersionUID = 6214790243416807050
      unsafe = class sun.misc.Unsafe@6a5ee85b
      valueOffset = 12
      value = 0
      serialVersionUID = -8742448824652078965
    updateToTLSPoolInProgressLockObject = {} /* array length = 0*/
    updateToTLSPoolInProgress = class java.util.concurrent.atomic.AtomicBoolean@3886a75
      serialVersionUID = 4654671469794556979
      unsafe = class sun.misc.Unsafe@6a5ee85b
      valueOffset = 12
      value = 0
    updateToTLSPoolInProgressSleepTime = 250
    getConnectionActiveRequestAlternate = class java.util.concurrent.atomic.AtomicInteger@6138ab6f
      serialVersionUID = 6214790243416807050
      unsafe = class sun.misc.Unsafe@6a5ee85b
      valueOffset = 12
      value = 0
      serialVersionUID = -8742448824652078965
    getConnectionInProgressLockObject = {} /* array length = 0*/
    switchPoolsInProgress = false
    getConnectionInProgressSleepTime = 250
    writer = null
    traceWriter = null
    printWriter = null
    tscdList = class java.util.Vector@1c4284b
      elementData = class java.lang.Object[10]
      elementCount = 0
      capacityIncrement = 0
      serialVersionUID = -2767605614048989439
      MAX_ARRAY_SIZE = 2147483639
      modCount = 0
      MAX_ARRAY_SIZE = 2147483639
    logSerialReuseMessage = true
    _quiesce = false
    _quiesceTime = null
    nonDeferredReaperAlarm = false
    efficiencyStatsEnabled = false
    poolPercentEffRateWindowMinutes = 5
    poolPercentEffRateHistorySize = 10
    poolLowEffAlertEnabled = false
    poolLowEffAlertWindowMinutes = 5
    poolLowEffAlertThreshold = 50
    connLowEffAlertEnabled = false
    connLowEfficiencyThreshold = 50
    connLowEffAlertCSCEnabled = false
    poolRequestStatsEnabled = false
    poolRequestStatsWindowMinutes = 5
    poolRequestStatsHistorySize = 10
    claimVictimRateAlertEnabled = false
    claimVictimRateAlertWindowMinutes = 5
    claimVictimRateAlertThreshold = 10
    connWaitTOAlertEnabled = false
    connWaitTOAlertWindowMinutes = 5
    connWaitTOAlertThreshold = 10
    connErrorAlertEnabled = false
    connErrorAlertWindowMinutes = 5
    connErrorAlertMaxThreshold = 2
    LTCStatsEnabled = false
    LTCCallStackCaptureEnabled = false
    LTCNestingAlertEnabled = false
    LTCNestingDepthThreshold = 3
    LTCConnPerThreadLimitAlertEnabled = false
    LTCThreadMaxConnLimitThreshold = 2
    LTCSerialReuseViolationAlertEnabled = false
    poolLoadStatsEnabled = false
    poolLoadRateWindowMinutes = 5
    poolAveLoadRateHistorySize = 10
    poolLoadRateAlertEnabled = false
    poolLoadRateAlertWindowMinutes = 5
    poolMaxLoadRateThreshold = 10
    orphanConnMonitorAlertEnabled = false
    orphanConnHoldTimeLimitSeconds = 10
    surgeModeAlertEnabled = false
    hungConnModeAlertEnabled = false
    pretestBlockModeAlertEnabled = false
    callStackCaptureEnabled = false
    efficiencyGroupLock = {} /* array length = 0*/
    efficiencyGroupEnabled = false
    poolTotalUseTime = 0
    poolTotalHoldTime = 0
    poolPercentEffRateWindowMillis = 300000
    poolPercentEffWindowStartTime = 0
    poolLowEffAlertWindowMillis = 0
    poolLowEffAlertTotalUseTime = 0
    poolLowEffAlertTotalHoldTime = 0
    poolLowEffAlertWindowStartTime = 0
    requestGroupLock = {} /* array length = 0*/
    requestGroupEnabled = false
    poolRequestStatsWindowMillis = 300000
    poolRequestStatsWindowStartTime = 0
    poolRequestStatsMap = null
    pool_sop_gets = 0
    pool_snop_gets = 0
    pool_sop_gets_notfound = 0
    pool_snop_gets_notfound = 0
    pool_fop_gets = 0
    pool_fnop_gets = 0
    pool_fop_get_notfound = 0
    pool_fnop_get_notfound = 0
    pool_freePoolQueuedRequests = 0
    pool_freePoolCreateManagedConnection = 0
    pool_numberOfClaimedVictims = 0
    pool_numberOfClaimedVictims_CRIMM = 0
    pool_numberOfClaimedVictims_SubjectMM = 0
    pool_numberOfClaimedVictims_CRISubjectMM = 0
    pool_numberOfClaimedVictims_MatchOnlyMM = 0
    pool_waitSkip = 0
    totalConnectionRequests = 0
    STAT_SOP_GETS = 1
    STAT_SNOP_GETS = 2
    STAT_SOP_GETS_NOTFOUND = 3
    STAT_SNOP_GETS_NOTFOUND = 4
    STAT_FOP_GETS = 5
    STAT_FNOP_GETS = 6
    STAT_FOP_GET_NOTFOUND = 7
    STAT_FNOP_GET_NOTFOUND = 8
    STAT_FREE_POOL_QUEUED_REQUESTS = 9
    STAT_FREE_POOL_CREATE_MANAGED_CONNECTION = 10
    STAT_NUMBER_OF_CLAIMED_VICTIMS_CRI_MM = 11
    STAT_NUMBER_OF_CLAIMED_VICTIMS_SUBJECT_MM = 12
    STAT_NUMBER_OF_CLAIMED_VICTIMS_CRI_SUBJECT_MM = 13
    STAT_NUMBER_OF_CLAIMED_VICTIMS_MM_MM = 14
    STAT_CONN_REQUEST = 15
    STAT_WAIT_SKIP = 16
    STAT_CONNECTION_CREATES = 17
    STAT_OPT_GET_FREE_CON = 18
    STAT_NONOPT_GET_FREE_CON = 19
    claimVictimRateAlertWindowMillis = 0
    claimVictimRateAlertWindowStartTime = 0
    claimedVictimPercent = 0.0
    alert_numberOfClaimedVictims = 0
    alert_numberOfClaimedVictims_CRIMM = 0
    alert_numberOfClaimedVictims_SubjectMM = 0
    alert_numberOfClaimedVictims_CRISubjectMM = 0
    alert_totalConnectionRequests = 0
    connWaitTOAlertLock = {} /* array length = 0*/
    connWaitTOAlertWindowMillis = 0
    connWaitTOAlertWindowStartTime = 0
    connWaitTOCount = 0
    connErrorAlertLock = {} /* array length = 0*/
    connErrorAlertWindowMillis = 0
    connErrorAlertWindowStartTime = 0
    connErrorCount = 0
    LTCGroupLock = {} /* array length = 0*/
    LTCGrooupEnabled = false
    threadToLTCStatsMap = null
    currentLTC = null
    loadGroupLock = {} /* array length = 0*/
    loadGroupEnabled = false
    poolLoadLastEventTime = 0
    poolLoadRateWindowMillis = 300000
    poolLoadStatsMap = null
    poolLoadWindowStartTime = 0
    poolLoadWeightedSum = 0
    poolLoadRateAlertWindowMillis = 0
    poolLoadRateAlertWindowStartTime = 0
    poolLoadRateAlertWeightedSum = 0
    poolAlertAveLoad = 0.0
    ltcStatElement = null
    threadToLTCElement = null
    orphanConnGroupLock = {} /* array length = 0*/
    enableInuseConnectionDestroy = true
    localConnection_ = null
    maxCapacity = 0
    isThreadLocalConnectionEnabled = false
    resourceFailBackEnabled = true
    resourceFailOverHold = false
    disableResourceFailBack = false
    disableResourceFailOver = false
    prepopulate = true
    prePopulateAlarmTimer = null
    prePopulateAlarmThreadLockObject = {} /* array length = 0*/
    prePopulateAlarmTimerListener = null
    cmStartPrepopulate = true
    populateAlternateResource = false
    populateAlternateResourceRunning = false
    startFailBack = false
    disableDatasourceFailoverAlarm = false
    isAlteranteResourcePoolManager = false
    getConnectionMap = class java.util.concurrent.ConcurrentHashMap@62df663b
      serialVersionUID = 7249069246763182397
      MAXIMUM_CAPACITY = 1073741824
      DEFAULT_CAPACITY = 16
      MAX_ARRAY_SIZE = 2147483639
      DEFAULT_CONCURRENCY_LEVEL = 16
      LOAD_FACTOR = 0.75
      TREEIFY_THRESHOLD = 8
      UNTREEIFY_THRESHOLD = 6
      MIN_TREEIFY_CAPACITY = 64
      MIN_TRANSFER_STRIDE = 16
      RESIZE_STAMP_BITS = 16
      MAX_RESIZERS = 65535
      RESIZE_STAMP_SHIFT = 16
      MOVED = -1
      TREEBIN = -2
      RESERVED = -3
      HASH_BITS = 2147483647
      NCPU = 8
      serialPersistentFields = class java.io.ObjectStreamField[3]
      table = null
      nextTable = null
      baseCount = 0
      sizeCtl = 0
      transferIndex = 0
      cellsBusy = 0
      counterCells = null
      keySet = null
      values = null
      entrySet = null
      U = class sun.misc.Unsafe@6a5ee85b
      SIZECTL = 20
      TRANSFERINDEX = 32
      BASECOUNT = 24
      CELLSBUSY = 36
      CELLVALUE = 144
      ABASE = 16
      ASHIFT = 2
      keySet = null
      values = null
    alarmThreadCounter = class java.util.concurrent.atomic.AtomicInteger@224473d7
      serialVersionUID = 6214790243416807050
      unsafe = class sun.misc.Unsafe@6a5ee85b
      valueOffset = 12
      value = 0
      serialVersionUID = -8742448824652078965
    dscfFailoveramLockObject = {} /* array length = 0*/
    dscfFailoveralarmThreadStarted = false
    normalMode = 100
    currentMode = 100
    modeLockObject = {} /* array length = 0*/
    primaryAlive = 1
    failOverMode = 102
    failBackMode = 103
    alternateAlive = 2
    nothingAlive = 3
    restoreNormalMode = 4
    resourceExceptionCounterLockObject = {} /* array length = 0*/
    connErrorResourceExceptionCounter = 0
    getConnectionResourceExceptionCounter = 0
    dscfFailoveram = null
    dscfFailoveramListener = null
    dscfFailoveramListenerLockObject = {} /* array length = 0*/
    alternatePM = null
    prepopulateTimerTime = 60000
  numberOfConnectionsInFreePool = 0
  numberOfConnectionsAssignedToThisFreePool = 0
  perfEnhancementEnabledNotSet = true
  perfEnhancementEnabled = false
  fatalErrorNotificationTime = 0
  _mcWrapperDoesNotExistInFreePool = false
  _synchronizeInMethod = true
  _notifyWaiter = false
  _decrementTotalCounter = true
  fop_gets = 0
  fnop_gets = 0
  freePoolQueuedRequests = 0
  freePoolCreateManagedConnection = 0
  numberOfClaimedVictims = 0
  numberOfClaimedVictims_CRI_Only_Mismatch = 0
  numberOfClaimedVictims_Subject_Only_Mismatch = 0
  numberOfClaimedVictims_CRI_Subject_Mismatch = 0
  numberOfClaimedVictims_MM_Only_Mismatch = 0
  fop_get_notfound = 0
  fnop_get_notfound = 0
  gConfigProps = class com.ibm.ejs.j2c.J2CGlobalConfigProperties@33368055
    tc = class com.ibm.websphere.ras.TraceComponent@273d2e69
      strings[0] = "TraceComponent[com.ibm.ejs.j2c.J2CGlobalConfigProperties,class com.ibm.ejs.j2c.J2CGlobalConfigProperties,[WAS.j2c],com.ibm.ws.j2c.resources.J2CAMessages,null]"
    serialVersionUID = 3666445884103132373
    jndiName = "jdbc/rpozziBluemixSqlDb"
    XpathId = "dataSource[db2]/connectionManager"
    cfName = "jdbc/rpozziBluemixSqlDb"
    manageCachedHandles = false
    rrsTransactional = false
    threadSecurity = false
    THREADIDENTITY_NOTALLOWED = "NOTALLOWED"
    THREADIDENTITY_REQUIRED = "REQUIRED"
    THREADIDENTITY_ALLOWED = "ALLOWED"
    threadIdentitySupport = "NOTALLOWED"
    logMissingTranContext = false
    selfXARecoverable = false
    validatingMCFSupported = true
    sendClaimedVictomToGetConnection = false
    loadBalancing = false
    raSupportsReauthentication = false
    pmiReqMetric_isReadyToEnable = false
    transactionResourceRegistration = null
    checkManagedConnectionInstanceof = true
    checkManagedConnectionInstanceofLock = {} /* array length = 0*/
    checkManagedConnectionInstanceofInitialized = false
    embeddedRa = false
    embeddedRaInitialized = false
    connectionSynchronizationProvider = false
    connectionSynchronizationProviderInitialized = false
    connectionPoolingEnabled = true
    connectionPoolingEnabledInitialized = false
    instanceOfDissociatableManagedConnection = false
    instanceOfDissociatableManagedConnectionInitialized = false
    interactionMetricsEnabled = false
    interactionMetricsEnabledInitialized = false
    commitPriority = 0
    transactionSupport = class javax.resource.spi.TransactionSupport$TransactionSupportLevel@298fcf2e
      NoTransaction = class javax.resource.spi.TransactionSupport$TransactionSupportLevel@69de9331
      LocalTransaction = class javax.resource.spi.TransactionSupport$TransactionSupportLevel@1c37cf67
      XATransaction = class javax.resource.spi.TransactionSupport$TransactionSupportLevel@298fcf2e
      $VALUES = class javax.resource.spi.TransactionSupport$TransactionSupportLevel[3]
      name = "XATransaction"
      ordinal = 2
    dynamicEnlistmentSupported = false
    smartHandleSupport = false
    cciLocalTranSupported = true
    started = false
    connectionTimeout = 30
    maxConnections = 50
    minConnections = 10
    purgePolicy = class com.ibm.ws.jca.adapter.PurgePolicy@2c49d378
    reapTime = 180
    unusedTimeout = 1800
    agedTimeout = 0
    agedTimeoutMillis = 0
    surgeTime = 0
    surgeConnections = -1
    surgeCounter = 0
    surgeEnabled = false
    stuckTimerTime = 0
    stuckTime = 0
    stuckThreshold = 0
    stopPoolRequests = false
    maxFreePoolBuckets = 1
    maxSharedBuckets = 200
    maxFreePoolHashSize = 100
    testConnection = false
    testConnectionInterval = 0
    holdTimeLimit = 10
    numConnectionsPerThreadLocal = 0
    populateAlternateResource = false
    disableResourceFailOver = false
    disableResourceFailBack = false
    xComponentUseViolationDetectionEnabled = false
    xComponentUseViolationCount = 0
    multiThreadUseViolationDetectionEnabled = false
    multiThreadUseViolationCount = 0
    efficiencyStatsEnabled = false
    poolPercentEffRateWindowMinutes = 5
    poolPercentEffRateHistorySize = 10
    poolLowEffAlertEnabled = false
    poolLowEffAlertWindowMinutes = 5
    poolLowEffAlertThreshold = 50
    connLowEffAlertEnabled = false
    connLowEfficiencyThreshold = 50
    connLowEffAlertCSCEnabled = false
    poolRequestStatsEnabled = false
    poolRequestStatsWindowMinutes = 5
    poolRequestStatsHistorySize = 10
    claimVictimRateAlertEnabled = false
    claimVictimRateAlertWindowMinutes = 5
    poolClaimVictimRateThreshold = 10
    connWaitTOAlertEnabled = false
    connWaitTOAlertWindowMinutes = 5
    poolConnWaitTOThreshold = 20
    connErrorAlertEnabled = false
    connErrorAlertWindowMinutes = 5
    connErrorAlertMaxThreshold = 2
    LTCStatsEnabled = false
    LTCCallStackCaptureEnabled = false
    LTCSerialReuseViolationAlertEnabled = false
    LTCConnPerThreadLimitAlertEnabled = false
    LTCThreadMaxConnLimitThreshold = 2
    LTCNestingAlertEnabled = false
    LTCNestingDepthThreshold = 3
    poolLoadStatsEnabled = false
    poolLoadRateWindowMinutes = 5
    poolAveLoadRateHistorySize = 10
    poolLoadRateAlertEnabled = false
    poolLoadRateAlertWindowMinutes = 5
    poolLoadRateAlertMaxThreshold = 10
    orphanConnMonitorAlertEnabled = false
    orphanConnHoldTimeLimitSeconds = 10
    surgeModeAlertEnabled = false
    hungConnModeAlertEnabled = false
    pretestBlockModeAlertEnabled = false
    callStackCaptureEnabled = false
    connThreadInfoEnabled = false
    changeSupport = class java.beans.PropertyChangeSupport@5dd093b
      map = class java.beans.PropertyChangeSupport$PropertyChangeListenerMap@1cbe9609
      source = class com.ibm.ejs.j2c.J2CGlobalConfigProperties@33368055
      serialPersistentFields = class java.io.ObjectStreamField[3]
      serialVersionUID = 6401253773779951803
    vChangeSupport = class java.beans.VetoableChangeSupport@70ba1074
      map = class java.beans.VetoableChangeSupport$VetoableChangeListenerMap@4cc2103f
      source = class com.ibm.ejs.j2c.J2CGlobalConfigProperties@33368055
      serialPersistentFields = class java.io.ObjectStreamField[3]
      serialVersionUID = -5090210921595982017
    diagnosticAlertHelper = null
    reqMetricID = 0
    raMetaDataProps = null
    dsMetaDataProps = null
    _pm = null
    callResourceAdapterStatMethods = false
    numberOfInuseConnections = 0
    numberOfInuseConnectionsLockObject = {} /* array length = 0*/
    numberOfFreeConnections = 0
    numberOfFreeConnectionsLockObject = {} /* array length = 0*/
    maxNumberOfMCsAllowableInThread = 0
    throwExceptionOnMCThreadCheck = false
    appName = null
    modName = null
    compName = null
    threadToViolatingHandleMap = class java.util.HashMap@ee53e30
      serialVersionUID = 362498820763181265
      DEFAULT_INITIAL_CAPACITY = 16
      MAXIMUM_CAPACITY = 1073741824
      DEFAULT_LOAD_FACTOR = 0.75
      TREEIFY_THRESHOLD = 8
      UNTREEIFY_THRESHOLD = 6
      MIN_TREEIFY_CAPACITY = 64
      table = null
      entrySet = null
      size = 0
      modCount = 0
      threshold = 0
      loadFactor = 0.75
      keySet = null
      values = null

