------Start of DE processing------ = [1/18/16 14:35:54:169 CET]
Exception = com.ibm.db2.jcc.am.DisconnectNonTransientConnectionException
Source = com.ibm.ws.rsadapter.spi.InternalGenericDataStoreHelper.getPooledCon
probeid = 1298
Stack Dump = com.ibm.db2.jcc.am.DisconnectNonTransientConnectionException: [jcc][t4][2057][11264][3.66.46] The application server rejected establishment of the connection.
An attempt was made to access a database, I_098302, which was either not found or does not support transactions. ERRORCODE=-4499, SQLSTATE=08004
	at com.ibm.db2.jcc.am.dd.a(dd.java:321)
	at com.ibm.db2.jcc.am.dd.a(dd.java:430)
	at com.ibm.db2.jcc.t4.y.u(y.java:1860)
	at com.ibm.db2.jcc.t4.y.n(y.java:665)
	at com.ibm.db2.jcc.t4.y.a(y.java:472)
	at com.ibm.db2.jcc.t4.y.a(y.java:121)
	at com.ibm.db2.jcc.t4.b.c(b.java:1356)
	at com.ibm.db2.jcc.t4.b.b(b.java:1227)
	at com.ibm.db2.jcc.t4.b.b(b.java:794)
	at com.ibm.db2.jcc.t4.b.a(b.java:766)
	at com.ibm.db2.jcc.t4.b.a(b.java:422)
	at com.ibm.db2.jcc.t4.b.a(b.java:397)
	at com.ibm.db2.jcc.t4.b.<init>(b.java:335)
	at com.ibm.db2.jcc.DB2PooledConnection.<init>(DB2PooledConnection.java:84)
	at com.ibm.db2.jcc.DB2ConnectionPoolDataSource.getPooledConnectionX(DB2ConnectionPoolDataSource.java:348)
	at com.ibm.db2.jcc.DB2ConnectionPoolDataSource.getPooledConnection(DB2ConnectionPoolDataSource.java:131)
	at com.ibm.ws.rsadapter.spi.InternalGenericDataStoreHelper$1.run(InternalGenericDataStoreHelper.java:1198)
	at java.security.AccessController.doPrivileged(Native Method)
	at com.ibm.ws.rsadapter.spi.InternalGenericDataStoreHelper.getPooledConnection(InternalGenericDataStoreHelper.java:1214)
	at com.ibm.ws.rsadapter.spi.InternalDB2UniversalDataStoreHelper.getPooledConnection(InternalDB2UniversalDataStoreHelper.java:1510)
	at com.ibm.ws.rsadapter.spi.WSRdbDataSource.getPooledConnection(WSRdbDataSource.java:332)
	at com.ibm.ws.rsadapter.spi.WSManagedConnectionFactoryImpl.getConnection(WSManagedConnectionFactoryImpl.java:1216)
	at com.ibm.ws.rsadapter.spi.WSManagedConnectionFactoryImpl.createManagedConnection(WSManagedConnectionFactoryImpl.java:966)
	at com.ibm.ws.rsadapter.spi.WSManagedConnectionFactoryImpl.createManagedConnection(WSManagedConnectionFactoryImpl.java:651)
	at com.ibm.ejs.j2c.FreePool.createManagedConnectionWithMCWrapper(FreePool.java:1744)
	at com.ibm.ejs.j2c.FreePool.createOrWaitForConnection(FreePool.java:1488)
	at com.ibm.ejs.j2c.PoolManager.reserve(PoolManager.java:2992)
	at com.ibm.ejs.j2c.PoolManager.reserve(PoolManager.java:2333)
	at com.ibm.ejs.j2c.ConnectionManager.allocateMCWrapper(ConnectionManager.java:1122)
	at com.ibm.ejs.j2c.ConnectionManager.allocateConnection(ConnectionManager.java:689)
	at com.ibm.ws.rsadapter.jdbc.WSJdbcDataSource.getConnection(WSJdbcDataSource.java:354)
	at com.ibm.ws.rsadapter.jdbc.WSJdbcDataSource.getConnection(WSJdbcDataSource.java:325)
	at org.eclipse.persistence.sessions.JNDIConnector.connect(JNDIConnector.java:135)
	at org.eclipse.persistence.sessions.DatasourceLogin.connectToDatasource(DatasourceLogin.java:162)
	at org.eclipse.persistence.internal.sessions.DatabaseSessionImpl.setOrDetectDatasource(DatabaseSessionImpl.java:212)
	at org.eclipse.persistence.internal.sessions.DatabaseSessionImpl.loginAndDetectDatasource(DatabaseSessionImpl.java:764)
	at org.eclipse.persistence.internal.jpa.EntityManagerFactoryProvider.login(EntityManagerFactoryProvider.java:253)
	at org.eclipse.persistence.internal.jpa.EntityManagerSetupImpl.deploy(EntityManagerSetupImpl.java:750)
	at org.eclipse.persistence.internal.jpa.EntityManagerFactoryDelegate.getAbstractSession(EntityManagerFactoryDelegate.java:205)
	at org.eclipse.persistence.internal.jpa.EntityManagerFactoryDelegate.createEntityManagerImpl(EntityManagerFactoryDelegate.java:305)
	at org.eclipse.persistence.internal.jpa.EntityManagerFactoryImpl.createEntityManagerImpl(EntityManagerFactoryImpl.java:337)
	at org.eclipse.persistence.internal.jpa.EntityManagerFactoryImpl.createEntityManager(EntityManagerFactoryImpl.java:318)
	at com.ibm.ws.jpa.container.v21.internal.JPA21Runtime.createEntityManagerInstance(JPA21Runtime.java:104)
	at com.ibm.ws.jpa.management.JPAEMPool.getEntityManager(JPAEMPool.java:177)
	at com.ibm.ws.jpa.management.JPATxEntityManager.getEMInvocationInfo(JPATxEntityManager.java:256)
	at com.ibm.ws.jpa.management.JPATxEntityManager.getEMInvocationInfo(JPATxEntityManager.java:166)
	at com.ibm.ws.jpa.management.JPAEntityManager.createQuery(JPAEntityManager.java:348)
	at com.rp.customer.dao.jpa.CustomerDao.getCustomerList(CustomerDao.java:23)
	at com.rp.customer.service.CustomerService.getCustomers(CustomerService.java:48)
	at sun.reflect.NativeMethodAccessorImpl.invoke0(Native Method)
	at sun.reflect.NativeMethodAccessorImpl.invoke(NativeMethodAccessorImpl.java:62)
	at sun.reflect.DelegatingMethodAccessorImpl.invoke(DelegatingMethodAccessorImpl.java:43)
	at java.lang.reflect.Method.invoke(Method.java:497)
	at com.ibm.ws.jaxrs20.server.LibertyJaxRsServerFactoryBean.performInvocation(LibertyJaxRsServerFactoryBean.java:636)
	at com.ibm.ws.jaxrs20.server.LibertyJaxRsInvoker.performInvocation(LibertyJaxRsInvoker.java:115)
	at org.apache.cxf.service.invoker.AbstractInvoker.invoke(AbstractInvoker.java:97)
	at com.ibm.ws.jaxrs20.server.LibertyJaxRsInvoker.invoke(LibertyJaxRsInvoker.java:210)
	at org.apache.cxf.jaxrs.JAXRSInvoker.invoke(JAXRSInvoker.java:200)
	at com.ibm.ws.jaxrs20.server.LibertyJaxRsInvoker.invoke(LibertyJaxRsInvoker.java:381)
	at org.apache.cxf.jaxrs.JAXRSInvoker.invoke(JAXRSInvoker.java:99)
	at org.apache.cxf.interceptor.ServiceInvokerInterceptor$1.run(ServiceInvokerInterceptor.java:59)
	at org.apache.cxf.interceptor.ServiceInvokerInterceptor.handleMessage(ServiceInvokerInterceptor.java:96)
	at org.apache.cxf.phase.PhaseInterceptorChain.doIntercept(PhaseInterceptorChain.java:307)
	at org.apache.cxf.transport.ChainInitiationObserver.onMessage(ChainInitiationObserver.java:124)
	at org.apache.cxf.transport.http.AbstractHTTPDestination.invoke(AbstractHTTPDestination.java:256)
	at com.ibm.ws.jaxrs20.endpoint.AbstractJaxRsWebEndpoint.invoke(AbstractJaxRsWebEndpoint.java:134)
	at com.ibm.websphere.jaxrs.server.IBMRestServlet.handleRequest(IBMRestServlet.java:149)
	at com.ibm.websphere.jaxrs.server.IBMRestServlet.doGet(IBMRestServlet.java:115)
	at javax.servlet.http.HttpServlet.service(HttpServlet.java:687)
	at com.ibm.websphere.jaxrs.server.IBMRestServlet.service(IBMRestServlet.java:99)
	at com.ibm.ws.webcontainer.servlet.ServletWrapper.service(ServletWrapper.java:1287)
	at com.ibm.ws.webcontainer.servlet.ServletWrapper.handleRequest(ServletWrapper.java:778)
	at com.ibm.ws.webcontainer.servlet.ServletWrapper.handleRequest(ServletWrapper.java:475)
	at com.ibm.ws.webcontainer.filter.WebAppFilterManager.invokeFilters(WebAppFilterManager.java:1157)
	at com.ibm.ws.webcontainer.webapp.WebApp.handleRequest(WebApp.java:4867)
	at com.ibm.ws.webcontainer31.osgi.webapp.WebApp31.handleRequest(WebApp31.java:525)
	at com.ibm.ws.webcontainer.osgi.DynamicVirtualHost$2.handleRequest(DynamicVirtualHost.java:297)
	at com.ibm.ws.webcontainer.WebContainer.handleRequest(WebContainer.java:997)
	at com.ibm.ws.webcontainer.osgi.DynamicVirtualHost$2.run(DynamicVirtualHost.java:262)
	at com.ibm.ws.http.dispatcher.internal.channel.HttpDispatcherLink$TaskWrapper.run(HttpDispatcherLink.java:955)
	at com.ibm.ws.http.dispatcher.internal.channel.HttpDispatcherLink.ready(HttpDispatcherLink.java:341)
	at com.ibm.ws.http.channel.internal.inbound.HttpInboundLink.handleDiscrimination(HttpInboundLink.java:470)
	at com.ibm.ws.http.channel.internal.inbound.HttpInboundLink.handleNewRequest(HttpInboundLink.java:404)
	at com.ibm.ws.http.channel.internal.inbound.HttpInboundLink.processRequest(HttpInboundLink.java:284)
	at com.ibm.ws.http.channel.internal.inbound.HttpICLReadCallback.complete(HttpICLReadCallback.java:66)
	at com.ibm.ws.tcpchannel.internal.WorkQueueManager.requestComplete(WorkQueueManager.java:504)
	at com.ibm.ws.tcpchannel.internal.WorkQueueManager.attemptIO(WorkQueueManager.java:574)
	at com.ibm.ws.tcpchannel.internal.WorkQueueManager.workerRun(WorkQueueManager.java:929)
	at com.ibm.ws.tcpchannel.internal.WorkQueueManager$Worker.run(WorkQueueManager.java:1018)
	at java.util.concurrent.ThreadPoolExecutor.runWorker(ThreadPoolExecutor.java:1142)
	at java.util.concurrent.ThreadPoolExecutor$Worker.run(ThreadPoolExecutor.java:617)
	at java.lang.Thread.run(Thread.java:745)

Dump of callerThis
null
