------Start of DE processing------ = [1/8/16 9:09:51:918 CET]
Exception = com.ibm.ws.webcontainer.exception.WebAppNotLoadedException
Source = com.ibm.ws.webcontainer.osgi.WebContainer
probeid = startModule
Stack Dump = com.ibm.ws.webcontainer.exception.WebAppNotLoadedException: Failed to load webapp: Context root /* mapping unable to be bound. Application Bluemix Java Web unavailable.
	at com.ibm.ws.webcontainer.osgi.DynamicVirtualHost.addWebApplication(DynamicVirtualHost.java:172)
	at com.ibm.ws.webcontainer.WebContainer.addWebApp(WebContainer.java:554)
	at com.ibm.ws.webcontainer.WebContainer.addWebApplication(WebContainer.java:509)
	at com.ibm.ws.webcontainer.osgi.WebContainer.startModule(WebContainer.java:821)
	at com.ibm.ws.app.manager.web.internal.WebModuleHandlerImpl.deployModule(WebModuleHandlerImpl.java:102)
	at com.ibm.ws.app.manager.module.internal.DeployedAppInfoBase.deployModule(DeployedAppInfoBase.java:870)
	at com.ibm.ws.app.manager.module.internal.DeployedAppInfoBase.deployModules(DeployedAppInfoBase.java:830)
	at com.ibm.ws.app.manager.module.internal.DeployedAppInfoBase.deployApp(DeployedAppInfoBase.java:817)
	at com.ibm.ws.app.manager.war.internal.WARApplicationHandlerImpl.install(WARApplicationHandlerImpl.java:66)
	at com.ibm.ws.app.manager.internal.statemachine.StartAction.execute(StartAction.java:139)
	at com.ibm.ws.app.manager.internal.statemachine.ApplicationStateMachineImpl.enterState(ApplicationStateMachineImpl.java:1168)
	at com.ibm.ws.app.manager.internal.statemachine.ApplicationStateMachineImpl.run(ApplicationStateMachineImpl.java:781)
	at java.util.concurrent.ThreadPoolExecutor.runWorker(ThreadPoolExecutor.java:1142)
	at java.util.concurrent.ThreadPoolExecutor$Worker.run(ThreadPoolExecutor.java:617)
	at java.lang.Thread.run(Thread.java:745)
Caused by: java.lang.Exception: Mapping clash for null: Target com.ibm.ws.webcontainer.osgi.webapp.WebGroup@437068fd already exists at node /
	at com.ibm.ws.webcontainer.util.URIMatcher.put(URIMatcher.java:138)
	at com.ibm.ws.webcontainer.util.URIMapper.addMapping(URIMapper.java:62)
	at com.ibm.ws.webcontainer.VirtualHost.addMapping(VirtualHost.java:283)
	at com.ibm.ws.webcontainer.osgi.DynamicVirtualHost.addMapping(DynamicVirtualHost.java:334)
	at com.ibm.ws.webcontainer.osgi.DynamicVirtualHost.addWebApplication(DynamicVirtualHost.java:162)
	... 14 more

Dump of callerThis
Object type = [Ljava.lang.Object;
  Object type[0] = class com.ibm.ws.app.manager.module.internal.WebModuleInfoImpl@7ef47877
    nls = class com.ibm.ejs.ras.TraceNLS@7c5b7086
      resolver = class com.ibm.ws.logging.internal.TraceNLSResolver@17162614
      finder = null
      ivBundleName = "com.ibm.ws.app.manager.module.internal.resources.Messages"
      caller = class java.lang.Class@18d8da6
    appInfo = class com.ibm.ws.container.service.app.deploy.internal.ApplicationInfoImpl@2c4fc46a
      appName = "rpozzi-restaurants"
      appMetaData = class com.ibm.ws.container.service.app.deploy.internal.ApplicationMetaDataImpl@387d32fb
      appContainer = class com.ibm.ws.adaptable.module.internal.AdaptableContainerImpl@6a9fc095
      configHelper = class com.ibm.ws.app.manager.module.ApplicationNestedConfigHelper@be0f0a8
      serialVersionUID = 5806628894932862176
      $$$tc$$$ = class com.ibm.websphere.ras.TraceComponent@501d9d3d
    moduleName = "rpozzi-restaurants"
    path = "rpozzi-restaurants.war"
    contextRoot = "/"
    moduleContainer = class com.ibm.ws.adaptable.module.internal.AdaptableContainerImpl@6a9fc095
      root = class com.ibm.ws.adaptable.module.internal.AdaptableContainerImpl@6a9fc095
      rootOverlay = class com.ibm.ws.artifact.overlay.internal.DirectoryBasedOverlayContainerImpl@4176350
      factoryHolder = class com.ibm.ws.adaptable.module.internal.AdaptableModuleFactoryImpl@56856342
      delegate = class com.ibm.ws.artifact.overlay.internal.DirectoryBasedOverlayContainerImpl@4176350
      notifier = class com.ibm.ws.adaptable.module.internal.NotifierImpl@ddd26e2
      serialVersionUID = -5621513278641113667
      $$$tc$$$ = class com.ibm.websphere.ras.TraceComponent@7cea215b
    altDDEntry = null
    moduleClassesContainers = class java.util.ArrayList@40c24050
      serialVersionUID = 8683452581122892189
      DEFAULT_CAPACITY = 10
      EMPTY_ELEMENTDATA = class java.lang.Object[0]
      DEFAULTCAPACITY_EMPTY_ELEMENTDATA = class java.lang.Object[0]
      elementData = class java.lang.Object[22]
      size = 22
      MAX_ARRAY_SIZE = 2147483639
      modCount = 23
      MAX_ARRAY_SIZE = 2147483639
    classLoaderFactory = class com.ibm.ws.app.manager.war.internal.WARDeployedAppInfo@4e62ac3c
      CONTEXT_ROOT = "context-root"
      webModuleHandler = class com.ibm.ws.app.manager.web.internal.WebModuleHandlerImpl@43dcbdf9
      webContainerModuleInfo = class com.ibm.ws.app.manager.module.internal.DeployedAppInfoBase$WebModuleContainerInfo@4a22b715
      DYNAMIC_IMPORT_PACKAGE_LIST = class java.util.Collections$UnmodifiableRandomAccessList@1267b593
      serialVersionUID = -1580906562280237048
      $$$tc$$$ = class com.ibm.websphere.ras.TraceComponent@373e8f5d
      _tc = class com.ibm.websphere.ras.TraceComponent@6f826c26
      PERMISSION_XML = "permissions.xml"
      applicationInformation = class com.ibm.ws.app.manager.internal.ApplicationInstallInfo@35befc69
      location = "/Users/robertopozzi/IBM/wlp-9-beta/usr/servers/defaultServer/apps/rpozzi-restaurants.war.xml"
      appInfo = class com.ibm.ws.container.service.app.deploy.internal.ApplicationInfoImpl@2c4fc46a
      modulesDeployed = class java.util.ArrayList@132bbc52
      starting = true
      started = false
      appInfoFactory = class com.ibm.ws.container.service.app.deploy.internal.ApplicationInfoFactoryImpl@3ccf4889
      classLoadingService = class com.ibm.ws.classloading.internal.ClassLoadingServiceImpl@62a6afd5
      globalSharedLibrary = class com.ibm.ws.library.internal.SharedLibraryImpl@51ba1d8d
      sharedLibDeploymentInfo = class com.ibm.ws.app.manager.module.internal.DeployedAppInfoBase$SharedLibDeploymentInfo@1325ee67
      futureMonitor = class com.ibm.ws.threading.internal.FutureMonitorImpl@2e80717f
      metaDataService = class com.ibm.ws.container.service.metadata.internal.MetaDataServiceImpl@4b810442
      stateChangeService = class com.ibm.ws.container.service.state.internal.StateChangeServiceImpl@5d22097d
      configAdmin = class com.ibm.ws.config.admin.internal.ConfigurationAdminImpl@1b6f9950
      libraryConfigHelper = class com.ibm.ws.classloading.ClassLoaderConfigHelper@1a38b9c5
      isDelegateLast = false
      moduleClassesInfo = class com.ibm.ws.app.manager.module.internal.DeployedAppInfoBase$ModuleClassesInfoProvider@26523a33
      moduleMetaDataExtenders = class java.util.concurrent.ConcurrentHashMap@6bf6b665
      permissionManager = class com.ibm.ws.security.java2sec.PermissionManager@c341752
      permissionsConfig = null
      moduleContainerInfos = class java.util.ArrayList@531d6180
      serialVersionUID = -3830628201606979883
    classLoader = class com.ibm.ws.classloading.internal.AppClassLoader@9706162
      tc = class com.ibm.websphere.ras.TraceComponent@23557660
      PARENT_FIRST_SEARCH_ORDER = class java.util.Collections$UnmodifiableRandomAccessList@6e1b4b94
      CLASS_LOADING_TRACE_PREFIX = "com.ibm.ws.class.load."
      DEFAULT_PACKAGE = "default.package"
      perPackageClassLoadingTraceComponents = class java.util.concurrent.ConcurrentHashMap@13f9ba66
      config = class com.ibm.ws.classloading.internal.ClassLoaderConfigurationImpl@77f774cd
      privateLibraries = null
      delegateLoaders = class com.ibm.ws.classloading.internal.util.CompositeIterable@6b3a941e
      nativeLibraryFiles = class java.util.ArrayList@5f493506
      transformers = class java.util.ArrayList@13d9e03
      apiAccess = class com.ibm.ws.classloading.internal.GatewayClassLoader@988745d
      generator = class com.ibm.ws.classloading.internal.ClassGeneratorManager@4da0d3f5
      serialVersionUID = -8755588715217099101
      tc = class com.ibm.websphere.ras.TraceComponent@7175b10f
      EMPTY_URL_ARRAY = class java.net.URL[0]
      smartClassPath = class com.ibm.ws.classloading.internal.ContainerClassLoader$SmartClassPathImpl@6472de68
      nativeLibraryContainers = class java.util.ArrayList@9529963
      redefiner = class com.ibm.ws.classloading.internal.util.ClassRedefiner@42a6ccc7
      mapCreationQueue = class java.util.concurrent.Executors$FinalizableDelegatedExecutorService@19d90c44
      serialVersionUID = 1420723314841411509
      serialVersionUID = -7411549862368381758
      $$$tc$$$ = class com.ibm.websphere.ras.TraceComponent@5553977b
      serialVersionUID = -4868702105808481416
      $$$tc$$$ = class com.ibm.websphere.ras.TraceComponent@5fb4f251
      serialVersionUID = 2596921220292114344
      $$$tc$$$ = class com.ibm.websphere.ras.TraceComponent@54009dcc
      initialized = true
      pdcache = class java.util.HashMap@53f0b8d3
      debug = null
      parent = class com.ibm.ws.classloading.internal.GatewayClassLoader@988745d
      parallelLockMap = null
      package2certs = class java.util.Hashtable@6865c47c
      nocerts = class java.security.cert.Certificate[0]
      classes = class java.util.Vector@6e65ba8b
      defaultDomain = class java.security.ProtectionDomain@3d53add0
      domains = class java.util.HashSet@6bb3bc89
      packages = class java.util.HashMap@2d33c3a7
      scl = class sun.misc.Launcher$AppClassLoader@14dad5dc
      sclSet = true
      loadedLibraryNames = class java.util.Vector@6ec79012
      systemNativeLibraries = class java.util.Vector@5a596f5a
      nativeLibraries = class java.util.Vector@6ec19568
      nativeLibraryContext = class java.util.Stack@5edd2247
      usr_paths = class java.lang.String[6]
      sys_paths = class java.lang.String[1]
      assertionLock = class com.ibm.ws.classloading.internal.AppClassLoader@9706162
      defaultAssertionStatus = false
      packageAssertionStatus = null
      classAssertionStatus = null
    moduleMetaData = class com.ibm.ws.webcontainer.osgi.metadata.WebModuleMetaDataImpl@5eff391e
      applicationMetaData = class com.ibm.ws.container.service.app.deploy.internal.ApplicationMetaDataImpl@387d32fb
      j2eeName = class com.ibm.ws.container.service.metadata.internal.J2EENameImpl@3a328d0c
      wccmd = class com.ibm.ws.webcontainer.osgi.metadata.WebCollaboratorComponentMetaDataImpl@1690939f
      securityMetaData = class com.ibm.ws.webcontainer.security.metadata.SecurityServletConfiguratorHelper@2e39f1ac
      annotatedSecurityMetaData = null
      webAppConfig = class com.ibm.ws.webcontainer.osgi.webapp.WebAppConfiguration@ed54c3
      _isServlet23OrHigher = false
      jspComponentMetaData = class com.ibm.ws.jsp.runtime.metadata.JspComponentMetaData@2e99f33f
      sessionCookieNameInUse = null
      mBeanServiceReg = null
      tc = class com.ibm.websphere.ras.TraceComponent@76e185ba
      NUM_STATIC_SLOTS = 4
      ID_UNINITIALIZED = -1
      id = 0
      metaDataInterface = class java.lang.Class@5dd2b3b5
      staticSlots = class java.lang.Object[4]
      dynamicSlots = class java.lang.Object[4]
    serialVersionUID = -5063532506282561439
    $$$tc$$$ = class com.ibm.websphere.ras.TraceComponent@578d128
      strings[0] = "TraceComponent[com.ibm.ws.app.manager.module.internal.WebModuleInfoImpl,class com.ibm.ws.app.manager.module.internal.WebModuleInfoImpl,[applications, app.manager],,null]"
  Object type[1] = class com.ibm.ws.webcontainer.osgi.WebContainer@7b80610
    tc = class com.ibm.websphere.ras.TraceComponent@60dc7894
      strings[0] = "TraceComponent[com.ibm.ws.webcontainer.osgi.WebContainer,class com.ibm.ws.webcontainer.osgi.WebContainer,[webcontainer],com.ibm.ws.webcontainer.resources.LShimMessages,null]"
    CLASS_NAME = "com.ibm.ws.webcontainer.osgi.WebContainer"
    initialized = true
    eventService = class com.ibm.ws.event.internal.EventEngineImpl@67f5606b
      tc = class com.ibm.websphere.ras.TraceComponent@952d887
      OSGI_EVENT_HANDLER_REFERENCE_NAME = "osgiEventHandler"
      WS_EVENT_HANDLER_REFERENCE_NAME = "wsEventHandler"
      CFG_KEY_REENTRANT_HANDLER_DEFAULT = "reentrant.handler.default"
      CFG_KEY_STAGE_PREFIX = "stage.topics."
      topicCache = class com.ibm.ws.event.internal.TopicBasedCache@198e09b8
      componentContext = class org.apache.felix.scr.impl.manager.ComponentContextImpl@587dce35
      bundleContext = class org.eclipse.osgi.internal.framework.BundleContextImpl@68d5ea68
      logService = class com.ibm.ws.logging.internal.osgi.TrLogServiceImpl@23896c05
      frameworkEventAdapter = class com.ibm.ws.event.internal.adapter.FrameworkEventAdapter@6ae84c5f
      bundleEventAdapter = class com.ibm.ws.event.internal.adapter.BundleEventAdapter@3c25b73
      serviceEventAdapter = class com.ibm.ws.event.internal.adapter.ServiceEventAdapter@35783158
      executorServiceFactory = class com.ibm.ws.event.internal.WorkStageExecutorServiceFactory@5d798ab6
      defaultReentrancy = true
      skipSchedule = false
      serialVersionUID = 5726352079311142609
    futureMonitor = class com.ibm.ws.threading.internal.FutureMonitorImpl@2e80717f
      _monitor = class java.util.concurrent.ConcurrentLinkedQueue@836fd9f
      _executor = class com.ibm.ws.threading.internal.ScheduledExecutorImpl@7b5b64af
      _threadRunning = class java.util.concurrent.atomic.AtomicBoolean@1bc5689b
      _thread = class com.ibm.ws.threading.internal.FutureMonitorImpl$1@1baa4b1d
      serialVersionUID = 2765238413969174390
      $$$tc$$$ = class com.ibm.websphere.ras.TraceComponent@78983897
    classLoadingSRRef = class com.ibm.wsspi.kernel.service.utils.AtomicServiceReference@82ece66
      referenceName = "classLoadingService"
      tuple = class java.util.concurrent.atomic.AtomicReference@90ef3e0
      serialVersionUID = -5840472578638799324
      $$$tc$$$ = class com.ibm.websphere.ras.TraceComponent@3d1ca088
    sessionHelperSRRef = class com.ibm.wsspi.kernel.service.utils.AtomicServiceReference@760d5eb9
      referenceName = "sessionHelper"
      tuple = class java.util.concurrent.atomic.AtomicReference@48270a26
      serialVersionUID = -5840472578638799324
      $$$tc$$$ = class com.ibm.websphere.ras.TraceComponent@3d1ca088
    cacheManagerSRRef = class com.ibm.wsspi.kernel.service.utils.AtomicServiceReference@3a378e2b
      referenceName = "cacheManager"
      tuple = class java.util.concurrent.atomic.AtomicReference@409a437
      serialVersionUID = -5840472578638799324
      $$$tc$$$ = class com.ibm.websphere.ras.TraceComponent@3d1ca088
    injectionEngineSRRef = class com.ibm.wsspi.kernel.service.utils.AtomicServiceReference@17910b9b
      referenceName = "injectionEngine"
      tuple = class java.util.concurrent.atomic.AtomicReference@58c71b88
      serialVersionUID = -5840472578638799324
      $$$tc$$$ = class com.ibm.websphere.ras.TraceComponent@3d1ca088
    managedObjectServiceSRRef = class com.ibm.wsspi.kernel.service.utils.AtomicServiceReference@6932baf1
      referenceName = "managedObjectService"
      tuple = class java.util.concurrent.atomic.AtomicReference@18a88c6a
      serialVersionUID = -5840472578638799324
      $$$tc$$$ = class com.ibm.websphere.ras.TraceComponent@3d1ca088
    REFERENCE_WEB_MBEAN_RUNTIME = "webMBeanRuntime"
    webMBeanRuntimeServiceRef = class com.ibm.wsspi.kernel.service.utils.AtomicServiceReference@7556d9f8
      referenceName = "webMBeanRuntime"
      tuple = class java.util.concurrent.atomic.AtomicReference@6ddf9c76
      serialVersionUID = -5840472578638799324
      $$$tc$$$ = class com.ibm.websphere.ras.TraceComponent@3d1ca088
    servletContainerInitializers = class com.ibm.wsspi.kernel.service.utils.ConcurrentServiceReferenceSet@739657af
      referenceName = "servletContainerInitializers"
      contextRef = class java.util.concurrent.atomic.AtomicReference@6b2239e6
      elementMap = class java.util.LinkedHashMap@28f53ca5
      elementSet = class java.util.concurrent.ConcurrentSkipListSet@12393a89
      elementSetUnsorted = false
      serialVersionUID = 756240983881166148
      $$$tc$$$ = class com.ibm.websphere.ras.TraceComponent@676fd2fc
    es = class com.ibm.ws.threading.internal.ExecutorServiceImpl@6c444795
      JAVA_6 = false
      threadPool = class java.util.concurrent.ThreadPoolExecutor@9029f48
      threadPoolController = class com.ibm.ws.threading.internal.ThreadPoolController@25f4c061
      poolName = "Default Executor"
      componentConfig = class org.apache.felix.scr.impl.helper.ReadOnlyDictionary@6a6daae
      interceptorsActive = false
      interceptors = class java.util.concurrent.CopyOnWriteArraySet@1ecee90f
      threadFactory = null
      serialVersionUID = 4947246897844900590
      $$$tc$$$ = class com.ibm.websphere.ras.TraceComponent@5f54e5af
    locationServiceRef = class java.util.concurrent.atomic.AtomicReference@105d9dde
      serialVersionUID = -1848883965231344442
      unsafe = class sun.misc.Unsafe@3845cb5b
      valueOffset = 12
      value = class com.ibm.ws.kernel.service.location.internal.WsLocationAdminImpl@794aa077
    transferContextServiceRef = class com.ibm.wsspi.kernel.service.utils.ConcurrentServiceReferenceSet@53870f34
      referenceName = "transferService"
      contextRef = class java.util.concurrent.atomic.AtomicReference@21404cc8
      elementMap = class java.util.LinkedHashMap@4d31d4ab
      elementSet = class java.util.concurrent.ConcurrentSkipListSet@5c9cdd57
      elementSetUnsorted = false
      serialVersionUID = 756240983881166148
      $$$tc$$$ = class com.ibm.websphere.ras.TraceComponent@676fd2fc
    encodingServiceRef = class java.util.concurrent.atomic.AtomicReference@126d11c4
      serialVersionUID = -1848883965231344442
      unsafe = class sun.misc.Unsafe@3845cb5b
      valueOffset = 12
      value = class com.ibm.ws.http.internal.EncodingUtilsImpl@5617514a
    instance = class java.util.concurrent.atomic.AtomicReference@5c5b84f3
      serialVersionUID = -1848883965231344442
      unsafe = class sun.misc.Unsafe@3845cb5b
      valueOffset = 12
      value = class com.ibm.ws.webcontainer.osgi.WebContainer@7b80610
    vhostManager = class com.ibm.ws.webcontainer.osgi.DynamicVirtualHostManager@209451cb
      tc = class com.ibm.websphere.ras.TraceComponent@7c48c718
      hostMap = class java.util.concurrent.ConcurrentHashMap@59733a1f
      transportMap = class java.util.concurrent.ConcurrentHashMap@46f35b5
      locationService = class com.ibm.ws.kernel.service.location.internal.WsLocationAdminImpl@794aa077
      schedExecutor = class com.ibm.ws.threading.internal.ScheduledExecutorImpl@7b5b64af
      pluginCfgVhostUris = class java.util.HashMap@2a4a00ed
      PLUGIN_CFG = "plugin-cfg.xml"
    metaDataService = class com.ibm.ws.container.service.metadata.internal.MetaDataServiceImpl@4b810442
      applicationMetaDataManager = class com.ibm.ws.container.service.metadata.internal.ApplicationMetaDataManager@19b98bce
      moduleMetaDataManager = class com.ibm.ws.container.service.metadata.internal.ModuleMetaDataManager@428f1702
      componentMetaDataManager = class com.ibm.ws.container.service.metadata.internal.ComponentMetaDataManager@5b8ff265
      methodMetaDataManager = class com.ibm.ws.container.service.metadata.internal.MethodMetaDataManager@718fea2
      appModuleNameToModuleContainer = class java.util.concurrent.ConcurrentHashMap@522af274
      jeeNameToComponentMetaData = class java.util.concurrent.ConcurrentHashMap@68a7c834
      deferredMetaDataFactories = class com.ibm.wsspi.kernel.service.utils.ConcurrentServiceReferenceSet@4c1f139f
      deferredMetaDataInitializers = class com.ibm.wsspi.kernel.service.utils.ConcurrentServiceReferenceMap@cb21950
      serialVersionUID = -8170959944924351750
      $$$tc$$$ = class com.ibm.websphere.ras.TraceComponent@bf94a4d
    j2eeNameFactory = class com.ibm.ws.container.service.metadata.internal.J2EENameFactoryImpl@3118cfc7
      serialVersionUID = 3486344295038028821
      $$$tc$$$ = class com.ibm.websphere.ras.TraceComponent@67998d7d
    context = class org.apache.felix.scr.impl.manager.ComponentContextImpl@31e4b90b
      m_componentManager = class org.apache.felix.scr.impl.manager.SingleComponentManager@73863505
      edgeInfos = class org.apache.felix.scr.impl.manager.EdgeInfo[25]
      m_componentInstance = class org.apache.felix.scr.impl.manager.ComponentContextImpl$ComponentInstanceImpl@27418719
      m_usingBundle = class org.eclipse.osgi.internal.framework.EquinoxBundle@2d84e98a
      m_implementationObject = class com.ibm.ws.webcontainer.osgi.WebContainer@7b80610
      m_implementationAccessible = true
      accessibleLatch = class java.util.concurrent.CountDownLatch@3dc424f7
      serviceObjectsHelper = class org.apache.felix.scr.impl.helper.ComponentServiceObjectsHelper@7fa81057
    contextRoots = class java.util.Collections$SynchronizedSet@337cacf5
      serialVersionUID = 487447009682186044
      serialVersionUID = 3053995032091335093
      c = class java.util.HashSet@622b446e
      mutex = class java.util.Collections$SynchronizedSet@337cacf5
    pendingContextRoots = class java.util.HashMap@701c0dcc
      serialVersionUID = 362498820763181265
      DEFAULT_INITIAL_CAPACITY = 16
      MAXIMUM_CAPACITY = 1073741824
      DEFAULT_LOAD_FACTOR = 0.75
      TREEIFY_THRESHOLD = 8
      UNTREEIFY_THRESHOLD = 6
      MIN_TREEIFY_CAPACITY = 64
      table = null
      entrySet = null
      size = 0
      modCount = 0
      threshold = 0
      loadFactor = 0.75
      keySet = null
      values = null
    deployedModuleMap = class java.util.concurrent.ConcurrentHashMap@70d92ff
      serialVersionUID = 7249069246763182397
      MAXIMUM_CAPACITY = 1073741824
      DEFAULT_CAPACITY = 16
      MAX_ARRAY_SIZE = 2147483639
      DEFAULT_CONCURRENCY_LEVEL = 16
      LOAD_FACTOR = 0.75
      TREEIFY_THRESHOLD = 8
      UNTREEIFY_THRESHOLD = 6
      MIN_TREEIFY_CAPACITY = 64
      MIN_TRANSFER_STRIDE = 16
      RESIZE_STAMP_BITS = 16
      MAX_RESIZERS = 65535
      RESIZE_STAMP_SHIFT = 16
      MOVED = -1
      TREEBIN = -2
      RESERVED = -3
      HASH_BITS = 2147483647
      NCPU = 8
      serialPersistentFields = class java.io.ObjectStreamField[3]
      table = class java.util.concurrent.ConcurrentHashMap$Node[16]
      nextTable = null
      baseCount = 2
      sizeCtl = 12
      transferIndex = 0
      cellsBusy = 0
      counterCells = null
      keySet = null
      values = null
      entrySet = null
      U = class sun.misc.Unsafe@3845cb5b
      SIZECTL = 20
      TRANSFERINDEX = 32
      BASECOUNT = 24
      CELLSBUSY = 36
      CELLVALUE = 144
      ABASE = 16
      ASHIFT = 2
      keySet = null
      values = null
    connContextPool = class com.ibm.ws.webcontainer31.osgi.srt.SRTConnectionContextPool31Impl@13355ff4
      head = class java.lang.ThreadLocal@62bf74d2
    DEFAULT_PORT = "*"
    DEFAULT_VHOST_NAME = "default_host"
    cachedServerInfo = null
    lock = class com.ibm.ws.webcontainer.osgi.WebContainer$1@45784263
      this$0 = class com.ibm.ws.webcontainer.osgi.WebContainer@7b80610
    webAppFactory = class com.ibm.ws.webcontainer31.osgi.webapp.WebAppFactoryImpl31@559a556d
    requestFactory = class com.ibm.ws.webcontainer31.osgi.response.IRequestResponseFactory@3e6bbf4b
    responseFactory = class com.ibm.ws.webcontainer31.osgi.response.IRequestResponseFactory@3e6bbf4b
    asyncContextFactory = class com.ibm.ws.webcontainer31.async.AsyncContextFactory31Impl@7189d8d
    DEFAULT_MAX_VERSION = 30
    versionRef = class org.eclipse.osgi.internal.serviceregistry.ServiceReferenceImpl@f4ac57
      registration = class org.eclipse.osgi.internal.serviceregistry.ServiceRegistrationImpl@3a22b015
    SPEC_LEVEL_UNLOADED = -1
    SPEC_LEVEL_30 = 30
    SPEC_LEVEL_31 = 31
    DEFAULT_SPEC_LEVEL = 30
    loadedContainerSpecLevel = 31
    ISO = "ISO-8859-1"
    encoding = "UTF-8"
    decode = true
    wcconfig = class com.ibm.ws.webcontainer.osgi.WebContainerConfiguration@64b0d64d
      properties = class org.apache.felix.scr.impl.helper.ReadOnlyDictionary@32d64731
      CFG_KEY_ENFORCE_SEC = "enforce.security"
      logger = class com.ibm.ws.logging.internal.WsLogger@5a3437b6
      CLASS_NAME = "com.ibm.ws.webcontainer.WebContainerConfiguration"
      _localeProps = null
      _jvmProps = null
      enableServletCaching = false
      defaultVirtualHostName = "default_host"
      ardEnabled = false
      ardIncludeTimeout = 0
      poolingDisabled = false
      maximumExpiredEntries = 0
      maximumResponseStoreSize = 0
      useAsyncRunnableWorkManager = false
      asyncRunnableWorkManagerName = null
      numAsyncTimerThreads = 2
      defaultAsyncServletTimeout = 30000
    applicationListeners = class java.util.ArrayList@2787dba3
      serialVersionUID = 8683452581122892189
      DEFAULT_CAPACITY = 10
      EMPTY_ELEMENTDATA = class java.lang.Object[0]
      DEFAULTCAPACITY_EMPTY_ELEMENTDATA = class java.lang.Object[0]
      elementData = class java.lang.Object[0]
      size = 0
      MAX_ARRAY_SIZE = 2147483639
      modCount = 0
      MAX_ARRAY_SIZE = 2147483639
    servletListeners = class java.util.ArrayList@2344d10
      serialVersionUID = 8683452581122892189
      DEFAULT_CAPACITY = 10
      EMPTY_ELEMENTDATA = class java.lang.Object[0]
      DEFAULTCAPACITY_EMPTY_ELEMENTDATA = class java.lang.Object[0]
      elementData = class java.lang.Object[0]
      size = 0
      MAX_ARRAY_SIZE = 2147483639
      modCount = 0
      MAX_ARRAY_SIZE = 2147483639
    servletErrorListeners = class java.util.ArrayList@10e46737
      serialVersionUID = 8683452581122892189
      DEFAULT_CAPACITY = 10
      EMPTY_ELEMENTDATA = class java.lang.Object[0]
      DEFAULTCAPACITY_EMPTY_ELEMENTDATA = class java.lang.Object[0]
      elementData = class java.lang.Object[0]
      size = 0
      MAX_ARRAY_SIZE = 2147483639
      modCount = 0
      MAX_ARRAY_SIZE = 2147483639
    servletInvocationListeners = class java.util.ArrayList@7204d9d8
      serialVersionUID = 8683452581122892189
      DEFAULT_CAPACITY = 10
      EMPTY_ELEMENTDATA = class java.lang.Object[0]
      DEFAULTCAPACITY_EMPTY_ELEMENTDATA = class java.lang.Object[0]
      elementData = class java.lang.Object[0]
      size = 0
      MAX_ARRAY_SIZE = 2147483639
      modCount = 0
      MAX_ARRAY_SIZE = 2147483639
    filterInvocationListeners = class java.util.ArrayList@6bc75ef8
      serialVersionUID = 8683452581122892189
      DEFAULT_CAPACITY = 10
      EMPTY_ELEMENTDATA = class java.lang.Object[0]
      DEFAULTCAPACITY_EMPTY_ELEMENTDATA = class java.lang.Object[0]
      elementData = class java.lang.Object[0]
      size = 0
      MAX_ARRAY_SIZE = 2147483639
      modCount = 0
      MAX_ARRAY_SIZE = 2147483639
    filterErrorListeners = class java.util.ArrayList@4bbbc25d
      serialVersionUID = 8683452581122892189
      DEFAULT_CAPACITY = 10
      EMPTY_ELEMENTDATA = class java.lang.Object[0]
      DEFAULTCAPACITY_EMPTY_ELEMENTDATA = class java.lang.Object[0]
      elementData = class java.lang.Object[0]
      size = 0
      MAX_ARRAY_SIZE = 2147483639
      modCount = 0
      MAX_ARRAY_SIZE = 2147483639
    filterListeners = class java.util.ArrayList@7855c9c2
      serialVersionUID = 8683452581122892189
      DEFAULT_CAPACITY = 10
      EMPTY_ELEMENTDATA = class java.lang.Object[0]
      DEFAULTCAPACITY_EMPTY_ELEMENTDATA = class java.lang.Object[0]
      elementData = class java.lang.Object[0]
      size = 0
      MAX_ARRAY_SIZE = 2147483639
      modCount = 0
      MAX_ARRAY_SIZE = 2147483639
    servletRequestListeners = class java.util.ArrayList@2c4b1509
      serialVersionUID = 8683452581122892189
      DEFAULT_CAPACITY = 10
      EMPTY_ELEMENTDATA = class java.lang.Object[0]
      DEFAULTCAPACITY_EMPTY_ELEMENTDATA = class java.lang.Object[0]
      elementData = class java.lang.Object[0]
      size = 0
      MAX_ARRAY_SIZE = 2147483639
      modCount = 0
      MAX_ARRAY_SIZE = 2147483639
    servletRequestAttributeListeners = class java.util.ArrayList@7d2aaee6
      serialVersionUID = 8683452581122892189
      DEFAULT_CAPACITY = 10
      EMPTY_ELEMENTDATA = class java.lang.Object[0]
      DEFAULTCAPACITY_EMPTY_ELEMENTDATA = class java.lang.Object[0]
      elementData = class java.lang.Object[0]
      size = 0
      MAX_ARRAY_SIZE = 2147483639
      modCount = 0
      MAX_ARRAY_SIZE = 2147483639
    servletContextListeners = class java.util.ArrayList@68163234
      serialVersionUID = 8683452581122892189
      DEFAULT_CAPACITY = 10
      EMPTY_ELEMENTDATA = class java.lang.Object[0]
      DEFAULTCAPACITY_EMPTY_ELEMENTDATA = class java.lang.Object[0]
      elementData = class java.lang.Object[0]
      size = 0
      MAX_ARRAY_SIZE = 2147483639
      modCount = 0
      MAX_ARRAY_SIZE = 2147483639
    servletContextAttributeListeners = class java.util.ArrayList@3edbfd2d
      serialVersionUID = 8683452581122892189
      DEFAULT_CAPACITY = 10
      EMPTY_ELEMENTDATA = class java.lang.Object[0]
      DEFAULTCAPACITY_EMPTY_ELEMENTDATA = class java.lang.Object[0]
      elementData = class java.lang.Object[0]
      size = 0
      MAX_ARRAY_SIZE = 2147483639
      modCount = 0
      MAX_ARRAY_SIZE = 2147483639
    sessionListeners = class java.util.ArrayList@4acc54a2
      serialVersionUID = 8683452581122892189
      DEFAULT_CAPACITY = 10
      EMPTY_ELEMENTDATA = class java.lang.Object[0]
      DEFAULTCAPACITY_EMPTY_ELEMENTDATA = class java.lang.Object[0]
      elementData = class java.lang.Object[0]
      size = 0
      MAX_ARRAY_SIZE = 2147483639
      modCount = 0
      MAX_ARRAY_SIZE = 2147483639
    sessionIdListeners = class java.util.ArrayList@62399e83
      serialVersionUID = 8683452581122892189
      DEFAULT_CAPACITY = 10
      EMPTY_ELEMENTDATA = class java.lang.Object[0]
      DEFAULTCAPACITY_EMPTY_ELEMENTDATA = class java.lang.Object[0]
      elementData = class java.lang.Object[0]
      size = 0
      MAX_ARRAY_SIZE = 2147483639
      modCount = 0
      MAX_ARRAY_SIZE = 2147483639
    sessionAttributeListeners = class java.util.ArrayList@3b679762
      serialVersionUID = 8683452581122892189
      DEFAULT_CAPACITY = 10
      EMPTY_ELEMENTDATA = class java.lang.Object[0]
      DEFAULTCAPACITY_EMPTY_ELEMENTDATA = class java.lang.Object[0]
      elementData = class java.lang.Object[0]
      size = 0
      MAX_ARRAY_SIZE = 2147483639
      modCount = 0
      MAX_ARRAY_SIZE = 2147483639
    DEFAULT_HOST = "default_host"
    _initialized = true
    logger = class com.ibm.ws.logging.internal.WsLogger@5a3437b6
      tc = class com.ibm.websphere.ras.TraceComponent@43b18b48
      ivCachedResourceBundleName = "com.ibm.ws.webcontainer.resources.Messages"
      ivCachedResourceBundle = class com.ibm.ws.webcontainer.resources.Messages_en@34686124
      ivComponent = null
      ivOrganization = null
      ivProduct = null
      ivMinimumLocalizationLevelIntValue = 625
      ivTC = class com.ibm.websphere.ras.TraceComponent@29c622ae
      loggerRegistrationComponent = class java.lang.ThreadLocal@7a70456e
      emptyHandlers = class java.util.logging.Handler[0]
      offValue = 2147483647
      SYSTEM_LOGGER_RB_NAME = "sun.util.logging.resources.logging"
      SYSTEM_BUNDLE = class java.util.logging.Logger$LoggerBundle@13916726
      NO_RESOURCE_BUNDLE = class java.util.logging.Logger$LoggerBundle@64874531
      manager = class com.ibm.ws.kernel.boot.logging.WsLogManager@1c2427fa
      name = "com.ibm.ws.webcontainer"
      handlers = class java.util.concurrent.CopyOnWriteArrayList@2881d0a
      loggerBundle = class java.util.logging.Logger$LoggerBundle@1ab8f22a
      useParentHandlers = true
      filter = null
      anonymous = false
      catalog = class com.ibm.ws.webcontainer.resources.Messages_en@34686124
      catalogName = "com.ibm.ws.webcontainer.resources.Messages"
      catalogLocale = class java.util.Locale@44489281
      treeLock = class java.lang.Object@79ee7605
      parent = class java.util.logging.Logger@3b4c447f
      kids = class java.util.ArrayList@66b8c89e
      levelObject = class java.util.logging.Level@66649252
      levelValue = 800
      callersClassLoaderRef = class java.lang.ref.WeakReference@6cb08ec5
      isSystemLogger = false
      GLOBAL_LOGGER_NAME = "global"
      global = class java.util.logging.Logger@3f401ef3
      $assertionsDisabled = true
    CLASS_NAME = "com.ibm.ws.webcontainer.internal.WebContainer"
    nls = class com.ibm.ejs.ras.TraceNLS@72751116
      resolver = class com.ibm.ws.logging.internal.TraceNLSResolver@17162614
      finder = null
      ivBundleName = "com.ibm.ws.webcontainer.resources.Messages"
      caller = class java.lang.Class@7c2b019
    self = class java.util.concurrent.atomic.AtomicReference@5c96545d
      serialVersionUID = -1848883965231344442
      unsafe = class sun.misc.Unsafe@3845cb5b
      valueOffset = 12
      value = class com.ibm.ws.webcontainer.osgi.WebContainer@7b80610
    _cipherToBit = class java.util.HashMap@5b4d042a
      serialVersionUID = 362498820763181265
      DEFAULT_INITIAL_CAPACITY = 16
      MAXIMUM_CAPACITY = 1073741824
      DEFAULT_LOAD_FACTOR = 0.75
      TREEIFY_THRESHOLD = 8
      UNTREEIFY_THRESHOLD = 6
      MIN_TREEIFY_CAPACITY = 64
      table = null
      entrySet = null
      size = 0
      modCount = 0
      threshold = 0
      loadFactor = 0.75
      keySet = null
      values = null
    cacheKeyStringBuilder = class com.ibm.ws.util.WSThreadLocal@203f0172
      tc = class com.ibm.ejs.ras.TraceComponent@6c6e9da0
      count = 4
      index = 2
      SUSPECTED_MISUSAGE_THRESHOLD = 200
      threadLocalHashCode = 1669155300
      nextHashCode = class java.util.concurrent.atomic.AtomicInteger@77ede3a6
      HASH_INCREMENT = 1640531527
    listenersInitialized = false
    webConProperties = class java.util.Properties@7a1849c2
      serialVersionUID = 4112578634029874840
      defaults = null
      hexDigit = {0123456789ABCDEF} /* array length = 16*/
      table = class java.util.Hashtable$Entry[95]
      count = 55
      threshold = 71
      loadFactor = 0.75
      modCount = 58
      serialVersionUID = 1421746759512286392
      MAX_ARRAY_SIZE = 2147483639
      keySet = null
      entrySet = null
      values = null
      KEYS = 0
      VALUES = 1
      ENTRIES = 2
    sessionRegistry = null
    isStopped = false
    readWriteLockForStopping = class java.util.concurrent.locks.ReentrantReadWriteLock@14c2ce60
      serialVersionUID = -6992448646407690164
      readerLock = class java.util.concurrent.locks.ReentrantReadWriteLock$ReadLock@64537be9
      writerLock = class java.util.concurrent.locks.ReentrantReadWriteLock$WriteLock@10d564ca
      sync = class java.util.concurrent.locks.ReentrantReadWriteLock$NonfairSync@168605c
      UNSAFE = class sun.misc.Unsafe@3845cb5b
      TID_OFFSET = 40
    urlPrefix = ";jsessionid="
    extensionFactories = class java.util.ArrayList@279de486
      serialVersionUID = 8683452581122892189
      DEFAULT_CAPACITY = 10
      EMPTY_ELEMENTDATA = class java.lang.Object[0]
      DEFAULTCAPACITY_EMPTY_ELEMENTDATA = class java.lang.Object[0]
      elementData = class java.lang.Object[10]
      size = 4
      MAX_ARRAY_SIZE = 2147483639
      modCount = 9
      MAX_ARRAY_SIZE = 2147483639
    postInitExtensionFactories = null
    httpResponseListeners = class java.util.ArrayList@7ff15596
      serialVersionUID = 8683452581122892189
      DEFAULT_CAPACITY = 10
      EMPTY_ELEMENTDATA = class java.lang.Object[0]
      DEFAULTCAPACITY_EMPTY_ELEMENTDATA = class java.lang.Object[0]
      elementData = class java.lang.Object[0]
      size = 0
      MAX_ARRAY_SIZE = 2147483639
      modCount = 0
      MAX_ARRAY_SIZE = 2147483639
    servletContainerInitializers = class java.util.ServiceLoader@471f45f3
      PREFIX = "META-INF/services/"
      service = class java.lang.Class@4d7f6529
      loader = class org.eclipse.osgi.internal.loader.EquinoxClassLoader@3545f5b
      acc = null
      providers = class java.util.LinkedHashMap@6cd4ca53
      lookupIterator = class java.util.ServiceLoader$LazyIterator@4a54775b
    invocationCacheSize = 500
    decodePlusSign = true
    _cacheMap = class java.util.concurrent.ConcurrentHashMap@452c32be
      serialVersionUID = 7249069246763182397
      MAXIMUM_CAPACITY = 1073741824
      DEFAULT_CAPACITY = 16
      MAX_ARRAY_SIZE = 2147483639
      DEFAULT_CONCURRENCY_LEVEL = 16
      LOAD_FACTOR = 0.75
      TREEIFY_THRESHOLD = 8
      UNTREEIFY_THRESHOLD = 6
      MIN_TREEIFY_CAPACITY = 64
      MIN_TRANSFER_STRIDE = 16
      RESIZE_STAMP_BITS = 16
      MAX_RESIZERS = 65535
      RESIZE_STAMP_SHIFT = 16
      MOVED = -1
      TREEBIN = -2
      RESERVED = -3
      HASH_BITS = 2147483647
      NCPU = 8
      serialPersistentFields = class java.io.ObjectStreamField[3]
      table = null
      nextTable = null
      baseCount = 0
      sizeCtl = 1024
      transferIndex = 0
      cellsBusy = 0
      counterCells = null
      keySet = null
      values = null
      entrySet = null
      U = class sun.misc.Unsafe@3845cb5b
      SIZECTL = 20
      TRANSFERINDEX = 32
      BASECOUNT = 24
      CELLSBUSY = 36
      CELLVALUE = 144
      ABASE = 16
      ASHIFT = 2
      keySet = null
      values = null
    _cacheSize = class java.util.concurrent.atomic.AtomicInteger@ddd4749
      serialVersionUID = 6214790243416807050
      unsafe = class sun.misc.Unsafe@3845cb5b
      valueOffset = 12
      value = 0
      serialVersionUID = -8742448824652078965
    vHostCompatFlag = false
    platformHelper = class com.ibm.ws.webcontainer.PlatformHelper@78f5ee81
    isDefaultTempDir = true
    tempDir = null
    servletCachingInitNeeded = true
    appInstallBegun = true
    commands = class java.util.ArrayList@61656f62
      serialVersionUID = 8683452581122892189
      DEFAULT_CAPACITY = 10
      EMPTY_ELEMENTDATA = class java.lang.Object[0]
      DEFAULTCAPACITY_EMPTY_ELEMENTDATA = class java.lang.Object[0]
      elementData = class java.lang.Object[3]
      size = 0
      MAX_ARRAY_SIZE = 2147483639
      modCount = 0
      MAX_ARRAY_SIZE = 2147483639
    requestMapper = class com.ibm.ws.webcontainer.util.VirtualHostContextRootMapper@6e59b08
      cachedMappers = class java.util.Collections$SynchronizedMap@9bb16d5
      nls = class com.ibm.ejs.ras.TraceNLS@4377d3e3
      logger = class com.ibm.ws.logging.internal.WsLogger@2a708a79
      CLASS_NAME = "com.ibm.ws.webcontainer.util.VirtualHostContextRootMapper"
      CLASSNAME = "com.ibm.ws.util.VirtualHostMapper"
      tc = class com.ibm.ejs.ras.TraceComponent@238cf32e
      vHostTable = class java.util.concurrent.ConcurrentHashMap@6257a5df
    parent = null
    name = "Was.webcontainer"
    isAlive = true
    subElements = class java.util.HashMap@542bffb0
      serialVersionUID = 362498820763181265
      DEFAULT_INITIAL_CAPACITY = 16
      MAXIMUM_CAPACITY = 1073741824
      DEFAULT_LOAD_FACTOR = 0.75
      TREEIFY_THRESHOLD = 8
      UNTREEIFY_THRESHOLD = 6
      MIN_TREEIFY_CAPACITY = 64
      table = class java.util.HashMap$Node[16]
      entrySet = null
      size = 1
      modCount = 1
      threshold = 12
      loadFactor = 0.75
      keySet = null
      values = null
    attributes = null
    config = null
    serialVersionUID = -8271459000149267764
    $$$tc$$$ = class com.ibm.websphere.ras.TraceComponent@164184f6
      strings[0] = "TraceComponent[com.ibm.ws.container.AbstractContainer,class com.ibm.ws.container.AbstractContainer,[],null,null]"

