------Start of DE processing------ = [1/8/16 9:09:51:859 CET]
Exception = com.ibm.ws.webcontainer.exception.WebAppNotLoadedException
Source = com.ibm.ws.webcontainer.Webcontainer
probeid = 732
Stack Dump = com.ibm.ws.webcontainer.exception.WebAppNotLoadedException: Failed to load webapp: Context root /* mapping unable to be bound. Application Bluemix Java Web unavailable.
	at com.ibm.ws.webcontainer.osgi.DynamicVirtualHost.addWebApplication(DynamicVirtualHost.java:172)
	at com.ibm.ws.webcontainer.WebContainer.addWebApp(WebContainer.java:554)
	at com.ibm.ws.webcontainer.WebContainer.addWebApplication(WebContainer.java:509)
	at com.ibm.ws.webcontainer.osgi.WebContainer.startModule(WebContainer.java:821)
	at com.ibm.ws.app.manager.web.internal.WebModuleHandlerImpl.deployModule(WebModuleHandlerImpl.java:102)
	at com.ibm.ws.app.manager.module.internal.DeployedAppInfoBase.deployModule(DeployedAppInfoBase.java:870)
	at com.ibm.ws.app.manager.module.internal.DeployedAppInfoBase.deployModules(DeployedAppInfoBase.java:830)
	at com.ibm.ws.app.manager.module.internal.DeployedAppInfoBase.deployApp(DeployedAppInfoBase.java:817)
	at com.ibm.ws.app.manager.war.internal.WARApplicationHandlerImpl.install(WARApplicationHandlerImpl.java:66)
	at com.ibm.ws.app.manager.internal.statemachine.StartAction.execute(StartAction.java:139)
	at com.ibm.ws.app.manager.internal.statemachine.ApplicationStateMachineImpl.enterState(ApplicationStateMachineImpl.java:1168)
	at com.ibm.ws.app.manager.internal.statemachine.ApplicationStateMachineImpl.run(ApplicationStateMachineImpl.java:781)
	at java.util.concurrent.ThreadPoolExecutor.runWorker(ThreadPoolExecutor.java:1142)
	at java.util.concurrent.ThreadPoolExecutor$Worker.run(ThreadPoolExecutor.java:617)
	at java.lang.Thread.run(Thread.java:745)
Caused by: java.lang.Exception: Mapping clash for null: Target com.ibm.ws.webcontainer.osgi.webapp.WebGroup@437068fd already exists at node /
	at com.ibm.ws.webcontainer.util.URIMatcher.put(URIMatcher.java:138)
	at com.ibm.ws.webcontainer.util.URIMapper.addMapping(URIMapper.java:62)
	at com.ibm.ws.webcontainer.VirtualHost.addMapping(VirtualHost.java:283)
	at com.ibm.ws.webcontainer.osgi.DynamicVirtualHost.addMapping(DynamicVirtualHost.java:334)
	at com.ibm.ws.webcontainer.osgi.DynamicVirtualHost.addWebApplication(DynamicVirtualHost.java:162)
	... 14 more

Dump of callerThis
Object type = com.ibm.ws.webcontainer.osgi.WebContainer
  tc = class com.ibm.websphere.ras.TraceComponent@60dc7894
    strings[0] = "TraceComponent[com.ibm.ws.webcontainer.osgi.WebContainer,class com.ibm.ws.webcontainer.osgi.WebContainer,[webcontainer],com.ibm.ws.webcontainer.resources.LShimMessages,null]"
  CLASS_NAME = "com.ibm.ws.webcontainer.osgi.WebContainer"
  initialized = true
  eventService = class com.ibm.ws.event.internal.EventEngineImpl@67f5606b
    tc = class com.ibm.websphere.ras.TraceComponent@952d887
      strings[0] = "TraceComponent[com.ibm.ws.event.internal.EventEngineImpl,class com.ibm.ws.event.internal.EventEngineImpl,[EventEngine],,null]"
    OSGI_EVENT_HANDLER_REFERENCE_NAME = "osgiEventHandler"
    WS_EVENT_HANDLER_REFERENCE_NAME = "wsEventHandler"
    CFG_KEY_REENTRANT_HANDLER_DEFAULT = "reentrant.handler.default"
    CFG_KEY_STAGE_PREFIX = "stage.topics."
    topicCache = class com.ibm.ws.event.internal.TopicBasedCache@198e09b8
      serialVersionUID = -1668099068630434622
      DEFAULT_STAGE_NAME = "Events"
      serviceReferenceMap = class java.util.HashMap@134d2333
      discreteEventHandlers = class java.util.HashMap@aff6bc1
      wildcardEventHandlers = class java.util.HashMap@589fd140
      discreteStageTopics = class java.util.HashMap@4cd59240
      wildcardStageTopics = class java.util.HashMap@36fb7452
      topicDataCache = class java.util.concurrent.ConcurrentHashMap@472bb02f
      eventEngine = class com.ibm.ws.event.internal.EventEngineImpl@67f5606b
      $$$tc$$$ = class com.ibm.websphere.ras.TraceComponent@2e267b45
    componentContext = class org.apache.felix.scr.impl.manager.ComponentContextImpl@587dce35
      m_componentManager = class org.apache.felix.scr.impl.manager.SingleComponentManager@2622f49a
      edgeInfos = class org.apache.felix.scr.impl.manager.EdgeInfo[4]
      m_componentInstance = class org.apache.felix.scr.impl.manager.ComponentContextImpl$ComponentInstanceImpl@6bb15c01
      m_usingBundle = class org.eclipse.osgi.internal.framework.EquinoxBundle@3478d170
      m_implementationObject = class com.ibm.ws.event.internal.EventEngineImpl@67f5606b
      m_implementationAccessible = true
      accessibleLatch = class java.util.concurrent.CountDownLatch@b4d6cfb
      serviceObjectsHelper = class org.apache.felix.scr.impl.helper.ComponentServiceObjectsHelper@3afacf2c
    bundleContext = class org.eclipse.osgi.internal.framework.BundleContextImpl@68d5ea68
      findHookName = "org.osgi.framework.hooks.bundle.FindHook"
      valid = true
      bundle = class org.eclipse.osgi.internal.framework.EquinoxBundle@3478d170
      container = class org.eclipse.osgi.internal.framework.EquinoxContainer@1f79db5c
      debug = class org.eclipse.osgi.internal.debug.Debug@5e42a7e
      servicesInUse = class java.util.HashMap@36e50043
      activator = null
      contextLock = class java.lang.Object@60175b66
    logService = class com.ibm.ws.logging.internal.osgi.TrLogServiceImpl@23896c05
      LOG_EVENT = -5
      publishEvents = false
      publishDebugEvents = false
      logImpl = class com.ibm.ws.logging.internal.osgi.TrLogImpl@3af5678f
      bundle = class org.eclipse.osgi.internal.framework.EquinoxBundle@3478d170
      ffdcMe = "com.ibm.ws.event-1.0.11.20151114-1523"
      tc = class com.ibm.ws.logging.internal.osgi.TrLogServiceImpl$OSGiTraceComponent@a651a0b
    frameworkEventAdapter = class com.ibm.ws.event.internal.adapter.FrameworkEventAdapter@6ae84c5f
      FRAMEWORK_EVENT_TOPIC_PREFIX = "org/osgi/framework/FrameworkEvent/"
      eventAdmin = class com.ibm.ws.event.internal.EventEngineImpl@67f5606b
      serialVersionUID = -1092610607214715909
      $$$tc$$$ = class com.ibm.websphere.ras.TraceComponent@38a2498d
    bundleEventAdapter = class com.ibm.ws.event.internal.adapter.BundleEventAdapter@3c25b73
      BUNDLE_EVENT_TOPIC_PREFIX = "org/osgi/framework/BundleEvent/"
      eventAdmin = class com.ibm.ws.event.internal.EventEngineImpl@67f5606b
      serialVersionUID = -818773777250172927
      $$$tc$$$ = class com.ibm.websphere.ras.TraceComponent@16971b16
    serviceEventAdapter = class com.ibm.ws.event.internal.adapter.ServiceEventAdapter@35783158
      SERVICE_EVENT_TOPIC_PREFIX = "org/osgi/framework/ServiceEvent/"
      eventAdmin = class com.ibm.ws.event.internal.EventEngineImpl@67f5606b
      serialVersionUID = 408387796793790680
      $$$tc$$$ = class com.ibm.websphere.ras.TraceComponent@60456c3b
    executorServiceFactory = class com.ibm.ws.event.internal.WorkStageExecutorServiceFactory@5d798ab6
      executorService = class com.ibm.ws.threading.internal.ExecutorServiceImpl@6c444795
      serialVersionUID = -89348135483836177
      $$$tc$$$ = class com.ibm.websphere.ras.TraceComponent@5f583aaa
    defaultReentrancy = true
    skipSchedule = false
    serialVersionUID = 5726352079311142609
  futureMonitor = class com.ibm.ws.threading.internal.FutureMonitorImpl@2e80717f
    _monitor = class java.util.concurrent.ConcurrentLinkedQueue@836fd9f
      serialVersionUID = 196745693267521676
      head = class java.util.concurrent.ConcurrentLinkedQueue$Node@2950d28f
      tail = class java.util.concurrent.ConcurrentLinkedQueue$Node@2950d28f
      UNSAFE = class sun.misc.Unsafe@3845cb5b
      headOffset = 12
      tailOffset = 16
      MAX_ARRAY_SIZE = 2147483639
    _executor = class com.ibm.ws.threading.internal.ScheduledExecutorImpl@7b5b64af
    _threadRunning = class java.util.concurrent.atomic.AtomicBoolean@1bc5689b
      serialVersionUID = 4654671469794556979
      unsafe = class sun.misc.Unsafe@3845cb5b
      valueOffset = 12
      value = 0
    _thread = class com.ibm.ws.threading.internal.FutureMonitorImpl$1@1baa4b1d
      this$0 = class com.ibm.ws.threading.internal.FutureMonitorImpl@2e80717f
      serialVersionUID = 2422512430832938099
      $$$tc$$$ = class com.ibm.websphere.ras.TraceComponent@2b281ace
    serialVersionUID = 2765238413969174390
    $$$tc$$$ = class com.ibm.websphere.ras.TraceComponent@78983897
      strings[0] = "TraceComponent[com.ibm.ws.threading.internal.FutureMonitorImpl,class com.ibm.ws.threading.internal.FutureMonitorImpl,[Threading],com.ibm.ws.threading.internal.resources.ThreadingMessages,null]"
  classLoadingSRRef = class com.ibm.wsspi.kernel.service.utils.AtomicServiceReference@82ece66
    referenceName = "classLoadingService"
    tuple = class java.util.concurrent.atomic.AtomicReference@90ef3e0
      serialVersionUID = -1848883965231344442
      unsafe = class sun.misc.Unsafe@3845cb5b
      valueOffset = 12
      value = class com.ibm.wsspi.kernel.service.utils.AtomicServiceReference$ReferenceTuple@6201313e
    serialVersionUID = -5840472578638799324
    $$$tc$$$ = class com.ibm.websphere.ras.TraceComponent@3d1ca088
  sessionHelperSRRef = class com.ibm.wsspi.kernel.service.utils.AtomicServiceReference@760d5eb9
    referenceName = "sessionHelper"
    tuple = class java.util.concurrent.atomic.AtomicReference@48270a26
      serialVersionUID = -1848883965231344442
      unsafe = class sun.misc.Unsafe@3845cb5b
      valueOffset = 12
      value = class com.ibm.wsspi.kernel.service.utils.AtomicServiceReference$ReferenceTuple@5c28b30c
    serialVersionUID = -5840472578638799324
    $$$tc$$$ = class com.ibm.websphere.ras.TraceComponent@3d1ca088
  cacheManagerSRRef = class com.ibm.wsspi.kernel.service.utils.AtomicServiceReference@3a378e2b
    referenceName = "cacheManager"
    tuple = class java.util.concurrent.atomic.AtomicReference@409a437
      serialVersionUID = -1848883965231344442
      unsafe = class sun.misc.Unsafe@3845cb5b
      valueOffset = 12
      value = class com.ibm.wsspi.kernel.service.utils.AtomicServiceReference$ReferenceTuple@48d34435
    serialVersionUID = -5840472578638799324
    $$$tc$$$ = class com.ibm.websphere.ras.TraceComponent@3d1ca088
  injectionEngineSRRef = class com.ibm.wsspi.kernel.service.utils.AtomicServiceReference@17910b9b
    referenceName = "injectionEngine"
    tuple = class java.util.concurrent.atomic.AtomicReference@58c71b88
      serialVersionUID = -1848883965231344442
      unsafe = class sun.misc.Unsafe@3845cb5b
      valueOffset = 12
      value = class com.ibm.wsspi.kernel.service.utils.AtomicServiceReference$ReferenceTuple@764c8bdc
    serialVersionUID = -5840472578638799324
    $$$tc$$$ = class com.ibm.websphere.ras.TraceComponent@3d1ca088
      strings[0] = "TraceComponent[com.ibm.wsspi.kernel.service.utils.AtomicServiceReference,class com.ibm.wsspi.kernel.service.utils.AtomicServiceReference,[kernelUtils],com.ibm.ws.kernel.service.utils.resources.ServiceMessages,null]"
  managedObjectServiceSRRef = class com.ibm.wsspi.kernel.service.utils.AtomicServiceReference@6932baf1
    referenceName = "managedObjectService"
    tuple = class java.util.concurrent.atomic.AtomicReference@18a88c6a
      serialVersionUID = -1848883965231344442
      unsafe = class sun.misc.Unsafe@3845cb5b
      valueOffset = 12
      value = class com.ibm.wsspi.kernel.service.utils.AtomicServiceReference$ReferenceTuple@38fafa4c
    serialVersionUID = -5840472578638799324
    $$$tc$$$ = class com.ibm.websphere.ras.TraceComponent@3d1ca088
  REFERENCE_WEB_MBEAN_RUNTIME = "webMBeanRuntime"
  webMBeanRuntimeServiceRef = class com.ibm.wsspi.kernel.service.utils.AtomicServiceReference@7556d9f8
    referenceName = "webMBeanRuntime"
    tuple = class java.util.concurrent.atomic.AtomicReference@6ddf9c76
      serialVersionUID = -1848883965231344442
      unsafe = class sun.misc.Unsafe@3845cb5b
      valueOffset = 12
      value = class com.ibm.wsspi.kernel.service.utils.AtomicServiceReference$ReferenceTuple@910330b
    serialVersionUID = -5840472578638799324
    $$$tc$$$ = class com.ibm.websphere.ras.TraceComponent@3d1ca088
  servletContainerInitializers = class com.ibm.wsspi.kernel.service.utils.ConcurrentServiceReferenceSet@739657af
    referenceName = "servletContainerInitializers"
    contextRef = class java.util.concurrent.atomic.AtomicReference@6b2239e6
      serialVersionUID = -1848883965231344442
      unsafe = class sun.misc.Unsafe@3845cb5b
      valueOffset = 12
      value = class org.apache.felix.scr.impl.manager.ComponentContextImpl@31e4b90b
    elementMap = class java.util.LinkedHashMap@28f53ca5
      serialVersionUID = 3801124242820219131
      head = class java.util.LinkedHashMap$Entry@36289af
      tail = class java.util.LinkedHashMap$Entry@4bbc2cf7
      accessOrder = false
      serialVersionUID = 362498820763181265
      DEFAULT_INITIAL_CAPACITY = 16
      MAXIMUM_CAPACITY = 1073741824
      DEFAULT_LOAD_FACTOR = 0.75
      TREEIFY_THRESHOLD = 8
      UNTREEIFY_THRESHOLD = 6
      MIN_TREEIFY_CAPACITY = 64
      table = class java.util.HashMap$Node[16]
      entrySet = null
      size = 6
      modCount = 6
      threshold = 12
      loadFactor = 0.75
      keySet = null
      values = null
    elementSet = class java.util.concurrent.ConcurrentSkipListSet@12393a89
      serialVersionUID = -2479143111061671589
      m = class java.util.concurrent.ConcurrentSkipListMap@5830b3e3
      UNSAFE = class sun.misc.Unsafe@3845cb5b
      mapOffset = 12
      MAX_ARRAY_SIZE = 2147483639
    elementSetUnsorted = false
    serialVersionUID = 756240983881166148
    $$$tc$$$ = class com.ibm.websphere.ras.TraceComponent@676fd2fc
  es = class com.ibm.ws.threading.internal.ExecutorServiceImpl@6c444795
    JAVA_6 = false
    threadPool = class java.util.concurrent.ThreadPoolExecutor@9029f48
      ctl = class java.util.concurrent.atomic.AtomicInteger@596fe822
      COUNT_BITS = 29
      CAPACITY = 536870911
      RUNNING = -536870912
      SHUTDOWN = 0
      STOP = 536870912
      TIDYING = 1073741824
      TERMINATED = 1610612736
      workQueue = class com.ibm.ws.threading.internal.BoundedBuffer@385fe65a
      mainLock = class java.util.concurrent.locks.ReentrantLock@58157f1e
      workers = class java.util.HashSet@347a589f
      termination = class java.util.concurrent.locks.AbstractQueuedSynchronizer$ConditionObject@127298ca
      largestPoolSize = 18
      completedTaskCount = 0
      threadFactory = class com.ibm.ws.threading.internal.ThreadFactoryImpl@55d8d1e8
      handler = class com.ibm.ws.threading.internal.ExecutorServiceImpl$ExpandPolicy@26c6b9c2
      keepAliveTime = 60000000000
      allowCoreThreadTimeOut = false
      corePoolSize = 18
      maximumPoolSize = 18
      defaultHandler = class java.util.concurrent.ThreadPoolExecutor$AbortPolicy@401eb325
      shutdownPerm = class java.lang.RuntimePermission@46acd724
      ONLY_ONE = true
      $assertionsDisabled = true
    threadPoolController = class com.ibm.ws.threading.internal.ThreadPoolController@25f4c061
      tc = class com.ibm.websphere.ras.TraceComponent@6063488c
      INTERVAL = 1500
      MAX_INTERVALS_WITHOUT_CHANGE = 5
      EMPTY_QUEUE_SHRINK_MAGIC_PER_INTERVAL = 0.04
      NON_EMPTY_QUEUE_GROW_MAGIC_PER_INTERVAL = 0.02
      IDLE_INTERVALS_BEFORE_PAUSE = 3
      MAX_OUTLIER_AFTER_CHANGE_BEFORE_RESET = 3
      MAX_THREADS_TO_BREAK_HANG = 1000
      executorService = class com.ibm.ws.threading.internal.ExecutorServiceImpl@6c444795
      lastAction = class com.ibm.ws.threading.internal.ThreadPoolController$LastAction@e50e60
      timer = class java.util.Timer@21c3b2cb
      activeTask = class com.ibm.ws.threading.internal.IntervalTask@18758cf7
      paused = false
      lastTimerPop = 1452240590859
      previousCompleted = 76
      previousThroughput = 20.625415834996673
      consecutiveQueueEmptyCount = 2
      consecutiveNoAdjustment = 0
      consecutiveOutlierAfterAdjustment = 0
      consecutiveIdleCount = 0
      maxThreads = 2147483647
      coreThreads = 16
      threadPool = class java.util.concurrent.ThreadPoolExecutor@9029f48
      threadStats = class com.ibm.ws.threading.internal.ThroughputDistribution[19]
      poolSizeWhenHangDetected = -1
      hangWarningIssued = false
      serialVersionUID = 8404405045746582097
    poolName = "Default Executor"
    componentConfig = class org.apache.felix.scr.impl.helper.ReadOnlyDictionary@6a6daae
      m_delegate = class java.util.Hashtable@1ac71190
      m_serviceReference = null
    interceptorsActive = false
    interceptors = class java.util.concurrent.CopyOnWriteArraySet@1ecee90f
      serialVersionUID = 5457747651344034263
      al = class java.util.concurrent.CopyOnWriteArrayList@260311d7
      MAX_ARRAY_SIZE = 2147483639
    threadFactory = null
    serialVersionUID = 4947246897844900590
    $$$tc$$$ = class com.ibm.websphere.ras.TraceComponent@5f54e5af
      strings[0] = "TraceComponent[com.ibm.ws.threading.internal.ExecutorServiceImpl,class com.ibm.ws.threading.internal.ExecutorServiceImpl,[Threading],com.ibm.ws.threading.internal.resources.ThreadingMessages,null]"
  locationServiceRef = class java.util.concurrent.atomic.AtomicReference@105d9dde
    serialVersionUID = -1848883965231344442
    unsafe = class sun.misc.Unsafe@3845cb5b
      theUnsafe = class sun.misc.Unsafe@3845cb5b
      INVALID_FIELD_OFFSET = -1
      ARRAY_BOOLEAN_BASE_OFFSET = 16
      ARRAY_BYTE_BASE_OFFSET = 16
      ARRAY_SHORT_BASE_OFFSET = 16
      ARRAY_CHAR_BASE_OFFSET = 16
      ARRAY_INT_BASE_OFFSET = 16
      ARRAY_LONG_BASE_OFFSET = 16
      ARRAY_FLOAT_BASE_OFFSET = 16
      ARRAY_DOUBLE_BASE_OFFSET = 16
      ARRAY_OBJECT_BASE_OFFSET = 16
      ARRAY_BOOLEAN_INDEX_SCALE = 1
      ARRAY_BYTE_INDEX_SCALE = 1
      ARRAY_SHORT_INDEX_SCALE = 2
      ARRAY_CHAR_INDEX_SCALE = 2
      ARRAY_INT_INDEX_SCALE = 4
      ARRAY_LONG_INDEX_SCALE = 8
      ARRAY_FLOAT_INDEX_SCALE = 4
      ARRAY_DOUBLE_INDEX_SCALE = 8
      ARRAY_OBJECT_INDEX_SCALE = 4
      ADDRESS_SIZE = 8
    valueOffset = 12
    value = class com.ibm.ws.kernel.service.location.internal.WsLocationAdminImpl@794aa077
      tc = class com.ibm.websphere.ras.TraceComponent@644ce197
      LOC_INTERNAL_LIB_DIR = "wlp.lib.dir"
      LOC_AREA_NAME_APPS = "shared/apps/"
      LOC_AREA_NAME_CONFIG = "shared/config/"
      LOC_AREA_NAME_RESC = "shared/resources/"
      LOC_AREA_NAME_STATE = "logs/state/"
      LOC_AREA_NAME_SERVERS = "servers/"
      LOC_AREA_NAME_CLIENTS = "clients/"
      LOC_AREA_NAME_WORKING = "workarea/"
      LOC_AREA_NAME_EXTENSION = "extension/"
      instance = class com.ibm.ws.kernel.service.location.internal.WsLocationAdminImpl@794aa077
      installRoot = class com.ibm.ws.kernel.service.location.internal.SymbolicRootResource@78ce99c1
      installParentRoot = class com.ibm.ws.kernel.service.location.internal.SymbolicRootResource@3a50a004
      userRoot = class com.ibm.ws.kernel.service.location.internal.SymbolicRootResource@380b5ba7
      usrExtensionRoot = class com.ibm.ws.kernel.service.location.internal.SymbolicRootResource@77db0b6e
      serverConfigDir = class com.ibm.ws.kernel.service.location.internal.SymbolicRootResource@7bd794c5
      serverOutputDir = class com.ibm.ws.kernel.service.location.internal.SymbolicRootResource@7bd794c5
      bootstrapLib = class com.ibm.ws.kernel.service.location.internal.LocalFileResource@44384b3b
      serverWorkarea = class com.ibm.ws.kernel.service.location.internal.LocalFileResource@268ce678
      serverState = class com.ibm.ws.kernel.service.location.internal.LocalFileResource@9a309bc
      sharedAppsRoot = class com.ibm.ws.kernel.service.location.internal.SymbolicRootResource@4e15c5f1
      sharedConfigRoot = class com.ibm.ws.kernel.service.location.internal.SymbolicRootResource@48722e9b
      sharedResourceRoot = class com.ibm.ws.kernel.service.location.internal.SymbolicRootResource@90caecb
      tmpRoot = class com.ibm.ws.kernel.service.location.internal.SymbolicRootResource@18f3a8bf
      serverName = "defaultServer"
      resourcePaths = class java.util.ArrayList@78a9dc1d
      resourceGroups = class java.util.HashMap@21f62365
      commonRoot = class com.ibm.ws.kernel.service.location.internal.VirtualRootResource@4de0ab66
      serialVersionUID = 7766352982799267432
  transferContextServiceRef = class com.ibm.wsspi.kernel.service.utils.ConcurrentServiceReferenceSet@53870f34
    referenceName = "transferService"
    contextRef = class java.util.concurrent.atomic.AtomicReference@21404cc8
      serialVersionUID = -1848883965231344442
      unsafe = class sun.misc.Unsafe@3845cb5b
      valueOffset = 12
      value = class org.apache.felix.scr.impl.manager.ComponentContextImpl@31e4b90b
    elementMap = class java.util.LinkedHashMap@4d31d4ab
      serialVersionUID = 3801124242820219131
      head = class java.util.LinkedHashMap$Entry@15fbd74
      tail = class java.util.LinkedHashMap$Entry@15fbd74
      accessOrder = false
      serialVersionUID = 362498820763181265
      DEFAULT_INITIAL_CAPACITY = 16
      MAXIMUM_CAPACITY = 1073741824
      DEFAULT_LOAD_FACTOR = 0.75
      TREEIFY_THRESHOLD = 8
      UNTREEIFY_THRESHOLD = 6
      MIN_TREEIFY_CAPACITY = 64
      table = class java.util.HashMap$Node[16]
      entrySet = null
      size = 1
      modCount = 1
      threshold = 12
      loadFactor = 0.75
      keySet = null
      values = null
    elementSet = class java.util.concurrent.ConcurrentSkipListSet@5c9cdd57
      serialVersionUID = -2479143111061671589
      m = class java.util.concurrent.ConcurrentSkipListMap@26b1e462
      UNSAFE = class sun.misc.Unsafe@3845cb5b
      mapOffset = 12
      MAX_ARRAY_SIZE = 2147483639
    elementSetUnsorted = false
    serialVersionUID = 756240983881166148
    $$$tc$$$ = class com.ibm.websphere.ras.TraceComponent@676fd2fc
      strings[0] = "TraceComponent[com.ibm.wsspi.kernel.service.utils.ConcurrentServiceReferenceSet,class com.ibm.wsspi.kernel.service.utils.ConcurrentServiceReferenceSet,[kernelUtils],com.ibm.ws.kernel.service.utils.resources.ServiceMessages,null]"
  encodingServiceRef = class java.util.concurrent.atomic.AtomicReference@126d11c4
    serialVersionUID = -1848883965231344442
    unsafe = class sun.misc.Unsafe@3845cb5b
    valueOffset = 12
    value = class com.ibm.ws.http.internal.EncodingUtilsImpl@5617514a
      tc = class com.ibm.websphere.ras.TraceComponent@3f99e36d
      DEFAULT_ENCODING = "ISO-8859-1"
      TEST_CHAR = {97} /* array length = 1*/
      localeMap = class java.util.HashMap@26292bf3
      converterMap = class java.util.HashMap@1dcf06e5
      supportedEncodingsCache = class java.util.HashMap@3f0d405
      localesCache = class java.util.HashMap@4c4f19dd
      cachedLocale = null
      cachedEncoding = null
      serialVersionUID = -1198395850126550961
  instance = class java.util.concurrent.atomic.AtomicReference@5c5b84f3
    serialVersionUID = -1848883965231344442
    unsafe = class sun.misc.Unsafe@3845cb5b
    valueOffset = 12
    value = class com.ibm.ws.webcontainer.osgi.WebContainer@7b80610
  vhostManager = class com.ibm.ws.webcontainer.osgi.DynamicVirtualHostManager@209451cb
    tc = class com.ibm.websphere.ras.TraceComponent@7c48c718
      strings[0] = "TraceComponent[com.ibm.ws.webcontainer.osgi.DynamicVirtualHostManager,class com.ibm.ws.webcontainer.osgi.DynamicVirtualHostManager,[webcontainer],com.ibm.ws.webcontainer.resources.LShimMessages,null]"
    hostMap = class java.util.concurrent.ConcurrentHashMap@59733a1f
      serialVersionUID = 7249069246763182397
      MAXIMUM_CAPACITY = 1073741824
      DEFAULT_CAPACITY = 16
      MAX_ARRAY_SIZE = 2147483639
      DEFAULT_CONCURRENCY_LEVEL = 16
      LOAD_FACTOR = 0.75
      TREEIFY_THRESHOLD = 8
      UNTREEIFY_THRESHOLD = 6
      MIN_TREEIFY_CAPACITY = 64
      MIN_TRANSFER_STRIDE = 16
      RESIZE_STAMP_BITS = 16
      MAX_RESIZERS = 65535
      RESIZE_STAMP_SHIFT = 16
      MOVED = -1
      TREEBIN = -2
      RESERVED = -3
      HASH_BITS = 2147483647
      NCPU = 8
      serialPersistentFields = class java.io.ObjectStreamField[3]
      table = class java.util.concurrent.ConcurrentHashMap$Node[16]
      nextTable = null
      baseCount = 1
      sizeCtl = 12
      transferIndex = 0
      cellsBusy = 0
      counterCells = null
      keySet = null
      values = class java.util.concurrent.ConcurrentHashMap$ValuesView@431ea385
      entrySet = null
      U = class sun.misc.Unsafe@3845cb5b
      SIZECTL = 20
      TRANSFERINDEX = 32
      BASECOUNT = 24
      CELLSBUSY = 36
      CELLVALUE = 144
      ABASE = 16
      ASHIFT = 2
      keySet = null
      values = null
    transportMap = class java.util.concurrent.ConcurrentHashMap@46f35b5
      serialVersionUID = 7249069246763182397
      MAXIMUM_CAPACITY = 1073741824
      DEFAULT_CAPACITY = 16
      MAX_ARRAY_SIZE = 2147483639
      DEFAULT_CONCURRENCY_LEVEL = 16
      LOAD_FACTOR = 0.75
      TREEIFY_THRESHOLD = 8
      UNTREEIFY_THRESHOLD = 6
      MIN_TREEIFY_CAPACITY = 64
      MIN_TRANSFER_STRIDE = 16
      RESIZE_STAMP_BITS = 16
      MAX_RESIZERS = 65535
      RESIZE_STAMP_SHIFT = 16
      MOVED = -1
      TREEBIN = -2
      RESERVED = -3
      HASH_BITS = 2147483647
      NCPU = 8
      serialPersistentFields = class java.io.ObjectStreamField[3]
      table = class java.util.concurrent.ConcurrentHashMap$Node[16]
      nextTable = null
      baseCount = 1
      sizeCtl = 12
      transferIndex = 0
      cellsBusy = 0
      counterCells = null
      keySet = null
      values = null
      entrySet = null
      U = class sun.misc.Unsafe@3845cb5b
      SIZECTL = 20
      TRANSFERINDEX = 32
      BASECOUNT = 24
      CELLSBUSY = 36
      CELLVALUE = 144
      ABASE = 16
      ASHIFT = 2
      keySet = null
      values = null
    locationService = class com.ibm.ws.kernel.service.location.internal.WsLocationAdminImpl@794aa077
    schedExecutor = class com.ibm.ws.threading.internal.ScheduledExecutorImpl@7b5b64af
      threadGroupName = "Scheduled Executor Thread Group"
      executor = class com.ibm.ws.threading.internal.ExecutorServiceImpl@6c444795
      serialVersionUID = -9110693807503469597
      $$$tc$$$ = class com.ibm.websphere.ras.TraceComponent@1c187277
      continueExistingPeriodicTasksAfterShutdown = false
      executeExistingDelayedTasksAfterShutdown = true
      removeOnCancel = false
      sequencer = class java.util.concurrent.atomic.AtomicLong@5cc8b511
      ctl = class java.util.concurrent.atomic.AtomicInteger@25842f61
      COUNT_BITS = 29
      CAPACITY = 536870911
      RUNNING = -536870912
      SHUTDOWN = 0
      STOP = 536870912
      TIDYING = 1073741824
      TERMINATED = 1610612736
      workQueue = class java.util.concurrent.ScheduledThreadPoolExecutor$DelayedWorkQueue@44641681
      mainLock = class java.util.concurrent.locks.ReentrantLock@4c566848
      workers = class java.util.HashSet@552f2cee
      termination = class java.util.concurrent.locks.AbstractQueuedSynchronizer$ConditionObject@51d4ee0d
      largestPoolSize = 1
      completedTaskCount = 0
      threadFactory = class com.ibm.ws.threading.internal.ThreadFactoryImpl@35603aa8
      handler = class java.util.concurrent.ThreadPoolExecutor$AbortPolicy@401eb325
      keepAliveTime = 0
      allowCoreThreadTimeOut = false
      corePoolSize = 1
      maximumPoolSize = 2147483647
      defaultHandler = class java.util.concurrent.ThreadPoolExecutor$AbortPolicy@401eb325
      shutdownPerm = class java.lang.RuntimePermission@46acd724
      ONLY_ONE = true
      $assertionsDisabled = true
    pluginCfgVhostUris = class java.util.HashMap@2a4a00ed
      serialVersionUID = 362498820763181265
      DEFAULT_INITIAL_CAPACITY = 16
      MAXIMUM_CAPACITY = 1073741824
      DEFAULT_LOAD_FACTOR = 0.75
      TREEIFY_THRESHOLD = 8
      UNTREEIFY_THRESHOLD = 6
      MIN_TREEIFY_CAPACITY = 64
      table = null
      entrySet = null
      size = 0
      modCount = 0
      threshold = 4
      loadFactor = 0.75
      keySet = null
      values = null
    PLUGIN_CFG = "plugin-cfg.xml"
  metaDataService = class com.ibm.ws.container.service.metadata.internal.MetaDataServiceImpl@4b810442
    applicationMetaDataManager = class com.ibm.ws.container.service.metadata.internal.ApplicationMetaDataManager@19b98bce
      serialVersionUID = 1843747281024490904
      $$$tc$$$ = class com.ibm.websphere.ras.TraceComponent@6f9a87c6
      listeners = class com.ibm.wsspi.kernel.service.utils.ConcurrentServiceReferenceSet@1180a3c1
      metaDataIDs = class com.ibm.ws.container.service.metadata.internal.IndexList@75f473b6
      metaDatas = class java.util.ArrayList@61a6a917
      slotIDs = class com.ibm.ws.container.service.metadata.internal.IndexList@93c728e
      serialVersionUID = 5464421863354792977
      $$$tc$$$ = class com.ibm.websphere.ras.TraceComponent@7093fa2
    moduleMetaDataManager = class com.ibm.ws.container.service.metadata.internal.ModuleMetaDataManager@428f1702
      serialVersionUID = 2513574389899327209
      $$$tc$$$ = class com.ibm.websphere.ras.TraceComponent@59c84115
      listeners = class com.ibm.wsspi.kernel.service.utils.ConcurrentServiceReferenceSet@1ed95246
      metaDataIDs = class com.ibm.ws.container.service.metadata.internal.IndexList@53901f41
      metaDatas = class java.util.ArrayList@42c8d3a3
      slotIDs = class com.ibm.ws.container.service.metadata.internal.IndexList@fc063c0
      serialVersionUID = 5464421863354792977
      $$$tc$$$ = class com.ibm.websphere.ras.TraceComponent@7093fa2
    componentMetaDataManager = class com.ibm.ws.container.service.metadata.internal.ComponentMetaDataManager@5b8ff265
      serialVersionUID = 8629793739641703882
      $$$tc$$$ = class com.ibm.websphere.ras.TraceComponent@c3d76c1
      listeners = class com.ibm.wsspi.kernel.service.utils.ConcurrentServiceReferenceSet@7c3186f2
      metaDataIDs = class com.ibm.ws.container.service.metadata.internal.IndexList@45cd9e46
      metaDatas = class java.util.ArrayList@2ca28a90
      slotIDs = class com.ibm.ws.container.service.metadata.internal.IndexList@113077b9
      serialVersionUID = 5464421863354792977
      $$$tc$$$ = class com.ibm.websphere.ras.TraceComponent@7093fa2
    methodMetaDataManager = class com.ibm.ws.container.service.metadata.internal.MethodMetaDataManager@718fea2
      serialVersionUID = -3308748211841563417
      $$$tc$$$ = class com.ibm.websphere.ras.TraceComponent@4c917b88
      listeners = class com.ibm.wsspi.kernel.service.utils.ConcurrentServiceReferenceSet@373fe2c1
      metaDataIDs = class com.ibm.ws.container.service.metadata.internal.IndexList@d1b2b04
      metaDatas = class java.util.ArrayList@15e87980
      slotIDs = class com.ibm.ws.container.service.metadata.internal.IndexList@2a93826b
      serialVersionUID = 5464421863354792977
      $$$tc$$$ = class com.ibm.websphere.ras.TraceComponent@7093fa2
    appModuleNameToModuleContainer = class java.util.concurrent.ConcurrentHashMap@522af274
      serialVersionUID = 7249069246763182397
      MAXIMUM_CAPACITY = 1073741824
      DEFAULT_CAPACITY = 16
      MAX_ARRAY_SIZE = 2147483639
      DEFAULT_CONCURRENCY_LEVEL = 16
      LOAD_FACTOR = 0.75
      TREEIFY_THRESHOLD = 8
      UNTREEIFY_THRESHOLD = 6
      MIN_TREEIFY_CAPACITY = 64
      MIN_TRANSFER_STRIDE = 16
      RESIZE_STAMP_BITS = 16
      MAX_RESIZERS = 65535
      RESIZE_STAMP_SHIFT = 16
      MOVED = -1
      TREEBIN = -2
      RESERVED = -3
      HASH_BITS = 2147483647
      NCPU = 8
      serialPersistentFields = class java.io.ObjectStreamField[3]
      table = class java.util.concurrent.ConcurrentHashMap$Node[16]
      nextTable = null
      baseCount = 2
      sizeCtl = 12
      transferIndex = 0
      cellsBusy = 0
      counterCells = null
      keySet = null
      values = null
      entrySet = null
      U = class sun.misc.Unsafe@3845cb5b
      SIZECTL = 20
      TRANSFERINDEX = 32
      BASECOUNT = 24
      CELLSBUSY = 36
      CELLVALUE = 144
      ABASE = 16
      ASHIFT = 2
      keySet = null
      values = null
    jeeNameToComponentMetaData = class java.util.concurrent.ConcurrentHashMap@68a7c834
      serialVersionUID = 7249069246763182397
      MAXIMUM_CAPACITY = 1073741824
      DEFAULT_CAPACITY = 16
      MAX_ARRAY_SIZE = 2147483639
      DEFAULT_CONCURRENCY_LEVEL = 16
      LOAD_FACTOR = 0.75
      TREEIFY_THRESHOLD = 8
      UNTREEIFY_THRESHOLD = 6
      MIN_TREEIFY_CAPACITY = 64
      MIN_TRANSFER_STRIDE = 16
      RESIZE_STAMP_BITS = 16
      MAX_RESIZERS = 65535
      RESIZE_STAMP_SHIFT = 16
      MOVED = -1
      TREEBIN = -2
      RESERVED = -3
      HASH_BITS = 2147483647
      NCPU = 8
      serialPersistentFields = class java.io.ObjectStreamField[3]
      table = class java.util.concurrent.ConcurrentHashMap$Node[16]
      nextTable = null
      baseCount = 8
      sizeCtl = 12
      transferIndex = 0
      cellsBusy = 0
      counterCells = null
      keySet = null
      values = null
      entrySet = null
      U = class sun.misc.Unsafe@3845cb5b
      SIZECTL = 20
      TRANSFERINDEX = 32
      BASECOUNT = 24
      CELLSBUSY = 36
      CELLVALUE = 144
      ABASE = 16
      ASHIFT = 2
      keySet = null
      values = null
    deferredMetaDataFactories = class com.ibm.wsspi.kernel.service.utils.ConcurrentServiceReferenceSet@4c1f139f
      referenceName = "deferredMetaDataFactory"
      contextRef = class java.util.concurrent.atomic.AtomicReference@1d3656c3
      elementMap = class java.util.LinkedHashMap@4b89ff10
      elementSet = class java.util.concurrent.ConcurrentSkipListSet@1f331967
      elementSetUnsorted = false
      serialVersionUID = 756240983881166148
      $$$tc$$$ = class com.ibm.websphere.ras.TraceComponent@676fd2fc
    deferredMetaDataInitializers = class com.ibm.wsspi.kernel.service.utils.ConcurrentServiceReferenceMap@cb21950
      referenceName = "deferredMetaDataFactory"
      context = class org.apache.felix.scr.impl.manager.ComponentContextImpl@755696dc
      elementMap = class java.util.concurrent.ConcurrentHashMap@2bd242f0
      serialVersionUID = 6980924785166233786
      $$$tc$$$ = class com.ibm.websphere.ras.TraceComponent@3ee7a7e2
    serialVersionUID = -8170959944924351750
    $$$tc$$$ = class com.ibm.websphere.ras.TraceComponent@bf94a4d
      strings[0] = "TraceComponent[com.ibm.ws.container.service.metadata.internal.MetaDataServiceImpl,class com.ibm.ws.container.service.metadata.internal.MetaDataServiceImpl,[Runtime],,null]"
  j2eeNameFactory = class com.ibm.ws.container.service.metadata.internal.J2EENameFactoryImpl@3118cfc7
    serialVersionUID = 3486344295038028821
    $$$tc$$$ = class com.ibm.websphere.ras.TraceComponent@67998d7d
      strings[0] = "TraceComponent[com.ibm.ws.container.service.metadata.internal.J2EENameFactoryImpl,class com.ibm.ws.container.service.metadata.internal.J2EENameFactoryImpl,[Runtime],,null]"
  context = class org.apache.felix.scr.impl.manager.ComponentContextImpl@31e4b90b
    m_componentManager = class org.apache.felix.scr.impl.manager.SingleComponentManager@73863505
      m_useCount = class java.util.concurrent.atomic.AtomicInteger@5e2b750a
      m_componentContext = class org.apache.felix.scr.impl.manager.ComponentContextImpl@31e4b90b
      m_configurationProperties = class java.util.HashMap@59d4b789
      m_factoryProperties = null
      m_properties = class java.util.HashMap@215d9576
      m_serviceProperties = null
      m_circularReferences = class java.lang.ThreadLocal@8ab5ee3
      REASONS = class java.lang.String[7]
      m_container = class org.apache.felix.scr.impl.config.ConfigurableComponentHolder@3c02b27e
      m_factoryInstance = false
      m_componentId = 245
      m_componentMethods = class org.apache.felix.scr.impl.helper.ComponentMethods@6e0cbf5b
      m_dependencyManagers = class java.util.ArrayList@c8df072
      m_dependencyManagersInitialized = true
      m_trackingCount = class java.util.concurrent.atomic.AtomicInteger@36f61f56
      m_stateLock = class java.util.concurrent.locks.ReentrantLock@1fcecab4
      m_enabledLatchRef = class java.util.concurrent.atomic.AtomicReference@14b34871
      m_internalEnabled = true
      m_satisfied = true
      m_disposed = false
      m_floor = 39
      m_ceiling = 39
      m_missingLock = class java.util.concurrent.locks.ReentrantLock@77de24f5
      m_missingCondition = class java.util.concurrent.locks.AbstractQueuedSynchronizer$ConditionObject@715489f7
      m_missing = class java.util.TreeSet@18266603
      m_activated = true
      m_activationLock = class java.util.concurrent.locks.ReentrantReadWriteLock@165855b6
      taskCounter = class java.util.concurrent.atomic.AtomicLong@10273204
      registrationManager = class org.apache.felix.scr.impl.manager.AbstractComponentManager$3@45691ac6
    edgeInfos = class org.apache.felix.scr.impl.manager.EdgeInfo[25]
      edgeInfos[0] = class org.apache.felix.scr.impl.manager.EdgeInfo@303eedb8
      edgeInfos[1] = class org.apache.felix.scr.impl.manager.EdgeInfo@7f64de24
      edgeInfos[2] = class org.apache.felix.scr.impl.manager.EdgeInfo@7f93e336
      edgeInfos[3] = class org.apache.felix.scr.impl.manager.EdgeInfo@1470a53b
      edgeInfos[4] = class org.apache.felix.scr.impl.manager.EdgeInfo@53e4d920
      edgeInfos[5] = class org.apache.felix.scr.impl.manager.EdgeInfo@a28a886
      edgeInfos[6] = class org.apache.felix.scr.impl.manager.EdgeInfo@6a4260a6
      edgeInfos[7] = class org.apache.felix.scr.impl.manager.EdgeInfo@7b8a49a8
      edgeInfos[8] = class org.apache.felix.scr.impl.manager.EdgeInfo@e52a220
      edgeInfos[9] = class org.apache.felix.scr.impl.manager.EdgeInfo@41f157f4
      edgeInfos[10] = class org.apache.felix.scr.impl.manager.EdgeInfo@38cf583c
      edgeInfos[11] = class org.apache.felix.scr.impl.manager.EdgeInfo@11a18184
      edgeInfos[12] = class org.apache.felix.scr.impl.manager.EdgeInfo@a796232
      edgeInfos[13] = class org.apache.felix.scr.impl.manager.EdgeInfo@417cca7e
      edgeInfos[14] = class org.apache.felix.scr.impl.manager.EdgeInfo@3b064d5
      edgeInfos[15] = class org.apache.felix.scr.impl.manager.EdgeInfo@1e006886
      edgeInfos[16] = class org.apache.felix.scr.impl.manager.EdgeInfo@5f29f186
      edgeInfos[17] = class org.apache.felix.scr.impl.manager.EdgeInfo@7821ef27
      edgeInfos[18] = class org.apache.felix.scr.impl.manager.EdgeInfo@7837ba3a
      edgeInfos[19] = class org.apache.felix.scr.impl.manager.EdgeInfo@656eb9e2
      edgeInfos[20] = class org.apache.felix.scr.impl.manager.EdgeInfo@75dbc108
      edgeInfos[21] = class org.apache.felix.scr.impl.manager.EdgeInfo@2f45043
      edgeInfos[22] = class org.apache.felix.scr.impl.manager.EdgeInfo@4757cc4d
      edgeInfos[23] = class org.apache.felix.scr.impl.manager.EdgeInfo@5766dcec
      edgeInfos[24] = class org.apache.felix.scr.impl.manager.EdgeInfo@7c9e8489
    m_componentInstance = class org.apache.felix.scr.impl.manager.ComponentContextImpl$ComponentInstanceImpl@27418719
      m_componentContext = class org.apache.felix.scr.impl.manager.ComponentContextImpl@31e4b90b
    m_usingBundle = class org.eclipse.osgi.internal.framework.EquinoxBundle@2d84e98a
      equinoxContainer = class org.eclipse.osgi.internal.framework.EquinoxContainer@1f79db5c
      module = class org.eclipse.osgi.internal.framework.EquinoxBundle$EquinoxModule@79eb72ed
      monitor = class java.lang.Object@750c13be
      context = class org.eclipse.osgi.internal.framework.BundleContextImpl@22ddb998
      signerInfos = null
      $SWITCH_TABLE$org$eclipse$osgi$container$Module$State = {1,2,3,4,5,6,7} /* array length = 7*/
    m_implementationObject = class com.ibm.ws.webcontainer.osgi.WebContainer@7b80610
    m_implementationAccessible = true
    accessibleLatch = class java.util.concurrent.CountDownLatch@3dc424f7
      sync = class java.util.concurrent.CountDownLatch$Sync@19f09e11
    serviceObjectsHelper = class org.apache.felix.scr.impl.helper.ComponentServiceObjectsHelper@7fa81057
      bundleContext = class org.eclipse.osgi.internal.framework.BundleContextImpl@22ddb998
      services = class java.util.concurrent.ConcurrentHashMap@66ef1d97
      closedServices = class java.util.ArrayList@103d33c1
      prototypeInstances = class java.util.concurrent.ConcurrentHashMap@243cfe14
  contextRoots = class java.util.Collections$SynchronizedSet@337cacf5
    serialVersionUID = 487447009682186044
    serialVersionUID = 3053995032091335093
    c = class java.util.HashSet@622b446e
      serialVersionUID = -5024744406713321676
      map = class java.util.HashMap@7eac2006
      PRESENT = class java.lang.Object@6ed1d9bd
      MAX_ARRAY_SIZE = 2147483639
    mutex = class java.util.Collections$SynchronizedSet@337cacf5
  pendingContextRoots = class java.util.HashMap@701c0dcc
    serialVersionUID = 362498820763181265
    DEFAULT_INITIAL_CAPACITY = 16
    MAXIMUM_CAPACITY = 1073741824
    DEFAULT_LOAD_FACTOR = 0.75
    TREEIFY_THRESHOLD = 8
    UNTREEIFY_THRESHOLD = 6
    MIN_TREEIFY_CAPACITY = 64
    table = null
    entrySet = null
    size = 0
    modCount = 0
    threshold = 0
    loadFactor = 0.75
    keySet = null
    values = null
  deployedModuleMap = class java.util.concurrent.ConcurrentHashMap@70d92ff
    serialVersionUID = 7249069246763182397
    MAXIMUM_CAPACITY = 1073741824
    DEFAULT_CAPACITY = 16
    MAX_ARRAY_SIZE = 2147483639
    DEFAULT_CONCURRENCY_LEVEL = 16
    LOAD_FACTOR = 0.75
    TREEIFY_THRESHOLD = 8
    UNTREEIFY_THRESHOLD = 6
    MIN_TREEIFY_CAPACITY = 64
    MIN_TRANSFER_STRIDE = 16
    RESIZE_STAMP_BITS = 16
    MAX_RESIZERS = 65535
    RESIZE_STAMP_SHIFT = 16
    MOVED = -1
    TREEBIN = -2
    RESERVED = -3
    HASH_BITS = 2147483647
    NCPU = 8
    serialPersistentFields = class java.io.ObjectStreamField[3]
    table = class java.util.concurrent.ConcurrentHashMap$Node[16]
      table[0] = null
      table[1] = null
      table[2] = null
      table[3] = class java.util.concurrent.ConcurrentHashMap$Node@3d653e04
      table[4] = null
      table[5] = null
      table[6] = null
      table[7] = null
      table[8] = null
      table[9] = null
      table[10] = null
      table[11] = null
      table[12] = null
      table[13] = class java.util.concurrent.ConcurrentHashMap$Node@2bdea096
      table[14] = null
      table[15] = null
    nextTable = null
    baseCount = 2
    sizeCtl = 12
    transferIndex = 0
    cellsBusy = 0
    counterCells = null
    keySet = null
    values = null
    entrySet = null
    U = class sun.misc.Unsafe@3845cb5b
    SIZECTL = 20
    TRANSFERINDEX = 32
    BASECOUNT = 24
    CELLSBUSY = 36
    CELLVALUE = 144
    ABASE = 16
    ASHIFT = 2
    keySet = null
    values = null
  connContextPool = class com.ibm.ws.webcontainer31.osgi.srt.SRTConnectionContextPool31Impl@13355ff4
    head = class java.lang.ThreadLocal@62bf74d2
      threadLocalHashCode = -1429060356
      nextHashCode = class java.util.concurrent.atomic.AtomicInteger@77ede3a6
      HASH_INCREMENT = 1640531527
  DEFAULT_PORT = "*"
  DEFAULT_VHOST_NAME = "default_host"
  cachedServerInfo = null
  lock = class com.ibm.ws.webcontainer.osgi.WebContainer$1@45784263
    this$0 = class com.ibm.ws.webcontainer.osgi.WebContainer@7b80610
  webAppFactory = class com.ibm.ws.webcontainer31.osgi.webapp.WebAppFactoryImpl31@559a556d
  requestFactory = class com.ibm.ws.webcontainer31.osgi.response.IRequestResponseFactory@3e6bbf4b
  responseFactory = class com.ibm.ws.webcontainer31.osgi.response.IRequestResponseFactory@3e6bbf4b
  asyncContextFactory = class com.ibm.ws.webcontainer31.async.AsyncContextFactory31Impl@7189d8d
  DEFAULT_MAX_VERSION = 30
  versionRef = class org.eclipse.osgi.internal.serviceregistry.ServiceReferenceImpl@f4ac57
    registration = class org.eclipse.osgi.internal.serviceregistry.ServiceRegistrationImpl@3a22b015
      registry = class org.eclipse.osgi.internal.serviceregistry.ServiceRegistry@13fb5ba
      context = class org.eclipse.osgi.internal.framework.BundleContextImpl@7b4de062
      bundle = class org.eclipse.osgi.internal.framework.EquinoxBundle@77d300d3
      clazzes = class java.lang.String[1]
      service = class org.apache.felix.scr.impl.manager.SingleComponentManager@763b775d
      reference = class org.eclipse.osgi.internal.serviceregistry.ServiceReferenceImpl@f4ac57
      contextsUsing = class java.util.ArrayList@5463b765
      properties = class org.eclipse.osgi.internal.serviceregistry.ServiceProperties@280d5a36
      serviceid = 330
      serviceranking = 0
      registrationLock = class java.lang.Object@1c73c54c
      state = 0
      REGISTERED = 0
      UNREGISTERING = 1
      UNREGISTERED = 2
      $assertionsDisabled = true
  SPEC_LEVEL_UNLOADED = -1
  SPEC_LEVEL_30 = 30
  SPEC_LEVEL_31 = 31
  DEFAULT_SPEC_LEVEL = 30
  loadedContainerSpecLevel = 31
  ISO = "ISO-8859-1"
  encoding = "UTF-8"
  decode = true
  wcconfig = class com.ibm.ws.webcontainer.osgi.WebContainerConfiguration@64b0d64d
    properties = class org.apache.felix.scr.impl.helper.ReadOnlyDictionary@32d64731
      m_delegate = class java.util.Hashtable@6491a2e5
      m_serviceReference = null
    CFG_KEY_ENFORCE_SEC = "enforce.security"
    logger = class com.ibm.ws.logging.internal.WsLogger@5a3437b6
    CLASS_NAME = "com.ibm.ws.webcontainer.WebContainerConfiguration"
    _localeProps = null
    _jvmProps = null
    enableServletCaching = false
    defaultVirtualHostName = "default_host"
    ardEnabled = false
    ardIncludeTimeout = 0
    poolingDisabled = false
    maximumExpiredEntries = 0
    maximumResponseStoreSize = 0
    useAsyncRunnableWorkManager = false
    asyncRunnableWorkManagerName = null
    numAsyncTimerThreads = 2
    defaultAsyncServletTimeout = 30000
  applicationListeners = class java.util.ArrayList@2787dba3
    serialVersionUID = 8683452581122892189
    DEFAULT_CAPACITY = 10
    EMPTY_ELEMENTDATA = class java.lang.Object[0]
    DEFAULTCAPACITY_EMPTY_ELEMENTDATA = class java.lang.Object[0]
    elementData = class java.lang.Object[0]
    size = 0
    MAX_ARRAY_SIZE = 2147483639
    modCount = 0
    MAX_ARRAY_SIZE = 2147483639
  servletListeners = class java.util.ArrayList@2344d10
    serialVersionUID = 8683452581122892189
    DEFAULT_CAPACITY = 10
    EMPTY_ELEMENTDATA = class java.lang.Object[0]
    DEFAULTCAPACITY_EMPTY_ELEMENTDATA = class java.lang.Object[0]
    elementData = class java.lang.Object[0]
    size = 0
    MAX_ARRAY_SIZE = 2147483639
    modCount = 0
    MAX_ARRAY_SIZE = 2147483639
  servletErrorListeners = class java.util.ArrayList@10e46737
    serialVersionUID = 8683452581122892189
    DEFAULT_CAPACITY = 10
    EMPTY_ELEMENTDATA = class java.lang.Object[0]
    DEFAULTCAPACITY_EMPTY_ELEMENTDATA = class java.lang.Object[0]
    elementData = class java.lang.Object[0]
    size = 0
    MAX_ARRAY_SIZE = 2147483639
    modCount = 0
    MAX_ARRAY_SIZE = 2147483639
  servletInvocationListeners = class java.util.ArrayList@7204d9d8
    serialVersionUID = 8683452581122892189
    DEFAULT_CAPACITY = 10
    EMPTY_ELEMENTDATA = class java.lang.Object[0]
    DEFAULTCAPACITY_EMPTY_ELEMENTDATA = class java.lang.Object[0]
    elementData = class java.lang.Object[0]
    size = 0
    MAX_ARRAY_SIZE = 2147483639
    modCount = 0
    MAX_ARRAY_SIZE = 2147483639
  filterInvocationListeners = class java.util.ArrayList@6bc75ef8
    serialVersionUID = 8683452581122892189
    DEFAULT_CAPACITY = 10
    EMPTY_ELEMENTDATA = class java.lang.Object[0]
    DEFAULTCAPACITY_EMPTY_ELEMENTDATA = class java.lang.Object[0]
    elementData = class java.lang.Object[0]
    size = 0
    MAX_ARRAY_SIZE = 2147483639
    modCount = 0
    MAX_ARRAY_SIZE = 2147483639
  filterErrorListeners = class java.util.ArrayList@4bbbc25d
    serialVersionUID = 8683452581122892189
    DEFAULT_CAPACITY = 10
    EMPTY_ELEMENTDATA = class java.lang.Object[0]
    DEFAULTCAPACITY_EMPTY_ELEMENTDATA = class java.lang.Object[0]
    elementData = class java.lang.Object[0]
    size = 0
    MAX_ARRAY_SIZE = 2147483639
    modCount = 0
    MAX_ARRAY_SIZE = 2147483639
  filterListeners = class java.util.ArrayList@7855c9c2
    serialVersionUID = 8683452581122892189
    DEFAULT_CAPACITY = 10
    EMPTY_ELEMENTDATA = class java.lang.Object[0]
    DEFAULTCAPACITY_EMPTY_ELEMENTDATA = class java.lang.Object[0]
    elementData = class java.lang.Object[0]
    size = 0
    MAX_ARRAY_SIZE = 2147483639
    modCount = 0
    MAX_ARRAY_SIZE = 2147483639
  servletRequestListeners = class java.util.ArrayList@2c4b1509
    serialVersionUID = 8683452581122892189
    DEFAULT_CAPACITY = 10
    EMPTY_ELEMENTDATA = class java.lang.Object[0]
    DEFAULTCAPACITY_EMPTY_ELEMENTDATA = class java.lang.Object[0]
    elementData = class java.lang.Object[0]
    size = 0
    MAX_ARRAY_SIZE = 2147483639
    modCount = 0
    MAX_ARRAY_SIZE = 2147483639
  servletRequestAttributeListeners = class java.util.ArrayList@7d2aaee6
    serialVersionUID = 8683452581122892189
    DEFAULT_CAPACITY = 10
    EMPTY_ELEMENTDATA = class java.lang.Object[0]
    DEFAULTCAPACITY_EMPTY_ELEMENTDATA = class java.lang.Object[0]
    elementData = class java.lang.Object[0]
    size = 0
    MAX_ARRAY_SIZE = 2147483639
    modCount = 0
    MAX_ARRAY_SIZE = 2147483639
  servletContextListeners = class java.util.ArrayList@68163234
    serialVersionUID = 8683452581122892189
    DEFAULT_CAPACITY = 10
    EMPTY_ELEMENTDATA = class java.lang.Object[0]
    DEFAULTCAPACITY_EMPTY_ELEMENTDATA = class java.lang.Object[0]
    elementData = class java.lang.Object[0]
    size = 0
    MAX_ARRAY_SIZE = 2147483639
    modCount = 0
    MAX_ARRAY_SIZE = 2147483639
  servletContextAttributeListeners = class java.util.ArrayList@3edbfd2d
    serialVersionUID = 8683452581122892189
    DEFAULT_CAPACITY = 10
    EMPTY_ELEMENTDATA = class java.lang.Object[0]
    DEFAULTCAPACITY_EMPTY_ELEMENTDATA = class java.lang.Object[0]
    elementData = class java.lang.Object[0]
    size = 0
    MAX_ARRAY_SIZE = 2147483639
    modCount = 0
    MAX_ARRAY_SIZE = 2147483639
  sessionListeners = class java.util.ArrayList@4acc54a2
    serialVersionUID = 8683452581122892189
    DEFAULT_CAPACITY = 10
    EMPTY_ELEMENTDATA = class java.lang.Object[0]
    DEFAULTCAPACITY_EMPTY_ELEMENTDATA = class java.lang.Object[0]
    elementData = class java.lang.Object[0]
    size = 0
    MAX_ARRAY_SIZE = 2147483639
    modCount = 0
    MAX_ARRAY_SIZE = 2147483639
  sessionIdListeners = class java.util.ArrayList@62399e83
    serialVersionUID = 8683452581122892189
    DEFAULT_CAPACITY = 10
    EMPTY_ELEMENTDATA = class java.lang.Object[0]
    DEFAULTCAPACITY_EMPTY_ELEMENTDATA = class java.lang.Object[0]
    elementData = class java.lang.Object[0]
    size = 0
    MAX_ARRAY_SIZE = 2147483639
    modCount = 0
    MAX_ARRAY_SIZE = 2147483639
  sessionAttributeListeners = class java.util.ArrayList@3b679762
    serialVersionUID = 8683452581122892189
    DEFAULT_CAPACITY = 10
    EMPTY_ELEMENTDATA = class java.lang.Object[0]
    DEFAULTCAPACITY_EMPTY_ELEMENTDATA = class java.lang.Object[0]
    elementData = class java.lang.Object[0]
    size = 0
    MAX_ARRAY_SIZE = 2147483639
    modCount = 0
    MAX_ARRAY_SIZE = 2147483639
  DEFAULT_HOST = "default_host"
  _initialized = true
  logger = class com.ibm.ws.logging.internal.WsLogger@5a3437b6
    tc = class com.ibm.websphere.ras.TraceComponent@43b18b48
      strings[0] = "TraceComponent[com.ibm.ws.logging.internal.WsLogger,class com.ibm.ws.logging.internal.WsLogger,[logging],com.ibm.ws.logging.internal.resources.LoggingMessages,null]"
    ivCachedResourceBundleName = "com.ibm.ws.webcontainer.resources.Messages"
    ivCachedResourceBundle = class com.ibm.ws.webcontainer.resources.Messages_en@34686124
      resources = class [Ljava.lang.Object;[0]
      lookup = class java.util.HashMap@7341a62e
      INITIAL_CACHE_SIZE = 32
      NONEXISTENT_BUNDLE = class java.util.ResourceBundle$1@46c53d2a
      cacheList = class java.util.concurrent.ConcurrentHashMap@1d7f066e
      referenceQueue = class java.lang.ref.ReferenceQueue@63f1a339
      parent = class com.ibm.ws.webcontainer.resources.Messages@12206d20
      locale = class java.util.Locale@7d632e23
      name = "com.ibm.ws.webcontainer.resources.Messages"
      expired = false
      cacheKey = class java.util.ResourceBundle$CacheKey@18ca1b97
      keySet = null
      providers = null
      $assertionsDisabled = true
    ivComponent = null
    ivOrganization = null
    ivProduct = null
    ivMinimumLocalizationLevelIntValue = 625
    ivTC = class com.ibm.websphere.ras.TraceComponent@29c622ae
      strings[0] = "TraceComponent[com.ibm.ws.webcontainer,class com.ibm.wsspi.webcontainer.logging.LoggerFactory$1,[com.ibm.ws.webcontainer],null,null]"
    loggerRegistrationComponent = class java.lang.ThreadLocal@7a70456e
      threadLocalHashCode = 69841538
      nextHashCode = class java.util.concurrent.atomic.AtomicInteger@77ede3a6
      HASH_INCREMENT = 1640531527
    emptyHandlers = class java.util.logging.Handler[0]
    offValue = 2147483647
    SYSTEM_LOGGER_RB_NAME = "sun.util.logging.resources.logging"
    SYSTEM_BUNDLE = class java.util.logging.Logger$LoggerBundle@13916726
      resourceBundleName = "sun.util.logging.resources.logging"
      userBundle = null
    NO_RESOURCE_BUNDLE = class java.util.logging.Logger$LoggerBundle@64874531
      resourceBundleName = null
      userBundle = null
    manager = class com.ibm.ws.kernel.boot.logging.WsLogManager@1c2427fa
      CLASS_NAME = "com.ibm.ws.kernel.boot.logging.WsLogManager"
      CONFIGURE_BY_SERVER_PROPERTY_NAME = "java.util.logging.configureByServer"
      CONFIGURE_BY_LOGGING_PROPERTIES_FILE = "java.util.logging.configureByLoggingPropertiesFile"
      configureByServer = true
      configureByLoggingProperties = false
      wsLogger = class java.lang.reflect.Constructor@7c0d6fbc
      resetEnabled = true
      manager = class com.ibm.ws.kernel.boot.logging.WsLogManager@1c2427fa
      props = class java.util.Properties@2e5361fa
      defaultLevel = class java.util.logging.Level@66649252
      listenerMap = class java.util.HashMap@50f3b1bd
      systemContext = class java.util.logging.LogManager$SystemLoggerContext@47144490
      userContext = class java.util.logging.LogManager$LoggerContext@4c6410dd
      rootLogger = class java.util.logging.LogManager$RootLogger@790df41a
      readPrimordialConfiguration = true
      initializedGlobalHandlers = true
      deathImminent = false
      initializedCalled = true
      initializationDone = true
      contextsMap = null
      loggerRefQueue = class java.lang.ref.ReferenceQueue@34bedcdf
      MAX_ITERATIONS = 400
      controlPermission = class java.util.logging.LoggingPermission@51eb3e1c
      loggingMXBean = null
      LOGGING_MXBEAN_NAME = "java.util.logging:type=Logging"
      $assertionsDisabled = true
    name = "com.ibm.ws.webcontainer"
    handlers = class java.util.concurrent.CopyOnWriteArrayList@2881d0a
      serialVersionUID = 8673264195747942595
      lock = class java.util.concurrent.locks.ReentrantLock@75f1a00d
      array = class java.lang.Object[0]
      UNSAFE = class sun.misc.Unsafe@3845cb5b
      lockOffset = 12
    loggerBundle = class java.util.logging.Logger$LoggerBundle@1ab8f22a
      resourceBundleName = "com.ibm.ws.webcontainer.resources.Messages"
      userBundle = null
    useParentHandlers = true
    filter = null
    anonymous = false
    catalog = class com.ibm.ws.webcontainer.resources.Messages_en@34686124
    catalogName = "com.ibm.ws.webcontainer.resources.Messages"
    catalogLocale = class java.util.Locale@44489281
      LOCALECACHE = class java.util.Locale$Cache@3cfd2c73
      ENGLISH = class java.util.Locale@7d632e23
      FRENCH = class java.util.Locale@2ce1f92
      GERMAN = class java.util.Locale@6d89ad1d
      ITALIAN = class java.util.Locale@6d372448
      JAPANESE = class java.util.Locale@38fc1329
      KOREAN = class java.util.Locale@4abcb92b
      CHINESE = class java.util.Locale@6a7d0424
      SIMPLIFIED_CHINESE = class java.util.Locale@3e3c6847
      TRADITIONAL_CHINESE = class java.util.Locale@660141f2
      FRANCE = class java.util.Locale@495bc9f8
      GERMANY = class java.util.Locale@4b05a8d3
      ITALY = class java.util.Locale@16269fa4
      JAPAN = class java.util.Locale@7ac45243
      KOREA = class java.util.Locale@6dc740ea
      CHINA = class java.util.Locale@3e3c6847
      PRC = class java.util.Locale@3e3c6847
      TAIWAN = class java.util.Locale@660141f2
      UK = class java.util.Locale@b623eb1
      US = class java.util.Locale@44489281
      CANADA = class java.util.Locale@291b4bc6
      CANADA_FRENCH = class java.util.Locale@711552ec
      ROOT = class java.util.Locale@26828c34
      PRIVATE_USE_EXTENSION = x
      UNICODE_LOCALE_EXTENSION = u
      serialVersionUID = 9149081749638150636
      DISPLAY_LANGUAGE = 0
      DISPLAY_COUNTRY = 1
      DISPLAY_VARIANT = 2
      DISPLAY_SCRIPT = 3
      baseLocale = class sun.util.locale.BaseLocale@3c8fa9e3
      localeExtensions = null
      hashCodeValue = 96636889
      defaultLocale = class java.util.Locale@44489281
      defaultDisplayLocale = null
      defaultFormatLocale = class java.util.Locale@4f3980cf
      languageTag = "en-US"
      serialPersistentFields = class java.io.ObjectStreamField[6]
      isoLanguages = null
      isoCountries = null
      $assertionsDisabled = true
    treeLock = class java.lang.Object@79ee7605
    parent = class java.util.logging.Logger@3b4c447f
      emptyHandlers = class java.util.logging.Handler[0]
      offValue = 2147483647
      SYSTEM_LOGGER_RB_NAME = "sun.util.logging.resources.logging"
      SYSTEM_BUNDLE = class java.util.logging.Logger$LoggerBundle@13916726
      NO_RESOURCE_BUNDLE = class java.util.logging.Logger$LoggerBundle@64874531
      manager = class com.ibm.ws.kernel.boot.logging.WsLogManager@1c2427fa
      name = ""
      handlers = class java.util.concurrent.CopyOnWriteArrayList@547c7e1d
      loggerBundle = class java.util.logging.Logger$LoggerBundle@64874531
      useParentHandlers = true
      filter = null
      anonymous = false
      catalog = null
      catalogName = null
      catalogLocale = null
      treeLock = class java.lang.Object@79ee7605
      parent = null
      kids = class java.util.ArrayList@45f7
      levelObject = null
      levelValue = 800
      callersClassLoaderRef = null
      isSystemLogger = false
      GLOBAL_LOGGER_NAME = "global"
      global = class java.util.logging.Logger@3f401ef3
      $assertionsDisabled = true
    kids = class java.util.ArrayList@66b8c89e
      serialVersionUID = 8683452581122892189
      DEFAULT_CAPACITY = 10
      EMPTY_ELEMENTDATA = class java.lang.Object[0]
      DEFAULTCAPACITY_EMPTY_ELEMENTDATA = class java.lang.Object[0]
      elementData = class java.lang.Object[4]
      size = 4
      MAX_ARRAY_SIZE = 2147483639
      modCount = 4
      MAX_ARRAY_SIZE = 2147483639
    levelObject = class java.util.logging.Level@66649252
      defaultBundle = "sun.util.logging.resources.logging"
      name = "INFO"
      value = 800
      resourceBundleName = "sun.util.logging.resources.logging"
      localizedLevelName = "INFO"
      cachedLocale = class java.util.Locale@44489281
      OFF = class java.util.logging.Level@726cb053
      SEVERE = class java.util.logging.Level@6c172391
      WARNING = class java.util.logging.Level@5e773833
      INFO = class java.util.logging.Level@66649252
      CONFIG = class java.util.logging.Level@1952d8b9
      FINE = class java.util.logging.Level@eab1de8
      FINER = class java.util.logging.Level@5b75bc07
      FINEST = class java.util.logging.Level@3ca4b1fa
      ALL = class java.util.logging.Level@33bc21c7
      serialVersionUID = -8176160795706313070
    levelValue = 800
    callersClassLoaderRef = class java.lang.ref.WeakReference@6cb08ec5
      referent = class org.eclipse.osgi.internal.loader.EquinoxClassLoader@3545f5b
      queue = class java.lang.ref.ReferenceQueue$Null@4a1c8d17
      next = null
      discovered = null
      lock = class java.lang.ref.Reference$Lock@6340fa15
      pending = null
    isSystemLogger = false
    GLOBAL_LOGGER_NAME = "global"
    global = class java.util.logging.Logger@3f401ef3
      emptyHandlers = class java.util.logging.Handler[0]
      offValue = 2147483647
      SYSTEM_LOGGER_RB_NAME = "sun.util.logging.resources.logging"
      SYSTEM_BUNDLE = class java.util.logging.Logger$LoggerBundle@13916726
      NO_RESOURCE_BUNDLE = class java.util.logging.Logger$LoggerBundle@64874531
      manager = class com.ibm.ws.kernel.boot.logging.WsLogManager@1c2427fa
      name = "global"
      handlers = class java.util.concurrent.CopyOnWriteArrayList@7f5b3fb6
      loggerBundle = class java.util.logging.Logger$LoggerBundle@64874531
      useParentHandlers = true
      filter = null
      anonymous = false
      catalog = null
      catalogName = null
      catalogLocale = null
      treeLock = class java.lang.Object@79ee7605
      parent = class java.util.logging.Logger@3b4c447f
      kids = null
      levelObject = null
      levelValue = 800
      callersClassLoaderRef = null
      isSystemLogger = true
      GLOBAL_LOGGER_NAME = "global"
      global = class java.util.logging.Logger@3f401ef3
      $assertionsDisabled = true
    $assertionsDisabled = true
  CLASS_NAME = "com.ibm.ws.webcontainer.internal.WebContainer"
  nls = class com.ibm.ejs.ras.TraceNLS@72751116
    resolver = class com.ibm.ws.logging.internal.TraceNLSResolver@17162614
      tc = class com.ibm.websphere.ras.TraceComponent@53bd815b
      DEBUG_TRACE_NLS_PROPERTY = "com.ibm.ejs.ras.debugTraceNLSResolver"
      debugTraceNLSResolver = false
      makeNoise = false
      nullKey = "null"
      svNullBundleName = "Resource Bundle name is null, key = {0}"
      svBundleNotLoaded = "Unable to load ResourceBundle {0}"
      svNullKeyMessage = "Null key passed while using ResourceBundle {0}"
      svMalformedMessage = "No message text associated with key {0} in bundle {1}"
    finder = null
    ivBundleName = "com.ibm.ws.webcontainer.resources.Messages"
    caller = class java.lang.Class@7c2b019
      ANNOTATION = 8192
      ENUM = 16384
      SYNTHETIC = 4096
      cachedConstructor = null
      newInstanceCallerCache = null
      name = null
      allPermDomain = class java.security.ProtectionDomain@6a33d417
      useCaches = true
      reflectionData = class java.lang.ref.SoftReference@3d0a2500
      classRedefinedCount = 0
      genericInfo = null
      serialVersionUID = 3206093459760846163
      serialPersistentFields = class java.io.ObjectStreamField[0]
      reflectionFactory = class sun.reflect.ReflectionFactory@1be0a839
      initted = true
      enumConstants = null
      enumConstantDirectory = null
      annotationData = class java.lang.Class$AnnotationData@7f782ac0
      annotationType = null
      classValueMap = null
  self = class java.util.concurrent.atomic.AtomicReference@5c96545d
    serialVersionUID = -1848883965231344442
    unsafe = class sun.misc.Unsafe@3845cb5b
    valueOffset = 12
    value = class com.ibm.ws.webcontainer.osgi.WebContainer@7b80610
  _cipherToBit = class java.util.HashMap@5b4d042a
    serialVersionUID = 362498820763181265
    DEFAULT_INITIAL_CAPACITY = 16
    MAXIMUM_CAPACITY = 1073741824
    DEFAULT_LOAD_FACTOR = 0.75
    TREEIFY_THRESHOLD = 8
    UNTREEIFY_THRESHOLD = 6
    MIN_TREEIFY_CAPACITY = 64
    table = null
    entrySet = null
    size = 0
    modCount = 0
    threshold = 0
    loadFactor = 0.75
    keySet = null
    values = null
  cacheKeyStringBuilder = class com.ibm.ws.util.WSThreadLocal@203f0172
    tc = class com.ibm.ejs.ras.TraceComponent@6c6e9da0
      strings[0] = "TraceComponent[com.ibm.ws.util.WSThreadLocal,class com.ibm.ws.util.WSThreadLocal,[Runtime],com.ibm.ws.runtime.runtime,null]"
    count = 4
    index = 2
    SUSPECTED_MISUSAGE_THRESHOLD = 200
    threadLocalHashCode = 1669155300
    nextHashCode = class java.util.concurrent.atomic.AtomicInteger@77ede3a6
      serialVersionUID = 6214790243416807050
      unsafe = class sun.misc.Unsafe@3845cb5b
      valueOffset = 12
      value = 1795499768
      serialVersionUID = -8742448824652078965
    HASH_INCREMENT = 1640531527
  listenersInitialized = false
  webConProperties = class java.util.Properties@7a1849c2
    serialVersionUID = 4112578634029874840
    defaults = null
    hexDigit = {0123456789ABCDEF} /* array length = 16*/
    table = class java.util.Hashtable$Entry[95]
      table[0] = class java.util.Hashtable$Entry@18e5db27
      table[1] = class java.util.Hashtable$Entry@6873e7f5
      table[2] = null
      table[3] = class java.util.Hashtable$Entry@782ceea6
      table[4] = null
      table[5] = class java.util.Hashtable$Entry@224960ea
      table[6] = class java.util.Hashtable$Entry@1443bb67
      table[7] = null
      table[8] = class java.util.Hashtable$Entry@63f8ba55
      table[9] = class java.util.Hashtable$Entry@7c3e2152
      table[10] = class java.util.Hashtable$Entry@1519500f
      table[11] = null
      table[12] = class java.util.Hashtable$Entry@1c884948
      table[13] = null
      table[14] = class java.util.Hashtable$Entry@3a84729e
      table[15] = class java.util.Hashtable$Entry@373df02d
      table[16] = null
      table[17] = null
      table[18] = null
      table[19] = class java.util.Hashtable$Entry@687b57ed
      table[20] = class java.util.Hashtable$Entry@36e791a3
      table[21] = null
      table[22] = class java.util.Hashtable$Entry@2fee0563
      table[23] = class java.util.Hashtable$Entry@770a242b
      table[24] = null
      table[25] = null
      table[26] = class java.util.Hashtable$Entry@457cd118
      table[27] = null
      table[28] = class java.util.Hashtable$Entry@4f1c2a9d
      table[29] = class java.util.Hashtable$Entry@1086eb00
      table[30] = null
      table[31] = null
      table[32] = null
      table[33] = null
      table[34] = class java.util.Hashtable$Entry@368bae47
      table[35] = null
      table[36] = class java.util.Hashtable$Entry@155c5d9f
      table[37] = null
      table[38] = null
      table[39] = null
      table[40] = null
      table[41] = null
      table[42] = null
      table[43] = class java.util.Hashtable$Entry@3b3ac56b
      table[44] = class java.util.Hashtable$Entry@1c43e7e7
      table[45] = class java.util.Hashtable$Entry@77518bbe
      table[46] = null
      table[47] = class java.util.Hashtable$Entry@96806e
      table[48] = null
      table[49] = class java.util.Hashtable$Entry@6dea1c8a
      table[50] = class java.util.Hashtable$Entry@6e95a20f
      table[51] = null
      table[52] = class java.util.Hashtable$Entry@15e2c818
      table[53] = class java.util.Hashtable$Entry@2143bf3a
      table[54] = class java.util.Hashtable$Entry@1cf0e9d4
      table[55] = null
      table[56] = null
      table[57] = null
      table[58] = null
      table[59] = null
      table[60] = null
      table[61] = null
      table[62] = null
      table[63] = null
      table[64] = class java.util.Hashtable$Entry@5f36b59f
      table[65] = class java.util.Hashtable$Entry@5c171469
      table[66] = null
      table[67] = null
      table[68] = null
      table[69] = null
      table[70] = class java.util.Hashtable$Entry@6011dabe
      table[71] = null
      table[72] = null
      table[73] = class java.util.Hashtable$Entry@7b342121
      table[74] = null
      table[75] = null
      table[76] = class java.util.Hashtable$Entry@1144e995
      table[77] = null
      table[78] = class java.util.Hashtable$Entry@75940388
      table[79] = null
      table[80] = class java.util.Hashtable$Entry@1bbee3ae
      table[81] = null
      table[82] = null
      table[83] = null
      table[84] = null
      table[85] = class java.util.Hashtable$Entry@41d9e4d1
      table[86] = null
      table[87] = null
      table[88] = class java.util.Hashtable$Entry@77e7b53e
      table[89] = null
      table[90] = null
      table[91] = null
      table[92] = class java.util.Hashtable$Entry@22ba6009
      table[93] = class java.util.Hashtable$Entry@4e755463
      table[94] = null
    count = 55
    threshold = 71
    loadFactor = 0.75
    modCount = 58
    serialVersionUID = 1421746759512286392
    MAX_ARRAY_SIZE = 2147483639
    keySet = null
    entrySet = null
    values = null
    KEYS = 0
    VALUES = 1
    ENTRIES = 2
  sessionRegistry = null
  isStopped = false
  readWriteLockForStopping = class java.util.concurrent.locks.ReentrantReadWriteLock@14c2ce60
    serialVersionUID = -6992448646407690164
    readerLock = class java.util.concurrent.locks.ReentrantReadWriteLock$ReadLock@64537be9
      serialVersionUID = -5992448646407690164
      sync = class java.util.concurrent.locks.ReentrantReadWriteLock$NonfairSync@168605c
    writerLock = class java.util.concurrent.locks.ReentrantReadWriteLock$WriteLock@10d564ca
      serialVersionUID = -4992448646407690164
      sync = class java.util.concurrent.locks.ReentrantReadWriteLock$NonfairSync@168605c
    sync = class java.util.concurrent.locks.ReentrantReadWriteLock$NonfairSync@168605c
      serialVersionUID = -8159625535654395037
      serialVersionUID = 6317671515068378041
      SHARED_SHIFT = 16
      SHARED_UNIT = 65536
      MAX_COUNT = 65535
      EXCLUSIVE_MASK = 65535
      readHolds = class java.util.concurrent.locks.ReentrantReadWriteLock$Sync$ThreadLocalHoldCounter@1df5e4e4
      cachedHoldCounter = null
      firstReader = null
      firstReaderHoldCount = 0
      serialVersionUID = 7373984972572414691
      head = null
      tail = null
      state = 0
      spinForTimeoutThreshold = 1000
      unsafe = class sun.misc.Unsafe@3845cb5b
      stateOffset = 16
      headOffset = 20
      tailOffset = 24
      waitStatusOffset = 12
      nextOffset = 20
      serialVersionUID = 3737899427754241961
      exclusiveOwnerThread = null
    UNSAFE = class sun.misc.Unsafe@3845cb5b
    TID_OFFSET = 40
  urlPrefix = ";jsessionid="
  extensionFactories = class java.util.ArrayList@279de486
    serialVersionUID = 8683452581122892189
    DEFAULT_CAPACITY = 10
    EMPTY_ELEMENTDATA = class java.lang.Object[0]
    DEFAULTCAPACITY_EMPTY_ELEMENTDATA = class java.lang.Object[0]
    elementData = class java.lang.Object[10]
      elementData[0] = class com.ibm.ws.jsp.webcontainerext.JSPExtensionFactory@67b081e6
      elementData[1] = class com.ibm.ws.jaxrs20.server.component.JaxRsExtensionFactory@640c4a27
      elementData[2] = class com.ibm.ws.jsf.beanvalidation.extprocessor.JSFBeanValidationExtensionFactory@713670d9
      elementData[3] = class com.ibm.ws.jsf.extprocessor.JSFExtensionFactory@588d1869
      elementData[4] = null
      elementData[5] = null
      elementData[6] = null
      elementData[7] = null
      elementData[8] = null
      elementData[9] = null
    size = 4
    MAX_ARRAY_SIZE = 2147483639
    modCount = 9
    MAX_ARRAY_SIZE = 2147483639
  postInitExtensionFactories = null
  httpResponseListeners = class java.util.ArrayList@7ff15596
    serialVersionUID = 8683452581122892189
    DEFAULT_CAPACITY = 10
    EMPTY_ELEMENTDATA = class java.lang.Object[0]
    DEFAULTCAPACITY_EMPTY_ELEMENTDATA = class java.lang.Object[0]
    elementData = class java.lang.Object[0]
    size = 0
    MAX_ARRAY_SIZE = 2147483639
    modCount = 0
    MAX_ARRAY_SIZE = 2147483639
  servletContainerInitializers = class java.util.ServiceLoader@471f45f3
    PREFIX = "META-INF/services/"
    service = class java.lang.Class@4d7f6529
      ANNOTATION = 8192
      ENUM = 16384
      SYNTHETIC = 4096
      cachedConstructor = null
      newInstanceCallerCache = null
      name = null
      allPermDomain = class java.security.ProtectionDomain@6a33d417
      useCaches = true
      reflectionData = null
      classRedefinedCount = 0
      genericInfo = null
      serialVersionUID = 3206093459760846163
      serialPersistentFields = class java.io.ObjectStreamField[0]
      reflectionFactory = class sun.reflect.ReflectionFactory@1be0a839
      initted = true
      enumConstants = null
      enumConstantDirectory = null
      annotationData = null
      annotationType = null
      classValueMap = null
    loader = class org.eclipse.osgi.internal.loader.EquinoxClassLoader@3545f5b
      EQUINOX_REGISTERED_AS_PARALLEL = true
      configuration = class org.eclipse.osgi.internal.framework.EquinoxConfiguration@5416b89b
      debug = class org.eclipse.osgi.internal.debug.Debug@5e42a7e
      delegate = class org.eclipse.osgi.internal.loader.BundleLoader@273a4c35
      generation = class org.eclipse.osgi.storage.BundleInfo$Generation@32be2a8f
      manager = class org.eclipse.osgi.internal.loader.classpath.ClasspathManager@538d8e23
      isRegisteredAsParallel = true
      ALLPERMISSIONS = class java.security.AllPermissionCollection@771ee9f6
      REGISTERED_AS_PARALLEL = true
      classNameLocks = class java.util.HashMap@23058c4
      pkgLock = class java.lang.Object@4199e05f
      parent = class com.ibm.ws.kernel.internal.classloader.BootstrapChildFirstJarClassloader@5d099f62
      parallelLockMap = class java.util.concurrent.ConcurrentHashMap@7e5a82d9
      package2certs = class java.util.concurrent.ConcurrentHashMap@7e8b85bd
      nocerts = class java.security.cert.Certificate[0]
      classes = class java.util.Vector@7efd14d0
      defaultDomain = class java.security.ProtectionDomain@70e89848
      domains = class java.util.Collections$SynchronizedSet@5a0e80c6
      packages = class java.util.HashMap@780a4057
      scl = class sun.misc.Launcher$AppClassLoader@14dad5dc
      sclSet = true
      loadedLibraryNames = class java.util.Vector@6ec79012
      systemNativeLibraries = class java.util.Vector@5a596f5a
      nativeLibraries = class java.util.Vector@747fcc67
      nativeLibraryContext = class java.util.Stack@5edd2247
      usr_paths = class java.lang.String[6]
      sys_paths = class java.lang.String[1]
      assertionLock = class java.lang.Object@17ec18de
      defaultAssertionStatus = false
      packageAssertionStatus = null
      classAssertionStatus = null
    acc = null
    providers = class java.util.LinkedHashMap@6cd4ca53
      serialVersionUID = 3801124242820219131
      head = null
      tail = null
      accessOrder = false
      serialVersionUID = 362498820763181265
      DEFAULT_INITIAL_CAPACITY = 16
      MAXIMUM_CAPACITY = 1073741824
      DEFAULT_LOAD_FACTOR = 0.75
      TREEIFY_THRESHOLD = 8
      UNTREEIFY_THRESHOLD = 6
      MIN_TREEIFY_CAPACITY = 64
      table = null
      entrySet = null
      size = 0
      modCount = 1
      threshold = 0
      loadFactor = 0.75
      keySet = null
      values = null
    lookupIterator = class java.util.ServiceLoader$LazyIterator@4a54775b
      service = class java.lang.Class@4d7f6529
      loader = class org.eclipse.osgi.internal.loader.EquinoxClassLoader@3545f5b
      configs = null
      pending = null
      nextName = null
      this$0 = class java.util.ServiceLoader@471f45f3
  invocationCacheSize = 500
  decodePlusSign = true
  _cacheMap = class java.util.concurrent.ConcurrentHashMap@452c32be
    serialVersionUID = 7249069246763182397
    MAXIMUM_CAPACITY = 1073741824
    DEFAULT_CAPACITY = 16
    MAX_ARRAY_SIZE = 2147483639
    DEFAULT_CONCURRENCY_LEVEL = 16
    LOAD_FACTOR = 0.75
    TREEIFY_THRESHOLD = 8
    UNTREEIFY_THRESHOLD = 6
    MIN_TREEIFY_CAPACITY = 64
    MIN_TRANSFER_STRIDE = 16
    RESIZE_STAMP_BITS = 16
    MAX_RESIZERS = 65535
    RESIZE_STAMP_SHIFT = 16
    MOVED = -1
    TREEBIN = -2
    RESERVED = -3
    HASH_BITS = 2147483647
    NCPU = 8
    serialPersistentFields = class java.io.ObjectStreamField[3]
      serialPersistentFields[0] = class java.io.ObjectStreamField@6146657b
      serialPersistentFields[1] = class java.io.ObjectStreamField@48d0f8bb
      serialPersistentFields[2] = class java.io.ObjectStreamField@701e1d3b
    table = null
    nextTable = null
    baseCount = 0
    sizeCtl = 1024
    transferIndex = 0
    cellsBusy = 0
    counterCells = null
    keySet = null
    values = null
    entrySet = null
    U = class sun.misc.Unsafe@3845cb5b
    SIZECTL = 20
    TRANSFERINDEX = 32
    BASECOUNT = 24
    CELLSBUSY = 36
    CELLVALUE = 144
    ABASE = 16
    ASHIFT = 2
    keySet = null
    values = null
  _cacheSize = class java.util.concurrent.atomic.AtomicInteger@ddd4749
    serialVersionUID = 6214790243416807050
    unsafe = class sun.misc.Unsafe@3845cb5b
    valueOffset = 12
    value = 0
    serialVersionUID = -8742448824652078965
  vHostCompatFlag = false
  platformHelper = class com.ibm.ws.webcontainer.PlatformHelper@78f5ee81
  isDefaultTempDir = true
  tempDir = null
  servletCachingInitNeeded = true
  appInstallBegun = true
  commands = class java.util.ArrayList@61656f62
    serialVersionUID = 8683452581122892189
    DEFAULT_CAPACITY = 10
    EMPTY_ELEMENTDATA = class java.lang.Object[0]
    DEFAULTCAPACITY_EMPTY_ELEMENTDATA = class java.lang.Object[0]
    elementData = class java.lang.Object[3]
      elementData[0] = null
      elementData[1] = null
      elementData[2] = null
    size = 0
    MAX_ARRAY_SIZE = 2147483639
    modCount = 0
    MAX_ARRAY_SIZE = 2147483639
  requestMapper = class com.ibm.ws.webcontainer.util.VirtualHostContextRootMapper@6e59b08
    cachedMappers = class java.util.Collections$SynchronizedMap@9bb16d5
      serialVersionUID = 1978198479659022715
      m = class java.util.HashMap@772bdbca
      mutex = class java.util.Collections$SynchronizedMap@9bb16d5
      keySet = null
      entrySet = null
      values = null
    nls = class com.ibm.ejs.ras.TraceNLS@4377d3e3
      resolver = class com.ibm.ws.logging.internal.TraceNLSResolver@17162614
      finder = null
      ivBundleName = "com.ibm.ws.webcontainer.resources.Messages"
      caller = class java.lang.Class@3f5b6a3a
    logger = class com.ibm.ws.logging.internal.WsLogger@2a708a79
      tc = class com.ibm.websphere.ras.TraceComponent@43b18b48
      ivCachedResourceBundleName = null
      ivCachedResourceBundle = null
      ivComponent = null
      ivOrganization = null
      ivProduct = null
      ivMinimumLocalizationLevelIntValue = 625
      ivTC = class com.ibm.websphere.ras.TraceComponent@650f9b0b
      loggerRegistrationComponent = class java.lang.ThreadLocal@7a70456e
      emptyHandlers = class java.util.logging.Handler[0]
      offValue = 2147483647
      SYSTEM_LOGGER_RB_NAME = "sun.util.logging.resources.logging"
      SYSTEM_BUNDLE = class java.util.logging.Logger$LoggerBundle@13916726
      NO_RESOURCE_BUNDLE = class java.util.logging.Logger$LoggerBundle@64874531
      manager = class com.ibm.ws.kernel.boot.logging.WsLogManager@1c2427fa
      name = "com.ibm.ws.webcontainer.util"
      handlers = class java.util.concurrent.CopyOnWriteArrayList@3ee6117
      loggerBundle = class java.util.logging.Logger$LoggerBundle@b137b96
      useParentHandlers = true
      filter = null
      anonymous = false
      catalog = class com.ibm.ws.webcontainer.resources.Messages_en@34686124
      catalogName = "com.ibm.ws.webcontainer.resources.Messages"
      catalogLocale = class java.util.Locale@44489281
      treeLock = class java.lang.Object@79ee7605
      parent = class com.ibm.ws.logging.internal.WsLogger@5a3437b6
      kids = null
      levelObject = class java.util.logging.Level@66649252
      levelValue = 800
      callersClassLoaderRef = class java.lang.ref.WeakReference@3a0c1667
      isSystemLogger = false
      GLOBAL_LOGGER_NAME = "global"
      global = class java.util.logging.Logger@3f401ef3
      $assertionsDisabled = true
    CLASS_NAME = "com.ibm.ws.webcontainer.util.VirtualHostContextRootMapper"
    CLASSNAME = "com.ibm.ws.util.VirtualHostMapper"
    tc = class com.ibm.ejs.ras.TraceComponent@238cf32e
      strings[0] = "TraceComponent[com.ibm.ws.util.VirtualHostMapper,class com.ibm.ws.util.VirtualHostMapper,[Runtime],null,null]"
    vHostTable = class java.util.concurrent.ConcurrentHashMap@6257a5df
      serialVersionUID = 7249069246763182397
      MAXIMUM_CAPACITY = 1073741824
      DEFAULT_CAPACITY = 16
      MAX_ARRAY_SIZE = 2147483639
      DEFAULT_CONCURRENCY_LEVEL = 16
      LOAD_FACTOR = 0.75
      TREEIFY_THRESHOLD = 8
      UNTREEIFY_THRESHOLD = 6
      MIN_TREEIFY_CAPACITY = 64
      MIN_TRANSFER_STRIDE = 16
      RESIZE_STAMP_BITS = 16
      MAX_RESIZERS = 65535
      RESIZE_STAMP_SHIFT = 16
      MOVED = -1
      TREEBIN = -2
      RESERVED = -3
      HASH_BITS = 2147483647
      NCPU = 8
      serialPersistentFields = class java.io.ObjectStreamField[3]
      table = null
      nextTable = null
      baseCount = 0
      sizeCtl = 0
      transferIndex = 0
      cellsBusy = 0
      counterCells = null
      keySet = null
      values = null
      entrySet = null
      U = class sun.misc.Unsafe@3845cb5b
      SIZECTL = 20
      TRANSFERINDEX = 32
      BASECOUNT = 24
      CELLSBUSY = 36
      CELLVALUE = 144
      ABASE = 16
      ASHIFT = 2
      keySet = null
      values = null
  parent = null
  name = "Was.webcontainer"
  isAlive = true
  subElements = class java.util.HashMap@542bffb0
    serialVersionUID = 362498820763181265
    DEFAULT_INITIAL_CAPACITY = 16
    MAXIMUM_CAPACITY = 1073741824
    DEFAULT_LOAD_FACTOR = 0.75
    TREEIFY_THRESHOLD = 8
    UNTREEIFY_THRESHOLD = 6
    MIN_TREEIFY_CAPACITY = 64
    table = class java.util.HashMap$Node[16]
      table[0] = null
      table[1] = null
      table[2] = null
      table[3] = null
      table[4] = null
      table[5] = null
      table[6] = null
      table[7] = null
      table[8] = null
      table[9] = null
      table[10] = null
      table[11] = null
      table[12] = null
      table[13] = null
      table[14] = class java.util.HashMap$Node@69c4c916
      table[15] = null
    entrySet = null
    size = 1
    modCount = 1
    threshold = 12
    loadFactor = 0.75
    keySet = null
    values = null
  attributes = null
  config = null
  serialVersionUID = -8271459000149267764
  $$$tc$$$ = class com.ibm.websphere.ras.TraceComponent@164184f6
    strings[0] = "TraceComponent[com.ibm.ws.container.AbstractContainer,class com.ibm.ws.container.AbstractContainer,[],null,null]"

