------Start of DE processing------ = [1/8/16 9:10:57:121 CET]
Exception = com.ibm.ws.webcontainer.exception.WebAppNotLoadedException
Source = com.ibm.ws.webcontainer.Webcontainer
probeid = 732
Stack Dump = com.ibm.ws.webcontainer.exception.WebAppNotLoadedException: Failed to load webapp: Context root /* is already bound. Cannot start application Bluemix Java Web
	at com.ibm.ws.webcontainer.osgi.DynamicVirtualHost.addWebApplication(DynamicVirtualHost.java:124)
	at com.ibm.ws.webcontainer.WebContainer.addWebApp(WebContainer.java:554)
	at com.ibm.ws.webcontainer.WebContainer.addWebApplication(WebContainer.java:509)
	at com.ibm.ws.webcontainer.osgi.WebContainer.startModule(WebContainer.java:821)
	at com.ibm.ws.app.manager.web.internal.WebModuleHandlerImpl.deployModule(WebModuleHandlerImpl.java:102)
	at com.ibm.ws.app.manager.module.internal.DeployedAppInfoBase.deployModule(DeployedAppInfoBase.java:870)
	at com.ibm.ws.app.manager.module.internal.DeployedAppInfoBase.deployModules(DeployedAppInfoBase.java:830)
	at com.ibm.ws.app.manager.module.internal.DeployedAppInfoBase.deployApp(DeployedAppInfoBase.java:817)
	at com.ibm.ws.app.manager.war.internal.WARApplicationHandlerImpl.install(WARApplicationHandlerImpl.java:66)
	at com.ibm.ws.app.manager.internal.statemachine.StartAction.execute(StartAction.java:139)
	at com.ibm.ws.app.manager.internal.statemachine.ApplicationStateMachineImpl.enterState(ApplicationStateMachineImpl.java:1168)
	at com.ibm.ws.app.manager.internal.statemachine.ApplicationStateMachineImpl.run(ApplicationStateMachineImpl.java:781)
	at java.util.concurrent.ThreadPoolExecutor.runWorker(ThreadPoolExecutor.java:1142)
	at java.util.concurrent.ThreadPoolExecutor$Worker.run(ThreadPoolExecutor.java:617)
	at java.lang.Thread.run(Thread.java:745)

Dump of callerThis
Object type = com.ibm.ws.webcontainer.osgi.WebContainer
  tc = class com.ibm.websphere.ras.TraceComponent@1affca81
    strings[0] = "TraceComponent[com.ibm.ws.webcontainer.osgi.WebContainer,class com.ibm.ws.webcontainer.osgi.WebContainer,[webcontainer],com.ibm.ws.webcontainer.resources.LShimMessages,null]"
  CLASS_NAME = "com.ibm.ws.webcontainer.osgi.WebContainer"
  initialized = true
  eventService = class com.ibm.ws.event.internal.EventEngineImpl@68ecea1
    tc = class com.ibm.websphere.ras.TraceComponent@5e15af04
      strings[0] = "TraceComponent[com.ibm.ws.event.internal.EventEngineImpl,class com.ibm.ws.event.internal.EventEngineImpl,[EventEngine],,null]"
    OSGI_EVENT_HANDLER_REFERENCE_NAME = "osgiEventHandler"
    WS_EVENT_HANDLER_REFERENCE_NAME = "wsEventHandler"
    CFG_KEY_REENTRANT_HANDLER_DEFAULT = "reentrant.handler.default"
    CFG_KEY_STAGE_PREFIX = "stage.topics."
    topicCache = class com.ibm.ws.event.internal.TopicBasedCache@4561eafd
      serialVersionUID = -1668099068630434622
      DEFAULT_STAGE_NAME = "Events"
      serviceReferenceMap = class java.util.HashMap@25fa9483
      discreteEventHandlers = class java.util.HashMap@77f88ba6
      wildcardEventHandlers = class java.util.HashMap@34b0734d
      discreteStageTopics = class java.util.HashMap@68e5c2ec
      wildcardStageTopics = class java.util.HashMap@194a0dff
      topicDataCache = class java.util.concurrent.ConcurrentHashMap@2adc10cb
      eventEngine = class com.ibm.ws.event.internal.EventEngineImpl@68ecea1
      $$$tc$$$ = class com.ibm.websphere.ras.TraceComponent@12cc894b
    componentContext = class org.apache.felix.scr.impl.manager.ComponentContextImpl@5beff21f
      m_componentManager = class org.apache.felix.scr.impl.manager.SingleComponentManager@70226bb6
      edgeInfos = class org.apache.felix.scr.impl.manager.EdgeInfo[4]
      m_componentInstance = class org.apache.felix.scr.impl.manager.ComponentContextImpl$ComponentInstanceImpl@65bf1c80
      m_usingBundle = class org.eclipse.osgi.internal.framework.EquinoxBundle@5acd378
      m_implementationObject = class com.ibm.ws.event.internal.EventEngineImpl@68ecea1
      m_implementationAccessible = true
      accessibleLatch = class java.util.concurrent.CountDownLatch@c75ddd5
      serviceObjectsHelper = class org.apache.felix.scr.impl.helper.ComponentServiceObjectsHelper@6fe96836
    bundleContext = class org.eclipse.osgi.internal.framework.BundleContextImpl@6b9a1612
      findHookName = "org.osgi.framework.hooks.bundle.FindHook"
      valid = true
      bundle = class org.eclipse.osgi.internal.framework.EquinoxBundle@5acd378
      container = class org.eclipse.osgi.internal.framework.EquinoxContainer@67a1ca6a
      debug = class org.eclipse.osgi.internal.debug.Debug@6b62ad19
      servicesInUse = class java.util.HashMap@4b4d1196
      activator = null
      contextLock = class java.lang.Object@36359077
    logService = class com.ibm.ws.logging.internal.osgi.TrLogServiceImpl@2bb0f16f
      LOG_EVENT = -5
      publishEvents = false
      publishDebugEvents = false
      logImpl = class com.ibm.ws.logging.internal.osgi.TrLogImpl@22cc9c05
      bundle = class org.eclipse.osgi.internal.framework.EquinoxBundle@5acd378
      ffdcMe = "com.ibm.ws.event-1.0.11.20151114-1523"
      tc = class com.ibm.ws.logging.internal.osgi.TrLogServiceImpl$OSGiTraceComponent@7bec328
    frameworkEventAdapter = class com.ibm.ws.event.internal.adapter.FrameworkEventAdapter@219dd8d6
      FRAMEWORK_EVENT_TOPIC_PREFIX = "org/osgi/framework/FrameworkEvent/"
      eventAdmin = class com.ibm.ws.event.internal.EventEngineImpl@68ecea1
      serialVersionUID = -1092610607214715909
      $$$tc$$$ = class com.ibm.websphere.ras.TraceComponent@19dee299
    bundleEventAdapter = class com.ibm.ws.event.internal.adapter.BundleEventAdapter@6b61e81a
      BUNDLE_EVENT_TOPIC_PREFIX = "org/osgi/framework/BundleEvent/"
      eventAdmin = class com.ibm.ws.event.internal.EventEngineImpl@68ecea1
      serialVersionUID = -818773777250172927
      $$$tc$$$ = class com.ibm.websphere.ras.TraceComponent@6f49a6c8
    serviceEventAdapter = class com.ibm.ws.event.internal.adapter.ServiceEventAdapter@4f3a8063
      SERVICE_EVENT_TOPIC_PREFIX = "org/osgi/framework/ServiceEvent/"
      eventAdmin = class com.ibm.ws.event.internal.EventEngineImpl@68ecea1
      serialVersionUID = 408387796793790680
      $$$tc$$$ = class com.ibm.websphere.ras.TraceComponent@10a7ae19
    executorServiceFactory = class com.ibm.ws.event.internal.WorkStageExecutorServiceFactory@632d2b62
      executorService = class com.ibm.ws.threading.internal.ExecutorServiceImpl@6402e58c
      serialVersionUID = -89348135483836177
      $$$tc$$$ = class com.ibm.websphere.ras.TraceComponent@f9f9ea1
    defaultReentrancy = true
    skipSchedule = false
    serialVersionUID = 5726352079311142609
  futureMonitor = class com.ibm.ws.threading.internal.FutureMonitorImpl@20739769
    _monitor = class java.util.concurrent.ConcurrentLinkedQueue@3517d6f5
      serialVersionUID = 196745693267521676
      head = class java.util.concurrent.ConcurrentLinkedQueue$Node@5037efa8
      tail = class java.util.concurrent.ConcurrentLinkedQueue$Node@5037efa8
      UNSAFE = class sun.misc.Unsafe@13755a5b
      headOffset = 12
      tailOffset = 16
      MAX_ARRAY_SIZE = 2147483639
    _executor = class com.ibm.ws.threading.internal.ScheduledExecutorImpl@7601fd61
      threadGroupName = "Scheduled Executor Thread Group"
      executor = class com.ibm.ws.threading.internal.ExecutorServiceImpl@6402e58c
      serialVersionUID = -9110693807503469597
      $$$tc$$$ = class com.ibm.websphere.ras.TraceComponent@26d8d8e0
      continueExistingPeriodicTasksAfterShutdown = false
      executeExistingDelayedTasksAfterShutdown = true
      removeOnCancel = false
      sequencer = class java.util.concurrent.atomic.AtomicLong@102a477c
      ctl = class java.util.concurrent.atomic.AtomicInteger@763da597
      COUNT_BITS = 29
      CAPACITY = 536870911
      RUNNING = -536870912
      SHUTDOWN = 0
      STOP = 536870912
      TIDYING = 1073741824
      TERMINATED = 1610612736
      workQueue = class java.util.concurrent.ScheduledThreadPoolExecutor$DelayedWorkQueue@1558a023
      mainLock = class java.util.concurrent.locks.ReentrantLock@5536b4c5
      workers = class java.util.HashSet@17e518b8
      termination = class java.util.concurrent.locks.AbstractQueuedSynchronizer$ConditionObject@cef16ce
      largestPoolSize = 1
      completedTaskCount = 0
      threadFactory = class com.ibm.ws.threading.internal.ThreadFactoryImpl@5ce6f6c8
      handler = class java.util.concurrent.ThreadPoolExecutor$AbortPolicy@3c16f10d
      keepAliveTime = 0
      allowCoreThreadTimeOut = false
      corePoolSize = 1
      maximumPoolSize = 2147483647
      defaultHandler = class java.util.concurrent.ThreadPoolExecutor$AbortPolicy@3c16f10d
      shutdownPerm = class java.lang.RuntimePermission@3090eef
      ONLY_ONE = true
      $assertionsDisabled = true
    _threadRunning = class java.util.concurrent.atomic.AtomicBoolean@250d13a9
      serialVersionUID = 4654671469794556979
      unsafe = class sun.misc.Unsafe@13755a5b
      valueOffset = 12
      value = 0
    _thread = class com.ibm.ws.threading.internal.FutureMonitorImpl$1@35115ca3
      this$0 = class com.ibm.ws.threading.internal.FutureMonitorImpl@20739769
      serialVersionUID = 2422512430832938099
      $$$tc$$$ = class com.ibm.websphere.ras.TraceComponent@7a233ebf
    serialVersionUID = 2765238413969174390
    $$$tc$$$ = class com.ibm.websphere.ras.TraceComponent@6c058eaf
      strings[0] = "TraceComponent[com.ibm.ws.threading.internal.FutureMonitorImpl,class com.ibm.ws.threading.internal.FutureMonitorImpl,[Threading],com.ibm.ws.threading.internal.resources.ThreadingMessages,null]"
  classLoadingSRRef = class com.ibm.wsspi.kernel.service.utils.AtomicServiceReference@501f9852
    referenceName = "classLoadingService"
    tuple = class java.util.concurrent.atomic.AtomicReference@6e54c2f5
      serialVersionUID = -1848883965231344442
      unsafe = class sun.misc.Unsafe@13755a5b
      valueOffset = 12
      value = class com.ibm.wsspi.kernel.service.utils.AtomicServiceReference$ReferenceTuple@3cc6f61f
    serialVersionUID = -5840472578638799324
    $$$tc$$$ = class com.ibm.websphere.ras.TraceComponent@59d795cf
  sessionHelperSRRef = class com.ibm.wsspi.kernel.service.utils.AtomicServiceReference@65631629
    referenceName = "sessionHelper"
    tuple = class java.util.concurrent.atomic.AtomicReference@7220f1bf
      serialVersionUID = -1848883965231344442
      unsafe = class sun.misc.Unsafe@13755a5b
      valueOffset = 12
      value = class com.ibm.wsspi.kernel.service.utils.AtomicServiceReference$ReferenceTuple@4cfa4447
    serialVersionUID = -5840472578638799324
    $$$tc$$$ = class com.ibm.websphere.ras.TraceComponent@59d795cf
  cacheManagerSRRef = class com.ibm.wsspi.kernel.service.utils.AtomicServiceReference@15e837e2
    referenceName = "cacheManager"
    tuple = class java.util.concurrent.atomic.AtomicReference@398182db
      serialVersionUID = -1848883965231344442
      unsafe = class sun.misc.Unsafe@13755a5b
      valueOffset = 12
      value = class com.ibm.wsspi.kernel.service.utils.AtomicServiceReference$ReferenceTuple@86d6d6e
    serialVersionUID = -5840472578638799324
    $$$tc$$$ = class com.ibm.websphere.ras.TraceComponent@59d795cf
  injectionEngineSRRef = class com.ibm.wsspi.kernel.service.utils.AtomicServiceReference@291c32e9
    referenceName = "injectionEngine"
    tuple = class java.util.concurrent.atomic.AtomicReference@4faf5dc8
      serialVersionUID = -1848883965231344442
      unsafe = class sun.misc.Unsafe@13755a5b
      valueOffset = 12
      value = class com.ibm.wsspi.kernel.service.utils.AtomicServiceReference$ReferenceTuple@1c1fd9bc
    serialVersionUID = -5840472578638799324
    $$$tc$$$ = class com.ibm.websphere.ras.TraceComponent@59d795cf
  managedObjectServiceSRRef = class com.ibm.wsspi.kernel.service.utils.AtomicServiceReference@56df290
    referenceName = "managedObjectService"
    tuple = class java.util.concurrent.atomic.AtomicReference@10de597d
      serialVersionUID = -1848883965231344442
      unsafe = class sun.misc.Unsafe@13755a5b
      valueOffset = 12
      value = class com.ibm.wsspi.kernel.service.utils.AtomicServiceReference$ReferenceTuple@63e2165f
    serialVersionUID = -5840472578638799324
    $$$tc$$$ = class com.ibm.websphere.ras.TraceComponent@59d795cf
  REFERENCE_WEB_MBEAN_RUNTIME = "webMBeanRuntime"
  webMBeanRuntimeServiceRef = class com.ibm.wsspi.kernel.service.utils.AtomicServiceReference@78427e4a
    referenceName = "webMBeanRuntime"
    tuple = class java.util.concurrent.atomic.AtomicReference@42dd2120
      serialVersionUID = -1848883965231344442
      unsafe = class sun.misc.Unsafe@13755a5b
      valueOffset = 12
      value = class com.ibm.wsspi.kernel.service.utils.AtomicServiceReference$ReferenceTuple@15393b87
    serialVersionUID = -5840472578638799324
    $$$tc$$$ = class com.ibm.websphere.ras.TraceComponent@59d795cf
      strings[0] = "TraceComponent[com.ibm.wsspi.kernel.service.utils.AtomicServiceReference,class com.ibm.wsspi.kernel.service.utils.AtomicServiceReference,[kernelUtils],com.ibm.ws.kernel.service.utils.resources.ServiceMessages,null]"
  servletContainerInitializers = class com.ibm.wsspi.kernel.service.utils.ConcurrentServiceReferenceSet@2cc11187
    referenceName = "servletContainerInitializers"
    contextRef = class java.util.concurrent.atomic.AtomicReference@28069dcb
      serialVersionUID = -1848883965231344442
      unsafe = class sun.misc.Unsafe@13755a5b
      valueOffset = 12
      value = class org.apache.felix.scr.impl.manager.ComponentContextImpl@1b352b87
    elementMap = class java.util.LinkedHashMap@10ee9ca2
      serialVersionUID = 3801124242820219131
      head = class java.util.LinkedHashMap$Entry@3d2ba185
      tail = class java.util.LinkedHashMap$Entry@af989e1
      accessOrder = false
      serialVersionUID = 362498820763181265
      DEFAULT_INITIAL_CAPACITY = 16
      MAXIMUM_CAPACITY = 1073741824
      DEFAULT_LOAD_FACTOR = 0.75
      TREEIFY_THRESHOLD = 8
      UNTREEIFY_THRESHOLD = 6
      MIN_TREEIFY_CAPACITY = 64
      table = class java.util.HashMap$Node[16]
      entrySet = null
      size = 6
      modCount = 6
      threshold = 12
      loadFactor = 0.75
      keySet = null
      values = null
    elementSet = class java.util.concurrent.ConcurrentSkipListSet@59e894ea
      serialVersionUID = -2479143111061671589
      m = class java.util.concurrent.ConcurrentSkipListMap@1c810b2d
      UNSAFE = class sun.misc.Unsafe@13755a5b
      mapOffset = 12
      MAX_ARRAY_SIZE = 2147483639
    elementSetUnsorted = false
    serialVersionUID = 756240983881166148
    $$$tc$$$ = class com.ibm.websphere.ras.TraceComponent@32b2ea6d
  es = class com.ibm.ws.threading.internal.ExecutorServiceImpl@6402e58c
    JAVA_6 = false
    threadPool = class java.util.concurrent.ThreadPoolExecutor@668a8a7d
      ctl = class java.util.concurrent.atomic.AtomicInteger@2b6f58f1
      COUNT_BITS = 29
      CAPACITY = 536870911
      RUNNING = -536870912
      SHUTDOWN = 0
      STOP = 536870912
      TIDYING = 1073741824
      TERMINATED = 1610612736
      workQueue = class com.ibm.ws.threading.internal.BoundedBuffer@9d6b33c
      mainLock = class java.util.concurrent.locks.ReentrantLock@2d5ac2e8
      workers = class java.util.HashSet@53c07ab2
      termination = class java.util.concurrent.locks.AbstractQueuedSynchronizer$ConditionObject@23908eb
      largestPoolSize = 17
      completedTaskCount = 0
      threadFactory = class com.ibm.ws.threading.internal.ThreadFactoryImpl@3eca14c3
      handler = class com.ibm.ws.threading.internal.ExecutorServiceImpl$ExpandPolicy@457ccc70
      keepAliveTime = 60000000000
      allowCoreThreadTimeOut = false
      corePoolSize = 17
      maximumPoolSize = 17
      defaultHandler = class java.util.concurrent.ThreadPoolExecutor$AbortPolicy@3c16f10d
      shutdownPerm = class java.lang.RuntimePermission@3090eef
      ONLY_ONE = true
      $assertionsDisabled = true
    threadPoolController = class com.ibm.ws.threading.internal.ThreadPoolController@32c0be08
      tc = class com.ibm.websphere.ras.TraceComponent@24cb3f5
      INTERVAL = 1500
      MAX_INTERVALS_WITHOUT_CHANGE = 5
      EMPTY_QUEUE_SHRINK_MAGIC_PER_INTERVAL = 0.04
      NON_EMPTY_QUEUE_GROW_MAGIC_PER_INTERVAL = 0.02
      IDLE_INTERVALS_BEFORE_PAUSE = 3
      MAX_OUTLIER_AFTER_CHANGE_BEFORE_RESET = 3
      MAX_THREADS_TO_BREAK_HANG = 1000
      executorService = class com.ibm.ws.threading.internal.ExecutorServiceImpl@6402e58c
      lastAction = class com.ibm.ws.threading.internal.ThreadPoolController$LastAction@40a64e45
      timer = class java.util.Timer@e083b9a
      activeTask = class com.ibm.ws.threading.internal.IntervalTask@1b4c578b
      paused = false
      lastTimerPop = 1452240657013
      previousCompleted = 96
      previousThroughput = 21.27659574468085
      consecutiveQueueEmptyCount = 2
      consecutiveNoAdjustment = 2
      consecutiveOutlierAfterAdjustment = 0
      consecutiveIdleCount = 0
      maxThreads = 2147483647
      coreThreads = 16
      threadPool = class java.util.concurrent.ThreadPoolExecutor@668a8a7d
      threadStats = class com.ibm.ws.threading.internal.ThroughputDistribution[19]
      poolSizeWhenHangDetected = -1
      hangWarningIssued = false
      serialVersionUID = 8404405045746582097
    poolName = "Default Executor"
    componentConfig = class org.apache.felix.scr.impl.helper.ReadOnlyDictionary@45c202b9
      m_delegate = class java.util.Hashtable@7bc78048
      m_serviceReference = null
    interceptorsActive = false
    interceptors = class java.util.concurrent.CopyOnWriteArraySet@15a165b0
      serialVersionUID = 5457747651344034263
      al = class java.util.concurrent.CopyOnWriteArrayList@15756a7c
      MAX_ARRAY_SIZE = 2147483639
    threadFactory = null
    serialVersionUID = 4947246897844900590
    $$$tc$$$ = class com.ibm.websphere.ras.TraceComponent@1aabe9ea
      strings[0] = "TraceComponent[com.ibm.ws.threading.internal.ExecutorServiceImpl,class com.ibm.ws.threading.internal.ExecutorServiceImpl,[Threading],com.ibm.ws.threading.internal.resources.ThreadingMessages,null]"
  locationServiceRef = class java.util.concurrent.atomic.AtomicReference@e9162ee
    serialVersionUID = -1848883965231344442
    unsafe = class sun.misc.Unsafe@13755a5b
    valueOffset = 12
    value = class com.ibm.ws.kernel.service.location.internal.WsLocationAdminImpl@912e05e
  transferContextServiceRef = class com.ibm.wsspi.kernel.service.utils.ConcurrentServiceReferenceSet@65cafd58
    referenceName = "transferService"
    contextRef = class java.util.concurrent.atomic.AtomicReference@10cd0614
      serialVersionUID = -1848883965231344442
      unsafe = class sun.misc.Unsafe@13755a5b
      valueOffset = 12
      value = class org.apache.felix.scr.impl.manager.ComponentContextImpl@1b352b87
    elementMap = class java.util.LinkedHashMap@454f097e
      serialVersionUID = 3801124242820219131
      head = class java.util.LinkedHashMap$Entry@181c26ee
      tail = class java.util.LinkedHashMap$Entry@181c26ee
      accessOrder = false
      serialVersionUID = 362498820763181265
      DEFAULT_INITIAL_CAPACITY = 16
      MAXIMUM_CAPACITY = 1073741824
      DEFAULT_LOAD_FACTOR = 0.75
      TREEIFY_THRESHOLD = 8
      UNTREEIFY_THRESHOLD = 6
      MIN_TREEIFY_CAPACITY = 64
      table = class java.util.HashMap$Node[16]
      entrySet = null
      size = 1
      modCount = 1
      threshold = 12
      loadFactor = 0.75
      keySet = null
      values = null
    elementSet = class java.util.concurrent.ConcurrentSkipListSet@5bdd7882
      serialVersionUID = -2479143111061671589
      m = class java.util.concurrent.ConcurrentSkipListMap@282d0065
      UNSAFE = class sun.misc.Unsafe@13755a5b
      mapOffset = 12
      MAX_ARRAY_SIZE = 2147483639
    elementSetUnsorted = false
    serialVersionUID = 756240983881166148
    $$$tc$$$ = class com.ibm.websphere.ras.TraceComponent@32b2ea6d
      strings[0] = "TraceComponent[com.ibm.wsspi.kernel.service.utils.ConcurrentServiceReferenceSet,class com.ibm.wsspi.kernel.service.utils.ConcurrentServiceReferenceSet,[kernelUtils],com.ibm.ws.kernel.service.utils.resources.ServiceMessages,null]"
  encodingServiceRef = class java.util.concurrent.atomic.AtomicReference@41a3854f
    serialVersionUID = -1848883965231344442
    unsafe = class sun.misc.Unsafe@13755a5b
    valueOffset = 12
    value = class com.ibm.ws.http.internal.EncodingUtilsImpl@6183341d
      tc = class com.ibm.websphere.ras.TraceComponent@23aa7b21
      DEFAULT_ENCODING = "ISO-8859-1"
      TEST_CHAR = {97} /* array length = 1*/
      localeMap = class java.util.HashMap@1dc124c6
      converterMap = class java.util.HashMap@5bf57730
      supportedEncodingsCache = class java.util.HashMap@1299bc44
      localesCache = class java.util.HashMap@5809bc94
      cachedLocale = null
      cachedEncoding = null
      serialVersionUID = -1198395850126550961
  instance = class java.util.concurrent.atomic.AtomicReference@32fe3672
    serialVersionUID = -1848883965231344442
    unsafe = class sun.misc.Unsafe@13755a5b
    valueOffset = 12
    value = class com.ibm.ws.webcontainer.osgi.WebContainer@33bc6898
  vhostManager = class com.ibm.ws.webcontainer.osgi.DynamicVirtualHostManager@37fdb4d1
    tc = class com.ibm.websphere.ras.TraceComponent@1cf43d03
      strings[0] = "TraceComponent[com.ibm.ws.webcontainer.osgi.DynamicVirtualHostManager,class com.ibm.ws.webcontainer.osgi.DynamicVirtualHostManager,[webcontainer],com.ibm.ws.webcontainer.resources.LShimMessages,null]"
    hostMap = class java.util.concurrent.ConcurrentHashMap@34f613b7
      serialVersionUID = 7249069246763182397
      MAXIMUM_CAPACITY = 1073741824
      DEFAULT_CAPACITY = 16
      MAX_ARRAY_SIZE = 2147483639
      DEFAULT_CONCURRENCY_LEVEL = 16
      LOAD_FACTOR = 0.75
      TREEIFY_THRESHOLD = 8
      UNTREEIFY_THRESHOLD = 6
      MIN_TREEIFY_CAPACITY = 64
      MIN_TRANSFER_STRIDE = 16
      RESIZE_STAMP_BITS = 16
      MAX_RESIZERS = 65535
      RESIZE_STAMP_SHIFT = 16
      MOVED = -1
      TREEBIN = -2
      RESERVED = -3
      HASH_BITS = 2147483647
      NCPU = 8
      serialPersistentFields = class java.io.ObjectStreamField[3]
      table = class java.util.concurrent.ConcurrentHashMap$Node[16]
      nextTable = null
      baseCount = 1
      sizeCtl = 12
      transferIndex = 0
      cellsBusy = 0
      counterCells = null
      keySet = null
      values = class java.util.concurrent.ConcurrentHashMap$ValuesView@399b8fe6
      entrySet = null
      U = class sun.misc.Unsafe@13755a5b
      SIZECTL = 20
      TRANSFERINDEX = 32
      BASECOUNT = 24
      CELLSBUSY = 36
      CELLVALUE = 144
      ABASE = 16
      ASHIFT = 2
      keySet = null
      values = null
    transportMap = class java.util.concurrent.ConcurrentHashMap@1dc76fa1
      serialVersionUID = 7249069246763182397
      MAXIMUM_CAPACITY = 1073741824
      DEFAULT_CAPACITY = 16
      MAX_ARRAY_SIZE = 2147483639
      DEFAULT_CONCURRENCY_LEVEL = 16
      LOAD_FACTOR = 0.75
      TREEIFY_THRESHOLD = 8
      UNTREEIFY_THRESHOLD = 6
      MIN_TREEIFY_CAPACITY = 64
      MIN_TRANSFER_STRIDE = 16
      RESIZE_STAMP_BITS = 16
      MAX_RESIZERS = 65535
      RESIZE_STAMP_SHIFT = 16
      MOVED = -1
      TREEBIN = -2
      RESERVED = -3
      HASH_BITS = 2147483647
      NCPU = 8
      serialPersistentFields = class java.io.ObjectStreamField[3]
      table = class java.util.concurrent.ConcurrentHashMap$Node[16]
      nextTable = null
      baseCount = 1
      sizeCtl = 12
      transferIndex = 0
      cellsBusy = 0
      counterCells = null
      keySet = null
      values = null
      entrySet = null
      U = class sun.misc.Unsafe@13755a5b
      SIZECTL = 20
      TRANSFERINDEX = 32
      BASECOUNT = 24
      CELLSBUSY = 36
      CELLVALUE = 144
      ABASE = 16
      ASHIFT = 2
      keySet = null
      values = null
    locationService = class com.ibm.ws.kernel.service.location.internal.WsLocationAdminImpl@912e05e
      tc = class com.ibm.websphere.ras.TraceComponent@48b15792
      LOC_INTERNAL_LIB_DIR = "wlp.lib.dir"
      LOC_AREA_NAME_APPS = "shared/apps/"
      LOC_AREA_NAME_CONFIG = "shared/config/"
      LOC_AREA_NAME_RESC = "shared/resources/"
      LOC_AREA_NAME_STATE = "logs/state/"
      LOC_AREA_NAME_SERVERS = "servers/"
      LOC_AREA_NAME_CLIENTS = "clients/"
      LOC_AREA_NAME_WORKING = "workarea/"
      LOC_AREA_NAME_EXTENSION = "extension/"
      instance = class com.ibm.ws.kernel.service.location.internal.WsLocationAdminImpl@912e05e
      installRoot = class com.ibm.ws.kernel.service.location.internal.SymbolicRootResource@e765b84
      installParentRoot = class com.ibm.ws.kernel.service.location.internal.SymbolicRootResource@6b770113
      userRoot = class com.ibm.ws.kernel.service.location.internal.SymbolicRootResource@6136b2f3
      usrExtensionRoot = class com.ibm.ws.kernel.service.location.internal.SymbolicRootResource@70e427be
      serverConfigDir = class com.ibm.ws.kernel.service.location.internal.SymbolicRootResource@4cf2e85d
      serverOutputDir = class com.ibm.ws.kernel.service.location.internal.SymbolicRootResource@4cf2e85d
      bootstrapLib = class com.ibm.ws.kernel.service.location.internal.LocalFileResource@1fde0749
      serverWorkarea = class com.ibm.ws.kernel.service.location.internal.LocalFileResource@4b2b8f6b
      serverState = class com.ibm.ws.kernel.service.location.internal.LocalFileResource@1a238867
      sharedAppsRoot = class com.ibm.ws.kernel.service.location.internal.SymbolicRootResource@41482b7e
      sharedConfigRoot = class com.ibm.ws.kernel.service.location.internal.SymbolicRootResource@2e438851
      sharedResourceRoot = class com.ibm.ws.kernel.service.location.internal.SymbolicRootResource@39041a25
      tmpRoot = class com.ibm.ws.kernel.service.location.internal.SymbolicRootResource@3fe2ddd2
      serverName = "defaultServer"
      resourcePaths = class java.util.ArrayList@3ff1128b
      resourceGroups = class java.util.HashMap@d421424
      commonRoot = class com.ibm.ws.kernel.service.location.internal.VirtualRootResource@140ee29b
      serialVersionUID = 7766352982799267432
    schedExecutor = class com.ibm.ws.threading.internal.ScheduledExecutorImpl@7601fd61
    pluginCfgVhostUris = class java.util.HashMap@6712f7aa
      serialVersionUID = 362498820763181265
      DEFAULT_INITIAL_CAPACITY = 16
      MAXIMUM_CAPACITY = 1073741824
      DEFAULT_LOAD_FACTOR = 0.75
      TREEIFY_THRESHOLD = 8
      UNTREEIFY_THRESHOLD = 6
      MIN_TREEIFY_CAPACITY = 64
      table = null
      entrySet = null
      size = 0
      modCount = 0
      threshold = 4
      loadFactor = 0.75
      keySet = null
      values = null
    PLUGIN_CFG = "plugin-cfg.xml"
  metaDataService = class com.ibm.ws.container.service.metadata.internal.MetaDataServiceImpl@56faf4b
    applicationMetaDataManager = class com.ibm.ws.container.service.metadata.internal.ApplicationMetaDataManager@3e3a948a
      serialVersionUID = 1843747281024490904
      $$$tc$$$ = class com.ibm.websphere.ras.TraceComponent@37da8b61
      listeners = class com.ibm.wsspi.kernel.service.utils.ConcurrentServiceReferenceSet@3749b674
      metaDataIDs = class com.ibm.ws.container.service.metadata.internal.IndexList@469bb9a3
      metaDatas = class java.util.ArrayList@49c92c3a
      slotIDs = class com.ibm.ws.container.service.metadata.internal.IndexList@66be5cfb
      serialVersionUID = 5464421863354792977
      $$$tc$$$ = class com.ibm.websphere.ras.TraceComponent@20e5ffe8
    moduleMetaDataManager = class com.ibm.ws.container.service.metadata.internal.ModuleMetaDataManager@47298cd9
      serialVersionUID = 2513574389899327209
      $$$tc$$$ = class com.ibm.websphere.ras.TraceComponent@55762621
      listeners = class com.ibm.wsspi.kernel.service.utils.ConcurrentServiceReferenceSet@6f69473f
      metaDataIDs = class com.ibm.ws.container.service.metadata.internal.IndexList@23949084
      metaDatas = class java.util.ArrayList@3b2537af
      slotIDs = class com.ibm.ws.container.service.metadata.internal.IndexList@55579e9c
      serialVersionUID = 5464421863354792977
      $$$tc$$$ = class com.ibm.websphere.ras.TraceComponent@20e5ffe8
    componentMetaDataManager = class com.ibm.ws.container.service.metadata.internal.ComponentMetaDataManager@a745fce
      serialVersionUID = 8629793739641703882
      $$$tc$$$ = class com.ibm.websphere.ras.TraceComponent@64b8365c
      listeners = class com.ibm.wsspi.kernel.service.utils.ConcurrentServiceReferenceSet@1dd0be1d
      metaDataIDs = class com.ibm.ws.container.service.metadata.internal.IndexList@7d8ff9db
      metaDatas = class java.util.ArrayList@417408db
      slotIDs = class com.ibm.ws.container.service.metadata.internal.IndexList@3b0eadd6
      serialVersionUID = 5464421863354792977
      $$$tc$$$ = class com.ibm.websphere.ras.TraceComponent@20e5ffe8
    methodMetaDataManager = class com.ibm.ws.container.service.metadata.internal.MethodMetaDataManager@35bfee67
      serialVersionUID = -3308748211841563417
      $$$tc$$$ = class com.ibm.websphere.ras.TraceComponent@510f088d
      listeners = class com.ibm.wsspi.kernel.service.utils.ConcurrentServiceReferenceSet@2a4bc93c
      metaDataIDs = class com.ibm.ws.container.service.metadata.internal.IndexList@534233f1
      metaDatas = class java.util.ArrayList@76c01439
      slotIDs = class com.ibm.ws.container.service.metadata.internal.IndexList@14a5dfd4
      serialVersionUID = 5464421863354792977
      $$$tc$$$ = class com.ibm.websphere.ras.TraceComponent@20e5ffe8
    appModuleNameToModuleContainer = class java.util.concurrent.ConcurrentHashMap@5fcbb29e
      serialVersionUID = 7249069246763182397
      MAXIMUM_CAPACITY = 1073741824
      DEFAULT_CAPACITY = 16
      MAX_ARRAY_SIZE = 2147483639
      DEFAULT_CONCURRENCY_LEVEL = 16
      LOAD_FACTOR = 0.75
      TREEIFY_THRESHOLD = 8
      UNTREEIFY_THRESHOLD = 6
      MIN_TREEIFY_CAPACITY = 64
      MIN_TRANSFER_STRIDE = 16
      RESIZE_STAMP_BITS = 16
      MAX_RESIZERS = 65535
      RESIZE_STAMP_SHIFT = 16
      MOVED = -1
      TREEBIN = -2
      RESERVED = -3
      HASH_BITS = 2147483647
      NCPU = 8
      serialPersistentFields = class java.io.ObjectStreamField[3]
      table = class java.util.concurrent.ConcurrentHashMap$Node[16]
      nextTable = null
      baseCount = 2
      sizeCtl = 12
      transferIndex = 0
      cellsBusy = 0
      counterCells = null
      keySet = null
      values = null
      entrySet = null
      U = class sun.misc.Unsafe@13755a5b
      SIZECTL = 20
      TRANSFERINDEX = 32
      BASECOUNT = 24
      CELLSBUSY = 36
      CELLVALUE = 144
      ABASE = 16
      ASHIFT = 2
      keySet = null
      values = null
    jeeNameToComponentMetaData = class java.util.concurrent.ConcurrentHashMap@540fa2fa
      serialVersionUID = 7249069246763182397
      MAXIMUM_CAPACITY = 1073741824
      DEFAULT_CAPACITY = 16
      MAX_ARRAY_SIZE = 2147483639
      DEFAULT_CONCURRENCY_LEVEL = 16
      LOAD_FACTOR = 0.75
      TREEIFY_THRESHOLD = 8
      UNTREEIFY_THRESHOLD = 6
      MIN_TREEIFY_CAPACITY = 64
      MIN_TRANSFER_STRIDE = 16
      RESIZE_STAMP_BITS = 16
      MAX_RESIZERS = 65535
      RESIZE_STAMP_SHIFT = 16
      MOVED = -1
      TREEBIN = -2
      RESERVED = -3
      HASH_BITS = 2147483647
      NCPU = 8
      serialPersistentFields = class java.io.ObjectStreamField[3]
      table = class java.util.concurrent.ConcurrentHashMap$Node[16]
      nextTable = null
      baseCount = 8
      sizeCtl = 12
      transferIndex = 0
      cellsBusy = 0
      counterCells = null
      keySet = null
      values = null
      entrySet = null
      U = class sun.misc.Unsafe@13755a5b
      SIZECTL = 20
      TRANSFERINDEX = 32
      BASECOUNT = 24
      CELLSBUSY = 36
      CELLVALUE = 144
      ABASE = 16
      ASHIFT = 2
      keySet = null
      values = null
    deferredMetaDataFactories = class com.ibm.wsspi.kernel.service.utils.ConcurrentServiceReferenceSet@7c2d0d9a
      referenceName = "deferredMetaDataFactory"
      contextRef = class java.util.concurrent.atomic.AtomicReference@77358db
      elementMap = class java.util.LinkedHashMap@7db0cf3
      elementSet = class java.util.concurrent.ConcurrentSkipListSet@1316d177
      elementSetUnsorted = false
      serialVersionUID = 756240983881166148
      $$$tc$$$ = class com.ibm.websphere.ras.TraceComponent@32b2ea6d
    deferredMetaDataInitializers = class com.ibm.wsspi.kernel.service.utils.ConcurrentServiceReferenceMap@362b08ae
      referenceName = "deferredMetaDataFactory"
      context = class org.apache.felix.scr.impl.manager.ComponentContextImpl@4f3c6f9f
      elementMap = class java.util.concurrent.ConcurrentHashMap@3029b595
      serialVersionUID = 6980924785166233786
      $$$tc$$$ = class com.ibm.websphere.ras.TraceComponent@4c68b2df
    serialVersionUID = -8170959944924351750
    $$$tc$$$ = class com.ibm.websphere.ras.TraceComponent@77a9b882
      strings[0] = "TraceComponent[com.ibm.ws.container.service.metadata.internal.MetaDataServiceImpl,class com.ibm.ws.container.service.metadata.internal.MetaDataServiceImpl,[Runtime],,null]"
  j2eeNameFactory = class com.ibm.ws.container.service.metadata.internal.J2EENameFactoryImpl@583bcb54
    serialVersionUID = 3486344295038028821
    $$$tc$$$ = class com.ibm.websphere.ras.TraceComponent@d18cd96
      strings[0] = "TraceComponent[com.ibm.ws.container.service.metadata.internal.J2EENameFactoryImpl,class com.ibm.ws.container.service.metadata.internal.J2EENameFactoryImpl,[Runtime],,null]"
  context = class org.apache.felix.scr.impl.manager.ComponentContextImpl@1b352b87
    m_componentManager = class org.apache.felix.scr.impl.manager.SingleComponentManager@487c180c
      m_useCount = class java.util.concurrent.atomic.AtomicInteger@29d2e59e
      m_componentContext = class org.apache.felix.scr.impl.manager.ComponentContextImpl@1b352b87
      m_configurationProperties = class java.util.HashMap@bf1ae28
      m_factoryProperties = null
      m_properties = class java.util.HashMap@221f10cd
      m_serviceProperties = null
      m_circularReferences = class java.lang.ThreadLocal@6e724fda
      REASONS = class java.lang.String[7]
      m_container = class org.apache.felix.scr.impl.config.ConfigurableComponentHolder@c77363c
      m_factoryInstance = false
      m_componentId = 245
      m_componentMethods = class org.apache.felix.scr.impl.helper.ComponentMethods@7007a4f7
      m_dependencyManagers = class java.util.ArrayList@353c9529
      m_dependencyManagersInitialized = true
      m_trackingCount = class java.util.concurrent.atomic.AtomicInteger@45127874
      m_stateLock = class java.util.concurrent.locks.ReentrantLock@7061603c
      m_enabledLatchRef = class java.util.concurrent.atomic.AtomicReference@3d0c42db
      m_internalEnabled = true
      m_satisfied = true
      m_disposed = false
      m_floor = 39
      m_ceiling = 39
      m_missingLock = class java.util.concurrent.locks.ReentrantLock@6c481d8e
      m_missingCondition = class java.util.concurrent.locks.AbstractQueuedSynchronizer$ConditionObject@3a4f19ab
      m_missing = class java.util.TreeSet@41d4ee5e
      m_activated = true
      m_activationLock = class java.util.concurrent.locks.ReentrantReadWriteLock@1e116625
      taskCounter = class java.util.concurrent.atomic.AtomicLong@3299bc04
      registrationManager = class org.apache.felix.scr.impl.manager.AbstractComponentManager$3@70d969bd
    edgeInfos = class org.apache.felix.scr.impl.manager.EdgeInfo[25]
      edgeInfos[0] = class org.apache.felix.scr.impl.manager.EdgeInfo@510a8f90
      edgeInfos[1] = class org.apache.felix.scr.impl.manager.EdgeInfo@433a1bfc
      edgeInfos[2] = class org.apache.felix.scr.impl.manager.EdgeInfo@50dbba4e
      edgeInfos[3] = class org.apache.felix.scr.impl.manager.EdgeInfo@352ee393
      edgeInfos[4] = class org.apache.felix.scr.impl.manager.EdgeInfo@305d8ca9
      edgeInfos[5] = class org.apache.felix.scr.impl.manager.EdgeInfo@23ab84a5
      edgeInfos[6] = class org.apache.felix.scr.impl.manager.EdgeInfo@2e2f5354
      edgeInfos[7] = class org.apache.felix.scr.impl.manager.EdgeInfo@6cdf1f79
      edgeInfos[8] = class org.apache.felix.scr.impl.manager.EdgeInfo@30bbfe8f
      edgeInfos[9] = class org.apache.felix.scr.impl.manager.EdgeInfo@4fcaca91
      edgeInfos[10] = class org.apache.felix.scr.impl.manager.EdgeInfo@1b2b85cf
      edgeInfos[11] = class org.apache.felix.scr.impl.manager.EdgeInfo@f1b7504
      edgeInfos[12] = class org.apache.felix.scr.impl.manager.EdgeInfo@603bbdee
      edgeInfos[13] = class org.apache.felix.scr.impl.manager.EdgeInfo@79bc6d3a
      edgeInfos[14] = class org.apache.felix.scr.impl.manager.EdgeInfo@3efe9a3f
      edgeInfos[15] = class org.apache.felix.scr.impl.manager.EdgeInfo@6a997bb1
      edgeInfos[16] = class org.apache.felix.scr.impl.manager.EdgeInfo@57f07fc1
      edgeInfos[17] = class org.apache.felix.scr.impl.manager.EdgeInfo@4dbf1db8
      edgeInfos[18] = class org.apache.felix.scr.impl.manager.EdgeInfo@75a4952
      edgeInfos[19] = class org.apache.felix.scr.impl.manager.EdgeInfo@263ffefb
      edgeInfos[20] = class org.apache.felix.scr.impl.manager.EdgeInfo@72e5838a
      edgeInfos[21] = class org.apache.felix.scr.impl.manager.EdgeInfo@478212b3
      edgeInfos[22] = class org.apache.felix.scr.impl.manager.EdgeInfo@1247c3c8
      edgeInfos[23] = class org.apache.felix.scr.impl.manager.EdgeInfo@4b562f5d
      edgeInfos[24] = class org.apache.felix.scr.impl.manager.EdgeInfo@15711c6e
    m_componentInstance = class org.apache.felix.scr.impl.manager.ComponentContextImpl$ComponentInstanceImpl@59a2f7ca
      m_componentContext = class org.apache.felix.scr.impl.manager.ComponentContextImpl@1b352b87
    m_usingBundle = class org.eclipse.osgi.internal.framework.EquinoxBundle@6e4f95e3
      equinoxContainer = class org.eclipse.osgi.internal.framework.EquinoxContainer@67a1ca6a
      module = class org.eclipse.osgi.internal.framework.EquinoxBundle$EquinoxModule@a54a493
      monitor = class java.lang.Object@69f31a04
      context = class org.eclipse.osgi.internal.framework.BundleContextImpl@1038239a
      signerInfos = null
      $SWITCH_TABLE$org$eclipse$osgi$container$Module$State = {1,2,3,4,5,6,7} /* array length = 7*/
    m_implementationObject = class com.ibm.ws.webcontainer.osgi.WebContainer@33bc6898
    m_implementationAccessible = true
    accessibleLatch = class java.util.concurrent.CountDownLatch@3ddaac8b
      sync = class java.util.concurrent.CountDownLatch$Sync@22805c0a
    serviceObjectsHelper = class org.apache.felix.scr.impl.helper.ComponentServiceObjectsHelper@154e7f44
      bundleContext = class org.eclipse.osgi.internal.framework.BundleContextImpl@1038239a
      services = class java.util.concurrent.ConcurrentHashMap@28b6551b
      closedServices = class java.util.ArrayList@544dab5b
      prototypeInstances = class java.util.concurrent.ConcurrentHashMap@373eaffa
  contextRoots = class java.util.Collections$SynchronizedSet@41b44f0c
    serialVersionUID = 487447009682186044
    serialVersionUID = 3053995032091335093
    c = class java.util.HashSet@4a4c35f5
      serialVersionUID = -5024744406713321676
      map = class java.util.HashMap@7a235397
      PRESENT = class java.lang.Object@670b7988
      MAX_ARRAY_SIZE = 2147483639
    mutex = class java.util.Collections$SynchronizedSet@41b44f0c
  pendingContextRoots = class java.util.HashMap@3959b586
    serialVersionUID = 362498820763181265
    DEFAULT_INITIAL_CAPACITY = 16
    MAXIMUM_CAPACITY = 1073741824
    DEFAULT_LOAD_FACTOR = 0.75
    TREEIFY_THRESHOLD = 8
    UNTREEIFY_THRESHOLD = 6
    MIN_TREEIFY_CAPACITY = 64
    table = null
    entrySet = null
    size = 0
    modCount = 0
    threshold = 0
    loadFactor = 0.75
    keySet = null
    values = null
  deployedModuleMap = class java.util.concurrent.ConcurrentHashMap@3fbeb892
    serialVersionUID = 7249069246763182397
    MAXIMUM_CAPACITY = 1073741824
    DEFAULT_CAPACITY = 16
    MAX_ARRAY_SIZE = 2147483639
    DEFAULT_CONCURRENCY_LEVEL = 16
    LOAD_FACTOR = 0.75
    TREEIFY_THRESHOLD = 8
    UNTREEIFY_THRESHOLD = 6
    MIN_TREEIFY_CAPACITY = 64
    MIN_TRANSFER_STRIDE = 16
    RESIZE_STAMP_BITS = 16
    MAX_RESIZERS = 65535
    RESIZE_STAMP_SHIFT = 16
    MOVED = -1
    TREEBIN = -2
    RESERVED = -3
    HASH_BITS = 2147483647
    NCPU = 8
    serialPersistentFields = class java.io.ObjectStreamField[3]
    table = class java.util.concurrent.ConcurrentHashMap$Node[16]
      table[0] = null
      table[1] = null
      table[2] = null
      table[3] = null
      table[4] = null
      table[5] = class java.util.concurrent.ConcurrentHashMap$Node@b716c94
      table[6] = null
      table[7] = null
      table[8] = null
      table[9] = null
      table[10] = null
      table[11] = null
      table[12] = null
      table[13] = null
      table[14] = class java.util.concurrent.ConcurrentHashMap$Node@2f27d4d2
      table[15] = null
    nextTable = null
    baseCount = 2
    sizeCtl = 12
    transferIndex = 0
    cellsBusy = 0
    counterCells = null
    keySet = null
    values = null
    entrySet = null
    U = class sun.misc.Unsafe@13755a5b
    SIZECTL = 20
    TRANSFERINDEX = 32
    BASECOUNT = 24
    CELLSBUSY = 36
    CELLVALUE = 144
    ABASE = 16
    ASHIFT = 2
    keySet = null
    values = null
  connContextPool = class com.ibm.ws.webcontainer31.osgi.srt.SRTConnectionContextPool31Impl@d65d5f1
    head = class java.lang.ThreadLocal@2a064de6
      threadLocalHashCode = 211471171
      nextHashCode = class java.util.concurrent.atomic.AtomicInteger@47e297a7
      HASH_INCREMENT = 1640531527
  DEFAULT_PORT = "*"
  DEFAULT_VHOST_NAME = "default_host"
  cachedServerInfo = null
  lock = class com.ibm.ws.webcontainer.osgi.WebContainer$1@6eca377e
    this$0 = class com.ibm.ws.webcontainer.osgi.WebContainer@33bc6898
  webAppFactory = class com.ibm.ws.webcontainer31.osgi.webapp.WebAppFactoryImpl31@1acb4aa4
  requestFactory = class com.ibm.ws.webcontainer31.osgi.response.IRequestResponseFactory@50fb0b47
  responseFactory = class com.ibm.ws.webcontainer31.osgi.response.IRequestResponseFactory@50fb0b47
  asyncContextFactory = class com.ibm.ws.webcontainer31.async.AsyncContextFactory31Impl@731286f4
  DEFAULT_MAX_VERSION = 30
  versionRef = class org.eclipse.osgi.internal.serviceregistry.ServiceReferenceImpl@4c5c2e2f
    registration = class org.eclipse.osgi.internal.serviceregistry.ServiceRegistrationImpl@4e1c5365
      registry = class org.eclipse.osgi.internal.serviceregistry.ServiceRegistry@7caa56b3
      context = class org.eclipse.osgi.internal.framework.BundleContextImpl@7d6631b5
      bundle = class org.eclipse.osgi.internal.framework.EquinoxBundle@184391d5
      clazzes = class java.lang.String[1]
      service = class org.apache.felix.scr.impl.manager.SingleComponentManager@1fbbdde3
      reference = class org.eclipse.osgi.internal.serviceregistry.ServiceReferenceImpl@4c5c2e2f
      contextsUsing = class java.util.ArrayList@79eb3b19
      properties = class org.eclipse.osgi.internal.serviceregistry.ServiceProperties@575af559
      serviceid = 330
      serviceranking = 0
      registrationLock = class java.lang.Object@3a521624
      state = 0
      REGISTERED = 0
      UNREGISTERING = 1
      UNREGISTERED = 2
      $assertionsDisabled = true
  SPEC_LEVEL_UNLOADED = -1
  SPEC_LEVEL_30 = 30
  SPEC_LEVEL_31 = 31
  DEFAULT_SPEC_LEVEL = 30
  loadedContainerSpecLevel = 31
  ISO = "ISO-8859-1"
  encoding = "UTF-8"
  decode = true
  wcconfig = class com.ibm.ws.webcontainer.osgi.WebContainerConfiguration@4ab509e
    properties = class org.apache.felix.scr.impl.helper.ReadOnlyDictionary@15b5acad
      m_delegate = class java.util.Hashtable@6e695363
      m_serviceReference = null
    CFG_KEY_ENFORCE_SEC = "enforce.security"
    logger = class com.ibm.ws.logging.internal.WsLogger@18741473
    CLASS_NAME = "com.ibm.ws.webcontainer.WebContainerConfiguration"
    _localeProps = null
    _jvmProps = null
    enableServletCaching = false
    defaultVirtualHostName = "default_host"
    ardEnabled = false
    ardIncludeTimeout = 0
    poolingDisabled = false
    maximumExpiredEntries = 0
    maximumResponseStoreSize = 0
    useAsyncRunnableWorkManager = false
    asyncRunnableWorkManagerName = null
    numAsyncTimerThreads = 2
    defaultAsyncServletTimeout = 30000
  applicationListeners = class java.util.ArrayList@63e953d9
    serialVersionUID = 8683452581122892189
    DEFAULT_CAPACITY = 10
    EMPTY_ELEMENTDATA = class java.lang.Object[0]
    DEFAULTCAPACITY_EMPTY_ELEMENTDATA = class java.lang.Object[0]
    elementData = class java.lang.Object[0]
    size = 0
    MAX_ARRAY_SIZE = 2147483639
    modCount = 0
    MAX_ARRAY_SIZE = 2147483639
  servletListeners = class java.util.ArrayList@4ee924dd
    serialVersionUID = 8683452581122892189
    DEFAULT_CAPACITY = 10
    EMPTY_ELEMENTDATA = class java.lang.Object[0]
    DEFAULTCAPACITY_EMPTY_ELEMENTDATA = class java.lang.Object[0]
    elementData = class java.lang.Object[0]
    size = 0
    MAX_ARRAY_SIZE = 2147483639
    modCount = 0
    MAX_ARRAY_SIZE = 2147483639
  servletErrorListeners = class java.util.ArrayList@54eaa7f9
    serialVersionUID = 8683452581122892189
    DEFAULT_CAPACITY = 10
    EMPTY_ELEMENTDATA = class java.lang.Object[0]
    DEFAULTCAPACITY_EMPTY_ELEMENTDATA = class java.lang.Object[0]
    elementData = class java.lang.Object[0]
    size = 0
    MAX_ARRAY_SIZE = 2147483639
    modCount = 0
    MAX_ARRAY_SIZE = 2147483639
  servletInvocationListeners = class java.util.ArrayList@a9b225a
    serialVersionUID = 8683452581122892189
    DEFAULT_CAPACITY = 10
    EMPTY_ELEMENTDATA = class java.lang.Object[0]
    DEFAULTCAPACITY_EMPTY_ELEMENTDATA = class java.lang.Object[0]
    elementData = class java.lang.Object[0]
    size = 0
    MAX_ARRAY_SIZE = 2147483639
    modCount = 0
    MAX_ARRAY_SIZE = 2147483639
  filterInvocationListeners = class java.util.ArrayList@23c5cf4b
    serialVersionUID = 8683452581122892189
    DEFAULT_CAPACITY = 10
    EMPTY_ELEMENTDATA = class java.lang.Object[0]
    DEFAULTCAPACITY_EMPTY_ELEMENTDATA = class java.lang.Object[0]
    elementData = class java.lang.Object[0]
    size = 0
    MAX_ARRAY_SIZE = 2147483639
    modCount = 0
    MAX_ARRAY_SIZE = 2147483639
  filterErrorListeners = class java.util.ArrayList@240dc822
    serialVersionUID = 8683452581122892189
    DEFAULT_CAPACITY = 10
    EMPTY_ELEMENTDATA = class java.lang.Object[0]
    DEFAULTCAPACITY_EMPTY_ELEMENTDATA = class java.lang.Object[0]
    elementData = class java.lang.Object[0]
    size = 0
    MAX_ARRAY_SIZE = 2147483639
    modCount = 0
    MAX_ARRAY_SIZE = 2147483639
  filterListeners = class java.util.ArrayList@25d97635
    serialVersionUID = 8683452581122892189
    DEFAULT_CAPACITY = 10
    EMPTY_ELEMENTDATA = class java.lang.Object[0]
    DEFAULTCAPACITY_EMPTY_ELEMENTDATA = class java.lang.Object[0]
    elementData = class java.lang.Object[0]
    size = 0
    MAX_ARRAY_SIZE = 2147483639
    modCount = 0
    MAX_ARRAY_SIZE = 2147483639
  servletRequestListeners = class java.util.ArrayList@76830926
    serialVersionUID = 8683452581122892189
    DEFAULT_CAPACITY = 10
    EMPTY_ELEMENTDATA = class java.lang.Object[0]
    DEFAULTCAPACITY_EMPTY_ELEMENTDATA = class java.lang.Object[0]
    elementData = class java.lang.Object[0]
    size = 0
    MAX_ARRAY_SIZE = 2147483639
    modCount = 0
    MAX_ARRAY_SIZE = 2147483639
  servletRequestAttributeListeners = class java.util.ArrayList@7b313f2a
    serialVersionUID = 8683452581122892189
    DEFAULT_CAPACITY = 10
    EMPTY_ELEMENTDATA = class java.lang.Object[0]
    DEFAULTCAPACITY_EMPTY_ELEMENTDATA = class java.lang.Object[0]
    elementData = class java.lang.Object[0]
    size = 0
    MAX_ARRAY_SIZE = 2147483639
    modCount = 0
    MAX_ARRAY_SIZE = 2147483639
  servletContextListeners = class java.util.ArrayList@3137b4b6
    serialVersionUID = 8683452581122892189
    DEFAULT_CAPACITY = 10
    EMPTY_ELEMENTDATA = class java.lang.Object[0]
    DEFAULTCAPACITY_EMPTY_ELEMENTDATA = class java.lang.Object[0]
    elementData = class java.lang.Object[0]
    size = 0
    MAX_ARRAY_SIZE = 2147483639
    modCount = 0
    MAX_ARRAY_SIZE = 2147483639
  servletContextAttributeListeners = class java.util.ArrayList@5fb1147b
    serialVersionUID = 8683452581122892189
    DEFAULT_CAPACITY = 10
    EMPTY_ELEMENTDATA = class java.lang.Object[0]
    DEFAULTCAPACITY_EMPTY_ELEMENTDATA = class java.lang.Object[0]
    elementData = class java.lang.Object[0]
    size = 0
    MAX_ARRAY_SIZE = 2147483639
    modCount = 0
    MAX_ARRAY_SIZE = 2147483639
  sessionListeners = class java.util.ArrayList@3195ec92
    serialVersionUID = 8683452581122892189
    DEFAULT_CAPACITY = 10
    EMPTY_ELEMENTDATA = class java.lang.Object[0]
    DEFAULTCAPACITY_EMPTY_ELEMENTDATA = class java.lang.Object[0]
    elementData = class java.lang.Object[0]
    size = 0
    MAX_ARRAY_SIZE = 2147483639
    modCount = 0
    MAX_ARRAY_SIZE = 2147483639
  sessionIdListeners = class java.util.ArrayList@432f5de5
    serialVersionUID = 8683452581122892189
    DEFAULT_CAPACITY = 10
    EMPTY_ELEMENTDATA = class java.lang.Object[0]
    DEFAULTCAPACITY_EMPTY_ELEMENTDATA = class java.lang.Object[0]
    elementData = class java.lang.Object[0]
    size = 0
    MAX_ARRAY_SIZE = 2147483639
    modCount = 0
    MAX_ARRAY_SIZE = 2147483639
  sessionAttributeListeners = class java.util.ArrayList@4fb1d332
    serialVersionUID = 8683452581122892189
    DEFAULT_CAPACITY = 10
    EMPTY_ELEMENTDATA = class java.lang.Object[0]
    DEFAULTCAPACITY_EMPTY_ELEMENTDATA = class java.lang.Object[0]
    elementData = class java.lang.Object[0]
    size = 0
    MAX_ARRAY_SIZE = 2147483639
    modCount = 0
    MAX_ARRAY_SIZE = 2147483639
  DEFAULT_HOST = "default_host"
  _initialized = true
  logger = class com.ibm.ws.logging.internal.WsLogger@18741473
    tc = class com.ibm.websphere.ras.TraceComponent@18392306
      strings[0] = "TraceComponent[com.ibm.ws.logging.internal.WsLogger,class com.ibm.ws.logging.internal.WsLogger,[logging],com.ibm.ws.logging.internal.resources.LoggingMessages,null]"
    ivCachedResourceBundleName = "com.ibm.ws.webcontainer.resources.Messages"
    ivCachedResourceBundle = class com.ibm.ws.webcontainer.resources.Messages_en@167f79e9
      resources = class [Ljava.lang.Object;[0]
      lookup = class java.util.HashMap@5c1bd835
      INITIAL_CACHE_SIZE = 32
      NONEXISTENT_BUNDLE = class java.util.ResourceBundle$1@6ef9a6a0
      cacheList = class java.util.concurrent.ConcurrentHashMap@1247c7fd
      referenceQueue = class java.lang.ref.ReferenceQueue@109f7ff0
      parent = class com.ibm.ws.webcontainer.resources.Messages@3ca10b72
      locale = class java.util.Locale@1fce66e0
      name = "com.ibm.ws.webcontainer.resources.Messages"
      expired = false
      cacheKey = class java.util.ResourceBundle$CacheKey@331a22cb
      keySet = null
      providers = null
      $assertionsDisabled = true
    ivComponent = null
    ivOrganization = null
    ivProduct = null
    ivMinimumLocalizationLevelIntValue = 625
    ivTC = class com.ibm.websphere.ras.TraceComponent@532e7e47
      strings[0] = "TraceComponent[com.ibm.ws.webcontainer,class com.ibm.wsspi.webcontainer.logging.LoggerFactory$1,[com.ibm.ws.webcontainer],null,null]"
    loggerRegistrationComponent = class java.lang.ThreadLocal@47b772f5
      threadLocalHashCode = -1374503983
      nextHashCode = class java.util.concurrent.atomic.AtomicInteger@47e297a7
      HASH_INCREMENT = 1640531527
    emptyHandlers = class java.util.logging.Handler[0]
    offValue = 2147483647
    SYSTEM_LOGGER_RB_NAME = "sun.util.logging.resources.logging"
    SYSTEM_BUNDLE = class java.util.logging.Logger$LoggerBundle@48ca107d
      resourceBundleName = "sun.util.logging.resources.logging"
      userBundle = null
    NO_RESOURCE_BUNDLE = class java.util.logging.Logger$LoggerBundle@259788bc
      resourceBundleName = null
      userBundle = null
    manager = class com.ibm.ws.kernel.boot.logging.WsLogManager@59cb7621
      CLASS_NAME = "com.ibm.ws.kernel.boot.logging.WsLogManager"
      CONFIGURE_BY_SERVER_PROPERTY_NAME = "java.util.logging.configureByServer"
      CONFIGURE_BY_LOGGING_PROPERTIES_FILE = "java.util.logging.configureByLoggingPropertiesFile"
      configureByServer = true
      configureByLoggingProperties = false
      wsLogger = class java.lang.reflect.Constructor@4314d832
      resetEnabled = true
      manager = class com.ibm.ws.kernel.boot.logging.WsLogManager@59cb7621
      props = class java.util.Properties@22a915e7
      defaultLevel = class java.util.logging.Level@6c8e520
      listenerMap = class java.util.HashMap@1a96719c
      systemContext = class java.util.logging.LogManager$SystemLoggerContext@7fa6efb4
      userContext = class java.util.logging.LogManager$LoggerContext@6ff3ae37
      rootLogger = class java.util.logging.LogManager$RootLogger@59f8803
      readPrimordialConfiguration = true
      initializedGlobalHandlers = true
      deathImminent = false
      initializedCalled = true
      initializationDone = true
      contextsMap = null
      loggerRefQueue = class java.lang.ref.ReferenceQueue@2c2c03bd
      MAX_ITERATIONS = 400
      controlPermission = class java.util.logging.LoggingPermission@643f82c3
      loggingMXBean = null
      LOGGING_MXBEAN_NAME = "java.util.logging:type=Logging"
      $assertionsDisabled = true
    name = "com.ibm.ws.webcontainer"
    handlers = class java.util.concurrent.CopyOnWriteArrayList@6d28355d
      serialVersionUID = 8673264195747942595
      lock = class java.util.concurrent.locks.ReentrantLock@1699dfe6
      array = class java.lang.Object[0]
      UNSAFE = class sun.misc.Unsafe@13755a5b
      lockOffset = 12
    loggerBundle = class java.util.logging.Logger$LoggerBundle@75f9897d
      resourceBundleName = "com.ibm.ws.webcontainer.resources.Messages"
      userBundle = null
    useParentHandlers = true
    filter = null
    anonymous = false
    catalog = class com.ibm.ws.webcontainer.resources.Messages_en@167f79e9
    catalogName = "com.ibm.ws.webcontainer.resources.Messages"
    catalogLocale = class java.util.Locale@6cb22d16
      LOCALECACHE = class java.util.Locale$Cache@685c4153
      ENGLISH = class java.util.Locale@1fce66e0
      FRENCH = class java.util.Locale@63212449
      GERMAN = class java.util.Locale@1002869c
      ITALIAN = class java.util.Locale@31e46084
      JAPANESE = class java.util.Locale@3bb8e932
      KOREAN = class java.util.Locale@51518160
      CHINESE = class java.util.Locale@55e3cbb0
      SIMPLIFIED_CHINESE = class java.util.Locale@471161c8
      TRADITIONAL_CHINESE = class java.util.Locale@3b1ce161
      FRANCE = class java.util.Locale@661b2de3
      GERMANY = class java.util.Locale@2deec4db
      ITALY = class java.util.Locale@613def8f
      JAPAN = class java.util.Locale@3d761d20
      KOREA = class java.util.Locale@23d5b58
      CHINA = class java.util.Locale@471161c8
      PRC = class java.util.Locale@471161c8
      TAIWAN = class java.util.Locale@3b1ce161
      UK = class java.util.Locale@592e8fd8
      US = class java.util.Locale@6cb22d16
      CANADA = class java.util.Locale@57e142e5
      CANADA_FRENCH = class java.util.Locale@5af3ca24
      ROOT = class java.util.Locale@32fcadb9
      PRIVATE_USE_EXTENSION = x
      UNICODE_LOCALE_EXTENSION = u
      serialVersionUID = 9149081749638150636
      DISPLAY_LANGUAGE = 0
      DISPLAY_COUNTRY = 1
      DISPLAY_VARIANT = 2
      DISPLAY_SCRIPT = 3
      baseLocale = class sun.util.locale.BaseLocale@1f01b471
      localeExtensions = null
      hashCodeValue = 96636889
      defaultLocale = class java.util.Locale@6cb22d16
      defaultDisplayLocale = null
      defaultFormatLocale = class java.util.Locale@42aa3b1e
      languageTag = "en-US"
      serialPersistentFields = class java.io.ObjectStreamField[6]
      isoLanguages = null
      isoCountries = null
      $assertionsDisabled = true
    treeLock = class java.lang.Object@6eca24df
    parent = class java.util.logging.Logger@42647686
      emptyHandlers = class java.util.logging.Handler[0]
      offValue = 2147483647
      SYSTEM_LOGGER_RB_NAME = "sun.util.logging.resources.logging"
      SYSTEM_BUNDLE = class java.util.logging.Logger$LoggerBundle@48ca107d
      NO_RESOURCE_BUNDLE = class java.util.logging.Logger$LoggerBundle@259788bc
      manager = class com.ibm.ws.kernel.boot.logging.WsLogManager@59cb7621
      name = ""
      handlers = class java.util.concurrent.CopyOnWriteArrayList@5a35b27d
      loggerBundle = class java.util.logging.Logger$LoggerBundle@259788bc
      useParentHandlers = true
      filter = null
      anonymous = false
      catalog = null
      catalogName = null
      catalogLocale = null
      treeLock = class java.lang.Object@6eca24df
      parent = null
      kids = class java.util.ArrayList@64ed0c71
      levelObject = null
      levelValue = 800
      callersClassLoaderRef = null
      isSystemLogger = false
      GLOBAL_LOGGER_NAME = "global"
      global = class java.util.logging.Logger@785efec9
      $assertionsDisabled = true
    kids = class java.util.ArrayList@7befadd6
      serialVersionUID = 8683452581122892189
      DEFAULT_CAPACITY = 10
      EMPTY_ELEMENTDATA = class java.lang.Object[0]
      DEFAULTCAPACITY_EMPTY_ELEMENTDATA = class java.lang.Object[0]
      elementData = class java.lang.Object[3]
      size = 3
      MAX_ARRAY_SIZE = 2147483639
      modCount = 3
      MAX_ARRAY_SIZE = 2147483639
    levelObject = class java.util.logging.Level@6c8e520
      defaultBundle = "sun.util.logging.resources.logging"
      name = "INFO"
      value = 800
      resourceBundleName = "sun.util.logging.resources.logging"
      localizedLevelName = "INFO"
      cachedLocale = class java.util.Locale@6cb22d16
      OFF = class java.util.logging.Level@d126e75
      SEVERE = class java.util.logging.Level@62379ad0
      WARNING = class java.util.logging.Level@18be1b35
      INFO = class java.util.logging.Level@6c8e520
      CONFIG = class java.util.logging.Level@1a0959f4
      FINE = class java.util.logging.Level@476ed06
      FINER = class java.util.logging.Level@5ac90642
      FINEST = class java.util.logging.Level@3246c99d
      ALL = class java.util.logging.Level@6250f0d8
      serialVersionUID = -8176160795706313070
    levelValue = 800
    callersClassLoaderRef = class java.lang.ref.WeakReference@391bc5fa
      referent = class org.eclipse.osgi.internal.loader.EquinoxClassLoader@6b5ab665
      queue = class java.lang.ref.ReferenceQueue$Null@1124b955
      next = null
      discovered = null
      lock = class java.lang.ref.Reference$Lock@574e23c0
      pending = null
    isSystemLogger = false
    GLOBAL_LOGGER_NAME = "global"
    global = class java.util.logging.Logger@785efec9
      emptyHandlers = class java.util.logging.Handler[0]
      offValue = 2147483647
      SYSTEM_LOGGER_RB_NAME = "sun.util.logging.resources.logging"
      SYSTEM_BUNDLE = class java.util.logging.Logger$LoggerBundle@48ca107d
      NO_RESOURCE_BUNDLE = class java.util.logging.Logger$LoggerBundle@259788bc
      manager = class com.ibm.ws.kernel.boot.logging.WsLogManager@59cb7621
      name = "global"
      handlers = class java.util.concurrent.CopyOnWriteArrayList@5811bba7
      loggerBundle = class java.util.logging.Logger$LoggerBundle@259788bc
      useParentHandlers = true
      filter = null
      anonymous = false
      catalog = null
      catalogName = null
      catalogLocale = null
      treeLock = class java.lang.Object@6eca24df
      parent = class java.util.logging.Logger@42647686
      kids = null
      levelObject = null
      levelValue = 800
      callersClassLoaderRef = null
      isSystemLogger = true
      GLOBAL_LOGGER_NAME = "global"
      global = class java.util.logging.Logger@785efec9
      $assertionsDisabled = true
    $assertionsDisabled = true
  CLASS_NAME = "com.ibm.ws.webcontainer.internal.WebContainer"
  nls = class com.ibm.ejs.ras.TraceNLS@69b9a93
    resolver = class com.ibm.ws.logging.internal.TraceNLSResolver@3c603e4f
      tc = class com.ibm.websphere.ras.TraceComponent@515f550a
      DEBUG_TRACE_NLS_PROPERTY = "com.ibm.ejs.ras.debugTraceNLSResolver"
      debugTraceNLSResolver = false
      makeNoise = false
      nullKey = "null"
      svNullBundleName = "Resource Bundle name is null, key = {0}"
      svBundleNotLoaded = "Unable to load ResourceBundle {0}"
      svNullKeyMessage = "Null key passed while using ResourceBundle {0}"
      svMalformedMessage = "No message text associated with key {0} in bundle {1}"
    finder = null
    ivBundleName = "com.ibm.ws.webcontainer.resources.Messages"
    caller = class java.lang.Class@c02c36a
      ANNOTATION = 8192
      ENUM = 16384
      SYNTHETIC = 4096
      cachedConstructor = null
      newInstanceCallerCache = null
      name = null
      allPermDomain = class java.security.ProtectionDomain@7eb94008
      useCaches = true
      reflectionData = class java.lang.ref.SoftReference@170addab
      classRedefinedCount = 0
      genericInfo = null
      serialVersionUID = 3206093459760846163
      serialPersistentFields = class java.io.ObjectStreamField[0]
      reflectionFactory = class sun.reflect.ReflectionFactory@24b98860
      initted = true
      enumConstants = null
      enumConstantDirectory = null
      annotationData = class java.lang.Class$AnnotationData@5c3fc7d3
      annotationType = null
      classValueMap = null
  self = class java.util.concurrent.atomic.AtomicReference@3fe22fd0
    serialVersionUID = -1848883965231344442
    unsafe = class sun.misc.Unsafe@13755a5b
    valueOffset = 12
    value = class com.ibm.ws.webcontainer.osgi.WebContainer@33bc6898
  _cipherToBit = class java.util.HashMap@7e8b535d
    serialVersionUID = 362498820763181265
    DEFAULT_INITIAL_CAPACITY = 16
    MAXIMUM_CAPACITY = 1073741824
    DEFAULT_LOAD_FACTOR = 0.75
    TREEIFY_THRESHOLD = 8
    UNTREEIFY_THRESHOLD = 6
    MIN_TREEIFY_CAPACITY = 64
    table = null
    entrySet = null
    size = 0
    modCount = 0
    threshold = 0
    loadFactor = 0.75
    keySet = null
    values = null
  cacheKeyStringBuilder = class com.ibm.ws.util.WSThreadLocal@46e41773
    tc = class com.ibm.ejs.ras.TraceComponent@219805aa
      strings[0] = "TraceComponent[com.ibm.ws.util.WSThreadLocal,class com.ibm.ws.util.WSThreadLocal,[Runtime],com.ibm.ws.runtime.runtime,null]"
    count = 4
    index = 2
    SUSPECTED_MISUSAGE_THRESHOLD = 200
    threadLocalHashCode = -985280469
    nextHashCode = class java.util.concurrent.atomic.AtomicInteger@47e297a7
      serialVersionUID = 6214790243416807050
      unsafe = class sun.misc.Unsafe@13755a5b
      valueOffset = 12
      value = -858936001
      serialVersionUID = -8742448824652078965
    HASH_INCREMENT = 1640531527
  listenersInitialized = false
  webConProperties = class java.util.Properties@1c71523e
    serialVersionUID = 4112578634029874840
    defaults = null
    hexDigit = {0123456789ABCDEF} /* array length = 16*/
    table = class java.util.Hashtable$Entry[95]
      table[0] = class java.util.Hashtable$Entry@f105c92
      table[1] = class java.util.Hashtable$Entry@3515e81a
      table[2] = null
      table[3] = class java.util.Hashtable$Entry@50e4d360
      table[4] = null
      table[5] = class java.util.Hashtable$Entry@44a87232
      table[6] = class java.util.Hashtable$Entry@495142f9
      table[7] = null
      table[8] = class java.util.Hashtable$Entry@531e26f1
      table[9] = class java.util.Hashtable$Entry@25978021
      table[10] = class java.util.Hashtable$Entry@22a94f43
      table[11] = null
      table[12] = class java.util.Hashtable$Entry@612c9765
      table[13] = null
      table[14] = class java.util.Hashtable$Entry@43a71c1f
      table[15] = class java.util.Hashtable$Entry@5a281ac2
      table[16] = null
      table[17] = null
      table[18] = null
      table[19] = class java.util.Hashtable$Entry@32138593
      table[20] = class java.util.Hashtable$Entry@3781ab0b
      table[21] = null
      table[22] = class java.util.Hashtable$Entry@4c3d0e00
      table[23] = class java.util.Hashtable$Entry@5659e34f
      table[24] = null
      table[25] = null
      table[26] = class java.util.Hashtable$Entry@78c8cb0a
      table[27] = null
      table[28] = class java.util.Hashtable$Entry@422bfeeb
      table[29] = class java.util.Hashtable$Entry@6642a5a0
      table[30] = null
      table[31] = null
      table[32] = null
      table[33] = null
      table[34] = class java.util.Hashtable$Entry@7f9861bc
      table[35] = null
      table[36] = class java.util.Hashtable$Entry@41b665de
      table[37] = null
      table[38] = null
      table[39] = null
      table[40] = null
      table[41] = null
      table[42] = null
      table[43] = class java.util.Hashtable$Entry@5cf707a5
      table[44] = class java.util.Hashtable$Entry@2f6bc63e
      table[45] = class java.util.Hashtable$Entry@1342c7ee
      table[46] = null
      table[47] = class java.util.Hashtable$Entry@61a8c8cd
      table[48] = null
      table[49] = class java.util.Hashtable$Entry@5862172
      table[50] = class java.util.Hashtable$Entry@742d5dca
      table[51] = null
      table[52] = class java.util.Hashtable$Entry@71559916
      table[53] = class java.util.Hashtable$Entry@569cd951
      table[54] = class java.util.Hashtable$Entry@62a5ef41
      table[55] = null
      table[56] = null
      table[57] = null
      table[58] = null
      table[59] = null
      table[60] = null
      table[61] = null
      table[62] = null
      table[63] = null
      table[64] = class java.util.Hashtable$Entry@7c783dd2
      table[65] = class java.util.Hashtable$Entry@21389662
      table[66] = null
      table[67] = null
      table[68] = null
      table[69] = null
      table[70] = class java.util.Hashtable$Entry@11de9545
      table[71] = null
      table[72] = null
      table[73] = class java.util.Hashtable$Entry@5cccbfd8
      table[74] = null
      table[75] = null
      table[76] = class java.util.Hashtable$Entry@61678f3e
      table[77] = null
      table[78] = class java.util.Hashtable$Entry@4098ef6
      table[79] = null
      table[80] = class java.util.Hashtable$Entry@6118578f
      table[81] = null
      table[82] = null
      table[83] = null
      table[84] = null
      table[85] = class java.util.Hashtable$Entry@5813060b
      table[86] = null
      table[87] = null
      table[88] = class java.util.Hashtable$Entry@5507c48
      table[89] = null
      table[90] = null
      table[91] = null
      table[92] = class java.util.Hashtable$Entry@4de62c2a
      table[93] = class java.util.Hashtable$Entry@6e61ae36
      table[94] = null
    count = 55
    threshold = 71
    loadFactor = 0.75
    modCount = 58
    serialVersionUID = 1421746759512286392
    MAX_ARRAY_SIZE = 2147483639
    keySet = null
    entrySet = null
    values = null
    KEYS = 0
    VALUES = 1
    ENTRIES = 2
  sessionRegistry = null
  isStopped = false
  readWriteLockForStopping = class java.util.concurrent.locks.ReentrantReadWriteLock@324372cf
    serialVersionUID = -6992448646407690164
    readerLock = class java.util.concurrent.locks.ReentrantReadWriteLock$ReadLock@1881f10b
      serialVersionUID = -5992448646407690164
      sync = class java.util.concurrent.locks.ReentrantReadWriteLock$NonfairSync@108cff26
    writerLock = class java.util.concurrent.locks.ReentrantReadWriteLock$WriteLock@25ae2612
      serialVersionUID = -4992448646407690164
      sync = class java.util.concurrent.locks.ReentrantReadWriteLock$NonfairSync@108cff26
    sync = class java.util.concurrent.locks.ReentrantReadWriteLock$NonfairSync@108cff26
      serialVersionUID = -8159625535654395037
      serialVersionUID = 6317671515068378041
      SHARED_SHIFT = 16
      SHARED_UNIT = 65536
      MAX_COUNT = 65535
      EXCLUSIVE_MASK = 65535
      readHolds = class java.util.concurrent.locks.ReentrantReadWriteLock$Sync$ThreadLocalHoldCounter@1492b7a6
      cachedHoldCounter = null
      firstReader = null
      firstReaderHoldCount = 0
      serialVersionUID = 7373984972572414691
      head = null
      tail = null
      state = 0
      spinForTimeoutThreshold = 1000
      unsafe = class sun.misc.Unsafe@13755a5b
      stateOffset = 16
      headOffset = 20
      tailOffset = 24
      waitStatusOffset = 12
      nextOffset = 20
      serialVersionUID = 3737899427754241961
      exclusiveOwnerThread = null
    UNSAFE = class sun.misc.Unsafe@13755a5b
    TID_OFFSET = 40
  urlPrefix = ";jsessionid="
  extensionFactories = class java.util.ArrayList@16f6de61
    serialVersionUID = 8683452581122892189
    DEFAULT_CAPACITY = 10
    EMPTY_ELEMENTDATA = class java.lang.Object[0]
    DEFAULTCAPACITY_EMPTY_ELEMENTDATA = class java.lang.Object[0]
    elementData = class java.lang.Object[10]
      elementData[0] = class com.ibm.ws.jsp.webcontainerext.JSPExtensionFactory@74fe6dff
      elementData[1] = class com.ibm.ws.jaxrs20.server.component.JaxRsExtensionFactory@14b9cd6c
      elementData[2] = class com.ibm.ws.jsf.beanvalidation.extprocessor.JSFBeanValidationExtensionFactory@5249f89b
      elementData[3] = class com.ibm.ws.jsf.extprocessor.JSFExtensionFactory@7f9e3743
      elementData[4] = null
      elementData[5] = null
      elementData[6] = null
      elementData[7] = null
      elementData[8] = null
      elementData[9] = null
    size = 4
    MAX_ARRAY_SIZE = 2147483639
    modCount = 9
    MAX_ARRAY_SIZE = 2147483639
  postInitExtensionFactories = null
  httpResponseListeners = class java.util.ArrayList@70cf1c43
    serialVersionUID = 8683452581122892189
    DEFAULT_CAPACITY = 10
    EMPTY_ELEMENTDATA = class java.lang.Object[0]
    DEFAULTCAPACITY_EMPTY_ELEMENTDATA = class java.lang.Object[0]
    elementData = class java.lang.Object[0]
    size = 0
    MAX_ARRAY_SIZE = 2147483639
    modCount = 0
    MAX_ARRAY_SIZE = 2147483639
  servletContainerInitializers = class java.util.ServiceLoader@663940c6
    PREFIX = "META-INF/services/"
    service = class java.lang.Class@3ff58ee9
      ANNOTATION = 8192
      ENUM = 16384
      SYNTHETIC = 4096
      cachedConstructor = null
      newInstanceCallerCache = null
      name = null
      allPermDomain = class java.security.ProtectionDomain@7eb94008
      useCaches = true
      reflectionData = null
      classRedefinedCount = 0
      genericInfo = null
      serialVersionUID = 3206093459760846163
      serialPersistentFields = class java.io.ObjectStreamField[0]
      reflectionFactory = class sun.reflect.ReflectionFactory@24b98860
      initted = true
      enumConstants = null
      enumConstantDirectory = null
      annotationData = null
      annotationType = null
      classValueMap = null
    loader = class org.eclipse.osgi.internal.loader.EquinoxClassLoader@6b5ab665
      EQUINOX_REGISTERED_AS_PARALLEL = true
      configuration = class org.eclipse.osgi.internal.framework.EquinoxConfiguration@822bb0b
      debug = class org.eclipse.osgi.internal.debug.Debug@6b62ad19
      delegate = class org.eclipse.osgi.internal.loader.BundleLoader@62054928
      generation = class org.eclipse.osgi.storage.BundleInfo$Generation@234bef66
      manager = class org.eclipse.osgi.internal.loader.classpath.ClasspathManager@c5592e2
      isRegisteredAsParallel = true
      ALLPERMISSIONS = class java.security.AllPermissionCollection@11b29a80
      REGISTERED_AS_PARALLEL = true
      classNameLocks = class java.util.HashMap@6fc6e7ca
      pkgLock = class java.lang.Object@27c2bf13
      parent = class com.ibm.ws.kernel.internal.classloader.BootstrapChildFirstJarClassloader@7106e68e
      parallelLockMap = class java.util.concurrent.ConcurrentHashMap@720eb8b
      package2certs = class java.util.concurrent.ConcurrentHashMap@2430775
      nocerts = class java.security.cert.Certificate[0]
      classes = class java.util.Vector@5a635840
      defaultDomain = class java.security.ProtectionDomain@68eb4e38
      domains = class java.util.Collections$SynchronizedSet@68179c1d
      packages = class java.util.HashMap@72f546c5
      scl = class sun.misc.Launcher$AppClassLoader@14dad5dc
      sclSet = true
      loadedLibraryNames = class java.util.Vector@3214a183
      systemNativeLibraries = class java.util.Vector@3ca377
      nativeLibraries = class java.util.Vector@541f2019
      nativeLibraryContext = class java.util.Stack@c849731
      usr_paths = class java.lang.String[6]
      sys_paths = class java.lang.String[1]
      assertionLock = class java.lang.Object@537bf0be
      defaultAssertionStatus = false
      packageAssertionStatus = null
      classAssertionStatus = null
    acc = null
    providers = class java.util.LinkedHashMap@7ae81af0
      serialVersionUID = 3801124242820219131
      head = null
      tail = null
      accessOrder = false
      serialVersionUID = 362498820763181265
      DEFAULT_INITIAL_CAPACITY = 16
      MAXIMUM_CAPACITY = 1073741824
      DEFAULT_LOAD_FACTOR = 0.75
      TREEIFY_THRESHOLD = 8
      UNTREEIFY_THRESHOLD = 6
      MIN_TREEIFY_CAPACITY = 64
      table = null
      entrySet = null
      size = 0
      modCount = 1
      threshold = 0
      loadFactor = 0.75
      keySet = null
      values = null
    lookupIterator = class java.util.ServiceLoader$LazyIterator@181fb161
      service = class java.lang.Class@3ff58ee9
      loader = class org.eclipse.osgi.internal.loader.EquinoxClassLoader@6b5ab665
      configs = null
      pending = null
      nextName = null
      this$0 = class java.util.ServiceLoader@663940c6
  invocationCacheSize = 500
  decodePlusSign = true
  _cacheMap = class java.util.concurrent.ConcurrentHashMap@4fc583c4
    serialVersionUID = 7249069246763182397
    MAXIMUM_CAPACITY = 1073741824
    DEFAULT_CAPACITY = 16
    MAX_ARRAY_SIZE = 2147483639
    DEFAULT_CONCURRENCY_LEVEL = 16
    LOAD_FACTOR = 0.75
    TREEIFY_THRESHOLD = 8
    UNTREEIFY_THRESHOLD = 6
    MIN_TREEIFY_CAPACITY = 64
    MIN_TRANSFER_STRIDE = 16
    RESIZE_STAMP_BITS = 16
    MAX_RESIZERS = 65535
    RESIZE_STAMP_SHIFT = 16
    MOVED = -1
    TREEBIN = -2
    RESERVED = -3
    HASH_BITS = 2147483647
    NCPU = 8
    serialPersistentFields = class java.io.ObjectStreamField[3]
      serialPersistentFields[0] = class java.io.ObjectStreamField@6cdfd14c
      serialPersistentFields[1] = class java.io.ObjectStreamField@ca4351
      serialPersistentFields[2] = class java.io.ObjectStreamField@622425f9
    table = null
    nextTable = null
    baseCount = 0
    sizeCtl = 1024
    transferIndex = 0
    cellsBusy = 0
    counterCells = null
    keySet = null
    values = null
    entrySet = null
    U = class sun.misc.Unsafe@13755a5b
      theUnsafe = class sun.misc.Unsafe@13755a5b
      INVALID_FIELD_OFFSET = -1
      ARRAY_BOOLEAN_BASE_OFFSET = 16
      ARRAY_BYTE_BASE_OFFSET = 16
      ARRAY_SHORT_BASE_OFFSET = 16
      ARRAY_CHAR_BASE_OFFSET = 16
      ARRAY_INT_BASE_OFFSET = 16
      ARRAY_LONG_BASE_OFFSET = 16
      ARRAY_FLOAT_BASE_OFFSET = 16
      ARRAY_DOUBLE_BASE_OFFSET = 16
      ARRAY_OBJECT_BASE_OFFSET = 16
      ARRAY_BOOLEAN_INDEX_SCALE = 1
      ARRAY_BYTE_INDEX_SCALE = 1
      ARRAY_SHORT_INDEX_SCALE = 2
      ARRAY_CHAR_INDEX_SCALE = 2
      ARRAY_INT_INDEX_SCALE = 4
      ARRAY_LONG_INDEX_SCALE = 8
      ARRAY_FLOAT_INDEX_SCALE = 4
      ARRAY_DOUBLE_INDEX_SCALE = 8
      ARRAY_OBJECT_INDEX_SCALE = 4
      ADDRESS_SIZE = 8
    SIZECTL = 20
    TRANSFERINDEX = 32
    BASECOUNT = 24
    CELLSBUSY = 36
    CELLVALUE = 144
    ABASE = 16
    ASHIFT = 2
    keySet = null
    values = null
  _cacheSize = class java.util.concurrent.atomic.AtomicInteger@6fe0498b
    serialVersionUID = 6214790243416807050
    unsafe = class sun.misc.Unsafe@13755a5b
    valueOffset = 12
    value = 0
    serialVersionUID = -8742448824652078965
  vHostCompatFlag = false
  platformHelper = class com.ibm.ws.webcontainer.PlatformHelper@67457d30
  isDefaultTempDir = true
  tempDir = null
  servletCachingInitNeeded = true
  appInstallBegun = true
  commands = class java.util.ArrayList@286e4f63
    serialVersionUID = 8683452581122892189
    DEFAULT_CAPACITY = 10
    EMPTY_ELEMENTDATA = class java.lang.Object[0]
    DEFAULTCAPACITY_EMPTY_ELEMENTDATA = class java.lang.Object[0]
    elementData = class java.lang.Object[3]
      elementData[0] = null
      elementData[1] = null
      elementData[2] = null
    size = 0
    MAX_ARRAY_SIZE = 2147483639
    modCount = 0
    MAX_ARRAY_SIZE = 2147483639
  requestMapper = class com.ibm.ws.webcontainer.util.VirtualHostContextRootMapper@452fe7f4
    cachedMappers = class java.util.Collections$SynchronizedMap@7a117f6c
      serialVersionUID = 1978198479659022715
      m = class java.util.HashMap@5b2499d4
      mutex = class java.util.Collections$SynchronizedMap@7a117f6c
      keySet = null
      entrySet = null
      values = null
    nls = class com.ibm.ejs.ras.TraceNLS@23b218d4
      resolver = class com.ibm.ws.logging.internal.TraceNLSResolver@3c603e4f
      finder = null
      ivBundleName = "com.ibm.ws.webcontainer.resources.Messages"
      caller = class java.lang.Class@2aba41ea
    logger = class com.ibm.ws.logging.internal.WsLogger@4a4b607d
      tc = class com.ibm.websphere.ras.TraceComponent@18392306
      ivCachedResourceBundleName = null
      ivCachedResourceBundle = null
      ivComponent = null
      ivOrganization = null
      ivProduct = null
      ivMinimumLocalizationLevelIntValue = 625
      ivTC = class com.ibm.websphere.ras.TraceComponent@137cfff0
      loggerRegistrationComponent = class java.lang.ThreadLocal@47b772f5
      emptyHandlers = class java.util.logging.Handler[0]
      offValue = 2147483647
      SYSTEM_LOGGER_RB_NAME = "sun.util.logging.resources.logging"
      SYSTEM_BUNDLE = class java.util.logging.Logger$LoggerBundle@48ca107d
      NO_RESOURCE_BUNDLE = class java.util.logging.Logger$LoggerBundle@259788bc
      manager = class com.ibm.ws.kernel.boot.logging.WsLogManager@59cb7621
      name = "com.ibm.ws.webcontainer.util"
      handlers = class java.util.concurrent.CopyOnWriteArrayList@253908f6
      loggerBundle = class java.util.logging.Logger$LoggerBundle@72022422
      useParentHandlers = true
      filter = null
      anonymous = false
      catalog = class com.ibm.ws.webcontainer.resources.Messages_en@167f79e9
      catalogName = "com.ibm.ws.webcontainer.resources.Messages"
      catalogLocale = class java.util.Locale@6cb22d16
      treeLock = class java.lang.Object@6eca24df
      parent = class com.ibm.ws.logging.internal.WsLogger@18741473
      kids = null
      levelObject = class java.util.logging.Level@6c8e520
      levelValue = 800
      callersClassLoaderRef = class java.lang.ref.WeakReference@bd057da
      isSystemLogger = false
      GLOBAL_LOGGER_NAME = "global"
      global = class java.util.logging.Logger@785efec9
      $assertionsDisabled = true
    CLASS_NAME = "com.ibm.ws.webcontainer.util.VirtualHostContextRootMapper"
    CLASSNAME = "com.ibm.ws.util.VirtualHostMapper"
    tc = class com.ibm.ejs.ras.TraceComponent@35b6489b
      strings[0] = "TraceComponent[com.ibm.ws.util.VirtualHostMapper,class com.ibm.ws.util.VirtualHostMapper,[Runtime],null,null]"
    vHostTable = class java.util.concurrent.ConcurrentHashMap@70daeaf3
      serialVersionUID = 7249069246763182397
      MAXIMUM_CAPACITY = 1073741824
      DEFAULT_CAPACITY = 16
      MAX_ARRAY_SIZE = 2147483639
      DEFAULT_CONCURRENCY_LEVEL = 16
      LOAD_FACTOR = 0.75
      TREEIFY_THRESHOLD = 8
      UNTREEIFY_THRESHOLD = 6
      MIN_TREEIFY_CAPACITY = 64
      MIN_TRANSFER_STRIDE = 16
      RESIZE_STAMP_BITS = 16
      MAX_RESIZERS = 65535
      RESIZE_STAMP_SHIFT = 16
      MOVED = -1
      TREEBIN = -2
      RESERVED = -3
      HASH_BITS = 2147483647
      NCPU = 8
      serialPersistentFields = class java.io.ObjectStreamField[3]
      table = null
      nextTable = null
      baseCount = 0
      sizeCtl = 0
      transferIndex = 0
      cellsBusy = 0
      counterCells = null
      keySet = null
      values = null
      entrySet = null
      U = class sun.misc.Unsafe@13755a5b
      SIZECTL = 20
      TRANSFERINDEX = 32
      BASECOUNT = 24
      CELLSBUSY = 36
      CELLVALUE = 144
      ABASE = 16
      ASHIFT = 2
      keySet = null
      values = null
  parent = null
  name = "Was.webcontainer"
  isAlive = true
  subElements = class java.util.HashMap@73905485
    serialVersionUID = 362498820763181265
    DEFAULT_INITIAL_CAPACITY = 16
    MAXIMUM_CAPACITY = 1073741824
    DEFAULT_LOAD_FACTOR = 0.75
    TREEIFY_THRESHOLD = 8
    UNTREEIFY_THRESHOLD = 6
    MIN_TREEIFY_CAPACITY = 64
    table = class java.util.HashMap$Node[16]
      table[0] = null
      table[1] = null
      table[2] = null
      table[3] = null
      table[4] = null
      table[5] = null
      table[6] = null
      table[7] = null
      table[8] = null
      table[9] = null
      table[10] = null
      table[11] = null
      table[12] = null
      table[13] = null
      table[14] = class java.util.HashMap$Node@2c5b1cfa
      table[15] = null
    entrySet = null
    size = 1
    modCount = 1
    threshold = 12
    loadFactor = 0.75
    keySet = null
    values = null
  attributes = null
  config = null
  serialVersionUID = -8271459000149267764
  $$$tc$$$ = class com.ibm.websphere.ras.TraceComponent@77e6a882
    strings[0] = "TraceComponent[com.ibm.ws.container.AbstractContainer,class com.ibm.ws.container.AbstractContainer,[],null,null]"

