------Start of DE processing------ = [1/18/16 14:41:36:615 CET]
Exception = javax.management.InstanceNotFoundException
Source = com.ibm.ws.jmx.internal.DelayedMBeanActivatorHelper
probeid = 150
Stack Dump = javax.management.InstanceNotFoundException: WebSphere:type=com.ibm.ws.jca.cm.mbean.ConnectionManagerMBean,jndiName=jdbc/rpozziBluemixSqlDb,name=dataSource[db2]/connectionManager
	at com.sun.jmx.interceptor.DefaultMBeanServerInterceptor.getMBean(DefaultMBeanServerInterceptor.java:1095)
	at com.sun.jmx.interceptor.DefaultMBeanServerInterceptor.exclusiveUnregisterMBean(DefaultMBeanServerInterceptor.java:427)
	at com.sun.jmx.interceptor.DefaultMBeanServerInterceptor.unregisterMBean(DefaultMBeanServerInterceptor.java:415)
	at com.sun.jmx.mbeanserver.JmxMBeanServer.unregisterMBean(JmxMBeanServer.java:546)
	at com.ibm.ws.kernel.boot.jmx.service.MBeanServerForwarderDelegate.unregisterMBean(MBeanServerForwarderDelegate.java:257)
	at com.ibm.ws.jmx.internal.DelayedMBeanActivator.unregisterMBean(DelayedMBeanActivator.java:804)
	at com.ibm.ws.jmx.internal.DelayedMBeanActivatorHelper.unsetServiceReferenceInternal(DelayedMBeanActivatorHelper.java:149)
	at com.ibm.ws.jmx.internal.DelayedMBeanActivatorHelper.unsetMBean(DelayedMBeanActivatorHelper.java:114)
	at com.ibm.ws.jmx.internal.DelayedMBeanActivatorHelper.removedService(DelayedMBeanActivatorHelper.java:176)
	at com.ibm.ws.jmx.internal.DelayedMBeanActivatorHelper.removedService(DelayedMBeanActivatorHelper.java:36)
	at org.osgi.util.tracker.ServiceTracker$Tracked.customizerRemoved(ServiceTracker.java:967)
	at org.osgi.util.tracker.ServiceTracker$Tracked.customizerRemoved(ServiceTracker.java:1)
	at org.osgi.util.tracker.AbstractTracked.untrack(AbstractTracked.java:341)
	at org.osgi.util.tracker.ServiceTracker$Tracked.serviceChanged(ServiceTracker.java:909)
	at org.eclipse.osgi.internal.serviceregistry.FilteredServiceListener.serviceChanged(FilteredServiceListener.java:109)
	at org.eclipse.osgi.internal.framework.BundleContextImpl.dispatchEvent(BundleContextImpl.java:917)
	at org.eclipse.osgi.framework.eventmgr.EventManager.dispatchEvent(EventManager.java:230)
	at org.eclipse.osgi.framework.eventmgr.ListenerQueue.dispatchEventSynchronous(ListenerQueue.java:148)
	at org.eclipse.osgi.internal.serviceregistry.ServiceRegistry.publishServiceEventPrivileged(ServiceRegistry.java:862)
	at org.eclipse.osgi.internal.serviceregistry.ServiceRegistry.publishServiceEvent(ServiceRegistry.java:801)
	at org.eclipse.osgi.internal.serviceregistry.ServiceRegistrationImpl.unregister(ServiceRegistrationImpl.java:222)
	at org.eclipse.osgi.internal.serviceregistry.ServiceRegistry.unregisterServices(ServiceRegistry.java:665)
	at org.eclipse.osgi.internal.framework.BundleContextImpl.close(BundleContextImpl.java:96)
	at org.eclipse.osgi.internal.framework.EquinoxBundle.stopWorker0(EquinoxBundle.java:967)
	at org.eclipse.osgi.internal.framework.EquinoxBundle$EquinoxModule.stopWorker(EquinoxBundle.java:333)
	at org.eclipse.osgi.container.Module.doStop(Module.java:621)
	at org.eclipse.osgi.container.Module.stop(Module.java:483)
	at org.eclipse.osgi.container.ModuleContainer$ContainerStartLevel.decStartLevel(ModuleContainer.java:1623)
	at org.eclipse.osgi.container.ModuleContainer$ContainerStartLevel.doContainerStartLevel(ModuleContainer.java:1542)
	at org.eclipse.osgi.container.SystemModule.stopWorker(SystemModule.java:248)
	at org.eclipse.osgi.internal.framework.EquinoxBundle$SystemBundle$EquinoxSystemModule.stopWorker(EquinoxBundle.java:141)
	at org.eclipse.osgi.container.Module.doStop(Module.java:621)
	at org.eclipse.osgi.container.Module.stop(Module.java:483)
	at org.eclipse.osgi.container.SystemModule.stop(SystemModule.java:186)
	at org.eclipse.osgi.internal.framework.EquinoxBundle$SystemBundle$EquinoxSystemModule$1.run(EquinoxBundle.java:159)
	at java.lang.Thread.run(Thread.java:745)

Dump of callerThis
Object type = com.ibm.ws.jmx.internal.DelayedMBeanActivatorHelper
  mDelayedMBeanActivator = class com.ibm.ws.jmx.internal.DelayedMBeanActivator@442915fd
    MBEAN_CLASSES = "com.ibm.ws.jmx.delayed.MBeanClasses"
    notificationSupport = class com.ibm.ws.kernel.boot.jmx.internal.PlatformMBeanServerDelegate@2622d458
      MBEANSERVER_ID = "WebSphere"
      count = class java.util.concurrent.atomic.AtomicInteger@6f2b01e3
      id = "WebSphere"
      delayedMBeanHelpers = class java.util.concurrent.CopyOnWriteArraySet@18071f6
      mbeanServerId = null
      broadcaster = class javax.management.NotificationBroadcasterSupport@495238f6
      oldStamp = 1453124132171
      stamp = 1453124132171
      sequenceNumber = 52
      notifsInfo = class javax.management.MBeanNotificationInfo[1]
      DELEGATE_NAME = class javax.management.ObjectName@7ccccdd9
    delayedMBeanMap = class java.util.concurrent.ConcurrentHashMap@329d8f96
      serialVersionUID = 7249069246763182397
      MAXIMUM_CAPACITY = 1073741824
      DEFAULT_CAPACITY = 16
      MAX_ARRAY_SIZE = 2147483639
      DEFAULT_CONCURRENCY_LEVEL = 16
      LOAD_FACTOR = 0.75
      TREEIFY_THRESHOLD = 8
      UNTREEIFY_THRESHOLD = 6
      MIN_TREEIFY_CAPACITY = 64
      MIN_TRANSFER_STRIDE = 16
      RESIZE_STAMP_BITS = 16
      MAX_RESIZERS = 65535
      RESIZE_STAMP_SHIFT = 16
      MOVED = -1
      TREEBIN = -2
      RESERVED = -3
      HASH_BITS = 2147483647
      NCPU = 8
      serialPersistentFields = class java.io.ObjectStreamField[3]
      table = class java.util.concurrent.ConcurrentHashMap$Node[32]
      nextTable = null
      baseCount = 11
      sizeCtl = 24
      transferIndex = 0
      cellsBusy = 0
      counterCells = null
      keySet = null
      values = null
      entrySet = class java.util.concurrent.ConcurrentHashMap$EntrySetView@95a8b89
      U = class sun.misc.Unsafe@526bb0d2
      SIZECTL = 20
      TRANSFERINDEX = 32
      BASECOUNT = 24
      CELLSBUSY = 36
      CELLVALUE = 144
      ABASE = 16
      ASHIFT = 2
      keySet = null
      values = null
    bundleContext = class org.eclipse.osgi.internal.framework.BundleContextImpl@6c99517a
    serialVersionUID = 9013352522093520959
    $$$tc$$$ = class com.ibm.websphere.ras.TraceComponent@251faddb
      strings[0] = "TraceComponent[com.ibm.ws.jmx.internal.DelayedMBeanActivator,class com.ibm.ws.jmx.internal.DelayedMBeanActivator,[],null,null]"
    mbServer = class com.sun.jmx.mbeanserver.JmxMBeanServer@28b109ae
      DEFAULT_FAIR_LOCK_POLICY = true
      instantiator = class com.sun.jmx.mbeanserver.MBeanInstantiator@828f7c2
      secureClr = class com.sun.jmx.mbeanserver.SecureClassLoaderRepository@5573238d
      interceptorsEnabled = false
      outerShell = class com.sun.jmx.mbeanserver.JmxMBeanServer@28b109ae
      mbsInterceptor = class com.sun.jmx.interceptor.DefaultMBeanServerInterceptor@4ed146dd
      mBeanServerDelegateObject = class com.ibm.ws.kernel.boot.jmx.internal.PlatformMBeanServerDelegate@2622d458
  mBeanMap = class java.util.concurrent.ConcurrentHashMap@539d960a
    serialVersionUID = 7249069246763182397
    MAXIMUM_CAPACITY = 1073741824
    DEFAULT_CAPACITY = 16
    MAX_ARRAY_SIZE = 2147483639
    DEFAULT_CONCURRENCY_LEVEL = 16
    LOAD_FACTOR = 0.75
    TREEIFY_THRESHOLD = 8
    UNTREEIFY_THRESHOLD = 6
    MIN_TREEIFY_CAPACITY = 64
    MIN_TRANSFER_STRIDE = 16
    RESIZE_STAMP_BITS = 16
    MAX_RESIZERS = 65535
    RESIZE_STAMP_SHIFT = 16
    MOVED = -1
    TREEBIN = -2
    RESERVED = -3
    HASH_BITS = 2147483647
    NCPU = 8
    serialPersistentFields = class java.io.ObjectStreamField[3]
      serialPersistentFields[0] = class java.io.ObjectStreamField@5606bb01
      serialPersistentFields[1] = class java.io.ObjectStreamField@587c027d
      serialPersistentFields[2] = class java.io.ObjectStreamField@4126286a
    table = class java.util.concurrent.ConcurrentHashMap$Node[32]
      table[0] = null
      table[1] = null
      table[2] = null
      table[3] = class java.util.concurrent.ConcurrentHashMap$Node@5a20681d
      table[4] = class java.util.concurrent.ConcurrentHashMap$Node@2bc6da19
      table[5] = null
      table[6] = null
      table[7] = class java.util.concurrent.ConcurrentHashMap$Node@6ee5778
      table[8] = null
      table[9] = class java.util.concurrent.ConcurrentHashMap$Node@26c6dd79
      table[10] = class java.util.concurrent.ConcurrentHashMap$Node@7fff293c
      table[11] = null
      table[12] = class java.util.concurrent.ConcurrentHashMap$Node@627432c8
      table[13] = null
      table[14] = class java.util.concurrent.ConcurrentHashMap$Node@1655fc69
      table[15] = null
      table[16] = null
      table[17] = null
      table[18] = class java.util.concurrent.ConcurrentHashMap$Node@6e8c6cf
      table[19] = null
      table[20] = null
      table[21] = null
      table[22] = null
      table[23] = null
      table[24] = null
      table[25] = null
      table[26] = null
      table[27] = null
      table[28] = class java.util.concurrent.ConcurrentHashMap$Node@58a9e7
      table[29] = null
      table[30] = null
      table[31] = class java.util.concurrent.ConcurrentHashMap$Node@43792956
    nextTable = null
    baseCount = 13
    sizeCtl = 24
    transferIndex = 0
    cellsBusy = 0
    counterCells = null
    keySet = null
    values = null
    entrySet = null
    U = class sun.misc.Unsafe@526bb0d2
      theUnsafe = class sun.misc.Unsafe@526bb0d2
      INVALID_FIELD_OFFSET = -1
      ARRAY_BOOLEAN_BASE_OFFSET = 16
      ARRAY_BYTE_BASE_OFFSET = 16
      ARRAY_SHORT_BASE_OFFSET = 16
      ARRAY_CHAR_BASE_OFFSET = 16
      ARRAY_INT_BASE_OFFSET = 16
      ARRAY_LONG_BASE_OFFSET = 16
      ARRAY_FLOAT_BASE_OFFSET = 16
      ARRAY_DOUBLE_BASE_OFFSET = 16
      ARRAY_OBJECT_BASE_OFFSET = 16
      ARRAY_BOOLEAN_INDEX_SCALE = 1
      ARRAY_BYTE_INDEX_SCALE = 1
      ARRAY_SHORT_INDEX_SCALE = 2
      ARRAY_CHAR_INDEX_SCALE = 2
      ARRAY_INT_INDEX_SCALE = 4
      ARRAY_LONG_INDEX_SCALE = 8
      ARRAY_FLOAT_INDEX_SCALE = 4
      ARRAY_DOUBLE_INDEX_SCALE = 8
      ARRAY_OBJECT_INDEX_SCALE = 4
      ADDRESS_SIZE = 8
    SIZECTL = 20
    TRANSFERINDEX = 32
    BASECOUNT = 24
    CELLSBUSY = 36
    CELLVALUE = 144
    ABASE = 16
    ASHIFT = 2
    keySet = null
    values = null
  mbeanTracker = class org.osgi.util.tracker.ServiceTracker@4d5a4dba
    DEBUG = false
    context = class org.eclipse.osgi.internal.framework.BundleContextImpl@6c99517a
      findHookName = "org.osgi.framework.hooks.bundle.FindHook"
      valid = true
      bundle = class org.eclipse.osgi.internal.framework.EquinoxBundle@503ae30e
      container = class org.eclipse.osgi.internal.framework.EquinoxContainer@4a5b3760
      debug = class org.eclipse.osgi.internal.debug.Debug@70efbb83
      servicesInUse = class java.util.HashMap@77e0deee
      activator = null
      contextLock = class java.lang.Object@446d3d04
    filter = class org.eclipse.osgi.internal.framework.FilterImpl@3c971822
      op = 5
      EQUAL = 1
      APPROX = 2
      GREATER = 3
      LESS = 4
      PRESENT = 5
      SUBSTRING = 6
      AND = 7
      OR = 8
      NOT = 9
      attr = "jmx.objectname"
      value = null
      debug = false
      filterString = "(jmx.objectname=*)"
    customizer = class com.ibm.ws.jmx.internal.DelayedMBeanActivatorHelper@75c6ea34
    listenerFilter = "(jmx.objectname=*)"
    trackClass = null
    trackReference = null
    tracked = class org.osgi.util.tracker.ServiceTracker$AllTracked@233fa597
      this$0 = class org.osgi.util.tracker.ServiceTracker@4d5a4dba
      this$0 = class org.osgi.util.tracker.ServiceTracker@4d5a4dba
      DEBUG = false
      tracked = class java.util.HashMap@758378c8
      trackingCount = 44
      adding = class java.util.ArrayList@3ea10c9f
      closed = false
      initial = class java.util.LinkedList@46571114
    cachedReference = null
    cachedService = null
  pipeline = class com.ibm.ws.kernel.boot.jmx.internal.PlatformMBeanServer$1@f0f996f
    this$0 = class com.ibm.ws.kernel.boot.jmx.internal.PlatformMBeanServer@7cbd8472
      first = class com.ibm.ws.jmx.internal.DelayedMBeanActivator@442915fd
      last = class com.sun.jmx.mbeanserver.JmxMBeanServer@28b109ae
      mbServerDelegate = class com.ibm.ws.kernel.boot.jmx.internal.PlatformMBeanServerDelegate@2622d458
      pipeline = class com.ibm.ws.kernel.boot.jmx.internal.PlatformMBeanServer$1@f0f996f
  serialVersionUID = -341321982513526209
  $$$tc$$$ = class com.ibm.websphere.ras.TraceComponent@65a4c8e5
    strings[0] = "TraceComponent[com.ibm.ws.jmx.internal.DelayedMBeanActivatorHelper,class com.ibm.ws.jmx.internal.DelayedMBeanActivatorHelper,[],null,null]"

Dump of objectArray[0]
Object type = org.eclipse.osgi.internal.serviceregistry.ServiceReferenceImpl
  registration = class org.eclipse.osgi.internal.serviceregistry.ServiceRegistrationImpl@4a2ad00a
    registry = class org.eclipse.osgi.internal.serviceregistry.ServiceRegistry@e7d129d
      SERVICEEVENT = 3
      findHookName = "org.osgi.framework.hooks.service.FindHook"
      eventHookName = "org.osgi.framework.hooks.service.EventHook"
      eventListenerHookName = "org.osgi.framework.hooks.service.EventListenerHook"
      listenerHookName = "org.osgi.framework.hooks.service.ListenerHook"
      publishedServicesByClass = class java.util.HashMap@9d170f5
      allPublishedServices = class java.util.ArrayList@3a759b9e
      publishedServicesByContext = class java.util.HashMap@1cc2a31a
      serviceid = 579
      serviceEventListeners = class java.util.HashMap@45db2b06
      initialCapacity = 50
      initialSubCapacity = 10
      container = class org.eclipse.osgi.internal.framework.EquinoxContainer@4a5b3760
      systemBundleContext = class org.eclipse.osgi.internal.framework.BundleContextImpl@62833051
      debug = class org.eclipse.osgi.internal.debug.Debug@70efbb83
      $assertionsDisabled = true
    context = class org.eclipse.osgi.internal.framework.BundleContextImpl@4d96ce2b
      findHookName = "org.osgi.framework.hooks.bundle.FindHook"
      valid = false
      bundle = class org.eclipse.osgi.internal.framework.EquinoxBundle@6564cb30
      container = class org.eclipse.osgi.internal.framework.EquinoxContainer@4a5b3760
      debug = class org.eclipse.osgi.internal.debug.Debug@70efbb83
      servicesInUse = class java.util.HashMap@46ddd09f
      activator = null
      contextLock = class java.lang.Object@6ce23408
    bundle = class org.eclipse.osgi.internal.framework.EquinoxBundle@6564cb30
      equinoxContainer = class org.eclipse.osgi.internal.framework.EquinoxContainer@4a5b3760
      module = class org.eclipse.osgi.internal.framework.EquinoxBundle$EquinoxModule@705a5d58
      monitor = class java.lang.Object@51b07784
      context = class org.eclipse.osgi.internal.framework.BundleContextImpl@4d96ce2b
      signerInfos = null
      $SWITCH_TABLE$org$eclipse$osgi$container$Module$State = {1,2,3,4,5,6,7} /* array length = 7*/
    clazzes = class java.lang.String[1]
      clazzes[0] = "com.ibm.ws.jca.cm.mbean.ConnectionManagerMBean"
    service = class com.ibm.ejs.j2c.PoolManagerMBeanImpl@596c6dda
      tc = class com.ibm.websphere.ras.TraceComponent@18ddfa9a
      _pm = class com.ibm.ejs.j2c.PoolManager@6830853e
      obn = class javax.management.ObjectName@5863d4db
      reg = class org.eclipse.osgi.internal.serviceregistry.ServiceRegistrationImpl@4a2ad00a
      nl = "
"
      descriptors = class com.sun.jmx.mbeanserver.DescriptorCache@44fc47ca
      mbean = class com.sun.jmx.mbeanserver.StandardMBeanSupport@7e2591f8
      cachedMBeanInfo = null
      mbeanInfoSafeMap = class java.util.WeakHashMap@2cfbc5ef
    reference = class org.eclipse.osgi.internal.serviceregistry.ServiceReferenceImpl@4596d24a
    contextsUsing = class java.util.ArrayList@60a820d9
      serialVersionUID = 8683452581122892189
      DEFAULT_CAPACITY = 10
      EMPTY_ELEMENTDATA = class java.lang.Object[0]
      DEFAULTCAPACITY_EMPTY_ELEMENTDATA = class java.lang.Object[0]
      elementData = class java.lang.Object[10]
      size = 0
      MAX_ARRAY_SIZE = 2147483639
      modCount = 0
      MAX_ARRAY_SIZE = 2147483639
    properties = class org.eclipse.osgi.internal.serviceregistry.ServiceProperties@67fa9dac
      readOnly = true
      headers = class java.lang.Object[13]
      values = class java.lang.Object[13]
      size = 5
    serviceid = 522
    serviceranking = 0
    registrationLock = class java.lang.Object@12e69ef4
    state = 1
    REGISTERED = 0
    UNREGISTERING = 1
    UNREGISTERED = 2
    $assertionsDisabled = true

